<?xml version="1.0" encoding="UTF-8"?>
<!-- Generated by org.testng.reporters.JUnitXMLReporter -->
<testsuite hostname="Tester-PC" ignored="13" name="Admission" tests="178" failures="57" timestamp="23 Aug 2018 12:05:22 GMT" time="354.657" errors="0">
  <testcase name="Add_Enquiry" time="40.404" classname="com.mytest.Admission"/>
  <testcase name="Studentname_contain_Special_Characters" time="11.137" classname="com.mytest.Admission">
    <failure type="java.lang.AssertionError" message="Student Name Contains Special Characters expected [true] but found [false]">
      <![CDATA[java.lang.AssertionError: Student Name Contains Special Characters expected [true] but found [false]
at com.mytest.Admission.Studentname_contain_Special_Characters(Admission.java:106)
at java.util.concurrent.FutureTask.run(FutureTask.java:266)
at java.util.concurrent.ThreadPoolExecutor.runWorker(ThreadPoolExecutor.java:1149)
at java.util.concurrent.ThreadPoolExecutor$Worker.run(ThreadPoolExecutor.java:624)
at java.lang.Thread.run(Thread.java:748)
... Removed 19 stack frames]]>
    </failure>
  </testcase> <!-- Studentname_contain_Special_Characters -->
  <testcase name="Studentname_contain_numbers" time="0.485" classname="com.mytest.Admission"/>
  <testcase name="Studentname_contain_whitespaces" time="0.228" classname="com.mytest.Admission">
    <failure type="java.lang.AssertionError" message="Student Name Contains Whitespaces expected [true] but found [false]">
      <![CDATA[java.lang.AssertionError: Student Name Contains Whitespaces expected [true] but found [false]
at com.mytest.Admission.Studentname_contain_whitespaces(Admission.java:124)
at java.util.concurrent.FutureTask.run(FutureTask.java:266)
at java.util.concurrent.ThreadPoolExecutor.runWorker(ThreadPoolExecutor.java:1149)
at java.util.concurrent.ThreadPoolExecutor$Worker.run(ThreadPoolExecutor.java:624)
at java.lang.Thread.run(Thread.java:748)
... Removed 19 stack frames]]>
    </failure>
  </testcase> <!-- Studentname_contain_whitespaces -->
  <testcase name="Studentname_contain_alphabets" time="0.204" classname="com.mytest.Admission"/>
  <testcase name="Studentname_contain_whitespaces_at_begining" time="0.254" classname="com.mytest.Admission">
    <failure type="java.lang.AssertionError" message="Student Name Contain Whitespaces at Begining expected [true] but found [false]">
      <![CDATA[java.lang.AssertionError: Student Name Contain Whitespaces at Begining expected [true] but found [false]
at com.mytest.Admission.Studentname_contain_whitespaces_at_begining(Admission.java:142)
at java.util.concurrent.FutureTask.run(FutureTask.java:266)
at java.util.concurrent.ThreadPoolExecutor.runWorker(ThreadPoolExecutor.java:1149)
at java.util.concurrent.ThreadPoolExecutor$Worker.run(ThreadPoolExecutor.java:624)
at java.lang.Thread.run(Thread.java:748)
... Removed 19 stack frames]]>
    </failure>
  </testcase> <!-- Studentname_contain_whitespaces_at_begining -->
  <testcase name="Studentname_field_is_Blank" time="7.824" classname="com.mytest.Admission"/>
  <testcase name="Middlename_contain_Special_Characters" time="0.272" classname="com.mytest.Admission">
    <failure type="java.lang.AssertionError" message="Middle Name Contains Special Characters expected [true] but found [false]">
      <![CDATA[java.lang.AssertionError: Middle Name Contains Special Characters expected [true] but found [false]
at com.mytest.Admission.Middlename_contain_Special_Characters(Admission.java:162)
at java.util.concurrent.FutureTask.run(FutureTask.java:266)
at java.util.concurrent.ThreadPoolExecutor.runWorker(ThreadPoolExecutor.java:1149)
at java.util.concurrent.ThreadPoolExecutor$Worker.run(ThreadPoolExecutor.java:624)
at java.lang.Thread.run(Thread.java:748)
... Removed 19 stack frames]]>
    </failure>
  </testcase> <!-- Middlename_contain_Special_Characters -->
  <testcase name="Middlename_contain_numbers" time="0.2" classname="com.mytest.Admission"/>
  <testcase name="Middlename_contain_whitespaces" time="0.235" classname="com.mytest.Admission">
    <failure type="java.lang.AssertionError" message="Middle Name Contains Whitespaces expected [true] but found [false]">
      <![CDATA[java.lang.AssertionError: Middle Name Contains Whitespaces expected [true] but found [false]
at com.mytest.Admission.Middlename_contain_whitespaces(Admission.java:180)
at java.util.concurrent.FutureTask.run(FutureTask.java:266)
at java.util.concurrent.ThreadPoolExecutor.runWorker(ThreadPoolExecutor.java:1149)
at java.util.concurrent.ThreadPoolExecutor$Worker.run(ThreadPoolExecutor.java:624)
at java.lang.Thread.run(Thread.java:748)
... Removed 19 stack frames]]>
    </failure>
  </testcase> <!-- Middlename_contain_whitespaces -->
  <testcase name="Middlename_contain_whitespaces_at_begining" time="0.197" classname="com.mytest.Admission">
    <failure type="java.lang.AssertionError" message="Middle Name Contain Whitespaces at Begining expected [true] but found [false]">
      <![CDATA[java.lang.AssertionError: Middle Name Contain Whitespaces at Begining expected [true] but found [false]
at com.mytest.Admission.Middlename_contain_whitespaces_at_begining(Admission.java:189)
at java.util.concurrent.FutureTask.run(FutureTask.java:266)
at java.util.concurrent.ThreadPoolExecutor.runWorker(ThreadPoolExecutor.java:1149)
at java.util.concurrent.ThreadPoolExecutor$Worker.run(ThreadPoolExecutor.java:624)
at java.lang.Thread.run(Thread.java:748)
... Removed 19 stack frames]]>
    </failure>
  </testcase> <!-- Middlename_contain_whitespaces_at_begining -->
  <testcase name="Middlename_contain_alphabets" time="0.192" classname="com.mytest.Admission"/>
  <testcase name="Lastname_contain_Special_Characters" time="0.248" classname="com.mytest.Admission">
    <failure type="java.lang.AssertionError" message="Last Name Contains Special Characters expected [true] but found [false]">
      <![CDATA[java.lang.AssertionError: Last Name Contains Special Characters expected [true] but found [false]
at com.mytest.Admission.Lastname_contain_Special_Characters(Admission.java:207)
at java.util.concurrent.FutureTask.run(FutureTask.java:266)
at java.util.concurrent.ThreadPoolExecutor.runWorker(ThreadPoolExecutor.java:1149)
at java.util.concurrent.ThreadPoolExecutor$Worker.run(ThreadPoolExecutor.java:624)
at java.lang.Thread.run(Thread.java:748)
... Removed 19 stack frames]]>
    </failure>
  </testcase> <!-- Lastname_contain_Special_Characters -->
  <testcase name="Lastname_contain_numbers" time="0.185" classname="com.mytest.Admission"/>
  <testcase name="Lastname_contain_whitespaces" time="0.251" classname="com.mytest.Admission">
    <failure type="java.lang.AssertionError" message="Last Name Contains Whitespaces expected [true] but found [false]">
      <![CDATA[java.lang.AssertionError: Last Name Contains Whitespaces expected [true] but found [false]
at com.mytest.Admission.Lastname_contain_whitespaces(Admission.java:225)
at java.util.concurrent.FutureTask.run(FutureTask.java:266)
at java.util.concurrent.ThreadPoolExecutor.runWorker(ThreadPoolExecutor.java:1149)
at java.util.concurrent.ThreadPoolExecutor$Worker.run(ThreadPoolExecutor.java:624)
at java.lang.Thread.run(Thread.java:748)
... Removed 19 stack frames]]>
    </failure>
  </testcase> <!-- Lastname_contain_whitespaces -->
  <testcase name="Lastname_contain_alphabets" time="0.18" classname="com.mytest.Admission"/>
  <testcase name="Lastname_contain_whitespaces_at_begining" time="0.248" classname="com.mytest.Admission">
    <failure type="java.lang.AssertionError" message="Last Name Contain Whitespaces at Begining expected [true] but found [false]">
      <![CDATA[java.lang.AssertionError: Last Name Contain Whitespaces at Begining expected [true] but found [false]
at com.mytest.Admission.Lastname_contain_whitespaces_at_begining(Admission.java:243)
at java.util.concurrent.FutureTask.run(FutureTask.java:266)
at java.util.concurrent.ThreadPoolExecutor.runWorker(ThreadPoolExecutor.java:1149)
at java.util.concurrent.ThreadPoolExecutor$Worker.run(ThreadPoolExecutor.java:624)
at java.lang.Thread.run(Thread.java:748)
... Removed 19 stack frames]]>
    </failure>
  </testcase> <!-- Lastname_contain_whitespaces_at_begining -->
  <testcase name="Lastname_field_is_Blank" time="0.179" classname="com.mytest.Admission"/>
  <testcase name="Collegename_contain_Special_Characters" time="0.226" classname="com.mytest.Admission">
    <failure type="java.lang.AssertionError" message="College Name Contains Special Characters expected [true] but found [false]">
      <![CDATA[java.lang.AssertionError: College Name Contains Special Characters expected [true] but found [false]
at com.mytest.Admission.Collegename_contain_Special_Characters(Admission.java:260)
at java.util.concurrent.FutureTask.run(FutureTask.java:266)
at java.util.concurrent.ThreadPoolExecutor.runWorker(ThreadPoolExecutor.java:1149)
at java.util.concurrent.ThreadPoolExecutor$Worker.run(ThreadPoolExecutor.java:624)
at java.lang.Thread.run(Thread.java:748)
... Removed 19 stack frames]]>
    </failure>
  </testcase> <!-- Collegename_contain_Special_Characters -->
  <testcase name="Collegename_contain_numbers" time="0.211" classname="com.mytest.Admission"/>
  <testcase name="Collegename_contain_whitespaces" time="0.194" classname="com.mytest.Admission"/>
  <testcase name="Collegename_contain_alphabets" time="0.168" classname="com.mytest.Admission"/>
  <testcase name="Collegename_contain_whitespaces_at_begining" time="0.178" classname="com.mytest.Admission"/>
  <testcase name="Collegename_field_is_Blank" time="0.082" classname="com.mytest.Admission"/>
  <testcase name="Qualification_contain_Special_Characters" time="0.206" classname="com.mytest.Admission">
    <failure type="java.lang.AssertionError" message="College Name Contains Special Characters expected [true] but found [false]">
      <![CDATA[java.lang.AssertionError: College Name Contains Special Characters expected [true] but found [false]
at com.mytest.Admission.Qualification_contain_Special_Characters(Admission.java:313)
at java.util.concurrent.FutureTask.run(FutureTask.java:266)
at java.util.concurrent.ThreadPoolExecutor.runWorker(ThreadPoolExecutor.java:1149)
at java.util.concurrent.ThreadPoolExecutor$Worker.run(ThreadPoolExecutor.java:624)
at java.lang.Thread.run(Thread.java:748)
... Removed 19 stack frames]]>
    </failure>
  </testcase> <!-- Qualification_contain_Special_Characters -->
  <testcase name="Qualification_contain_numbers" time="0.198" classname="com.mytest.Admission">
    <failure type="java.lang.AssertionError" message="College Name Contains Numbers expected [true] but found [false]">
      <![CDATA[java.lang.AssertionError: College Name Contains Numbers expected [true] but found [false]
at com.mytest.Admission.Qualification_contain_numbers(Admission.java:322)
at java.util.concurrent.FutureTask.run(FutureTask.java:266)
at java.util.concurrent.ThreadPoolExecutor.runWorker(ThreadPoolExecutor.java:1149)
at java.util.concurrent.ThreadPoolExecutor$Worker.run(ThreadPoolExecutor.java:624)
at java.lang.Thread.run(Thread.java:748)
... Removed 19 stack frames]]>
    </failure>
  </testcase> <!-- Qualification_contain_numbers -->
  <testcase name="Qualification_contain_whitespaces" time="0.169" classname="com.mytest.Admission"/>
  <testcase name="Qualification_contain_alphabets" time="0.186" classname="com.mytest.Admission"/>
  <testcase name="Qualification_contain_whitespaces_at_begining" time="0.229" classname="com.mytest.Admission"/>
  <testcase name="Qualification_field_is_Blank" time="0.072" classname="com.mytest.Admission"/>
  <testcase name="Aadharno_contain_special_characters" time="0.19" classname="com.mytest.Admission">
    <failure type="java.lang.AssertionError" message="Aadhar No Contains Spaecial Characters expected [true] but found [false]">
      <![CDATA[java.lang.AssertionError: Aadhar No Contains Spaecial Characters expected [true] but found [false]
at com.mytest.Admission.Aadharno_contain_special_characters(Admission.java:366)
at java.util.concurrent.FutureTask.run(FutureTask.java:266)
at java.util.concurrent.ThreadPoolExecutor.runWorker(ThreadPoolExecutor.java:1149)
at java.util.concurrent.ThreadPoolExecutor$Worker.run(ThreadPoolExecutor.java:624)
at java.lang.Thread.run(Thread.java:748)
... Removed 19 stack frames]]>
    </failure>
  </testcase> <!-- Aadharno_contain_special_characters -->
  <testcase name="Aadharno_contain_numbers" time="0.213" classname="com.mytest.Admission"/>
  <testcase name="Aadharno_contain_alphabets" time="0.164" classname="com.mytest.Admission"/>
  <testcase name="Aadharno_contain_whitespaces_at_begining" time="0.184" classname="com.mytest.Admission"/>
  <testcase name="Aadharno_contain_lessthan_12_numbers" time="0.167" classname="com.mytest.Admission">
    <failure type="java.lang.AssertionError" message="Aadhar No Contains Less than 12 numbers expected [true] but found [false]">
      <![CDATA[java.lang.AssertionError: Aadhar No Contains Less than 12 numbers expected [true] but found [false]
at com.mytest.Admission.Aadharno_contain_lessthan_12_numbers(Admission.java:411)
at java.util.concurrent.FutureTask.run(FutureTask.java:266)
at java.util.concurrent.ThreadPoolExecutor.runWorker(ThreadPoolExecutor.java:1149)
at java.util.concurrent.ThreadPoolExecutor$Worker.run(ThreadPoolExecutor.java:624)
at java.lang.Thread.run(Thread.java:748)
... Removed 19 stack frames]]>
    </failure>
  </testcase> <!-- Aadharno_contain_lessthan_12_numbers -->
  <testcase name="Aadharno_contain_greaterthan_12_numbers" time="0.202" classname="com.mytest.Admission">
    <failure type="java.lang.AssertionError" message="Aadhar No Contains Whitespaces at begining expected [true] but found [false]">
      <![CDATA[java.lang.AssertionError: Aadhar No Contains Whitespaces at begining expected [true] but found [false]
at com.mytest.Admission.Aadharno_contain_greaterthan_12_numbers(Admission.java:420)
at java.util.concurrent.FutureTask.run(FutureTask.java:266)
at java.util.concurrent.ThreadPoolExecutor.runWorker(ThreadPoolExecutor.java:1149)
at java.util.concurrent.ThreadPoolExecutor$Worker.run(ThreadPoolExecutor.java:624)
at java.lang.Thread.run(Thread.java:748)
... Removed 19 stack frames]]>
    </failure>
  </testcase> <!-- Aadharno_contain_greaterthan_12_numbers -->
  <testcase name="Birthdate_functionality" time="1.708" classname="com.mytest.Admission"/>
  <testcase name="Blank_Gender_field" time="0.276" classname="com.mytest.Admission">
    <failure type="java.lang.AssertionError" message="Gender field is Blank expected [true] but found [false]">
      <![CDATA[java.lang.AssertionError: Gender field is Blank expected [true] but found [false]
at com.mytest.Admission.Blank_Gender_field(Admission.java:440)
at java.util.concurrent.FutureTask.run(FutureTask.java:266)
at java.util.concurrent.ThreadPoolExecutor.runWorker(ThreadPoolExecutor.java:1149)
at java.util.concurrent.ThreadPoolExecutor$Worker.run(ThreadPoolExecutor.java:624)
at java.lang.Thread.run(Thread.java:748)
... Removed 19 stack frames]]>
    </failure>
  </testcase> <!-- Blank_Gender_field -->
  <testcase name="Gender_functionality" time="0.173" classname="com.mytest.Admission"/>
  <testcase name="PersonalInfo_next_button_functionality" time="6.216" classname="com.mytest.Admission"/>
  <testcase name="Primary_mobno_contain_special_characters" time="0.346" classname="com.mytest.Admission">
    <failure type="java.lang.AssertionError" message="Primary Mobile No Contains Spaecial Characters expected [true] but found [false]">
      <![CDATA[java.lang.AssertionError: Primary Mobile No Contains Spaecial Characters expected [true] but found [false]
at com.mytest.Admission.Primary_mobno_contain_special_characters(Admission.java:477)
at java.util.concurrent.FutureTask.run(FutureTask.java:266)
at java.util.concurrent.ThreadPoolExecutor.runWorker(ThreadPoolExecutor.java:1149)
at java.util.concurrent.ThreadPoolExecutor$Worker.run(ThreadPoolExecutor.java:624)
at java.lang.Thread.run(Thread.java:748)
... Removed 19 stack frames]]>
    </failure>
  </testcase> <!-- Primary_mobno_contain_special_characters -->
  <testcase name="Primary_mobno_contain_numbers" time="0.213" classname="com.mytest.Admission"/>
  <testcase name="Primary_mobno_contain_whitespaces" time="0.234" classname="com.mytest.Admission"/>
  <testcase name="Primary_mobno_contain_alphabets" time="0.241" classname="com.mytest.Admission"/>
  <testcase name="Primary_mobno_contain_whitespaces_at_begining" time="0.18" classname="com.mytest.Admission"/>
  <testcase name="Primary_mobno_field_is_Blank" time="0.058" classname="com.mytest.Admission"/>
  <testcase name="Primary_mobno_contain_lessthan_10_numbers" time="0.178" classname="com.mytest.Admission">
    <failure type="java.lang.AssertionError" message="Primary Mobile No Contains Less than 10 numbers expected [true] but found [false]">
      <![CDATA[java.lang.AssertionError: Primary Mobile No Contains Less than 10 numbers expected [true] but found [false]
at com.mytest.Admission.Primary_mobno_contain_lessthan_10_numbers(Admission.java:539)
at java.util.concurrent.FutureTask.run(FutureTask.java:266)
at java.util.concurrent.ThreadPoolExecutor.runWorker(ThreadPoolExecutor.java:1149)
at java.util.concurrent.ThreadPoolExecutor$Worker.run(ThreadPoolExecutor.java:624)
at java.lang.Thread.run(Thread.java:748)
... Removed 19 stack frames]]>
    </failure>
  </testcase> <!-- Primary_mobno_contain_lessthan_10_numbers -->
  <testcase name="Primary_mobno_contain_greaterthan_10_numbers" time="0.223" classname="com.mytest.Admission"/>
  <testcase name="Secondary_mobno_contain_special_characters" time="0.328" classname="com.mytest.Admission">
    <failure type="java.lang.AssertionError" message="Secondary Mobile No Contains Spaecial Characters expected [true] but found [false]">
      <![CDATA[java.lang.AssertionError: Secondary Mobile No Contains Spaecial Characters expected [true] but found [false]
at com.mytest.Admission.Secondary_mobno_contain_special_characters(Admission.java:558)
at java.util.concurrent.FutureTask.run(FutureTask.java:266)
at java.util.concurrent.ThreadPoolExecutor.runWorker(ThreadPoolExecutor.java:1149)
at java.util.concurrent.ThreadPoolExecutor$Worker.run(ThreadPoolExecutor.java:624)
at java.lang.Thread.run(Thread.java:748)
... Removed 19 stack frames]]>
    </failure>
  </testcase> <!-- Secondary_mobno_contain_special_characters -->
  <testcase name="Secondary_mobno_contain_numbers" time="0.305" classname="com.mytest.Admission"/>
  <testcase name="Secondary_mobno_contain_whitespaces" time="0.274" classname="com.mytest.Admission"/>
  <testcase name="Secondary_mobno_contain_alphabets" time="0.123" classname="com.mytest.Admission"/>
  <testcase name="Secondary_mobno_contain_whitespaces_at_begining" time="0.2" classname="com.mytest.Admission"/>
  <testcase name="Secondary_mobno_contain_greaterthan_10_numbers" time="0.225" classname="com.mytest.Admission"/>
  <testcase name="Secondary_mobno_contain_lessthan_10_numbers" time="0.215" classname="com.mytest.Admission">
    <failure type="java.lang.AssertionError" message="Secondary Mobile No Contains Less than 10 numbers expected [true] but found [false]">
      <![CDATA[java.lang.AssertionError: Secondary Mobile No Contains Less than 10 numbers expected [true] but found [false]
at com.mytest.Admission.Secondary_mobno_contain_lessthan_10_numbers(Admission.java:612)
at java.util.concurrent.FutureTask.run(FutureTask.java:266)
at java.util.concurrent.ThreadPoolExecutor.runWorker(ThreadPoolExecutor.java:1149)
at java.util.concurrent.ThreadPoolExecutor$Worker.run(ThreadPoolExecutor.java:624)
at java.lang.Thread.run(Thread.java:748)
... Removed 19 stack frames]]>
    </failure>
  </testcase> <!-- Secondary_mobno_contain_lessthan_10_numbers -->
  <testcase name="Primary_email_contain_whitespaces" time="7.579" classname="com.mytest.Admission"/>
  <testcase name="Primary_email_valid" time="0.26" classname="com.mytest.Admission"/>
  <testcase name="Primary_email_contain_whitespaces_at_begining" time="1.346" classname="com.mytest.Admission">
    <failure type="java.lang.AssertionError" message="Primary Email contain Whitespaces at Begining expected [true] but found [false]">
      <![CDATA[java.lang.AssertionError: Primary Email contain Whitespaces at Begining expected [true] but found [false]
at com.mytest.Admission.Primary_email_contain_whitespaces_at_begining(Admission.java:655)
at java.util.concurrent.FutureTask.run(FutureTask.java:266)
at java.util.concurrent.ThreadPoolExecutor.runWorker(ThreadPoolExecutor.java:1149)
at java.util.concurrent.ThreadPoolExecutor$Worker.run(ThreadPoolExecutor.java:624)
at java.lang.Thread.run(Thread.java:748)
... Removed 19 stack frames]]>
    </failure>
  </testcase> <!-- Primary_email_contain_whitespaces_at_begining -->
  <testcase name="Primary_email_field_is_Blank" time="5.578" classname="com.mytest.Admission"/>
  <testcase name="Secondary_email_contain_whitespaces" time="11.779" classname="com.mytest.Admission"/>
  <testcase name="Secondary_email_valid" time="0.248" classname="com.mytest.Admission"/>
  <testcase name="Secondary_email_contain_whitespaces_at_begining" time="1.341" classname="com.mytest.Admission">
    <failure type="java.lang.AssertionError" message="Secondary Email contain Whitespaces at Begining expected [true] but found [false]">
      <![CDATA[java.lang.AssertionError: Secondary Email contain Whitespaces at Begining expected [true] but found [false]
at com.mytest.Admission.Secondary_email_contain_whitespaces_at_begining(Admission.java:708)
at java.util.concurrent.FutureTask.run(FutureTask.java:266)
at java.util.concurrent.ThreadPoolExecutor.runWorker(ThreadPoolExecutor.java:1149)
at java.util.concurrent.ThreadPoolExecutor$Worker.run(ThreadPoolExecutor.java:624)
at java.lang.Thread.run(Thread.java:748)
... Removed 19 stack frames]]>
    </failure>
  </testcase> <!-- Secondary_email_contain_whitespaces_at_begining -->
  <testcase name="Valid_current_address" time="0.5" classname="com.mytest.Admission"/>
  <testcase name="Blank_current_address" time="8.237" classname="com.mytest.Admission"/>
  <testcase name="Valid_permanent_address" time="1.06" classname="com.mytest.Admission"/>
  <testcase name="Pincode_currentaddress_field_is_Blank" time="0.125" classname="com.mytest.Admission"/>
  <testcase name="Pincode_currentaddress_contain_special_characters" time="0.218" classname="com.mytest.Admission">
    <failure type="java.lang.AssertionError" message="Pincode No Contains Spaecial Characters expected [true] but found [false]">
      <![CDATA[java.lang.AssertionError: Pincode No Contains Spaecial Characters expected [true] but found [false]
at com.mytest.Admission.Pincode_currentaddress_contain_special_characters(Admission.java:751)
at java.util.concurrent.FutureTask.run(FutureTask.java:266)
at java.util.concurrent.ThreadPoolExecutor.runWorker(ThreadPoolExecutor.java:1149)
at java.util.concurrent.ThreadPoolExecutor$Worker.run(ThreadPoolExecutor.java:624)
at java.lang.Thread.run(Thread.java:748)
... Removed 19 stack frames]]>
    </failure>
  </testcase> <!-- Pincode_currentaddress_contain_special_characters -->
  <testcase name="Pincode_currentaddress_contain_numbers" time="0.176" classname="com.mytest.Admission"/>
  <testcase name="Pincode_currentaddress_contain_whitespaces" time="0.182" classname="com.mytest.Admission"/>
  <testcase name="Pincode_currentaddress_contain_alphabets" time="0.174" classname="com.mytest.Admission"/>
  <testcase name="Pincode_currentaddress_contain_whitespaces_at_begining" time="0.193" classname="com.mytest.Admission"/>
  <testcase name="Pincode_currentaddress_contain_morethan_6_numbers" time="0.175" classname="com.mytest.Admission"/>
  <testcase name="Pincode_currentaddress_contain_lessthan_6_numbers" time="16.943" classname="com.mytest.Admission">
    <failure type="org.openqa.selenium.NoSuchElementException" message="no such element: Unable to locate element: {&amp;quot;method&amp;quot;:&amp;quot;xpath&amp;quot;,&amp;quot;selector&amp;quot;:&amp;quot;//*[@id=&amp;quot;parsley-id-36&amp;quot;]/li&amp;quot;}
  (Session info: chrome=68.0.3440.106)
  (Driver info: chromedriver=2.40.565498 (ea082db3280dd6843ebfb08a625e3eb905c4f5ab),platform=Windows NT 6.1.7601 SP1 x86_64) (WARNING: The server did not provide any stacktrace information)
Command duration or timeout: 0 milliseconds
For documentation on this error, please visit: http://seleniumhq.org/exceptions/no_such_element.html
Build info: version: &amp;apos;3.13.0&amp;apos;, revision: &amp;apos;2f0d292&amp;apos;, time: &amp;apos;2018-06-25T15:32:14.902Z&amp;apos;
System info: host: &amp;apos;TESTER-PC&amp;apos;, ip: &amp;apos;192.168.0.104&amp;apos;, os.name: &amp;apos;Windows 7&amp;apos;, os.arch: &amp;apos;amd64&amp;apos;, os.version: &amp;apos;6.1&amp;apos;, java.version: &amp;apos;1.8.0_181&amp;apos;
Driver info: org.openqa.selenium.chrome.ChromeDriver
Capabilities {acceptInsecureCerts: false, acceptSslCerts: false, applicationCacheEnabled: false, browserConnectionEnabled: false, browserName: chrome, chrome: {chromedriverVersion: 2.40.565498 (ea082db3280dd6..., userDataDir: C:\Users\Tester\AppData\Loc...}, cssSelectorsEnabled: true, databaseEnabled: false, handlesAlerts: true, hasTouchScreen: false, javascriptEnabled: true, locationContextEnabled: true, mobileEmulationEnabled: false, nativeEvents: true, networkConnectionEnabled: false, pageLoadStrategy: normal, platform: XP, platformName: XP, rotatable: false, setWindowRect: true, takesHeapSnapshot: true, takesScreenshot: true, unexpectedAlertBehaviour: , unhandledPromptBehavior: , version: 68.0.3440.106, webStorageEnabled: true}
Session ID: 0da9bbd829a4c18b2d16a7e52761edb7
*** Element info: {Using=xpath, value=//*[@id=&amp;quot;parsley-id-36&amp;quot;]/li}">
      <![CDATA[org.openqa.selenium.NoSuchElementException: no such element: Unable to locate element: {"method":"xpath","selector":"//*[@id="parsley-id-36"]/li"}
  (Session info: chrome=68.0.3440.106)
  (Driver info: chromedriver=2.40.565498 (ea082db3280dd6843ebfb08a625e3eb905c4f5ab),platform=Windows NT 6.1.7601 SP1 x86_64) (WARNING: The server did not provide any stacktrace information)
Command duration or timeout: 0 milliseconds
For documentation on this error, please visit: http://seleniumhq.org/exceptions/no_such_element.html
Build info: version: '3.13.0', revision: '2f0d292', time: '2018-06-25T15:32:14.902Z'
System info: host: 'TESTER-PC', ip: '192.168.0.104', os.name: 'Windows 7', os.arch: 'amd64', os.version: '6.1', java.version: '1.8.0_181'
Driver info: org.openqa.selenium.chrome.ChromeDriver
Capabilities {acceptInsecureCerts: false, acceptSslCerts: false, applicationCacheEnabled: false, browserConnectionEnabled: false, browserName: chrome, chrome: {chromedriverVersion: 2.40.565498 (ea082db3280dd6..., userDataDir: C:\Users\Tester\AppData\Loc...}, cssSelectorsEnabled: true, databaseEnabled: false, handlesAlerts: true, hasTouchScreen: false, javascriptEnabled: true, locationContextEnabled: true, mobileEmulationEnabled: false, nativeEvents: true, networkConnectionEnabled: false, pageLoadStrategy: normal, platform: XP, platformName: XP, rotatable: false, setWindowRect: true, takesHeapSnapshot: true, takesScreenshot: true, unexpectedAlertBehaviour: , unhandledPromptBehavior: , version: 68.0.3440.106, webStorageEnabled: true}
Session ID: 0da9bbd829a4c18b2d16a7e52761edb7
*** Element info: {Using=xpath, value=//*[@id="parsley-id-36"]/li}
at org.openqa.selenium.remote.ErrorHandler.createThrowable(ErrorHandler.java:214)
at org.openqa.selenium.remote.ErrorHandler.throwIfResponseFailed(ErrorHandler.java:166)
at org.openqa.selenium.remote.http.JsonHttpResponseCodec.reconstructValue(JsonHttpResponseCodec.java:40)
at org.openqa.selenium.remote.http.AbstractHttpResponseCodec.decode(AbstractHttpResponseCodec.java:80)
at org.openqa.selenium.remote.http.AbstractHttpResponseCodec.decode(AbstractHttpResponseCodec.java:44)
at org.openqa.selenium.remote.HttpCommandExecutor.execute(HttpCommandExecutor.java:158)
at org.openqa.selenium.remote.service.DriverCommandExecutor.execute(DriverCommandExecutor.java:83)
at org.openqa.selenium.remote.RemoteWebDriver.execute(RemoteWebDriver.java:548)
at org.openqa.selenium.remote.RemoteWebDriver.findElement(RemoteWebDriver.java:322)
at org.openqa.selenium.remote.RemoteWebDriver.findElementByXPath(RemoteWebDriver.java:424)
at org.openqa.selenium.By$ByXPath.findElement(By.java:353)
at org.openqa.selenium.remote.RemoteWebDriver.findElement(RemoteWebDriver.java:314)
at com.mytest.Admission.Pincode_currentaddress_contain_lessthan_6_numbers(Admission.java:823)
at java.util.concurrent.FutureTask.run(FutureTask.java:266)
at java.util.concurrent.ThreadPoolExecutor.runWorker(ThreadPoolExecutor.java:1149)
at java.util.concurrent.ThreadPoolExecutor$Worker.run(ThreadPoolExecutor.java:624)
at java.lang.Thread.run(Thread.java:748)
... Removed 20 stack frames]]>
    </failure>
  </testcase> <!-- Pincode_currentaddress_contain_lessthan_6_numbers -->
  <testcase name="Pincode_permanentaddress_contain_special_characters" time="0.332" classname="com.mytest.Admission">
    <failure type="java.lang.AssertionError" message="Pincode No Contains Spaecial Characters expected [true] but found [false]">
      <![CDATA[java.lang.AssertionError: Pincode No Contains Spaecial Characters expected [true] but found [false]
at com.mytest.Admission.Pincode_permanentaddress_contain_special_characters(Admission.java:837)
at java.util.concurrent.FutureTask.run(FutureTask.java:266)
at java.util.concurrent.ThreadPoolExecutor.runWorker(ThreadPoolExecutor.java:1149)
at java.util.concurrent.ThreadPoolExecutor$Worker.run(ThreadPoolExecutor.java:624)
at java.lang.Thread.run(Thread.java:748)
... Removed 19 stack frames]]>
    </failure>
  </testcase> <!-- Pincode_permanentaddress_contain_special_characters -->
  <testcase name="Pincode_permanentaddress_contain_numbers" time="0.182" classname="com.mytest.Admission"/>
  <testcase name="Pincode_permanentaddress_contain_whitespaces" time="0.206" classname="com.mytest.Admission"/>
  <testcase name="Pincode_permanentaddress_contain_alphabets" time="0.165" classname="com.mytest.Admission"/>
  <testcase name="Pincode_permanentaddress_contain_whitespaces_at_begining" time="0.258" classname="com.mytest.Admission"/>
  <testcase name="Pincode_permanentaddress_contain_morethan_6_numbers" time="0.197" classname="com.mytest.Admission"/>
  <testcase name="Pincode_permanentaddress_contain_lessthan_6_numbers" time="13.192" classname="com.mytest.Admission">
    <failure type="org.openqa.selenium.NoSuchElementException" message="no such element: Unable to locate element: {&amp;quot;method&amp;quot;:&amp;quot;xpath&amp;quot;,&amp;quot;selector&amp;quot;:&amp;quot;//*[@id=&amp;quot;parsley-id-38&amp;quot;]/li&amp;quot;}
  (Session info: chrome=68.0.3440.106)
  (Driver info: chromedriver=2.40.565498 (ea082db3280dd6843ebfb08a625e3eb905c4f5ab),platform=Windows NT 6.1.7601 SP1 x86_64) (WARNING: The server did not provide any stacktrace information)
Command duration or timeout: 0 milliseconds
For documentation on this error, please visit: http://seleniumhq.org/exceptions/no_such_element.html
Build info: version: &amp;apos;3.13.0&amp;apos;, revision: &amp;apos;2f0d292&amp;apos;, time: &amp;apos;2018-06-25T15:32:14.902Z&amp;apos;
System info: host: &amp;apos;TESTER-PC&amp;apos;, ip: &amp;apos;192.168.0.104&amp;apos;, os.name: &amp;apos;Windows 7&amp;apos;, os.arch: &amp;apos;amd64&amp;apos;, os.version: &amp;apos;6.1&amp;apos;, java.version: &amp;apos;1.8.0_181&amp;apos;
Driver info: org.openqa.selenium.chrome.ChromeDriver
Capabilities {acceptInsecureCerts: false, acceptSslCerts: false, applicationCacheEnabled: false, browserConnectionEnabled: false, browserName: chrome, chrome: {chromedriverVersion: 2.40.565498 (ea082db3280dd6..., userDataDir: C:\Users\Tester\AppData\Loc...}, cssSelectorsEnabled: true, databaseEnabled: false, handlesAlerts: true, hasTouchScreen: false, javascriptEnabled: true, locationContextEnabled: true, mobileEmulationEnabled: false, nativeEvents: true, networkConnectionEnabled: false, pageLoadStrategy: normal, platform: XP, platformName: XP, rotatable: false, setWindowRect: true, takesHeapSnapshot: true, takesScreenshot: true, unexpectedAlertBehaviour: , unhandledPromptBehavior: , version: 68.0.3440.106, webStorageEnabled: true}
Session ID: 0da9bbd829a4c18b2d16a7e52761edb7
*** Element info: {Using=xpath, value=//*[@id=&amp;quot;parsley-id-38&amp;quot;]/li}">
      <![CDATA[org.openqa.selenium.NoSuchElementException: no such element: Unable to locate element: {"method":"xpath","selector":"//*[@id="parsley-id-38"]/li"}
  (Session info: chrome=68.0.3440.106)
  (Driver info: chromedriver=2.40.565498 (ea082db3280dd6843ebfb08a625e3eb905c4f5ab),platform=Windows NT 6.1.7601 SP1 x86_64) (WARNING: The server did not provide any stacktrace information)
Command duration or timeout: 0 milliseconds
For documentation on this error, please visit: http://seleniumhq.org/exceptions/no_such_element.html
Build info: version: '3.13.0', revision: '2f0d292', time: '2018-06-25T15:32:14.902Z'
System info: host: 'TESTER-PC', ip: '192.168.0.104', os.name: 'Windows 7', os.arch: 'amd64', os.version: '6.1', java.version: '1.8.0_181'
Driver info: org.openqa.selenium.chrome.ChromeDriver
Capabilities {acceptInsecureCerts: false, acceptSslCerts: false, applicationCacheEnabled: false, browserConnectionEnabled: false, browserName: chrome, chrome: {chromedriverVersion: 2.40.565498 (ea082db3280dd6..., userDataDir: C:\Users\Tester\AppData\Loc...}, cssSelectorsEnabled: true, databaseEnabled: false, handlesAlerts: true, hasTouchScreen: false, javascriptEnabled: true, locationContextEnabled: true, mobileEmulationEnabled: false, nativeEvents: true, networkConnectionEnabled: false, pageLoadStrategy: normal, platform: XP, platformName: XP, rotatable: false, setWindowRect: true, takesHeapSnapshot: true, takesScreenshot: true, unexpectedAlertBehaviour: , unhandledPromptBehavior: , version: 68.0.3440.106, webStorageEnabled: true}
Session ID: 0da9bbd829a4c18b2d16a7e52761edb7
*** Element info: {Using=xpath, value=//*[@id="parsley-id-38"]/li}
at org.openqa.selenium.remote.ErrorHandler.createThrowable(ErrorHandler.java:214)
at org.openqa.selenium.remote.ErrorHandler.throwIfResponseFailed(ErrorHandler.java:166)
at org.openqa.selenium.remote.http.JsonHttpResponseCodec.reconstructValue(JsonHttpResponseCodec.java:40)
at org.openqa.selenium.remote.http.AbstractHttpResponseCodec.decode(AbstractHttpResponseCodec.java:80)
at org.openqa.selenium.remote.http.AbstractHttpResponseCodec.decode(AbstractHttpResponseCodec.java:44)
at org.openqa.selenium.remote.HttpCommandExecutor.execute(HttpCommandExecutor.java:158)
at org.openqa.selenium.remote.service.DriverCommandExecutor.execute(DriverCommandExecutor.java:83)
at org.openqa.selenium.remote.RemoteWebDriver.execute(RemoteWebDriver.java:548)
at org.openqa.selenium.remote.RemoteWebDriver.findElement(RemoteWebDriver.java:322)
at org.openqa.selenium.remote.RemoteWebDriver.findElementByXPath(RemoteWebDriver.java:424)
at org.openqa.selenium.By$ByXPath.findElement(By.java:353)
at org.openqa.selenium.remote.RemoteWebDriver.findElement(RemoteWebDriver.java:314)
at com.mytest.Admission.Pincode_permanentaddress_contain_lessthan_6_numbers(Admission.java:902)
at java.util.concurrent.FutureTask.run(FutureTask.java:266)
at java.util.concurrent.ThreadPoolExecutor.runWorker(ThreadPoolExecutor.java:1149)
at java.util.concurrent.ThreadPoolExecutor$Worker.run(ThreadPoolExecutor.java:624)
at java.lang.Thread.run(Thread.java:748)
... Removed 20 stack frames]]>
    </failure>
  </testcase> <!-- Pincode_permanentaddress_contain_lessthan_6_numbers -->
  <testcase name="Document_functionality" time="1.735" classname="com.mytest.Admission">
    <failure type="java.lang.AssertionError" message="Document field NOT Working expected [true] but found [false]">
      <![CDATA[java.lang.AssertionError: Document field NOT Working expected [true] but found [false]
at com.mytest.Admission.Document_functionality(Admission.java:915)
at java.util.concurrent.FutureTask.run(FutureTask.java:266)
at java.util.concurrent.ThreadPoolExecutor.runWorker(ThreadPoolExecutor.java:1149)
at java.util.concurrent.ThreadPoolExecutor$Worker.run(ThreadPoolExecutor.java:624)
at java.lang.Thread.run(Thread.java:748)
... Removed 19 stack frames]]>
    </failure>
  </testcase> <!-- Document_functionality -->
  <testcase name="Admission_date" time="0.201" classname="com.mytest.Admission"/>
  <testcase name="Communicationdetails_next_button_functionality" time="8.799" classname="com.mytest.Admission"/>
  <testcase name="Course_interested_is_Blank" time="0.116" classname="com.mytest.Admission">
    <failure type="java.lang.AssertionError" message="Course Interested is Blank expected [true] but found [false]">
      <![CDATA[java.lang.AssertionError: Course Interested is Blank expected [true] but found [false]
at com.mytest.Admission.Course_interested_is_Blank(Admission.java:944)
at java.util.concurrent.FutureTask.run(FutureTask.java:266)
at java.util.concurrent.ThreadPoolExecutor.runWorker(ThreadPoolExecutor.java:1149)
at java.util.concurrent.ThreadPoolExecutor$Worker.run(ThreadPoolExecutor.java:624)
at java.lang.Thread.run(Thread.java:748)
... Removed 19 stack frames]]>
    </failure>
  </testcase> <!-- Course_interested_is_Blank -->
  <testcase name="Course_Amount" time="0.108" classname="com.mytest.Admission"/>
  <testcase name="Discount_functionality" time="0.18" classname="com.mytest.Admission"/>
  <testcase name="CourseDetails_next_button_functionality" time="5.758" classname="com.mytest.Admission"/>
  <testcase name="Finish_button_functionality" time="5.18" classname="com.mytest.Admission"/>
  <testcase name="Update_functionality" time="38.461" classname="com.mytest.Admission"/>
  <testcase name="Delete_Admission" time="11.428" classname="com.mytest.Admission">
    <failure type="java.lang.AssertionError" message="Admission NOT getting Deleted expected [No data available in table] but found [2]">
      <![CDATA[java.lang.AssertionError: Admission NOT getting Deleted expected [No data available in table] but found [2]
at com.mytest.Admission.Delete_Admission(Admission.java:1086)
at java.util.concurrent.FutureTask.run(FutureTask.java:266)
at java.util.concurrent.ThreadPoolExecutor.runWorker(ThreadPoolExecutor.java:1149)
at java.util.concurrent.ThreadPoolExecutor$Worker.run(ThreadPoolExecutor.java:624)
at java.lang.Thread.run(Thread.java:748)
... Removed 21 stack frames]]>
    </failure>
  </testcase> <!-- Delete_Admission -->
  <testcase name="Studentname_contains_Special_Characters" time="8.043" classname="com.mytest.Admission">
    <failure type="java.lang.AssertionError" message="Student Name Contains Special Characters expected [true] but found [false]">
      <![CDATA[java.lang.AssertionError: Student Name Contains Special Characters expected [true] but found [false]
at com.mytest.Admission.Studentname_contains_Special_Characters(Admission.java:1105)
at java.util.concurrent.FutureTask.run(FutureTask.java:266)
at java.util.concurrent.ThreadPoolExecutor.runWorker(ThreadPoolExecutor.java:1149)
at java.util.concurrent.ThreadPoolExecutor$Worker.run(ThreadPoolExecutor.java:624)
at java.lang.Thread.run(Thread.java:748)
... Removed 19 stack frames]]>
    </failure>
  </testcase> <!-- Studentname_contains_Special_Characters -->
  <testcase name="Studentname_contains_numbers" time="0.176" classname="com.mytest.Admission"/>
  <testcase name="Studentname_contains_whitespaces" time="0.252" classname="com.mytest.Admission">
    <failure type="java.lang.AssertionError" message="Student Name Contains Whitespaces expected [true] but found [false]">
      <![CDATA[java.lang.AssertionError: Student Name Contains Whitespaces expected [true] but found [false]
at com.mytest.Admission.Studentname_contains_whitespaces(Admission.java:1124)
at java.util.concurrent.FutureTask.run(FutureTask.java:266)
at java.util.concurrent.ThreadPoolExecutor.runWorker(ThreadPoolExecutor.java:1149)
at java.util.concurrent.ThreadPoolExecutor$Worker.run(ThreadPoolExecutor.java:624)
at java.lang.Thread.run(Thread.java:748)
... Removed 19 stack frames]]>
    </failure>
  </testcase> <!-- Studentname_contains_whitespaces -->
  <testcase name="Studentname_contains_alphabets" time="0.218" classname="com.mytest.Admission"/>
  <testcase name="Studentname_contains_whitespaces_at_begining" time="0.22" classname="com.mytest.Admission">
    <failure type="java.lang.AssertionError" message="Student Name Contain Whitespaces at Begining expected [true] but found [false]">
      <![CDATA[java.lang.AssertionError: Student Name Contain Whitespaces at Begining expected [true] but found [false]
at com.mytest.Admission.Studentname_contains_whitespaces_at_begining(Admission.java:1142)
at java.util.concurrent.FutureTask.run(FutureTask.java:266)
at java.util.concurrent.ThreadPoolExecutor.runWorker(ThreadPoolExecutor.java:1149)
at java.util.concurrent.ThreadPoolExecutor$Worker.run(ThreadPoolExecutor.java:624)
at java.lang.Thread.run(Thread.java:748)
... Removed 19 stack frames]]>
    </failure>
  </testcase> <!-- Studentname_contains_whitespaces_at_begining -->
  <testcase name="StudentName_field_is_Blank" time="7.311" classname="com.mytest.Admission"/>
  <testcase name="Middlename_contains_Special_Characters" time="0.216" classname="com.mytest.Admission">
    <failure type="java.lang.AssertionError" message="Middle Name Contains Special Characters expected [true] but found [false]">
      <![CDATA[java.lang.AssertionError: Middle Name Contains Special Characters expected [true] but found [false]
at com.mytest.Admission.Middlename_contains_Special_Characters(Admission.java:1162)
at java.util.concurrent.FutureTask.run(FutureTask.java:266)
at java.util.concurrent.ThreadPoolExecutor.runWorker(ThreadPoolExecutor.java:1149)
at java.util.concurrent.ThreadPoolExecutor$Worker.run(ThreadPoolExecutor.java:624)
at java.lang.Thread.run(Thread.java:748)
... Removed 19 stack frames]]>
    </failure>
  </testcase> <!-- Middlename_contains_Special_Characters -->
  <testcase name="Middlename_contains_numbers" time="0.202" classname="com.mytest.Admission"/>
  <testcase name="Middlename_contains_whitespaces" time="0.317" classname="com.mytest.Admission">
    <failure type="java.lang.AssertionError" message="Middle Name Contains Whitespaces expected [true] but found [false]">
      <![CDATA[java.lang.AssertionError: Middle Name Contains Whitespaces expected [true] but found [false]
at com.mytest.Admission.Middlename_contains_whitespaces(Admission.java:1180)
at java.util.concurrent.FutureTask.run(FutureTask.java:266)
at java.util.concurrent.ThreadPoolExecutor.runWorker(ThreadPoolExecutor.java:1149)
at java.util.concurrent.ThreadPoolExecutor$Worker.run(ThreadPoolExecutor.java:624)
at java.lang.Thread.run(Thread.java:748)
... Removed 19 stack frames]]>
    </failure>
  </testcase> <!-- Middlename_contains_whitespaces -->
  <testcase name="Middlename_contains_whitespaces_at_begining" time="0.25" classname="com.mytest.Admission">
    <failure type="java.lang.AssertionError" message="Middle Name Contain Whitespaces at Begining expected [true] but found [false]">
      <![CDATA[java.lang.AssertionError: Middle Name Contain Whitespaces at Begining expected [true] but found [false]
at com.mytest.Admission.Middlename_contains_whitespaces_at_begining(Admission.java:1189)
at java.util.concurrent.FutureTask.run(FutureTask.java:266)
at java.util.concurrent.ThreadPoolExecutor.runWorker(ThreadPoolExecutor.java:1149)
at java.util.concurrent.ThreadPoolExecutor$Worker.run(ThreadPoolExecutor.java:624)
at java.lang.Thread.run(Thread.java:748)
... Removed 19 stack frames]]>
    </failure>
  </testcase> <!-- Middlename_contains_whitespaces_at_begining -->
  <testcase name="Middlename_contains_alphabets" time="0.185" classname="com.mytest.Admission"/>
  <testcase name="Lastname_contains_Special_Characters" time="0.28" classname="com.mytest.Admission">
    <failure type="java.lang.AssertionError" message="Last Name Contains Special Characters expected [true] but found [false]">
      <![CDATA[java.lang.AssertionError: Last Name Contains Special Characters expected [true] but found [false]
at com.mytest.Admission.Lastname_contains_Special_Characters(Admission.java:1211)
at java.util.concurrent.FutureTask.run(FutureTask.java:266)
at java.util.concurrent.ThreadPoolExecutor.runWorker(ThreadPoolExecutor.java:1149)
at java.util.concurrent.ThreadPoolExecutor$Worker.run(ThreadPoolExecutor.java:624)
at java.lang.Thread.run(Thread.java:748)
... Removed 19 stack frames]]>
    </failure>
  </testcase> <!-- Lastname_contains_Special_Characters -->
  <testcase name="Lastname_contains_numbers" time="0.154" classname="com.mytest.Admission"/>
  <testcase name="Lastname_contains_whitespaces" time="0.241" classname="com.mytest.Admission">
    <failure type="java.lang.AssertionError" message="Last Name Contains Whitespaces expected [true] but found [false]">
      <![CDATA[java.lang.AssertionError: Last Name Contains Whitespaces expected [true] but found [false]
at com.mytest.Admission.Lastname_contains_whitespaces(Admission.java:1229)
at java.util.concurrent.FutureTask.run(FutureTask.java:266)
at java.util.concurrent.ThreadPoolExecutor.runWorker(ThreadPoolExecutor.java:1149)
at java.util.concurrent.ThreadPoolExecutor$Worker.run(ThreadPoolExecutor.java:624)
at java.lang.Thread.run(Thread.java:748)
... Removed 19 stack frames]]>
    </failure>
  </testcase> <!-- Lastname_contains_whitespaces -->
  <testcase name="Lastname_contains_alphabets" time="0.194" classname="com.mytest.Admission"/>
  <testcase name="Lastname_contains_whitespaces_at_begining" time="0.21" classname="com.mytest.Admission">
    <failure type="java.lang.AssertionError" message="Last Name Contain Whitespaces at Begining expected [true] but found [false]">
      <![CDATA[java.lang.AssertionError: Last Name Contain Whitespaces at Begining expected [true] but found [false]
at com.mytest.Admission.Lastname_contains_whitespaces_at_begining(Admission.java:1247)
at java.util.concurrent.FutureTask.run(FutureTask.java:266)
at java.util.concurrent.ThreadPoolExecutor.runWorker(ThreadPoolExecutor.java:1149)
at java.util.concurrent.ThreadPoolExecutor$Worker.run(ThreadPoolExecutor.java:624)
at java.lang.Thread.run(Thread.java:748)
... Removed 19 stack frames]]>
    </failure>
  </testcase> <!-- Lastname_contains_whitespaces_at_begining -->
  <testcase name="LastName_field_is_Blank" time="0.072" classname="com.mytest.Admission"/>
  <testcase name="Collegename_contains_Special_Characters" time="0.234" classname="com.mytest.Admission">
    <failure type="java.lang.AssertionError" message="College Name Contains Special Characters expected [true] but found [false]">
      <![CDATA[java.lang.AssertionError: College Name Contains Special Characters expected [true] but found [false]
at com.mytest.Admission.Collegename_contains_Special_Characters(Admission.java:1264)
at java.util.concurrent.FutureTask.run(FutureTask.java:266)
at java.util.concurrent.ThreadPoolExecutor.runWorker(ThreadPoolExecutor.java:1149)
at java.util.concurrent.ThreadPoolExecutor$Worker.run(ThreadPoolExecutor.java:624)
at java.lang.Thread.run(Thread.java:748)
... Removed 19 stack frames]]>
    </failure>
  </testcase> <!-- Collegename_contains_Special_Characters -->
  <testcase name="Collegename_contains_numbers" time="0.272" classname="com.mytest.Admission"/>
  <testcase name="Collegename_contains_whitespaces" time="0.276" classname="com.mytest.Admission"/>
  <testcase name="Collegename_contains_alphabets" time="0.173" classname="com.mytest.Admission"/>
  <testcase name="Collegename_contains_whitespaces_at_begining" time="0.196" classname="com.mytest.Admission"/>
  <testcase name="CollegeName_field_is_Blank" time="0.097" classname="com.mytest.Admission"/>
  <testcase name="Qualification_contains_Special_Characters" time="0.231" classname="com.mytest.Admission">
    <failure type="java.lang.AssertionError" message="College Name Contains Special Characters expected [true] but found [false]">
      <![CDATA[java.lang.AssertionError: College Name Contains Special Characters expected [true] but found [false]
at com.mytest.Admission.Qualification_contains_Special_Characters(Admission.java:1317)
at java.util.concurrent.FutureTask.run(FutureTask.java:266)
at java.util.concurrent.ThreadPoolExecutor.runWorker(ThreadPoolExecutor.java:1149)
at java.util.concurrent.ThreadPoolExecutor$Worker.run(ThreadPoolExecutor.java:624)
at java.lang.Thread.run(Thread.java:748)
... Removed 19 stack frames]]>
    </failure>
  </testcase> <!-- Qualification_contains_Special_Characters -->
  <testcase name="Qualification_contains_numbers" time="0.171" classname="com.mytest.Admission">
    <failure type="java.lang.AssertionError" message="College Name Contains Numbers expected [true] but found [false]">
      <![CDATA[java.lang.AssertionError: College Name Contains Numbers expected [true] but found [false]
at com.mytest.Admission.Qualification_contains_numbers(Admission.java:1326)
at java.util.concurrent.FutureTask.run(FutureTask.java:266)
at java.util.concurrent.ThreadPoolExecutor.runWorker(ThreadPoolExecutor.java:1149)
at java.util.concurrent.ThreadPoolExecutor$Worker.run(ThreadPoolExecutor.java:624)
at java.lang.Thread.run(Thread.java:748)
... Removed 19 stack frames]]>
    </failure>
  </testcase> <!-- Qualification_contains_numbers -->
  <testcase name="Qualification_contains_whitespaces" time="0.176" classname="com.mytest.Admission"/>
  <testcase name="Qualification_contains_alphabets" time="0.169" classname="com.mytest.Admission"/>
  <testcase name="Qualification_contains_whitespaces_at_begining" time="0.174" classname="com.mytest.Admission"/>
  <testcase name="Qualification_Field_is_Blank" time="0.067" classname="com.mytest.Admission"/>
  <testcase name="Aadharno_contains_special_characters" time="0.239" classname="com.mytest.Admission">
    <failure type="java.lang.AssertionError" message="Aadhar No Contains Spaecial Characters expected [true] but found [false]">
      <![CDATA[java.lang.AssertionError: Aadhar No Contains Spaecial Characters expected [true] but found [false]
at com.mytest.Admission.Aadharno_contains_special_characters(Admission.java:1370)
at java.util.concurrent.FutureTask.run(FutureTask.java:266)
at java.util.concurrent.ThreadPoolExecutor.runWorker(ThreadPoolExecutor.java:1149)
at java.util.concurrent.ThreadPoolExecutor$Worker.run(ThreadPoolExecutor.java:624)
at java.lang.Thread.run(Thread.java:748)
... Removed 19 stack frames]]>
    </failure>
  </testcase> <!-- Aadharno_contains_special_characters -->
  <testcase name="Aadharno_contains_numbers" time="0.214" classname="com.mytest.Admission"/>
  <testcase name="Aadharno_contains_alphabets" time="0.17" classname="com.mytest.Admission"/>
  <testcase name="Aadharno_contains_whitespaces_at_begining" time="0.216" classname="com.mytest.Admission"/>
  <testcase name="Aadharno_contains_lessthan_12_numbers" time="0.161" classname="com.mytest.Admission">
    <failure type="java.lang.AssertionError" message="Aadhar No Contains Less than 12 numbers expected [true] but found [false]">
      <![CDATA[java.lang.AssertionError: Aadhar No Contains Less than 12 numbers expected [true] but found [false]
at com.mytest.Admission.Aadharno_contains_lessthan_12_numbers(Admission.java:1415)
at java.util.concurrent.FutureTask.run(FutureTask.java:266)
at java.util.concurrent.ThreadPoolExecutor.runWorker(ThreadPoolExecutor.java:1149)
at java.util.concurrent.ThreadPoolExecutor$Worker.run(ThreadPoolExecutor.java:624)
at java.lang.Thread.run(Thread.java:748)
... Removed 19 stack frames]]>
    </failure>
  </testcase> <!-- Aadharno_contains_lessthan_12_numbers -->
  <testcase name="Aadharno_contains_greaterthan_12_numbers" time="0.208" classname="com.mytest.Admission">
    <failure type="java.lang.AssertionError" message="Aadhar No Contains Whitespaces at begining expected [true] but found [false]">
      <![CDATA[java.lang.AssertionError: Aadhar No Contains Whitespaces at begining expected [true] but found [false]
at com.mytest.Admission.Aadharno_contains_greaterthan_12_numbers(Admission.java:1424)
at java.util.concurrent.FutureTask.run(FutureTask.java:266)
at java.util.concurrent.ThreadPoolExecutor.runWorker(ThreadPoolExecutor.java:1149)
at java.util.concurrent.ThreadPoolExecutor$Worker.run(ThreadPoolExecutor.java:624)
at java.lang.Thread.run(Thread.java:748)
... Removed 19 stack frames]]>
    </failure>
  </testcase> <!-- Aadharno_contains_greaterthan_12_numbers -->
  <testcase name="Birthdate_Functionality" time="3.268" classname="com.mytest.Admission"/>
  <testcase name="Blank_Gender_Field" time="0.049" classname="com.mytest.Admission">
    <failure type="java.lang.AssertionError" message="Gender field is Blank expected [true] but found [false]">
      <![CDATA[java.lang.AssertionError: Gender field is Blank expected [true] but found [false]
at com.mytest.Admission.Blank_Gender_Field(Admission.java:1443)
at java.util.concurrent.FutureTask.run(FutureTask.java:266)
at java.util.concurrent.ThreadPoolExecutor.runWorker(ThreadPoolExecutor.java:1149)
at java.util.concurrent.ThreadPoolExecutor$Worker.run(ThreadPoolExecutor.java:624)
at java.lang.Thread.run(Thread.java:748)
... Removed 19 stack frames]]>
    </failure>
  </testcase> <!-- Blank_Gender_Field -->
  <testcase name="Gender_Functionality" time="0.265" classname="com.mytest.Admission"/>
  <testcase name="PersonalInfo_next_button_Functionality" time="6.311" classname="com.mytest.Admission"/>
  <testcase name="Primary_mobno_contains_special_characters" time="0.259" classname="com.mytest.Admission">
    <failure type="java.lang.AssertionError" message="Primary Mobile No Contains Spaecial Characters expected [true] but found [false]">
      <![CDATA[java.lang.AssertionError: Primary Mobile No Contains Spaecial Characters expected [true] but found [false]
at com.mytest.Admission.Primary_mobno_contains_special_characters(Admission.java:1479)
at java.util.concurrent.FutureTask.run(FutureTask.java:266)
at java.util.concurrent.ThreadPoolExecutor.runWorker(ThreadPoolExecutor.java:1149)
at java.util.concurrent.ThreadPoolExecutor$Worker.run(ThreadPoolExecutor.java:624)
at java.lang.Thread.run(Thread.java:748)
... Removed 19 stack frames]]>
    </failure>
  </testcase> <!-- Primary_mobno_contains_special_characters -->
  <testcase name="Primary_mobno_contains_numbers" time="0.21" classname="com.mytest.Admission"/>
  <testcase name="Primary_mobno_contains_whitespaces" time="0.173" classname="com.mytest.Admission"/>
  <testcase name="Primary_mobno_contains_alphabets" time="0.182" classname="com.mytest.Admission"/>
  <testcase name="Primary_mobno_contains_whitespaces_at_begining" time="0.195" classname="com.mytest.Admission"/>
  <testcase name="Primary_mobno_Field_is_Blank" time="0.118" classname="com.mytest.Admission"/>
  <testcase name="Primary_mobno_contains_lessthan_10_numbers" time="0.147" classname="com.mytest.Admission">
    <failure type="java.lang.AssertionError" message="Primary Mobile No Contains Less than 10 numbers expected [true] but found [false]">
      <![CDATA[java.lang.AssertionError: Primary Mobile No Contains Less than 10 numbers expected [true] but found [false]
at com.mytest.Admission.Primary_mobno_contains_lessthan_10_numbers(Admission.java:1541)
at java.util.concurrent.FutureTask.run(FutureTask.java:266)
at java.util.concurrent.ThreadPoolExecutor.runWorker(ThreadPoolExecutor.java:1149)
at java.util.concurrent.ThreadPoolExecutor$Worker.run(ThreadPoolExecutor.java:624)
at java.lang.Thread.run(Thread.java:748)
... Removed 19 stack frames]]>
    </failure>
  </testcase> <!-- Primary_mobno_contains_lessthan_10_numbers -->
  <testcase name="Primary_mobno_contains_greaterthan_10_numbers" time="0.324" classname="com.mytest.Admission"/>
  <testcase name="Secondary_mobno_contains_special_characters" time="0.196" classname="com.mytest.Admission">
    <failure type="java.lang.AssertionError" message="Secondary Mobile No Contains Spaecial Characters expected [true] but found [false]">
      <![CDATA[java.lang.AssertionError: Secondary Mobile No Contains Spaecial Characters expected [true] but found [false]
at com.mytest.Admission.Secondary_mobno_contains_special_characters(Admission.java:1559)
at java.util.concurrent.FutureTask.run(FutureTask.java:266)
at java.util.concurrent.ThreadPoolExecutor.runWorker(ThreadPoolExecutor.java:1149)
at java.util.concurrent.ThreadPoolExecutor$Worker.run(ThreadPoolExecutor.java:624)
at java.lang.Thread.run(Thread.java:748)
... Removed 19 stack frames]]>
    </failure>
  </testcase> <!-- Secondary_mobno_contains_special_characters -->
  <testcase name="Secondary_mobno_contains_numbers" time="0.221" classname="com.mytest.Admission"/>
  <testcase name="Secondary_mobno_contains_whitespaces" time="0.194" classname="com.mytest.Admission"/>
  <testcase name="Secondary_mobno_contains_alphabets" time="0.161" classname="com.mytest.Admission"/>
  <testcase name="Secondary_mobno_contains_whitespaces_at_begining" time="0.201" classname="com.mytest.Admission"/>
  <testcase name="Secondary_mobno_contains_lessthan_10_numbers" time="0.153" classname="com.mytest.Admission">
    <failure type="java.lang.AssertionError" message="Secondary Mobile No Contains Less than 10 numbers expected [true] but found [false]">
      <![CDATA[java.lang.AssertionError: Secondary Mobile No Contains Less than 10 numbers expected [true] but found [false]
at com.mytest.Admission.Secondary_mobno_contains_lessthan_10_numbers(Admission.java:1613)
at java.util.concurrent.FutureTask.run(FutureTask.java:266)
at java.util.concurrent.ThreadPoolExecutor.runWorker(ThreadPoolExecutor.java:1149)
at java.util.concurrent.ThreadPoolExecutor$Worker.run(ThreadPoolExecutor.java:624)
at java.lang.Thread.run(Thread.java:748)
... Removed 19 stack frames]]>
    </failure>
  </testcase> <!-- Secondary_mobno_contains_lessthan_10_numbers -->
  <testcase name="Secondary_mobno_contains_greaterthan_10_numbers" time="0.192" classname="com.mytest.Admission"/>
  <testcase name="Primary_email_contains_whitespaces" time="7.532" classname="com.mytest.Admission"/>
  <testcase name="Primary_Email_valid" time="0.285" classname="com.mytest.Admission"/>
  <testcase name="Primary_email_contains_whitespaces_at_begining" time="1.332" classname="com.mytest.Admission">
    <failure type="java.lang.AssertionError" message="Primary Email contain Whitespaces at Begining expected [true] but found [false]">
      <![CDATA[java.lang.AssertionError: Primary Email contain Whitespaces at Begining expected [true] but found [false]
at com.mytest.Admission.Primary_email_contains_whitespaces_at_begining(Admission.java:1667)
at java.util.concurrent.FutureTask.run(FutureTask.java:266)
at java.util.concurrent.ThreadPoolExecutor.runWorker(ThreadPoolExecutor.java:1149)
at java.util.concurrent.ThreadPoolExecutor$Worker.run(ThreadPoolExecutor.java:624)
at java.lang.Thread.run(Thread.java:748)
... Removed 19 stack frames]]>
    </failure>
  </testcase> <!-- Primary_email_contains_whitespaces_at_begining -->
  <testcase name="Secondary_email_contains_whitespaces" time="11.153" classname="com.mytest.Admission"/>
  <testcase name="Secondary_Email_valid" time="0.286" classname="com.mytest.Admission"/>
  <testcase name="Secondary_email_contains_whitespaces_at_begining" time="1.306" classname="com.mytest.Admission">
    <failure type="java.lang.AssertionError" message="Secondary Email contain Whitespaces at Begining expected [true] but found [false]">
      <![CDATA[java.lang.AssertionError: Secondary Email contain Whitespaces at Begining expected [true] but found [false]
at com.mytest.Admission.Secondary_email_contains_whitespaces_at_begining(Admission.java:1711)
at java.util.concurrent.FutureTask.run(FutureTask.java:266)
at java.util.concurrent.ThreadPoolExecutor.runWorker(ThreadPoolExecutor.java:1149)
at java.util.concurrent.ThreadPoolExecutor$Worker.run(ThreadPoolExecutor.java:624)
at java.lang.Thread.run(Thread.java:748)
... Removed 19 stack frames]]>
    </failure>
  </testcase> <!-- Secondary_email_contains_whitespaces_at_begining -->
  <testcase name="Valid_Current_address" time="0.57" classname="com.mytest.Admission"/>
  <testcase name="Blank_Current_address" time="7.219" classname="com.mytest.Admission"/>
  <testcase name="Valid_Permanent_address" time="0.957" classname="com.mytest.Admission"/>
  <testcase name="Pincode_currentaddress_contains_special_characters" time="0.267" classname="com.mytest.Admission">
    <failure type="java.lang.AssertionError" message="Pincode No Contains Spaecial Characters expected [true] but found [false]">
      <![CDATA[java.lang.AssertionError: Pincode No Contains Spaecial Characters expected [true] but found [false]
at com.mytest.Admission.Pincode_currentaddress_contains_special_characters(Admission.java:1753)
at java.util.concurrent.FutureTask.run(FutureTask.java:266)
at java.util.concurrent.ThreadPoolExecutor.runWorker(ThreadPoolExecutor.java:1149)
at java.util.concurrent.ThreadPoolExecutor$Worker.run(ThreadPoolExecutor.java:624)
at java.lang.Thread.run(Thread.java:748)
... Removed 19 stack frames]]>
    </failure>
  </testcase> <!-- Pincode_currentaddress_contains_special_characters -->
  <testcase name="Pincode_currentaddress_contains_numbers" time="0.231" classname="com.mytest.Admission"/>
  <testcase name="Pincode_currentaddress_contains_whitespaces" time="0.208" classname="com.mytest.Admission"/>
  <testcase name="Pincode_currentaddress_contains_alphabets" time="0.227" classname="com.mytest.Admission"/>
  <testcase name="Pincode_currentaddress_contains_whitespaces_at_begining" time="0.208" classname="com.mytest.Admission"/>
  <testcase name="Pincode_Currentaddress_field_is_Blank" time="0.083" classname="com.mytest.Admission"/>
  <testcase name="Pincode_currentaddress_contains_lessthan_6_numbers" time="16.915" classname="com.mytest.Admission">
    <failure type="org.openqa.selenium.NoSuchElementException" message="no such element: Unable to locate element: {&amp;quot;method&amp;quot;:&amp;quot;xpath&amp;quot;,&amp;quot;selector&amp;quot;:&amp;quot;//*[@id=&amp;quot;parsley-id-36&amp;quot;]/li&amp;quot;}
  (Session info: chrome=68.0.3440.106)
  (Driver info: chromedriver=2.40.565498 (ea082db3280dd6843ebfb08a625e3eb905c4f5ab),platform=Windows NT 6.1.7601 SP1 x86_64) (WARNING: The server did not provide any stacktrace information)
Command duration or timeout: 0 milliseconds
For documentation on this error, please visit: http://seleniumhq.org/exceptions/no_such_element.html
Build info: version: &amp;apos;3.13.0&amp;apos;, revision: &amp;apos;2f0d292&amp;apos;, time: &amp;apos;2018-06-25T15:32:14.902Z&amp;apos;
System info: host: &amp;apos;TESTER-PC&amp;apos;, ip: &amp;apos;192.168.0.104&amp;apos;, os.name: &amp;apos;Windows 7&amp;apos;, os.arch: &amp;apos;amd64&amp;apos;, os.version: &amp;apos;6.1&amp;apos;, java.version: &amp;apos;1.8.0_181&amp;apos;
Driver info: org.openqa.selenium.chrome.ChromeDriver
Capabilities {acceptInsecureCerts: false, acceptSslCerts: false, applicationCacheEnabled: false, browserConnectionEnabled: false, browserName: chrome, chrome: {chromedriverVersion: 2.40.565498 (ea082db3280dd6..., userDataDir: C:\Users\Tester\AppData\Loc...}, cssSelectorsEnabled: true, databaseEnabled: false, handlesAlerts: true, hasTouchScreen: false, javascriptEnabled: true, locationContextEnabled: true, mobileEmulationEnabled: false, nativeEvents: true, networkConnectionEnabled: false, pageLoadStrategy: normal, platform: XP, platformName: XP, rotatable: false, setWindowRect: true, takesHeapSnapshot: true, takesScreenshot: true, unexpectedAlertBehaviour: , unhandledPromptBehavior: , version: 68.0.3440.106, webStorageEnabled: true}
Session ID: 0da9bbd829a4c18b2d16a7e52761edb7
*** Element info: {Using=xpath, value=//*[@id=&amp;quot;parsley-id-36&amp;quot;]/li}">
      <![CDATA[org.openqa.selenium.NoSuchElementException: no such element: Unable to locate element: {"method":"xpath","selector":"//*[@id="parsley-id-36"]/li"}
  (Session info: chrome=68.0.3440.106)
  (Driver info: chromedriver=2.40.565498 (ea082db3280dd6843ebfb08a625e3eb905c4f5ab),platform=Windows NT 6.1.7601 SP1 x86_64) (WARNING: The server did not provide any stacktrace information)
Command duration or timeout: 0 milliseconds
For documentation on this error, please visit: http://seleniumhq.org/exceptions/no_such_element.html
Build info: version: '3.13.0', revision: '2f0d292', time: '2018-06-25T15:32:14.902Z'
System info: host: 'TESTER-PC', ip: '192.168.0.104', os.name: 'Windows 7', os.arch: 'amd64', os.version: '6.1', java.version: '1.8.0_181'
Driver info: org.openqa.selenium.chrome.ChromeDriver
Capabilities {acceptInsecureCerts: false, acceptSslCerts: false, applicationCacheEnabled: false, browserConnectionEnabled: false, browserName: chrome, chrome: {chromedriverVersion: 2.40.565498 (ea082db3280dd6..., userDataDir: C:\Users\Tester\AppData\Loc...}, cssSelectorsEnabled: true, databaseEnabled: false, handlesAlerts: true, hasTouchScreen: false, javascriptEnabled: true, locationContextEnabled: true, mobileEmulationEnabled: false, nativeEvents: true, networkConnectionEnabled: false, pageLoadStrategy: normal, platform: XP, platformName: XP, rotatable: false, setWindowRect: true, takesHeapSnapshot: true, takesScreenshot: true, unexpectedAlertBehaviour: , unhandledPromptBehavior: , version: 68.0.3440.106, webStorageEnabled: true}
Session ID: 0da9bbd829a4c18b2d16a7e52761edb7
*** Element info: {Using=xpath, value=//*[@id="parsley-id-36"]/li}
at org.openqa.selenium.remote.ErrorHandler.createThrowable(ErrorHandler.java:214)
at org.openqa.selenium.remote.ErrorHandler.throwIfResponseFailed(ErrorHandler.java:166)
at org.openqa.selenium.remote.http.JsonHttpResponseCodec.reconstructValue(JsonHttpResponseCodec.java:40)
at org.openqa.selenium.remote.http.AbstractHttpResponseCodec.decode(AbstractHttpResponseCodec.java:80)
at org.openqa.selenium.remote.http.AbstractHttpResponseCodec.decode(AbstractHttpResponseCodec.java:44)
at org.openqa.selenium.remote.HttpCommandExecutor.execute(HttpCommandExecutor.java:158)
at org.openqa.selenium.remote.service.DriverCommandExecutor.execute(DriverCommandExecutor.java:83)
at org.openqa.selenium.remote.RemoteWebDriver.execute(RemoteWebDriver.java:548)
at org.openqa.selenium.remote.RemoteWebDriver.findElement(RemoteWebDriver.java:322)
at org.openqa.selenium.remote.RemoteWebDriver.findElementByXPath(RemoteWebDriver.java:424)
at org.openqa.selenium.By$ByXPath.findElement(By.java:353)
at org.openqa.selenium.remote.RemoteWebDriver.findElement(RemoteWebDriver.java:314)
at com.mytest.Admission.Pincode_currentaddress_contains_lessthan_6_numbers(Admission.java:1825)
at java.util.concurrent.FutureTask.run(FutureTask.java:266)
at java.util.concurrent.ThreadPoolExecutor.runWorker(ThreadPoolExecutor.java:1149)
at java.util.concurrent.ThreadPoolExecutor$Worker.run(ThreadPoolExecutor.java:624)
at java.lang.Thread.run(Thread.java:748)
... Removed 20 stack frames]]>
    </failure>
  </testcase> <!-- Pincode_currentaddress_contains_lessthan_6_numbers -->
  <testcase name="Pincode_permanentaddress_contains_special_characters" time="0.285" classname="com.mytest.Admission">
    <failure type="java.lang.AssertionError" message="Pincode No Contains Spaecial Characters expected [true] but found [false]">
      <![CDATA[java.lang.AssertionError: Pincode No Contains Spaecial Characters expected [true] but found [false]
at com.mytest.Admission.Pincode_permanentaddress_contains_special_characters(Admission.java:1837)
at java.util.concurrent.FutureTask.run(FutureTask.java:266)
at java.util.concurrent.ThreadPoolExecutor.runWorker(ThreadPoolExecutor.java:1149)
at java.util.concurrent.ThreadPoolExecutor$Worker.run(ThreadPoolExecutor.java:624)
at java.lang.Thread.run(Thread.java:748)
... Removed 19 stack frames]]>
    </failure>
  </testcase> <!-- Pincode_permanentaddress_contains_special_characters -->
  <testcase name="Pincode_permanentaddress_contains_numbers" time="0.187" classname="com.mytest.Admission"/>
  <testcase name="Pincode_permanentaddress_contains_whitespaces" time="0.311" classname="com.mytest.Admission"/>
  <testcase name="Pincode_permanentaddress_contains_alphabets" time="0.18" classname="com.mytest.Admission"/>
  <testcase name="Pincode_permanentaddress_contains_whitespaces_at_begining" time="0.174" classname="com.mytest.Admission"/>
  <testcase name="Pincode_permanentaddress_contains_morethan_6_numbers" time="0.178" classname="com.mytest.Admission"/>
  <testcase name="Pincode_permanentaddress_contains_lessthan_6_numbers" time="12.191" classname="com.mytest.Admission">
    <failure type="org.openqa.selenium.NoSuchElementException" message="no such element: Unable to locate element: {&amp;quot;method&amp;quot;:&amp;quot;xpath&amp;quot;,&amp;quot;selector&amp;quot;:&amp;quot;//*[@id=&amp;quot;parsley-id-38&amp;quot;]/li&amp;quot;}
  (Session info: chrome=68.0.3440.106)
  (Driver info: chromedriver=2.40.565498 (ea082db3280dd6843ebfb08a625e3eb905c4f5ab),platform=Windows NT 6.1.7601 SP1 x86_64) (WARNING: The server did not provide any stacktrace information)
Command duration or timeout: 0 milliseconds
For documentation on this error, please visit: http://seleniumhq.org/exceptions/no_such_element.html
Build info: version: &amp;apos;3.13.0&amp;apos;, revision: &amp;apos;2f0d292&amp;apos;, time: &amp;apos;2018-06-25T15:32:14.902Z&amp;apos;
System info: host: &amp;apos;TESTER-PC&amp;apos;, ip: &amp;apos;192.168.0.104&amp;apos;, os.name: &amp;apos;Windows 7&amp;apos;, os.arch: &amp;apos;amd64&amp;apos;, os.version: &amp;apos;6.1&amp;apos;, java.version: &amp;apos;1.8.0_181&amp;apos;
Driver info: org.openqa.selenium.chrome.ChromeDriver
Capabilities {acceptInsecureCerts: false, acceptSslCerts: false, applicationCacheEnabled: false, browserConnectionEnabled: false, browserName: chrome, chrome: {chromedriverVersion: 2.40.565498 (ea082db3280dd6..., userDataDir: C:\Users\Tester\AppData\Loc...}, cssSelectorsEnabled: true, databaseEnabled: false, handlesAlerts: true, hasTouchScreen: false, javascriptEnabled: true, locationContextEnabled: true, mobileEmulationEnabled: false, nativeEvents: true, networkConnectionEnabled: false, pageLoadStrategy: normal, platform: XP, platformName: XP, rotatable: false, setWindowRect: true, takesHeapSnapshot: true, takesScreenshot: true, unexpectedAlertBehaviour: , unhandledPromptBehavior: , version: 68.0.3440.106, webStorageEnabled: true}
Session ID: 0da9bbd829a4c18b2d16a7e52761edb7
*** Element info: {Using=xpath, value=//*[@id=&amp;quot;parsley-id-38&amp;quot;]/li}">
      <![CDATA[org.openqa.selenium.NoSuchElementException: no such element: Unable to locate element: {"method":"xpath","selector":"//*[@id="parsley-id-38"]/li"}
  (Session info: chrome=68.0.3440.106)
  (Driver info: chromedriver=2.40.565498 (ea082db3280dd6843ebfb08a625e3eb905c4f5ab),platform=Windows NT 6.1.7601 SP1 x86_64) (WARNING: The server did not provide any stacktrace information)
Command duration or timeout: 0 milliseconds
For documentation on this error, please visit: http://seleniumhq.org/exceptions/no_such_element.html
Build info: version: '3.13.0', revision: '2f0d292', time: '2018-06-25T15:32:14.902Z'
System info: host: 'TESTER-PC', ip: '192.168.0.104', os.name: 'Windows 7', os.arch: 'amd64', os.version: '6.1', java.version: '1.8.0_181'
Driver info: org.openqa.selenium.chrome.ChromeDriver
Capabilities {acceptInsecureCerts: false, acceptSslCerts: false, applicationCacheEnabled: false, browserConnectionEnabled: false, browserName: chrome, chrome: {chromedriverVersion: 2.40.565498 (ea082db3280dd6..., userDataDir: C:\Users\Tester\AppData\Loc...}, cssSelectorsEnabled: true, databaseEnabled: false, handlesAlerts: true, hasTouchScreen: false, javascriptEnabled: true, locationContextEnabled: true, mobileEmulationEnabled: false, nativeEvents: true, networkConnectionEnabled: false, pageLoadStrategy: normal, platform: XP, platformName: XP, rotatable: false, setWindowRect: true, takesHeapSnapshot: true, takesScreenshot: true, unexpectedAlertBehaviour: , unhandledPromptBehavior: , version: 68.0.3440.106, webStorageEnabled: true}
Session ID: 0da9bbd829a4c18b2d16a7e52761edb7
*** Element info: {Using=xpath, value=//*[@id="parsley-id-38"]/li}
at org.openqa.selenium.remote.ErrorHandler.createThrowable(ErrorHandler.java:214)
at org.openqa.selenium.remote.ErrorHandler.throwIfResponseFailed(ErrorHandler.java:166)
at org.openqa.selenium.remote.http.JsonHttpResponseCodec.reconstructValue(JsonHttpResponseCodec.java:40)
at org.openqa.selenium.remote.http.AbstractHttpResponseCodec.decode(AbstractHttpResponseCodec.java:80)
at org.openqa.selenium.remote.http.AbstractHttpResponseCodec.decode(AbstractHttpResponseCodec.java:44)
at org.openqa.selenium.remote.HttpCommandExecutor.execute(HttpCommandExecutor.java:158)
at org.openqa.selenium.remote.service.DriverCommandExecutor.execute(DriverCommandExecutor.java:83)
at org.openqa.selenium.remote.RemoteWebDriver.execute(RemoteWebDriver.java:548)
at org.openqa.selenium.remote.RemoteWebDriver.findElement(RemoteWebDriver.java:322)
at org.openqa.selenium.remote.RemoteWebDriver.findElementByXPath(RemoteWebDriver.java:424)
at org.openqa.selenium.By$ByXPath.findElement(By.java:353)
at org.openqa.selenium.remote.RemoteWebDriver.findElement(RemoteWebDriver.java:314)
at com.mytest.Admission.Pincode_permanentaddress_contains_lessthan_6_numbers(Admission.java:1903)
at java.util.concurrent.FutureTask.run(FutureTask.java:266)
at java.util.concurrent.ThreadPoolExecutor.runWorker(ThreadPoolExecutor.java:1149)
at java.util.concurrent.ThreadPoolExecutor$Worker.run(ThreadPoolExecutor.java:624)
at java.lang.Thread.run(Thread.java:748)
... Removed 20 stack frames]]>
    </failure>
  </testcase> <!-- Pincode_permanentaddress_contains_lessthan_6_numbers -->
  <testcase name="Document_Functionality" time="2.197" classname="com.mytest.Admission">
    <failure type="java.lang.AssertionError" message="Document field NOT Working expected [true] but found [false]">
      <![CDATA[java.lang.AssertionError: Document field NOT Working expected [true] but found [false]
at com.mytest.Admission.Document_Functionality(Admission.java:1917)
at java.util.concurrent.FutureTask.run(FutureTask.java:266)
at java.util.concurrent.ThreadPoolExecutor.runWorker(ThreadPoolExecutor.java:1149)
at java.util.concurrent.ThreadPoolExecutor$Worker.run(ThreadPoolExecutor.java:624)
at java.lang.Thread.run(Thread.java:748)
... Removed 19 stack frames]]>
    </failure>
  </testcase> <!-- Document_Functionality -->
  <testcase name="Todays_Admission_Date" time="0.041" classname="com.mytest.Admission"/>
  <testcase name="Admission_Date" time="0.201" classname="com.mytest.Admission"/>
  <testcase name="Communicationdetails_next_button_Functionality" time="0.391" classname="com.mytest.Admission"/>
  <testcase name="Course_Functionality" time="0.255" classname="com.mytest.Admission"/>
  <testcase name="Blank_Discount_Functionality" time="3.499" classname="com.mytest.Admission"/>
  <testcase name="Discount_Functionality" time="0.145" classname="com.mytest.Admission"/>
  <testcase name="CourseDetails_next_button_Functionality" time="3.171" classname="com.mytest.Admission"/>
  <testcase name="Finish_button_Functionality" time="4.036" classname="com.mytest.Admission"/>
  <testcase name="Update_Functionality" time="14.143" classname="com.mytest.Admission"/>
  <testcase name="Delete_admission" time="8.361" classname="com.mytest.Admission">
    <failure type="java.lang.AssertionError" message="Admission NOT getting Deleted expected [No data available in table] but found [2]">
      <![CDATA[java.lang.AssertionError: Admission NOT getting Deleted expected [No data available in table] but found [2]
at com.mytest.Admission.Delete_admission(Admission.java:2087)
at java.util.concurrent.FutureTask.run(FutureTask.java:266)
at java.util.concurrent.ThreadPoolExecutor.runWorker(ThreadPoolExecutor.java:1149)
at java.util.concurrent.ThreadPoolExecutor$Worker.run(ThreadPoolExecutor.java:624)
at java.lang.Thread.run(Thread.java:748)
... Removed 21 stack frames]]>
    </failure>
  </testcase> <!-- Delete_admission -->
  <testcase name="Secondary_mobno_contain_negative_numbers" time="0.0" classname="com.mytest.Admission">
    <ignored/>
  </testcase> <!-- Secondary_mobno_contain_negative_numbers -->
  <testcase name="Pincode_permanentaddress_contains_negative_numbers" time="0.0" classname="com.mytest.Admission">
    <ignored/>
  </testcase> <!-- Pincode_permanentaddress_contains_negative_numbers -->
  <testcase name="Pincode_currentaddress_contains_negative_numbers" time="0.0" classname="com.mytest.Admission">
    <ignored/>
  </testcase> <!-- Pincode_currentaddress_contains_negative_numbers -->
  <testcase name="Primary_email_is_Blank" time="0.0" classname="com.mytest.Admission">
    <ignored/>
  </testcase> <!-- Primary_email_is_Blank -->
  <testcase name="Aadharno_contains_negative_numbers" time="0.0" classname="com.mytest.Admission">
    <ignored/>
  </testcase> <!-- Aadharno_contains_negative_numbers -->
  <testcase name="Primary_mobno_contains_negative_numbers" time="0.0" classname="com.mytest.Admission">
    <ignored/>
  </testcase> <!-- Primary_mobno_contains_negative_numbers -->
  <testcase name="Primary_mobno_contain_negative_numbers" time="0.0" classname="com.mytest.Admission">
    <ignored/>
  </testcase> <!-- Primary_mobno_contain_negative_numbers -->
  <testcase name="login" time="0.0" classname="com.mytest.Login">
    <ignored/>
  </testcase> <!-- login -->
  <testcase name="Pincode_permanentaddress_contain_negative_numbers" time="0.0" classname="com.mytest.Admission">
    <ignored/>
  </testcase> <!-- Pincode_permanentaddress_contain_negative_numbers -->
  <testcase name="Secondary_mobno_contains_negative_numbers" time="0.0" classname="com.mytest.Admission">
    <ignored/>
  </testcase> <!-- Secondary_mobno_contains_negative_numbers -->
  <testcase name="Pincode_currentaddress_contain_negative_numbers" time="0.0" classname="com.mytest.Admission">
    <ignored/>
  </testcase> <!-- Pincode_currentaddress_contain_negative_numbers -->
  <testcase name="Pincode_currentaddress_contains_morethan_6_numbers" time="0.0" classname="com.mytest.Admission">
    <ignored/>
  </testcase> <!-- Pincode_currentaddress_contains_morethan_6_numbers -->
  <testcase name="Aadharno_contain_negative_numbers" time="0.0" classname="com.mytest.Admission">
    <ignored/>
  </testcase> <!-- Aadharno_contain_negative_numbers -->
</testsuite> <!-- Admission -->
