<html>
<head>
<title>TestNG:  Master_Course</title>
<link href="../testng.css" rel="stylesheet" type="text/css" />
<link href="../my-testng.css" rel="stylesheet" type="text/css" />

<style type="text/css">
.log { display: none;} 
.stack-trace { display: none;} 
</style>
<script type="text/javascript">
<!--
function flip(e) {
  current = e.style.display;
  if (current == 'block') {
    e.style.display = 'none';
    return 0;
  }
  else {
    e.style.display = 'block';
    return 1;
  }
}

function toggleBox(szDivId, elem, msg1, msg2)
{
  var res = -1;  if (document.getElementById) {
    res = flip(document.getElementById(szDivId));
  }
  else if (document.all) {
    // this is the way old msie versions work
    res = flip(document.all[szDivId]);
  }
  if(elem) {
    if(res == 0) elem.innerHTML = msg1; else elem.innerHTML = msg2;
  }

}

function toggleAllBoxes() {
  if (document.getElementsByTagName) {
    d = document.getElementsByTagName('div');
    for (i = 0; i < d.length; i++) {
      if (d[i].className == 'log') {
        flip(d[i]);
      }
    }
  }
}

// -->
</script>

</head>
<body>
<h2 align='center'>Master_Course</h2><table border='1' align="center">
<tr>
<td>Tests passed/Failed/Skipped:</td><td>17/2/0</td>
</tr><tr>
<td>Started on:</td><td>Fri Aug 17 10:25:12 IST 2018</td>
</tr>
<tr><td>Total time:</td><td>42 seconds (42298 ms)</td>
</tr><tr>
<td>Included groups:</td><td></td>
</tr><tr>
<td>Excluded groups:</td><td></td>
</tr>
</table><p/>
<small><i>(Hover the method name to see the test class name)</i></small><p/>
<table width='100%' border='1' class='invocation-failed'>
<tr><td colspan='4' align='center'><b>FAILED TESTS</b></td></tr>
<tr><td><b>Test method</b></td>
<td width="30%"><b>Exception</b></td>
<td width="10%"><b>Time (seconds)</b></td>
<td><b>Instance</b></td>
</tr>
<tr>
<td title='com.mytest.Master_Course.Coursefees_contain_special_characters()'><b>Coursefees_contain_special_characters</b><br>Test class: com.mytest.Master_Course</td>
<td><div><pre>java.lang.AssertionError: Course fees Contains Spaecial Characters expected [true] but found [false]
	at com.mytest.Master_Course.Coursefees_contain_special_characters(Master_Course.java:88)
	at java.base/java.util.concurrent.FutureTask.run(Unknown Source)
	at java.base/java.util.concurrent.ThreadPoolExecutor.runWorker(Unknown Source)
	at java.base/java.util.concurrent.ThreadPoolExecutor$Worker.run(Unknown Source)
	at java.base/java.lang.Thread.run(Unknown Source)
... Removed 19 stack frames</pre></div><a href='#' onClick='toggleBox("stack-trace1378474942", this, "Click to show all stack frames", "Click to hide stack frames")'>Click to show all stack frames</a>
<div class='stack-trace' id='stack-trace1378474942'><pre>java.lang.AssertionError: Course fees Contains Spaecial Characters expected [true] but found [false]
	at org.testng.Assert.fail(Assert.java:96)
	at org.testng.Assert.failNotEquals(Assert.java:776)
	at org.testng.Assert.assertTrue(Assert.java:44)
	at com.mytest.Master_Course.Coursefees_contain_special_characters(Master_Course.java:88)
	at java.base/jdk.internal.reflect.NativeMethodAccessorImpl.invoke0(Native Method)
	at java.base/jdk.internal.reflect.NativeMethodAccessorImpl.invoke(Unknown Source)
	at java.base/jdk.internal.reflect.DelegatingMethodAccessorImpl.invoke(Unknown Source)
	at java.base/java.lang.reflect.Method.invoke(Unknown Source)
	at org.testng.internal.MethodInvocationHelper.invokeMethod(MethodInvocationHelper.java:124)
	at org.testng.internal.Invoker.invokeMethod(Invoker.java:580)
	at org.testng.internal.Invoker.invokeTestMethod(Invoker.java:716)
	at org.testng.internal.Invoker.invokeTestMethods(Invoker.java:988)
	at org.testng.internal.TestMethodWorker.invokeTestMethods(TestMethodWorker.java:125)
	at org.testng.internal.TestMethodWorker.run(TestMethodWorker.java:109)
	at org.testng.TestRunner.privateRun(TestRunner.java:648)
	at org.testng.TestRunner.run(TestRunner.java:505)
	at org.testng.SuiteRunner.runTest(SuiteRunner.java:455)
	at org.testng.SuiteRunner.access$000(SuiteRunner.java:40)
	at org.testng.SuiteRunner$SuiteWorker.run(SuiteRunner.java:489)
	at org.testng.internal.thread.ThreadUtil$1.call(ThreadUtil.java:52)
	at java.base/java.util.concurrent.FutureTask.run(Unknown Source)
	at java.base/java.util.concurrent.ThreadPoolExecutor.runWorker(Unknown Source)
	at java.base/java.util.concurrent.ThreadPoolExecutor$Worker.run(Unknown Source)
	at java.base/java.lang.Thread.run(Unknown Source)
</pre></div></td>
<td>0</td>
<td>com.mytest.Master_Course@6ff29830</td></tr>
<tr>
<td title='com.mytest.Master_Course.Coursename_contain_whitespaces_at_begining()'><b>Coursename_contain_whitespaces_at_begining</b><br>Test class: com.mytest.Master_Course</td>
<td><div><pre>java.lang.AssertionError: Course Name Contain Whitespaces at Begining expected [true] but found [false]
	at com.mytest.Master_Course.Coursename_contain_whitespaces_at_begining(Master_Course.java:59)
	at java.base/java.util.concurrent.FutureTask.run(Unknown Source)
	at java.base/java.util.concurrent.ThreadPoolExecutor.runWorker(Unknown Source)
	at java.base/java.util.concurrent.ThreadPoolExecutor$Worker.run(Unknown Source)
	at java.base/java.lang.Thread.run(Unknown Source)
... Removed 19 stack frames</pre></div><a href='#' onClick='toggleBox("stack-trace1057055930", this, "Click to show all stack frames", "Click to hide stack frames")'>Click to show all stack frames</a>
<div class='stack-trace' id='stack-trace1057055930'><pre>java.lang.AssertionError: Course Name Contain Whitespaces at Begining expected [true] but found [false]
	at org.testng.Assert.fail(Assert.java:96)
	at org.testng.Assert.failNotEquals(Assert.java:776)
	at org.testng.Assert.assertTrue(Assert.java:44)
	at com.mytest.Master_Course.Coursename_contain_whitespaces_at_begining(Master_Course.java:59)
	at java.base/jdk.internal.reflect.NativeMethodAccessorImpl.invoke0(Native Method)
	at java.base/jdk.internal.reflect.NativeMethodAccessorImpl.invoke(Unknown Source)
	at java.base/jdk.internal.reflect.DelegatingMethodAccessorImpl.invoke(Unknown Source)
	at java.base/java.lang.reflect.Method.invoke(Unknown Source)
	at org.testng.internal.MethodInvocationHelper.invokeMethod(MethodInvocationHelper.java:124)
	at org.testng.internal.Invoker.invokeMethod(Invoker.java:580)
	at org.testng.internal.Invoker.invokeTestMethod(Invoker.java:716)
	at org.testng.internal.Invoker.invokeTestMethods(Invoker.java:988)
	at org.testng.internal.TestMethodWorker.invokeTestMethods(TestMethodWorker.java:125)
	at org.testng.internal.TestMethodWorker.run(TestMethodWorker.java:109)
	at org.testng.TestRunner.privateRun(TestRunner.java:648)
	at org.testng.TestRunner.run(TestRunner.java:505)
	at org.testng.SuiteRunner.runTest(SuiteRunner.java:455)
	at org.testng.SuiteRunner.access$000(SuiteRunner.java:40)
	at org.testng.SuiteRunner$SuiteWorker.run(SuiteRunner.java:489)
	at org.testng.internal.thread.ThreadUtil$1.call(ThreadUtil.java:52)
	at java.base/java.util.concurrent.FutureTask.run(Unknown Source)
	at java.base/java.util.concurrent.ThreadPoolExecutor.runWorker(Unknown Source)
	at java.base/java.util.concurrent.ThreadPoolExecutor$Worker.run(Unknown Source)
	at java.base/java.lang.Thread.run(Unknown Source)
</pre></div></td>
<td>0</td>
<td>com.mytest.Master_Course@6ff29830</td></tr>
</table><p>
<table width='100%' border='1' class='invocation-passed'>
<tr><td colspan='4' align='center'><b>PASSED TESTS</b></td></tr>
<tr><td><b>Test method</b></td>
<td width="30%"><b>Exception</b></td>
<td width="10%"><b>Time (seconds)</b></td>
<td><b>Instance</b></td>
</tr>
<tr>
<td title='com.mytest.Master_Course.Cancel_button_functionality()'><b>Cancel_button_functionality</b><br>Test class: com.mytest.Master_Course</td>
<td></td>
<td>1</td>
<td>com.mytest.Master_Course@6ff29830</td></tr>
<tr>
<td title='com.mytest.Master_Course.Coursefees_contain_alphabets()'><b>Coursefees_contain_alphabets</b><br>Test class: com.mytest.Master_Course</td>
<td></td>
<td>0</td>
<td>com.mytest.Master_Course@6ff29830</td></tr>
<tr>
<td title='com.mytest.Master_Course.Coursefees_contain_negative_numbers()'><b>Coursefees_contain_negative_numbers</b><br>Test class: com.mytest.Master_Course</td>
<td></td>
<td>0</td>
<td>com.mytest.Master_Course@6ff29830</td></tr>
<tr>
<td title='com.mytest.Master_Course.Coursefees_contain_numbers()'><b>Coursefees_contain_numbers</b><br>Test class: com.mytest.Master_Course</td>
<td></td>
<td>0</td>
<td>com.mytest.Master_Course@6ff29830</td></tr>
<tr>
<td title='com.mytest.Master_Course.Coursefees_contain_whitespaces()'><b>Coursefees_contain_whitespaces</b><br>Test class: com.mytest.Master_Course</td>
<td></td>
<td>0</td>
<td>com.mytest.Master_Course@6ff29830</td></tr>
<tr>
<td title='com.mytest.Master_Course.Coursefees_contain_whitespaces_at_begining()'><b>Coursefees_contain_whitespaces_at_begining</b><br>Test class: com.mytest.Master_Course</td>
<td></td>
<td>0</td>
<td>com.mytest.Master_Course@6ff29830</td></tr>
<tr>
<td title='com.mytest.Master_Course.Coursefees_field_is_Blank()'><b>Coursefees_field_is_Blank</b><br>Test class: com.mytest.Master_Course</td>
<td></td>
<td>0</td>
<td>com.mytest.Master_Course@6ff29830</td></tr>
<tr>
<td title='com.mytest.Master_Course.Coursename_contain_alphabets()'><b>Coursename_contain_alphabets</b><br>Test class: com.mytest.Master_Course</td>
<td></td>
<td>0</td>
<td>com.mytest.Master_Course@6ff29830</td></tr>
<tr>
<td title='com.mytest.Master_Course.Coursename_contain_numbers()'><b>Coursename_contain_numbers</b><br>Test class: com.mytest.Master_Course</td>
<td></td>
<td>0</td>
<td>com.mytest.Master_Course@6ff29830</td></tr>
<tr>
<td title='com.mytest.Master_Course.Coursename_contain_special_characters()'><b>Coursename_contain_special_characters</b><br>Test class: com.mytest.Master_Course</td>
<td></td>
<td>12</td>
<td>com.mytest.Master_Course@6ff29830</td></tr>
<tr>
<td title='com.mytest.Master_Course.Coursename_contain_whitespaces()'><b>Coursename_contain_whitespaces</b><br>Test class: com.mytest.Master_Course</td>
<td></td>
<td>0</td>
<td>com.mytest.Master_Course@6ff29830</td></tr>
<tr>
<td title='com.mytest.Master_Course.Coursename_field_is_Blank()'><b>Coursename_field_is_Blank</b><br>Test class: com.mytest.Master_Course</td>
<td></td>
<td>0</td>
<td>com.mytest.Master_Course@6ff29830</td></tr>
<tr>
<td title='com.mytest.Master_Course.Delete_button_functionality()'><b>Delete_button_functionality</b><br>Test class: com.mytest.Master_Course</td>
<td></td>
<td>7</td>
<td>com.mytest.Master_Course@6ff29830</td></tr>
<tr>
<td title='com.mytest.Master_Course.Save_button_functionality()'><b>Save_button_functionality</b><br>Test class: com.mytest.Master_Course</td>
<td></td>
<td>7</td>
<td>com.mytest.Master_Course@6ff29830</td></tr>
<tr>
<td title='com.mytest.Master_Course.Update_button_functionality()'><b>Update_button_functionality</b><br>Test class: com.mytest.Master_Course</td>
<td></td>
<td>1</td>
<td>com.mytest.Master_Course@6ff29830</td></tr>
<tr>
<td title='com.mytest.Master_Course.Update_cancel_button_functionality()'><b>Update_cancel_button_functionality</b><br>Test class: com.mytest.Master_Course</td>
<td></td>
<td>4</td>
<td>com.mytest.Master_Course@6ff29830</td></tr>
<tr>
<td title='com.mytest.Master_Course.Update_functionality()'><b>Update_functionality</b><br>Test class: com.mytest.Master_Course</td>
<td></td>
<td>5</td>
<td>com.mytest.Master_Course@6ff29830</td></tr>
</table><p>
</body>
</html>