<?xml version="1.0" encoding="UTF-8"?>
<!-- Generated by org.testng.reporters.JUnitXMLReporter -->
<testsuite ignored="1" hostname="Tester-PC" failures="2" tests="19" name="Master_Course" time="42.298" errors="0" timestamp="17 Aug 2018 04:55:55 GMT">
  <testcase classname="com.mytest.Master_Course" name="Coursename_contain_special_characters" time="12.182"/>
  <testcase classname="com.mytest.Master_Course" name="Coursename_contain_numbers" time="0.242"/>
  <testcase classname="com.mytest.Master_Course" name="Coursename_contain_whitespaces" time="0.231"/>
  <testcase classname="com.mytest.Master_Course" name="Coursename_contain_alphabets" time="0.213"/>
  <testcase classname="com.mytest.Master_Course" name="Coursename_contain_whitespaces_at_begining" time="0.266">
    <failure type="java.lang.AssertionError" message="Course Name Contain Whitespaces at Begining expected [true] but found [false]">
      <![CDATA[java.lang.AssertionError: Course Name Contain Whitespaces at Begining expected [true] but found [false]
at com.mytest.Master_Course.Coursename_contain_whitespaces_at_begining(Master_Course.java:59)
at java.base/java.util.concurrent.FutureTask.run(Unknown Source)
at java.base/java.util.concurrent.ThreadPoolExecutor.runWorker(Unknown Source)
at java.base/java.util.concurrent.ThreadPoolExecutor$Worker.run(Unknown Source)
at java.base/java.lang.Thread.run(Unknown Source)
... Removed 19 stack frames]]>
    </failure>
  </testcase> <!-- Coursename_contain_whitespaces_at_begining -->
  <testcase classname="com.mytest.Master_Course" name="Coursename_field_is_Blank" time="0.476"/>
  <testcase classname="com.mytest.Master_Course" name="Coursefees_field_is_Blank" time="0.092"/>
  <testcase classname="com.mytest.Master_Course" name="Coursefees_contain_special_characters" time="0.329">
    <failure type="java.lang.AssertionError" message="Course fees Contains Spaecial Characters expected [true] but found [false]">
      <![CDATA[java.lang.AssertionError: Course fees Contains Spaecial Characters expected [true] but found [false]
at com.mytest.Master_Course.Coursefees_contain_special_characters(Master_Course.java:88)
at java.base/java.util.concurrent.FutureTask.run(Unknown Source)
at java.base/java.util.concurrent.ThreadPoolExecutor.runWorker(Unknown Source)
at java.base/java.util.concurrent.ThreadPoolExecutor$Worker.run(Unknown Source)
at java.base/java.lang.Thread.run(Unknown Source)
... Removed 19 stack frames]]>
    </failure>
  </testcase> <!-- Coursefees_contain_special_characters -->
  <testcase classname="com.mytest.Master_Course" name="Coursefees_contain_whitespaces" time="0.206"/>
  <testcase classname="com.mytest.Master_Course" name="Coursefees_contain_alphabets" time="0.164"/>
  <testcase classname="com.mytest.Master_Course" name="Coursefees_contain_numbers" time="0.204"/>
  <testcase classname="com.mytest.Master_Course" name="Coursefees_contain_negative_numbers" time="0.217"/>
  <testcase classname="com.mytest.Master_Course" name="Coursefees_contain_whitespaces_at_begining" time="0.237"/>
  <testcase classname="com.mytest.Master_Course" name="Cancel_button_functionality" time="1.618"/>
  <testcase classname="com.mytest.Master_Course" name="Save_button_functionality" time="7.469"/>
  <testcase classname="com.mytest.Master_Course" name="Update_button_functionality" time="1.457"/>
  <testcase classname="com.mytest.Master_Course" name="Update_cancel_button_functionality" time="4.416"/>
  <testcase classname="com.mytest.Master_Course" name="Update_functionality" time="5.016"/>
  <testcase classname="com.mytest.Master_Course" name="Delete_button_functionality" time="7.173"/>
  <testcase classname="com.mytest.Login" name="login" time="0.0">
    <ignored/>
  </testcase> <!-- login -->
</testsuite> <!-- Master_Course -->
