<?xml version="1.0" encoding="UTF-8"?>
<!-- Generated by org.testng.reporters.JUnitXMLReporter -->
<testsuite ignored="1" hostname="Tester-PC" failures="1" tests="14" name="Master_Account_Head" time="30.508" errors="0" timestamp="13 Aug 2018 12:39:39 GMT">
  <testcase classname="com.mytest.Master_Account_Head" name="Account_Head_contain_special_characters" time="11.74"/>
  <testcase classname="com.mytest.Master_Account_Head" name="Account_Head_contain_numbers" time="0.221"/>
  <testcase classname="com.mytest.Master_Account_Head" name="Account_Head_contain_whitespaces" time="0.211"/>
  <testcase classname="com.mytest.Master_Account_Head" name="Account_Head_contain_alphabets" time="0.164"/>
  <testcase classname="com.mytest.Master_Account_Head" name="Account_Head_contain_whitespaces_at_begining" time="0.208">
    <failure type="java.lang.AssertionError" message="Account Head Contain Whitespaces at Begining expected [true] but found [false]">
      <![CDATA[java.lang.AssertionError: Account Head Contain Whitespaces at Begining expected [true] but found [false]
at com.mytest.Master_Account_Head.Account_Head_contain_whitespaces_at_begining(Master_Account_Head.java:58)
at java.base/java.util.concurrent.FutureTask.run(Unknown Source)
at java.base/java.util.concurrent.ThreadPoolExecutor.runWorker(Unknown Source)
at java.base/java.util.concurrent.ThreadPoolExecutor$Worker.run(Unknown Source)
at java.base/java.lang.Thread.run(Unknown Source)
... Removed 19 stack frames]]>
    </failure>
  </testcase> <!-- Account_Head_contain_whitespaces_at_begining -->
  <testcase classname="com.mytest.Master_Account_Head" name="Account_Head_field_is_Blank" time="0.588"/>
  <testcase classname="com.mytest.Master_Account_Head" name="Blank_Account_Type" time="0.089"/>
  <testcase classname="com.mytest.Master_Account_Head" name="Account_Type" time="0.267"/>
  <testcase classname="com.mytest.Master_Account_Head" name="Save_Changes_Button_Functionalty" time="2.273"/>
  <testcase classname="com.mytest.Master_Account_Head" name="Account_Head_Cancel_Button_Functionality" time="2.56"/>
  <testcase classname="com.mytest.Master_Account_Head" name="Update_Account_Head" time="2.961"/>
  <testcase classname="com.mytest.Master_Account_Head" name="Update_Cancel_Button_Functionality" time="2.768"/>
  <testcase classname="com.mytest.Master_Account_Head" name="Delete_Cancel_Button_Functionality" time="2.965"/>
  <testcase classname="com.mytest.Master_Account_Head" name="Delete_Account_Head" time="3.448"/>
  <testcase classname="com.mytest.Login" name="login" time="0.0">
    <ignored/>
  </testcase> <!-- login -->
</testsuite> <!-- Master_Account_Head -->
