<html>
<head>
<title>TestNG:  Master_Employee</title>
<link href="../testng.css" rel="stylesheet" type="text/css" />
<link href="../my-testng.css" rel="stylesheet" type="text/css" />

<style type="text/css">
.log { display: none;} 
.stack-trace { display: none;} 
</style>
<script type="text/javascript">
<!--
function flip(e) {
  current = e.style.display;
  if (current == 'block') {
    e.style.display = 'none';
    return 0;
  }
  else {
    e.style.display = 'block';
    return 1;
  }
}

function toggleBox(szDivId, elem, msg1, msg2)
{
  var res = -1;  if (document.getElementById) {
    res = flip(document.getElementById(szDivId));
  }
  else if (document.all) {
    // this is the way old msie versions work
    res = flip(document.all[szDivId]);
  }
  if(elem) {
    if(res == 0) elem.innerHTML = msg1; else elem.innerHTML = msg2;
  }

}

function toggleAllBoxes() {
  if (document.getElementsByTagName) {
    d = document.getElementsByTagName('div');
    for (i = 0; i < d.length; i++) {
      if (d[i].className == 'log') {
        flip(d[i]);
      }
    }
  }
}

// -->
</script>

</head>
<body>
<h2 align='center'>Master_Employee</h2><table border='1' align="center">
<tr>
<td>Tests passed/Failed/Skipped:</td><td>32/9/0</td>
</tr><tr>
<td>Started on:</td><td>Tue Aug 21 11:26:45 IST 2018</td>
</tr>
<tr><td>Total time:</td><td>99 seconds (99094 ms)</td>
</tr><tr>
<td>Included groups:</td><td></td>
</tr><tr>
<td>Excluded groups:</td><td></td>
</tr>
</table><p/>
<small><i>(Hover the method name to see the test class name)</i></small><p/>
<table width='100%' border='1' class='invocation-failed'>
<tr><td colspan='4' align='center'><b>FAILED TESTS</b></td></tr>
<tr><td><b>Test method</b></td>
<td width="30%"><b>Exception</b></td>
<td width="10%"><b>Time (seconds)</b></td>
<td><b>Instance</b></td>
</tr>
<tr>
<td title='com.mytest.Master_Employee.Blank_Employee_Role()'><b>Blank_Employee_Role</b><br>Test class: com.mytest.Master_Employee</td>
<td><div><pre>java.lang.AssertionError: Employee Role is Blank expected [true] but found [false]
	at com.mytest.Master_Employee.Blank_Employee_Role(Master_Employee.java:332)
	at java.base/java.util.concurrent.FutureTask.run(Unknown Source)
	at java.base/java.util.concurrent.ThreadPoolExecutor.runWorker(Unknown Source)
	at java.base/java.util.concurrent.ThreadPoolExecutor$Worker.run(Unknown Source)
	at java.base/java.lang.Thread.run(Unknown Source)
... Removed 19 stack frames</pre></div><a href='#' onClick='toggleBox("stack-trace667994982", this, "Click to show all stack frames", "Click to hide stack frames")'>Click to show all stack frames</a>
<div class='stack-trace' id='stack-trace667994982'><pre>java.lang.AssertionError: Employee Role is Blank expected [true] but found [false]
	at org.testng.Assert.fail(Assert.java:96)
	at org.testng.Assert.failNotEquals(Assert.java:776)
	at org.testng.Assert.assertTrue(Assert.java:44)
	at com.mytest.Master_Employee.Blank_Employee_Role(Master_Employee.java:332)
	at java.base/jdk.internal.reflect.NativeMethodAccessorImpl.invoke0(Native Method)
	at java.base/jdk.internal.reflect.NativeMethodAccessorImpl.invoke(Unknown Source)
	at java.base/jdk.internal.reflect.DelegatingMethodAccessorImpl.invoke(Unknown Source)
	at java.base/java.lang.reflect.Method.invoke(Unknown Source)
	at org.testng.internal.MethodInvocationHelper.invokeMethod(MethodInvocationHelper.java:124)
	at org.testng.internal.Invoker.invokeMethod(Invoker.java:580)
	at org.testng.internal.Invoker.invokeTestMethod(Invoker.java:716)
	at org.testng.internal.Invoker.invokeTestMethods(Invoker.java:988)
	at org.testng.internal.TestMethodWorker.invokeTestMethods(TestMethodWorker.java:125)
	at org.testng.internal.TestMethodWorker.run(TestMethodWorker.java:109)
	at org.testng.TestRunner.privateRun(TestRunner.java:648)
	at org.testng.TestRunner.run(TestRunner.java:505)
	at org.testng.SuiteRunner.runTest(SuiteRunner.java:455)
	at org.testng.SuiteRunner.access$000(SuiteRunner.java:40)
	at org.testng.SuiteRunner$SuiteWorker.run(SuiteRunner.java:489)
	at org.testng.internal.thread.ThreadUtil$1.call(ThreadUtil.java:52)
	at java.base/java.util.concurrent.FutureTask.run(Unknown Source)
	at java.base/java.util.concurrent.ThreadPoolExecutor.runWorker(Unknown Source)
	at java.base/java.util.concurrent.ThreadPoolExecutor$Worker.run(Unknown Source)
	at java.base/java.lang.Thread.run(Unknown Source)
</pre></div></td>
<td>0</td>
<td>com.mytest.Master_Employee@672872e1</td></tr>
<tr>
<td title='com.mytest.Master_Employee.Blank_Gender_field()'><b>Blank_Gender_field</b><br>Test class: com.mytest.Master_Employee</td>
<td><div><pre>java.lang.AssertionError: Gender field is Blank expected [true] but found [false]
	at com.mytest.Master_Employee.Blank_Gender_field(Master_Employee.java:264)
	at java.base/java.util.concurrent.FutureTask.run(Unknown Source)
	at java.base/java.util.concurrent.ThreadPoolExecutor.runWorker(Unknown Source)
	at java.base/java.util.concurrent.ThreadPoolExecutor$Worker.run(Unknown Source)
	at java.base/java.lang.Thread.run(Unknown Source)
... Removed 19 stack frames</pre></div><a href='#' onClick='toggleBox("stack-trace1820733164", this, "Click to show all stack frames", "Click to hide stack frames")'>Click to show all stack frames</a>
<div class='stack-trace' id='stack-trace1820733164'><pre>java.lang.AssertionError: Gender field is Blank expected [true] but found [false]
	at org.testng.Assert.fail(Assert.java:96)
	at org.testng.Assert.failNotEquals(Assert.java:776)
	at org.testng.Assert.assertTrue(Assert.java:44)
	at com.mytest.Master_Employee.Blank_Gender_field(Master_Employee.java:264)
	at java.base/jdk.internal.reflect.NativeMethodAccessorImpl.invoke0(Native Method)
	at java.base/jdk.internal.reflect.NativeMethodAccessorImpl.invoke(Unknown Source)
	at java.base/jdk.internal.reflect.DelegatingMethodAccessorImpl.invoke(Unknown Source)
	at java.base/java.lang.reflect.Method.invoke(Unknown Source)
	at org.testng.internal.MethodInvocationHelper.invokeMethod(MethodInvocationHelper.java:124)
	at org.testng.internal.Invoker.invokeMethod(Invoker.java:580)
	at org.testng.internal.Invoker.invokeTestMethod(Invoker.java:716)
	at org.testng.internal.Invoker.invokeTestMethods(Invoker.java:988)
	at org.testng.internal.TestMethodWorker.invokeTestMethods(TestMethodWorker.java:125)
	at org.testng.internal.TestMethodWorker.run(TestMethodWorker.java:109)
	at org.testng.TestRunner.privateRun(TestRunner.java:648)
	at org.testng.TestRunner.run(TestRunner.java:505)
	at org.testng.SuiteRunner.runTest(SuiteRunner.java:455)
	at org.testng.SuiteRunner.access$000(SuiteRunner.java:40)
	at org.testng.SuiteRunner$SuiteWorker.run(SuiteRunner.java:489)
	at org.testng.internal.thread.ThreadUtil$1.call(ThreadUtil.java:52)
	at java.base/java.util.concurrent.FutureTask.run(Unknown Source)
	at java.base/java.util.concurrent.ThreadPoolExecutor.runWorker(Unknown Source)
	at java.base/java.util.concurrent.ThreadPoolExecutor$Worker.run(Unknown Source)
	at java.base/java.lang.Thread.run(Unknown Source)
</pre></div></td>
<td>0</td>
<td>com.mytest.Master_Employee@672872e1</td></tr>
<tr>
<td title='com.mytest.Master_Employee.Designation_contain_numbers()'><b>Designation_contain_numbers</b><br>Test class: com.mytest.Master_Employee</td>
<td><div><pre>java.lang.AssertionError: Employee Name Contains Numbers expected [true] but found [false]
	at com.mytest.Master_Employee.Designation_contain_numbers(Master_Employee.java:157)
	at java.base/java.util.concurrent.FutureTask.run(Unknown Source)
	at java.base/java.util.concurrent.ThreadPoolExecutor.runWorker(Unknown Source)
	at java.base/java.util.concurrent.ThreadPoolExecutor$Worker.run(Unknown Source)
	at java.base/java.lang.Thread.run(Unknown Source)
... Removed 19 stack frames</pre></div><a href='#' onClick='toggleBox("stack-trace195903211", this, "Click to show all stack frames", "Click to hide stack frames")'>Click to show all stack frames</a>
<div class='stack-trace' id='stack-trace195903211'><pre>java.lang.AssertionError: Employee Name Contains Numbers expected [true] but found [false]
	at org.testng.Assert.fail(Assert.java:96)
	at org.testng.Assert.failNotEquals(Assert.java:776)
	at org.testng.Assert.assertTrue(Assert.java:44)
	at com.mytest.Master_Employee.Designation_contain_numbers(Master_Employee.java:157)
	at java.base/jdk.internal.reflect.NativeMethodAccessorImpl.invoke0(Native Method)
	at java.base/jdk.internal.reflect.NativeMethodAccessorImpl.invoke(Unknown Source)
	at java.base/jdk.internal.reflect.DelegatingMethodAccessorImpl.invoke(Unknown Source)
	at java.base/java.lang.reflect.Method.invoke(Unknown Source)
	at org.testng.internal.MethodInvocationHelper.invokeMethod(MethodInvocationHelper.java:124)
	at org.testng.internal.Invoker.invokeMethod(Invoker.java:580)
	at org.testng.internal.Invoker.invokeTestMethod(Invoker.java:716)
	at org.testng.internal.Invoker.invokeTestMethods(Invoker.java:988)
	at org.testng.internal.TestMethodWorker.invokeTestMethods(TestMethodWorker.java:125)
	at org.testng.internal.TestMethodWorker.run(TestMethodWorker.java:109)
	at org.testng.TestRunner.privateRun(TestRunner.java:648)
	at org.testng.TestRunner.run(TestRunner.java:505)
	at org.testng.SuiteRunner.runTest(SuiteRunner.java:455)
	at org.testng.SuiteRunner.access$000(SuiteRunner.java:40)
	at org.testng.SuiteRunner$SuiteWorker.run(SuiteRunner.java:489)
	at org.testng.internal.thread.ThreadUtil$1.call(ThreadUtil.java:52)
	at java.base/java.util.concurrent.FutureTask.run(Unknown Source)
	at java.base/java.util.concurrent.ThreadPoolExecutor.runWorker(Unknown Source)
	at java.base/java.util.concurrent.ThreadPoolExecutor$Worker.run(Unknown Source)
	at java.base/java.lang.Thread.run(Unknown Source)
</pre></div></td>
<td>0</td>
<td>com.mytest.Master_Employee@672872e1</td></tr>
<tr>
<td title='com.mytest.Master_Employee.Designation_contain_special_characters()'><b>Designation_contain_special_characters</b><br>Test class: com.mytest.Master_Employee</td>
<td><div><pre>java.lang.AssertionError: Employee Name Contains Special Characters expected [true] but found [false]
	at com.mytest.Master_Employee.Designation_contain_special_characters(Master_Employee.java:148)
	at java.base/java.util.concurrent.FutureTask.run(Unknown Source)
	at java.base/java.util.concurrent.ThreadPoolExecutor.runWorker(Unknown Source)
	at java.base/java.util.concurrent.ThreadPoolExecutor$Worker.run(Unknown Source)
	at java.base/java.lang.Thread.run(Unknown Source)
... Removed 19 stack frames</pre></div><a href='#' onClick='toggleBox("stack-trace1489294457", this, "Click to show all stack frames", "Click to hide stack frames")'>Click to show all stack frames</a>
<div class='stack-trace' id='stack-trace1489294457'><pre>java.lang.AssertionError: Employee Name Contains Special Characters expected [true] but found [false]
	at org.testng.Assert.fail(Assert.java:96)
	at org.testng.Assert.failNotEquals(Assert.java:776)
	at org.testng.Assert.assertTrue(Assert.java:44)
	at com.mytest.Master_Employee.Designation_contain_special_characters(Master_Employee.java:148)
	at java.base/jdk.internal.reflect.NativeMethodAccessorImpl.invoke0(Native Method)
	at java.base/jdk.internal.reflect.NativeMethodAccessorImpl.invoke(Unknown Source)
	at java.base/jdk.internal.reflect.DelegatingMethodAccessorImpl.invoke(Unknown Source)
	at java.base/java.lang.reflect.Method.invoke(Unknown Source)
	at org.testng.internal.MethodInvocationHelper.invokeMethod(MethodInvocationHelper.java:124)
	at org.testng.internal.Invoker.invokeMethod(Invoker.java:580)
	at org.testng.internal.Invoker.invokeTestMethod(Invoker.java:716)
	at org.testng.internal.Invoker.invokeTestMethods(Invoker.java:988)
	at org.testng.internal.TestMethodWorker.invokeTestMethods(TestMethodWorker.java:125)
	at org.testng.internal.TestMethodWorker.run(TestMethodWorker.java:109)
	at org.testng.TestRunner.privateRun(TestRunner.java:648)
	at org.testng.TestRunner.run(TestRunner.java:505)
	at org.testng.SuiteRunner.runTest(SuiteRunner.java:455)
	at org.testng.SuiteRunner.access$000(SuiteRunner.java:40)
	at org.testng.SuiteRunner$SuiteWorker.run(SuiteRunner.java:489)
	at org.testng.internal.thread.ThreadUtil$1.call(ThreadUtil.java:52)
	at java.base/java.util.concurrent.FutureTask.run(Unknown Source)
	at java.base/java.util.concurrent.ThreadPoolExecutor.runWorker(Unknown Source)
	at java.base/java.util.concurrent.ThreadPoolExecutor$Worker.run(Unknown Source)
	at java.base/java.lang.Thread.run(Unknown Source)
</pre></div></td>
<td>0</td>
<td>com.mytest.Master_Employee@672872e1</td></tr>
<tr>
<td title='com.mytest.Master_Employee.Email_contains_whitespaces_at_begining()'><b>Email_contains_whitespaces_at_begining</b><br>Test class: com.mytest.Master_Employee</td>
<td><div><pre>java.lang.AssertionError:  Email contain Whitespaces at Begining expected [true] but found [false]
	at com.mytest.Master_Employee.Email_contains_whitespaces_at_begining(Master_Employee.java:200)
	at java.base/java.util.concurrent.FutureTask.run(Unknown Source)
	at java.base/java.util.concurrent.ThreadPoolExecutor.runWorker(Unknown Source)
	at java.base/java.util.concurrent.ThreadPoolExecutor$Worker.run(Unknown Source)
	at java.base/java.lang.Thread.run(Unknown Source)
... Removed 19 stack frames</pre></div><a href='#' onClick='toggleBox("stack-trace595426735", this, "Click to show all stack frames", "Click to hide stack frames")'>Click to show all stack frames</a>
<div class='stack-trace' id='stack-trace595426735'><pre>java.lang.AssertionError:  Email contain Whitespaces at Begining expected [true] but found [false]
	at org.testng.Assert.fail(Assert.java:96)
	at org.testng.Assert.failNotEquals(Assert.java:776)
	at org.testng.Assert.assertTrue(Assert.java:44)
	at com.mytest.Master_Employee.Email_contains_whitespaces_at_begining(Master_Employee.java:200)
	at java.base/jdk.internal.reflect.NativeMethodAccessorImpl.invoke0(Native Method)
	at java.base/jdk.internal.reflect.NativeMethodAccessorImpl.invoke(Unknown Source)
	at java.base/jdk.internal.reflect.DelegatingMethodAccessorImpl.invoke(Unknown Source)
	at java.base/java.lang.reflect.Method.invoke(Unknown Source)
	at org.testng.internal.MethodInvocationHelper.invokeMethod(MethodInvocationHelper.java:124)
	at org.testng.internal.Invoker.invokeMethod(Invoker.java:580)
	at org.testng.internal.Invoker.invokeTestMethod(Invoker.java:716)
	at org.testng.internal.Invoker.invokeTestMethods(Invoker.java:988)
	at org.testng.internal.TestMethodWorker.invokeTestMethods(TestMethodWorker.java:125)
	at org.testng.internal.TestMethodWorker.run(TestMethodWorker.java:109)
	at org.testng.TestRunner.privateRun(TestRunner.java:648)
	at org.testng.TestRunner.run(TestRunner.java:505)
	at org.testng.SuiteRunner.runTest(SuiteRunner.java:455)
	at org.testng.SuiteRunner.access$000(SuiteRunner.java:40)
	at org.testng.SuiteRunner$SuiteWorker.run(SuiteRunner.java:489)
	at org.testng.internal.thread.ThreadUtil$1.call(ThreadUtil.java:52)
	at java.base/java.util.concurrent.FutureTask.run(Unknown Source)
	at java.base/java.util.concurrent.ThreadPoolExecutor.runWorker(Unknown Source)
	at java.base/java.util.concurrent.ThreadPoolExecutor$Worker.run(Unknown Source)
	at java.base/java.lang.Thread.run(Unknown Source)
</pre></div></td>
<td>1</td>
<td>com.mytest.Master_Employee@672872e1</td></tr>
<tr>
<td title='com.mytest.Master_Employee.Employeename_contain_special_characters()'><b>Employeename_contain_special_characters</b><br>Test class: com.mytest.Master_Employee</td>
<td><div><pre>java.lang.AssertionError: Employee Name Contains Special Characters expected [true] but found [false]
	at com.mytest.Master_Employee.Employeename_contain_special_characters(Master_Employee.java:41)
	at java.base/java.util.concurrent.FutureTask.run(Unknown Source)
	at java.base/java.util.concurrent.ThreadPoolExecutor.runWorker(Unknown Source)
	at java.base/java.util.concurrent.ThreadPoolExecutor$Worker.run(Unknown Source)
	at java.base/java.lang.Thread.run(Unknown Source)
... Removed 19 stack frames</pre></div><a href='#' onClick='toggleBox("stack-trace216131361", this, "Click to show all stack frames", "Click to hide stack frames")'>Click to show all stack frames</a>
<div class='stack-trace' id='stack-trace216131361'><pre>java.lang.AssertionError: Employee Name Contains Special Characters expected [true] but found [false]
	at org.testng.Assert.fail(Assert.java:96)
	at org.testng.Assert.failNotEquals(Assert.java:776)
	at org.testng.Assert.assertTrue(Assert.java:44)
	at com.mytest.Master_Employee.Employeename_contain_special_characters(Master_Employee.java:41)
	at java.base/jdk.internal.reflect.NativeMethodAccessorImpl.invoke0(Native Method)
	at java.base/jdk.internal.reflect.NativeMethodAccessorImpl.invoke(Unknown Source)
	at java.base/jdk.internal.reflect.DelegatingMethodAccessorImpl.invoke(Unknown Source)
	at java.base/java.lang.reflect.Method.invoke(Unknown Source)
	at org.testng.internal.MethodInvocationHelper.invokeMethod(MethodInvocationHelper.java:124)
	at org.testng.internal.Invoker.invokeMethod(Invoker.java:580)
	at org.testng.internal.Invoker.invokeTestMethod(Invoker.java:716)
	at org.testng.internal.Invoker.invokeTestMethods(Invoker.java:988)
	at org.testng.internal.TestMethodWorker.invokeTestMethods(TestMethodWorker.java:125)
	at org.testng.internal.TestMethodWorker.run(TestMethodWorker.java:109)
	at org.testng.TestRunner.privateRun(TestRunner.java:648)
	at org.testng.TestRunner.run(TestRunner.java:505)
	at org.testng.SuiteRunner.runTest(SuiteRunner.java:455)
	at org.testng.SuiteRunner.access$000(SuiteRunner.java:40)
	at org.testng.SuiteRunner$SuiteWorker.run(SuiteRunner.java:489)
	at org.testng.internal.thread.ThreadUtil$1.call(ThreadUtil.java:52)
	at java.base/java.util.concurrent.FutureTask.run(Unknown Source)
	at java.base/java.util.concurrent.ThreadPoolExecutor.runWorker(Unknown Source)
	at java.base/java.util.concurrent.ThreadPoolExecutor$Worker.run(Unknown Source)
	at java.base/java.lang.Thread.run(Unknown Source)
</pre></div></td>
<td>0</td>
<td>com.mytest.Master_Employee@672872e1</td></tr>
<tr>
<td title='com.mytest.Master_Employee.Mobile_No_contain_lessthan_10_numbers()'><b>Mobile_No_contain_lessthan_10_numbers</b><br>Test class: com.mytest.Master_Employee</td>
<td><div><pre>java.lang.AssertionError:  Mobile No Contains Less than 10 numbers expected [true] but found [false]
	at com.mytest.Master_Employee.Mobile_No_contain_lessthan_10_numbers(Master_Employee.java:130)
	at java.base/java.util.concurrent.FutureTask.run(Unknown Source)
	at java.base/java.util.concurrent.ThreadPoolExecutor.runWorker(Unknown Source)
	at java.base/java.util.concurrent.ThreadPoolExecutor$Worker.run(Unknown Source)
	at java.base/java.lang.Thread.run(Unknown Source)
... Removed 19 stack frames</pre></div><a href='#' onClick='toggleBox("stack-trace379911971", this, "Click to show all stack frames", "Click to hide stack frames")'>Click to show all stack frames</a>
<div class='stack-trace' id='stack-trace379911971'><pre>java.lang.AssertionError:  Mobile No Contains Less than 10 numbers expected [true] but found [false]
	at org.testng.Assert.fail(Assert.java:96)
	at org.testng.Assert.failNotEquals(Assert.java:776)
	at org.testng.Assert.assertTrue(Assert.java:44)
	at com.mytest.Master_Employee.Mobile_No_contain_lessthan_10_numbers(Master_Employee.java:130)
	at java.base/jdk.internal.reflect.NativeMethodAccessorImpl.invoke0(Native Method)
	at java.base/jdk.internal.reflect.NativeMethodAccessorImpl.invoke(Unknown Source)
	at java.base/jdk.internal.reflect.DelegatingMethodAccessorImpl.invoke(Unknown Source)
	at java.base/java.lang.reflect.Method.invoke(Unknown Source)
	at org.testng.internal.MethodInvocationHelper.invokeMethod(MethodInvocationHelper.java:124)
	at org.testng.internal.Invoker.invokeMethod(Invoker.java:580)
	at org.testng.internal.Invoker.invokeTestMethod(Invoker.java:716)
	at org.testng.internal.Invoker.invokeTestMethods(Invoker.java:988)
	at org.testng.internal.TestMethodWorker.invokeTestMethods(TestMethodWorker.java:125)
	at org.testng.internal.TestMethodWorker.run(TestMethodWorker.java:109)
	at org.testng.TestRunner.privateRun(TestRunner.java:648)
	at org.testng.TestRunner.run(TestRunner.java:505)
	at org.testng.SuiteRunner.runTest(SuiteRunner.java:455)
	at org.testng.SuiteRunner.access$000(SuiteRunner.java:40)
	at org.testng.SuiteRunner$SuiteWorker.run(SuiteRunner.java:489)
	at org.testng.internal.thread.ThreadUtil$1.call(ThreadUtil.java:52)
	at java.base/java.util.concurrent.FutureTask.run(Unknown Source)
	at java.base/java.util.concurrent.ThreadPoolExecutor.runWorker(Unknown Source)
	at java.base/java.util.concurrent.ThreadPoolExecutor$Worker.run(Unknown Source)
	at java.base/java.lang.Thread.run(Unknown Source)
</pre></div></td>
<td>0</td>
<td>com.mytest.Master_Employee@672872e1</td></tr>
<tr>
<td title='com.mytest.Master_Employee.Mobile_No_contain_special_characters()'><b>Mobile_No_contain_special_characters</b><br>Test class: com.mytest.Master_Employee</td>
<td><div><pre>java.lang.AssertionError:  Mobile No Contains Spaecial Characters expected [true] but found [false]
	at com.mytest.Master_Employee.Mobile_No_contain_special_characters(Master_Employee.java:68)
	at java.base/java.util.concurrent.FutureTask.run(Unknown Source)
	at java.base/java.util.concurrent.ThreadPoolExecutor.runWorker(Unknown Source)
	at java.base/java.util.concurrent.ThreadPoolExecutor$Worker.run(Unknown Source)
	at java.base/java.lang.Thread.run(Unknown Source)
... Removed 19 stack frames</pre></div><a href='#' onClick='toggleBox("stack-trace820574484", this, "Click to show all stack frames", "Click to hide stack frames")'>Click to show all stack frames</a>
<div class='stack-trace' id='stack-trace820574484'><pre>java.lang.AssertionError:  Mobile No Contains Spaecial Characters expected [true] but found [false]
	at org.testng.Assert.fail(Assert.java:96)
	at org.testng.Assert.failNotEquals(Assert.java:776)
	at org.testng.Assert.assertTrue(Assert.java:44)
	at com.mytest.Master_Employee.Mobile_No_contain_special_characters(Master_Employee.java:68)
	at java.base/jdk.internal.reflect.NativeMethodAccessorImpl.invoke0(Native Method)
	at java.base/jdk.internal.reflect.NativeMethodAccessorImpl.invoke(Unknown Source)
	at java.base/jdk.internal.reflect.DelegatingMethodAccessorImpl.invoke(Unknown Source)
	at java.base/java.lang.reflect.Method.invoke(Unknown Source)
	at org.testng.internal.MethodInvocationHelper.invokeMethod(MethodInvocationHelper.java:124)
	at org.testng.internal.Invoker.invokeMethod(Invoker.java:580)
	at org.testng.internal.Invoker.invokeTestMethod(Invoker.java:716)
	at org.testng.internal.Invoker.invokeTestMethods(Invoker.java:988)
	at org.testng.internal.TestMethodWorker.invokeTestMethods(TestMethodWorker.java:125)
	at org.testng.internal.TestMethodWorker.run(TestMethodWorker.java:109)
	at org.testng.TestRunner.privateRun(TestRunner.java:648)
	at org.testng.TestRunner.run(TestRunner.java:505)
	at org.testng.SuiteRunner.runTest(SuiteRunner.java:455)
	at org.testng.SuiteRunner.access$000(SuiteRunner.java:40)
	at org.testng.SuiteRunner$SuiteWorker.run(SuiteRunner.java:489)
	at org.testng.internal.thread.ThreadUtil$1.call(ThreadUtil.java:52)
	at java.base/java.util.concurrent.FutureTask.run(Unknown Source)
	at java.base/java.util.concurrent.ThreadPoolExecutor.runWorker(Unknown Source)
	at java.base/java.util.concurrent.ThreadPoolExecutor$Worker.run(Unknown Source)
	at java.base/java.lang.Thread.run(Unknown Source)
</pre></div></td>
<td>0</td>
<td>com.mytest.Master_Employee@672872e1</td></tr>
<tr>
<td title='com.mytest.Master_Employee.Update_Button_Functionality()'><b>Update_Button_Functionality</b><br>Test class: com.mytest.Master_Employee</td>
<td><div><pre>org.openqa.selenium.NoSuchElementException: no such element: Unable to locate element: {&quot;method&quot;:&quot;xpath&quot;,&quot;selector&quot;:&quot;//*[@id=&quot;btn-save&quot;]&quot;}
  (Session info: chrome=68.0.3440.106)
  (Driver info: chromedriver=2.40.565498 (ea082db3280dd6843ebfb08a625e3eb905c4f5ab),platform=Windows NT 6.1.7601 SP1 x86_64) (WARNING: The server did not provide any stacktrace information)
Command duration or timeout: 0 milliseconds
For documentation on this error, please visit: http://seleniumhq.org/exceptions/no_such_element.html
Build info: version: &apos;3.13.0&apos;, revision: &apos;2f0d292&apos;, time: &apos;2018-06-25T15:32:14.902Z&apos;
System info: host: &apos;TESTER-PC&apos;, ip: &apos;192.168.0.100&apos;, os.name: &apos;Windows 7&apos;, os.arch: &apos;amd64&apos;, os.version: &apos;6.1&apos;, java.version: &apos;10.0.1&apos;
Driver info: org.openqa.selenium.chrome.ChromeDriver
Capabilities {acceptInsecureCerts: false, acceptSslCerts: false, applicationCacheEnabled: false, browserConnectionEnabled: false, browserName: chrome, chrome: {chromedriverVersion: 2.40.565498 (ea082db3280dd6..., userDataDir: C:\Users\Tester\AppData\Loc...}, cssSelectorsEnabled: true, databaseEnabled: false, handlesAlerts: true, hasTouchScreen: false, javascriptEnabled: true, locationContextEnabled: true, mobileEmulationEnabled: false, nativeEvents: true, networkConnectionEnabled: false, pageLoadStrategy: normal, platform: XP, platformName: XP, rotatable: false, setWindowRect: true, takesHeapSnapshot: true, takesScreenshot: true, unexpectedAlertBehaviour: , unhandledPromptBehavior: , version: 68.0.3440.106, webStorageEnabled: true}
Session ID: f128d33a98524b62303bd33105cc7d38
*** Element info: {Using=xpath, value=//*[@id=&quot;btn-save&quot;]}
	at org.openqa.selenium.remote.ErrorHandler.createThrowable(ErrorHandler.java:214)
	at org.openqa.selenium.remote.ErrorHandler.throwIfResponseFailed(ErrorHandler.java:166)
	at org.openqa.selenium.remote.http.JsonHttpResponseCodec.reconstructValue(JsonHttpResponseCodec.java:40)
	at org.openqa.selenium.remote.http.AbstractHttpResponseCodec.decode(AbstractHttpResponseCodec.java:80)
	at org.openqa.selenium.remote.http.AbstractHttpResponseCodec.decode(AbstractHttpResponseCodec.java:44)
	at org.openqa.selenium.remote.HttpCommandExecutor.execute(HttpCommandExecutor.java:158)
	at org.openqa.selenium.remote.service.DriverCommandExecutor.execute(DriverCommandExecutor.java:83)
	at org.openqa.selenium.remote.RemoteWebDriver.execute(RemoteWebDriver.java:548)
	at org.openqa.selenium.remote.RemoteWebDriver.findElement(RemoteWebDriver.java:322)
	at org.openqa.selenium.remote.RemoteWebDriver.findElementByXPath(RemoteWebDriver.java:424)
	at org.openqa.selenium.By$ByXPath.findElement(By.java:353)
	at org.openqa.selenium.remote.RemoteWebDriver.findElement(RemoteWebDriver.java:314)
	at com.mytest.Master_Employee.Update_Button_Functionality(Master_Employee.java:455)
	at java.base/java.util.concurrent.FutureTask.run(Unknown Source)
	at java.base/java.util.concurrent.ThreadPoolExecutor.runWorker(Unknown Source)
	at java.base/java.util.concurrent.ThreadPoolExecutor$Worker.run(Unknown Source)
	at java.base/java.lang.Thread.run(Unknown Source)
... Removed 20 stack frames</pre></div><a href='#' onClick='toggleBox("stack-trace606325862", this, "Click to show all stack frames", "Click to hide stack frames")'>Click to show all stack frames</a>
<div class='stack-trace' id='stack-trace606325862'><pre>org.openqa.selenium.NoSuchElementException: no such element: Unable to locate element: {&quot;method&quot;:&quot;xpath&quot;,&quot;selector&quot;:&quot;//*[@id=&quot;btn-save&quot;]&quot;}
  (Session info: chrome=68.0.3440.106)
  (Driver info: chromedriver=2.40.565498 (ea082db3280dd6843ebfb08a625e3eb905c4f5ab),platform=Windows NT 6.1.7601 SP1 x86_64) (WARNING: The server did not provide any stacktrace information)
Command duration or timeout: 0 milliseconds
For documentation on this error, please visit: http://seleniumhq.org/exceptions/no_such_element.html
Build info: version: &apos;3.13.0&apos;, revision: &apos;2f0d292&apos;, time: &apos;2018-06-25T15:32:14.902Z&apos;
System info: host: &apos;TESTER-PC&apos;, ip: &apos;192.168.0.100&apos;, os.name: &apos;Windows 7&apos;, os.arch: &apos;amd64&apos;, os.version: &apos;6.1&apos;, java.version: &apos;10.0.1&apos;
Driver info: org.openqa.selenium.chrome.ChromeDriver
Capabilities {acceptInsecureCerts: false, acceptSslCerts: false, applicationCacheEnabled: false, browserConnectionEnabled: false, browserName: chrome, chrome: {chromedriverVersion: 2.40.565498 (ea082db3280dd6..., userDataDir: C:\Users\Tester\AppData\Loc...}, cssSelectorsEnabled: true, databaseEnabled: false, handlesAlerts: true, hasTouchScreen: false, javascriptEnabled: true, locationContextEnabled: true, mobileEmulationEnabled: false, nativeEvents: true, networkConnectionEnabled: false, pageLoadStrategy: normal, platform: XP, platformName: XP, rotatable: false, setWindowRect: true, takesHeapSnapshot: true, takesScreenshot: true, unexpectedAlertBehaviour: , unhandledPromptBehavior: , version: 68.0.3440.106, webStorageEnabled: true}
Session ID: f128d33a98524b62303bd33105cc7d38
*** Element info: {Using=xpath, value=//*[@id=&quot;btn-save&quot;]}
	at java.base/jdk.internal.reflect.NativeConstructorAccessorImpl.newInstance0(Native Method)
	at java.base/jdk.internal.reflect.NativeConstructorAccessorImpl.newInstance(Unknown Source)
	at java.base/jdk.internal.reflect.DelegatingConstructorAccessorImpl.newInstance(Unknown Source)
	at java.base/java.lang.reflect.Constructor.newInstance(Unknown Source)
	at org.openqa.selenium.remote.ErrorHandler.createThrowable(ErrorHandler.java:214)
	at org.openqa.selenium.remote.ErrorHandler.throwIfResponseFailed(ErrorHandler.java:166)
	at org.openqa.selenium.remote.http.JsonHttpResponseCodec.reconstructValue(JsonHttpResponseCodec.java:40)
	at org.openqa.selenium.remote.http.AbstractHttpResponseCodec.decode(AbstractHttpResponseCodec.java:80)
	at org.openqa.selenium.remote.http.AbstractHttpResponseCodec.decode(AbstractHttpResponseCodec.java:44)
	at org.openqa.selenium.remote.HttpCommandExecutor.execute(HttpCommandExecutor.java:158)
	at org.openqa.selenium.remote.service.DriverCommandExecutor.execute(DriverCommandExecutor.java:83)
	at org.openqa.selenium.remote.RemoteWebDriver.execute(RemoteWebDriver.java:548)
	at org.openqa.selenium.remote.RemoteWebDriver.findElement(RemoteWebDriver.java:322)
	at org.openqa.selenium.remote.RemoteWebDriver.findElementByXPath(RemoteWebDriver.java:424)
	at org.openqa.selenium.By$ByXPath.findElement(By.java:353)
	at org.openqa.selenium.remote.RemoteWebDriver.findElement(RemoteWebDriver.java:314)
	at com.mytest.Master_Employee.Update_Button_Functionality(Master_Employee.java:455)
	at java.base/jdk.internal.reflect.NativeMethodAccessorImpl.invoke0(Native Method)
	at java.base/jdk.internal.reflect.NativeMethodAccessorImpl.invoke(Unknown Source)
	at java.base/jdk.internal.reflect.DelegatingMethodAccessorImpl.invoke(Unknown Source)
	at java.base/java.lang.reflect.Method.invoke(Unknown Source)
	at org.testng.internal.MethodInvocationHelper.invokeMethod(MethodInvocationHelper.java:124)
	at org.testng.internal.Invoker.invokeMethod(Invoker.java:580)
	at org.testng.internal.Invoker.invokeTestMethod(Invoker.java:716)
	at org.testng.internal.Invoker.invokeTestMethods(Invoker.java:988)
	at org.testng.internal.TestMethodWorker.invokeTestMethods(TestMethodWorker.java:125)
	at org.testng.internal.TestMethodWorker.run(TestMethodWorker.java:109)
	at org.testng.TestRunner.privateRun(TestRunner.java:648)
	at org.testng.TestRunner.run(TestRunner.java:505)
	at org.testng.SuiteRunner.runTest(SuiteRunner.java:455)
	at org.testng.SuiteRunner.access$000(SuiteRunner.java:40)
	at org.testng.SuiteRunner$SuiteWorker.run(SuiteRunner.java:489)
	at org.testng.internal.thread.ThreadUtil$1.call(ThreadUtil.java:52)
	at java.base/java.util.concurrent.FutureTask.run(Unknown Source)
	at java.base/java.util.concurrent.ThreadPoolExecutor.runWorker(Unknown Source)
	at java.base/java.util.concurrent.ThreadPoolExecutor$Worker.run(Unknown Source)
	at java.base/java.lang.Thread.run(Unknown Source)
</pre></div></td>
<td>22</td>
<td>com.mytest.Master_Employee@672872e1</td></tr>
</table><p>
<table width='100%' border='1' class='invocation-passed'>
<tr><td colspan='4' align='center'><b>PASSED TESTS</b></td></tr>
<tr><td><b>Test method</b></td>
<td width="30%"><b>Exception</b></td>
<td width="10%"><b>Time (seconds)</b></td>
<td><b>Instance</b></td>
</tr>
<tr>
<td title='com.mytest.Master_Employee.Blank_Confirm_Password()'><b>Blank_Confirm_Password</b><br>Test class: com.mytest.Master_Employee</td>
<td></td>
<td>0</td>
<td>com.mytest.Master_Employee@672872e1</td></tr>
<tr>
<td title='com.mytest.Master_Employee.Blank_Password()'><b>Blank_Password</b><br>Test class: com.mytest.Master_Employee</td>
<td></td>
<td>0</td>
<td>com.mytest.Master_Employee@672872e1</td></tr>
<tr>
<td title='com.mytest.Master_Employee.Blank_UserName()'><b>Blank_UserName</b><br>Test class: com.mytest.Master_Employee</td>
<td></td>
<td>0</td>
<td>com.mytest.Master_Employee@672872e1</td></tr>
<tr>
<td title='com.mytest.Master_Employee.Confirm_Password()'><b>Confirm_Password</b><br>Test class: com.mytest.Master_Employee</td>
<td></td>
<td>0</td>
<td>com.mytest.Master_Employee@672872e1</td></tr>
<tr>
<td title='com.mytest.Master_Employee.Designation_contain_alphabets()'><b>Designation_contain_alphabets</b><br>Test class: com.mytest.Master_Employee</td>
<td></td>
<td>0</td>
<td>com.mytest.Master_Employee@672872e1</td></tr>
<tr>
<td title='com.mytest.Master_Employee.Different_Confirm_Password()'><b>Different_Confirm_Password</b><br>Test class: com.mytest.Master_Employee</td>
<td></td>
<td>0</td>
<td>com.mytest.Master_Employee@672872e1</td></tr>
<tr>
<td title='com.mytest.Master_Employee.Email_contains_whitespaces()'><b>Email_contains_whitespaces</b><br>Test class: com.mytest.Master_Employee</td>
<td></td>
<td>3</td>
<td>com.mytest.Master_Employee@672872e1</td></tr>
<tr>
<td title='com.mytest.Master_Employee.Email_valid()'><b>Email_valid</b><br>Test class: com.mytest.Master_Employee</td>
<td></td>
<td>0</td>
<td>com.mytest.Master_Employee@672872e1</td></tr>
<tr>
<td title='com.mytest.Master_Employee.EmployeeRole_Next_Button_Functionality()'><b>EmployeeRole_Next_Button_Functionality</b><br>Test class: com.mytest.Master_Employee</td>
<td></td>
<td>1</td>
<td>com.mytest.Master_Employee@672872e1</td></tr>
<tr>
<td title='com.mytest.Master_Employee.Employee_Role()'><b>Employee_Role</b><br>Test class: com.mytest.Master_Employee</td>
<td></td>
<td>1</td>
<td>com.mytest.Master_Employee@672872e1</td></tr>
<tr>
<td title='com.mytest.Master_Employee.Employeename_contain_alphabets()'><b>Employeename_contain_alphabets</b><br>Test class: com.mytest.Master_Employee</td>
<td></td>
<td>0</td>
<td>com.mytest.Master_Employee@672872e1</td></tr>
<tr>
<td title='com.mytest.Master_Employee.Employeename_contain_numbers()'><b>Employeename_contain_numbers</b><br>Test class: com.mytest.Master_Employee</td>
<td></td>
<td>0</td>
<td>com.mytest.Master_Employee@672872e1</td></tr>
<tr>
<td title='com.mytest.Master_Employee.Employeename_field_is_Blank()'><b>Employeename_field_is_Blank</b><br>Test class: com.mytest.Master_Employee</td>
<td></td>
<td>51</td>
<td>com.mytest.Master_Employee@672872e1</td></tr>
<tr>
<td title='com.mytest.Master_Employee.Existing_UserName()'><b>Existing_UserName</b><br>Test class: com.mytest.Master_Employee</td>
<td></td>
<td>1</td>
<td>com.mytest.Master_Employee@672872e1</td></tr>
<tr>
<td title='com.mytest.Master_Employee.Finish_Button_Functionality()'><b>Finish_Button_Functionality</b><br>Test class: com.mytest.Master_Employee</td>
<td></td>
<td>8</td>
<td>com.mytest.Master_Employee@672872e1</td></tr>
<tr>
<td title='com.mytest.Master_Employee.Gender_functionality()'><b>Gender_functionality</b><br>Test class: com.mytest.Master_Employee</td>
<td></td>
<td>0</td>
<td>com.mytest.Master_Employee@672872e1</td></tr>
<tr>
<td title='com.mytest.Master_Employee.Incentive_contain_alphabets()'><b>Incentive_contain_alphabets</b><br>Test class: com.mytest.Master_Employee</td>
<td></td>
<td>0</td>
<td>com.mytest.Master_Employee@672872e1</td></tr>
<tr>
<td title='com.mytest.Master_Employee.Incentive_contain_negative_numbers()'><b>Incentive_contain_negative_numbers</b><br>Test class: com.mytest.Master_Employee</td>
<td></td>
<td>0</td>
<td>com.mytest.Master_Employee@672872e1</td></tr>
<tr>
<td title='com.mytest.Master_Employee.Incentive_contain_numbers()'><b>Incentive_contain_numbers</b><br>Test class: com.mytest.Master_Employee</td>
<td></td>
<td>0</td>
<td>com.mytest.Master_Employee@672872e1</td></tr>
<tr>
<td title='com.mytest.Master_Employee.Incentive_contain_special_characters()'><b>Incentive_contain_special_characters</b><br>Test class: com.mytest.Master_Employee</td>
<td></td>
<td>0</td>
<td>com.mytest.Master_Employee@672872e1</td></tr>
<tr>
<td title='com.mytest.Master_Employee.Incentive_contain_whitespaces()'><b>Incentive_contain_whitespaces</b><br>Test class: com.mytest.Master_Employee</td>
<td></td>
<td>0</td>
<td>com.mytest.Master_Employee@672872e1</td></tr>
<tr>
<td title='com.mytest.Master_Employee.Incentive_contain_whitespaces_at_begining()'><b>Incentive_contain_whitespaces_at_begining</b><br>Test class: com.mytest.Master_Employee</td>
<td></td>
<td>0</td>
<td>com.mytest.Master_Employee@672872e1</td></tr>
<tr>
<td title='com.mytest.Master_Employee.Mobile_No_contain_alphabets()'><b>Mobile_No_contain_alphabets</b><br>Test class: com.mytest.Master_Employee</td>
<td></td>
<td>0</td>
<td>com.mytest.Master_Employee@672872e1</td></tr>
<tr>
<td title='com.mytest.Master_Employee.Mobile_No_contain_greaterthan_10_numbers()'><b>Mobile_No_contain_greaterthan_10_numbers</b><br>Test class: com.mytest.Master_Employee</td>
<td></td>
<td>0</td>
<td>com.mytest.Master_Employee@672872e1</td></tr>
<tr>
<td title='com.mytest.Master_Employee.Mobile_No_contain_numbers()'><b>Mobile_No_contain_numbers</b><br>Test class: com.mytest.Master_Employee</td>
<td></td>
<td>0</td>
<td>com.mytest.Master_Employee@672872e1</td></tr>
<tr>
<td title='com.mytest.Master_Employee.Mobile_No_contain_whitespaces()'><b>Mobile_No_contain_whitespaces</b><br>Test class: com.mytest.Master_Employee</td>
<td></td>
<td>0</td>
<td>com.mytest.Master_Employee@672872e1</td></tr>
<tr>
<td title='com.mytest.Master_Employee.Mobile_No_contain_whitespaces_at_begining()'><b>Mobile_No_contain_whitespaces_at_begining</b><br>Test class: com.mytest.Master_Employee</td>
<td></td>
<td>0</td>
<td>com.mytest.Master_Employee@672872e1</td></tr>
<tr>
<td title='com.mytest.Master_Employee.Mobile_No_field_is_Blank()'><b>Mobile_No_field_is_Blank</b><br>Test class: com.mytest.Master_Employee</td>
<td></td>
<td>0</td>
<td>com.mytest.Master_Employee@672872e1</td></tr>
<tr>
<td title='com.mytest.Master_Employee.Password()'><b>Password</b><br>Test class: com.mytest.Master_Employee</td>
<td></td>
<td>0</td>
<td>com.mytest.Master_Employee@672872e1</td></tr>
<tr>
<td title='com.mytest.Master_Employee.PersonalInfo_Next_Button_Functionality()'><b>PersonalInfo_Next_Button_Functionality</b><br>Test class: com.mytest.Master_Employee</td>
<td></td>
<td>1</td>
<td>com.mytest.Master_Employee@672872e1</td></tr>
<tr>
<td title='com.mytest.Master_Employee.UserName()'><b>UserName</b><br>Test class: com.mytest.Master_Employee</td>
<td></td>
<td>0</td>
<td>com.mytest.Master_Employee@672872e1</td></tr>
<tr>
<td title='com.mytest.Master_Employee.Valid_Address()'><b>Valid_Address</b><br>Test class: com.mytest.Master_Employee</td>
<td></td>
<td>0</td>
<td>com.mytest.Master_Employee@672872e1</td></tr>
</table><p>
</body>
</html>