<?xml version="1.0" encoding="UTF-8"?>
<!-- Generated by org.testng.reporters.JUnitXMLReporter -->
<testsuite ignored="2" hostname="Tester-PC" failures="8" tests="32" name="Payment" time="65.034" errors="0" timestamp="10 Aug 2018 11:15:12 GMT">
  <testcase classname="com.mytest.Payment" name="Add_Receipt" time="14.142"/>
  <testcase classname="com.mytest.Payment" name="Name_contain_Special_Characters" time="3.98">
    <failure type="java.lang.AssertionError" message=" Name Contains Special Characters expected [true] but found [false]">
      <![CDATA[java.lang.AssertionError:  Name Contains Special Characters expected [true] but found [false]
at com.mytest.Payment.Name_contain_Special_Characters(Payment.java:49)
at java.base/java.util.concurrent.FutureTask.run(Unknown Source)
at java.base/java.util.concurrent.ThreadPoolExecutor.runWorker(Unknown Source)
at java.base/java.util.concurrent.ThreadPoolExecutor$Worker.run(Unknown Source)
at java.base/java.lang.Thread.run(Unknown Source)
... Removed 19 stack frames]]>
    </failure>
  </testcase> <!-- Name_contain_Special_Characters -->
  <testcase classname="com.mytest.Payment" name="Name_contain_numbers" time="0.201"/>
  <testcase classname="com.mytest.Payment" name="Name_contain_whitespaces" time="0.336"/>
  <testcase classname="com.mytest.Payment" name="Name_contain_alphabets" time="0.27"/>
  <testcase classname="com.mytest.Payment" name="Name_field_is_Blank" time="2.445"/>
  <testcase classname="com.mytest.Payment" name="Mobile_No_contain_special_characters" time="0.54">
    <failure type="java.lang.AssertionError" message=" Mobile No Contains Spaecial Characters expected [true] but found [false]">
      <![CDATA[java.lang.AssertionError:  Mobile No Contains Spaecial Characters expected [true] but found [false]
at com.mytest.Payment.Mobile_No_contain_special_characters(Payment.java:98)
at java.base/java.util.concurrent.FutureTask.run(Unknown Source)
at java.base/java.util.concurrent.ThreadPoolExecutor.runWorker(Unknown Source)
at java.base/java.util.concurrent.ThreadPoolExecutor$Worker.run(Unknown Source)
at java.base/java.lang.Thread.run(Unknown Source)
... Removed 19 stack frames]]>
    </failure>
  </testcase> <!-- Mobile_No_contain_special_characters -->
  <testcase classname="com.mytest.Payment" name="Mobile_No_contain_numbers" time="0.269"/>
  <testcase classname="com.mytest.Payment" name="Mobile_No_contain_whitespaces" time="0.257"/>
  <testcase classname="com.mytest.Payment" name="Mobile_No_contain_alphabets" time="0.252"/>
  <testcase classname="com.mytest.Payment" name="Mobile_No_contain_whitespaces_at_begining" time="0.302"/>
  <testcase classname="com.mytest.Payment" name="Mobile_No_field_is_Blank" time="0.068"/>
  <testcase classname="com.mytest.Payment" name="Mobile_No_contain_lessthan_10_numbers" time="0.179">
    <failure type="java.lang.AssertionError" message=" Mobile No Contains Less than 10 numbers expected [true] but found [false]">
      <![CDATA[java.lang.AssertionError:  Mobile No Contains Less than 10 numbers expected [true] but found [false]
at com.mytest.Payment.Mobile_No_contain_lessthan_10_numbers(Payment.java:160)
at java.base/java.util.concurrent.FutureTask.run(Unknown Source)
at java.base/java.util.concurrent.ThreadPoolExecutor.runWorker(Unknown Source)
at java.base/java.util.concurrent.ThreadPoolExecutor$Worker.run(Unknown Source)
at java.base/java.lang.Thread.run(Unknown Source)
... Removed 19 stack frames]]>
    </failure>
  </testcase> <!-- Mobile_No_contain_lessthan_10_numbers -->
  <testcase classname="com.mytest.Payment" name="Mobile_No_contain_greaterthan_10_numbers" time="0.25"/>
  <testcase classname="com.mytest.Payment" name="Email_contains_whitespaces" time="2.583"/>
  <testcase classname="com.mytest.Payment" name="Email_valid" time="0.327"/>
  <testcase classname="com.mytest.Payment" name="Email_contains_whitespaces_at_begining" time="1.407">
    <failure type="java.lang.AssertionError" message=" Email contain Whitespaces at Begining expected [true] but found [false]">
      <![CDATA[java.lang.AssertionError:  Email contain Whitespaces at Begining expected [true] but found [false]
at com.mytest.Payment.Email_contains_whitespaces_at_begining(Payment.java:203)
at java.base/java.util.concurrent.FutureTask.run(Unknown Source)
at java.base/java.util.concurrent.ThreadPoolExecutor.runWorker(Unknown Source)
at java.base/java.util.concurrent.ThreadPoolExecutor$Worker.run(Unknown Source)
at java.base/java.lang.Thread.run(Unknown Source)
... Removed 19 stack frames]]>
    </failure>
  </testcase> <!-- Email_contains_whitespaces_at_begining -->
  <testcase classname="com.mytest.Payment" name="Amount_field_is_Blank" time="0.083"/>
  <testcase classname="com.mytest.Payment" name="Amount_contain_special_characters" time="0.486">
    <failure type="java.lang.AssertionError" message="Amount Contains Spaecial Characters expected [true] but found [false]">
      <![CDATA[java.lang.AssertionError: Amount Contains Spaecial Characters expected [true] but found [false]
at com.mytest.Payment.Amount_contain_special_characters(Payment.java:221)
at java.base/java.util.concurrent.FutureTask.run(Unknown Source)
at java.base/java.util.concurrent.ThreadPoolExecutor.runWorker(Unknown Source)
at java.base/java.util.concurrent.ThreadPoolExecutor$Worker.run(Unknown Source)
at java.base/java.lang.Thread.run(Unknown Source)
... Removed 19 stack frames]]>
    </failure>
  </testcase> <!-- Amount_contain_special_characters -->
  <testcase classname="com.mytest.Payment" name="Amount_contain_whitespaces" time="0.261"/>
  <testcase classname="com.mytest.Payment" name="Amount_contain_alphabets" time="0.154"/>
  <testcase classname="com.mytest.Payment" name="Amount_contain_numbers" time="0.176"/>
  <testcase classname="com.mytest.Payment" name="Amount_contain_negative_numbers" time="0.214"/>
  <testcase classname="com.mytest.Payment" name="Amount_contain_whitespaces_at_begining" time="0.205"/>
  <testcase classname="com.mytest.Payment" name="Payment_Mode_Functionality" time="0.148"/>
  <testcase classname="com.mytest.Payment" name="Account_Head" time="0.219"/>
  <testcase classname="com.mytest.Payment" name="Notes" time="0.205"/>
  <testcase classname="com.mytest.Payment" name="Save_Changes_Button_Functionality" time="2.217"/>
  <testcase classname="com.mytest.Payment" name="Update_Functionality" time="8.936"/>
  <testcase classname="com.mytest.Payment" name="Delete" time="9.39">
    <failure type="java.lang.AssertionError" message="Receipt NOT Getting Deleted expected [No data available in table] but found [3]">
      <![CDATA[java.lang.AssertionError: Receipt NOT Getting Deleted expected [No data available in table] but found [3]
at com.mytest.Payment.Delete(Payment.java:377)
at java.base/java.util.concurrent.FutureTask.run(Unknown Source)
at java.base/java.util.concurrent.ThreadPoolExecutor.runWorker(Unknown Source)
at java.base/java.util.concurrent.ThreadPoolExecutor$Worker.run(Unknown Source)
at java.base/java.lang.Thread.run(Unknown Source)
... Removed 21 stack frames]]>
    </failure>
  </testcase> <!-- Delete -->
  <testcase classname="com.mytest.Payment" name="Cheque_Payment_Mode" time="0.174">
    <failure type="org.openqa.selenium.WebDriverException" message="unknown error: Element &amp;lt;i class=&amp;quot;fa fa-bars fa-lg&amp;quot;&amp;gt;&amp;lt;/i&amp;gt; is not clickable at point (87, 30). Other element would receive the click: &amp;lt;div class=&amp;quot;modal fade&amp;quot; id=&amp;quot;myModal18&amp;quot; tabindex=&amp;quot;-1&amp;quot; role=&amp;quot;dialog&amp;quot; aria-labelledby=&amp;quot;myModalLabel18&amp;quot; style=&amp;quot;display: block; padding-right: 17px;&amp;quot;&amp;gt;...&amp;lt;/div&amp;gt;
  (Session info: chrome=68.0.3440.106)
  (Driver info: chromedriver=2.40.565498 (ea082db3280dd6843ebfb08a625e3eb905c4f5ab),platform=Windows NT 6.1.7601 SP1 x86_64) (WARNING: The server did not provide any stacktrace information)
Command duration or timeout: 0 milliseconds
Build info: version: &amp;apos;3.13.0&amp;apos;, revision: &amp;apos;2f0d292&amp;apos;, time: &amp;apos;2018-06-25T15:32:14.902Z&amp;apos;
System info: host: &amp;apos;TESTER-PC&amp;apos;, ip: &amp;apos;192.168.0.102&amp;apos;, os.name: &amp;apos;Windows 7&amp;apos;, os.arch: &amp;apos;amd64&amp;apos;, os.version: &amp;apos;6.1&amp;apos;, java.version: &amp;apos;10.0.1&amp;apos;
Driver info: org.openqa.selenium.chrome.ChromeDriver
Capabilities {acceptInsecureCerts: false, acceptSslCerts: false, applicationCacheEnabled: false, browserConnectionEnabled: false, browserName: chrome, chrome: {chromedriverVersion: 2.40.565498 (ea082db3280dd6..., userDataDir: C:\Users\Tester\AppData\Loc...}, cssSelectorsEnabled: true, databaseEnabled: false, handlesAlerts: true, hasTouchScreen: false, javascriptEnabled: true, locationContextEnabled: true, mobileEmulationEnabled: false, nativeEvents: true, networkConnectionEnabled: false, pageLoadStrategy: normal, platform: XP, platformName: XP, rotatable: false, setWindowRect: true, takesHeapSnapshot: true, takesScreenshot: true, unexpectedAlertBehaviour: , unhandledPromptBehavior: , version: 68.0.3440.106, webStorageEnabled: true}
Session ID: 8b13d148893d6bcb59364f8c681d42f2">
      <![CDATA[org.openqa.selenium.WebDriverException: unknown error: Element <i class="fa fa-bars fa-lg"></i> is not clickable at point (87, 30). Other element would receive the click: <div class="modal fade" id="myModal18" tabindex="-1" role="dialog" aria-labelledby="myModalLabel18" style="display: block; padding-right: 17px;">...</div>
  (Session info: chrome=68.0.3440.106)
  (Driver info: chromedriver=2.40.565498 (ea082db3280dd6843ebfb08a625e3eb905c4f5ab),platform=Windows NT 6.1.7601 SP1 x86_64) (WARNING: The server did not provide any stacktrace information)
Command duration or timeout: 0 milliseconds
Build info: version: '3.13.0', revision: '2f0d292', time: '2018-06-25T15:32:14.902Z'
System info: host: 'TESTER-PC', ip: '192.168.0.102', os.name: 'Windows 7', os.arch: 'amd64', os.version: '6.1', java.version: '10.0.1'
Driver info: org.openqa.selenium.chrome.ChromeDriver
Capabilities {acceptInsecureCerts: false, acceptSslCerts: false, applicationCacheEnabled: false, browserConnectionEnabled: false, browserName: chrome, chrome: {chromedriverVersion: 2.40.565498 (ea082db3280dd6..., userDataDir: C:\Users\Tester\AppData\Loc...}, cssSelectorsEnabled: true, databaseEnabled: false, handlesAlerts: true, hasTouchScreen: false, javascriptEnabled: true, locationContextEnabled: true, mobileEmulationEnabled: false, nativeEvents: true, networkConnectionEnabled: false, pageLoadStrategy: normal, platform: XP, platformName: XP, rotatable: false, setWindowRect: true, takesHeapSnapshot: true, takesScreenshot: true, unexpectedAlertBehaviour: , unhandledPromptBehavior: , version: 68.0.3440.106, webStorageEnabled: true}
Session ID: 8b13d148893d6bcb59364f8c681d42f2
at org.openqa.selenium.remote.ErrorHandler.createThrowable(ErrorHandler.java:214)
at org.openqa.selenium.remote.ErrorHandler.throwIfResponseFailed(ErrorHandler.java:166)
at org.openqa.selenium.remote.http.JsonHttpResponseCodec.reconstructValue(JsonHttpResponseCodec.java:40)
at org.openqa.selenium.remote.http.AbstractHttpResponseCodec.decode(AbstractHttpResponseCodec.java:80)
at org.openqa.selenium.remote.http.AbstractHttpResponseCodec.decode(AbstractHttpResponseCodec.java:44)
at org.openqa.selenium.remote.HttpCommandExecutor.execute(HttpCommandExecutor.java:158)
at org.openqa.selenium.remote.service.DriverCommandExecutor.execute(DriverCommandExecutor.java:83)
at org.openqa.selenium.remote.RemoteWebDriver.execute(RemoteWebDriver.java:548)
at org.openqa.selenium.remote.RemoteWebElement.execute(RemoteWebElement.java:276)
at org.openqa.selenium.remote.RemoteWebElement.click(RemoteWebElement.java:83)
at com.mytest.Payment.Cheque_Payment_Mode(Payment.java:384)
at java.base/java.util.concurrent.FutureTask.run(Unknown Source)
at java.base/java.util.concurrent.ThreadPoolExecutor.runWorker(Unknown Source)
at java.base/java.util.concurrent.ThreadPoolExecutor$Worker.run(Unknown Source)
at java.base/java.lang.Thread.run(Unknown Source)
... Removed 20 stack frames]]>
    </failure>
  </testcase> <!-- Cheque_Payment_Mode -->
  <testcase classname="com.mytest.Payment" name="Online_Payment_Mode" time="14.281">
    <failure type="org.openqa.selenium.NoSuchElementException" message="no such element: Unable to locate element: {&amp;quot;method&amp;quot;:&amp;quot;name&amp;quot;,&amp;quot;selector&amp;quot;:&amp;quot;Name&amp;quot;}
  (Session info: chrome=68.0.3440.106)
  (Driver info: chromedriver=2.40.565498 (ea082db3280dd6843ebfb08a625e3eb905c4f5ab),platform=Windows NT 6.1.7601 SP1 x86_64) (WARNING: The server did not provide any stacktrace information)
Command duration or timeout: 0 milliseconds
For documentation on this error, please visit: http://seleniumhq.org/exceptions/no_such_element.html
Build info: version: &amp;apos;3.13.0&amp;apos;, revision: &amp;apos;2f0d292&amp;apos;, time: &amp;apos;2018-06-25T15:32:14.902Z&amp;apos;
System info: host: &amp;apos;TESTER-PC&amp;apos;, ip: &amp;apos;192.168.0.102&amp;apos;, os.name: &amp;apos;Windows 7&amp;apos;, os.arch: &amp;apos;amd64&amp;apos;, os.version: &amp;apos;6.1&amp;apos;, java.version: &amp;apos;10.0.1&amp;apos;
Driver info: org.openqa.selenium.chrome.ChromeDriver
Capabilities {acceptInsecureCerts: false, acceptSslCerts: false, applicationCacheEnabled: false, browserConnectionEnabled: false, browserName: chrome, chrome: {chromedriverVersion: 2.40.565498 (ea082db3280dd6..., userDataDir: C:\Users\Tester\AppData\Loc...}, cssSelectorsEnabled: true, databaseEnabled: false, handlesAlerts: true, hasTouchScreen: false, javascriptEnabled: true, locationContextEnabled: true, mobileEmulationEnabled: false, nativeEvents: true, networkConnectionEnabled: false, pageLoadStrategy: normal, platform: XP, platformName: XP, rotatable: false, setWindowRect: true, takesHeapSnapshot: true, takesScreenshot: true, unexpectedAlertBehaviour: , unhandledPromptBehavior: , version: 68.0.3440.106, webStorageEnabled: true}
Session ID: 8b13d148893d6bcb59364f8c681d42f2
*** Element info: {Using=name, value=Name}">
      <![CDATA[org.openqa.selenium.NoSuchElementException: no such element: Unable to locate element: {"method":"name","selector":"Name"}
  (Session info: chrome=68.0.3440.106)
  (Driver info: chromedriver=2.40.565498 (ea082db3280dd6843ebfb08a625e3eb905c4f5ab),platform=Windows NT 6.1.7601 SP1 x86_64) (WARNING: The server did not provide any stacktrace information)
Command duration or timeout: 0 milliseconds
For documentation on this error, please visit: http://seleniumhq.org/exceptions/no_such_element.html
Build info: version: '3.13.0', revision: '2f0d292', time: '2018-06-25T15:32:14.902Z'
System info: host: 'TESTER-PC', ip: '192.168.0.102', os.name: 'Windows 7', os.arch: 'amd64', os.version: '6.1', java.version: '10.0.1'
Driver info: org.openqa.selenium.chrome.ChromeDriver
Capabilities {acceptInsecureCerts: false, acceptSslCerts: false, applicationCacheEnabled: false, browserConnectionEnabled: false, browserName: chrome, chrome: {chromedriverVersion: 2.40.565498 (ea082db3280dd6..., userDataDir: C:\Users\Tester\AppData\Loc...}, cssSelectorsEnabled: true, databaseEnabled: false, handlesAlerts: true, hasTouchScreen: false, javascriptEnabled: true, locationContextEnabled: true, mobileEmulationEnabled: false, nativeEvents: true, networkConnectionEnabled: false, pageLoadStrategy: normal, platform: XP, platformName: XP, rotatable: false, setWindowRect: true, takesHeapSnapshot: true, takesScreenshot: true, unexpectedAlertBehaviour: , unhandledPromptBehavior: , version: 68.0.3440.106, webStorageEnabled: true}
Session ID: 8b13d148893d6bcb59364f8c681d42f2
*** Element info: {Using=name, value=Name}
at org.openqa.selenium.remote.ErrorHandler.createThrowable(ErrorHandler.java:214)
at org.openqa.selenium.remote.ErrorHandler.throwIfResponseFailed(ErrorHandler.java:166)
at org.openqa.selenium.remote.http.JsonHttpResponseCodec.reconstructValue(JsonHttpResponseCodec.java:40)
at org.openqa.selenium.remote.http.AbstractHttpResponseCodec.decode(AbstractHttpResponseCodec.java:80)
at org.openqa.selenium.remote.http.AbstractHttpResponseCodec.decode(AbstractHttpResponseCodec.java:44)
at org.openqa.selenium.remote.HttpCommandExecutor.execute(HttpCommandExecutor.java:158)
at org.openqa.selenium.remote.service.DriverCommandExecutor.execute(DriverCommandExecutor.java:83)
at org.openqa.selenium.remote.RemoteWebDriver.execute(RemoteWebDriver.java:548)
at org.openqa.selenium.remote.RemoteWebDriver.findElement(RemoteWebDriver.java:322)
at org.openqa.selenium.remote.RemoteWebDriver.findElementByName(RemoteWebDriver.java:400)
at org.openqa.selenium.By$ByName.findElement(By.java:284)
at org.openqa.selenium.remote.RemoteWebDriver.findElement(RemoteWebDriver.java:314)
at com.mytest.Payment.Online_Payment_Mode(Payment.java:436)
at java.base/java.util.concurrent.FutureTask.run(Unknown Source)
at java.base/java.util.concurrent.ThreadPoolExecutor.runWorker(Unknown Source)
at java.base/java.util.concurrent.ThreadPoolExecutor$Worker.run(Unknown Source)
at java.base/java.lang.Thread.run(Unknown Source)
... Removed 20 stack frames]]>
    </failure>
  </testcase> <!-- Online_Payment_Mode -->
  <testcase classname="com.mytest.Payment" name="Mobile_No_contain_negative_numbers" time="0.0">
    <ignored/>
  </testcase> <!-- Mobile_No_contain_negative_numbers -->
  <testcase classname="com.mytest.Login" name="login" time="0.0">
    <ignored/>
  </testcase> <!-- login -->
</testsuite> <!-- Payment -->
