<?xml version="1.0" encoding="UTF-8"?>
<testng-results skipped="0" failed="57" ignored="13" total="192" passed="122">
  <reporter-output>
  </reporter-output>
  <suite name="Admin360TestProject" duration-ms="422185" started-at="2018-08-23T11:58:20Z" finished-at="2018-08-23T12:05:22Z">
    <groups>
    </groups>
    <test name="Login" duration-ms="65526" started-at="2018-08-23T11:58:20Z" finished-at="2018-08-23T11:59:26Z">
      <class name="com.mytest.Login">
        <test-method status="PASS" signature="login()[pri:0, instance:com.mytest.Login@1b604f19]" name="login" duration-ms="64784" started-at="2018-08-23T11:58:21Z" finished-at="2018-08-23T11:59:26Z">
          <reporter-output>
          </reporter-output>
        </test-method> <!-- login -->
      </class> <!-- com.mytest.Login -->
    </test> <!-- Login -->
    <test name="Admission" duration-ms="354657" started-at="2018-08-23T11:59:28Z" finished-at="2018-08-23T12:05:22Z">
      <class name="com.mytest.Admission">
        <test-method status="PASS" signature="Add_Enquiry()[pri:0, instance:com.mytest.Admission@1e88b3c]" name="Add_Enquiry" duration-ms="40404" started-at="2018-08-23T11:59:28Z" finished-at="2018-08-23T12:00:08Z">
          <reporter-output>
          </reporter-output>
        </test-method> <!-- Add_Enquiry -->
        <test-method status="FAIL" signature="Studentname_contain_Special_Characters()[pri:0, instance:com.mytest.Admission@1e88b3c]" name="Studentname_contain_Special_Characters" duration-ms="11137" started-at="2018-08-23T12:00:08Z" finished-at="2018-08-23T12:00:19Z">
          <exception class="java.lang.AssertionError">
            <message>
              <![CDATA[Student Name Contains Special Characters expected [true] but found [false]]]>
            </message>
            <full-stacktrace>
              <![CDATA[java.lang.AssertionError: Student Name Contains Special Characters expected [true] but found [false]
at org.testng.Assert.fail(Assert.java:96)
at org.testng.Assert.failNotEquals(Assert.java:776)
at org.testng.Assert.assertTrue(Assert.java:44)
at com.mytest.Admission.Studentname_contain_Special_Characters(Admission.java:106)
at sun.reflect.NativeMethodAccessorImpl.invoke0(Native Method)
at sun.reflect.NativeMethodAccessorImpl.invoke(NativeMethodAccessorImpl.java:62)
at sun.reflect.DelegatingMethodAccessorImpl.invoke(DelegatingMethodAccessorImpl.java:43)
at java.lang.reflect.Method.invoke(Method.java:498)
at org.testng.internal.MethodInvocationHelper.invokeMethod(MethodInvocationHelper.java:124)
at org.testng.internal.Invoker.invokeMethod(Invoker.java:580)
at org.testng.internal.Invoker.invokeTestMethod(Invoker.java:716)
at org.testng.internal.Invoker.invokeTestMethods(Invoker.java:988)
at org.testng.internal.TestMethodWorker.invokeTestMethods(TestMethodWorker.java:125)
at org.testng.internal.TestMethodWorker.run(TestMethodWorker.java:109)
at org.testng.TestRunner.privateRun(TestRunner.java:648)
at org.testng.TestRunner.run(TestRunner.java:505)
at org.testng.SuiteRunner.runTest(SuiteRunner.java:455)
at org.testng.SuiteRunner.access$000(SuiteRunner.java:40)
at org.testng.SuiteRunner$SuiteWorker.run(SuiteRunner.java:489)
at org.testng.internal.thread.ThreadUtil$1.call(ThreadUtil.java:52)
at java.util.concurrent.FutureTask.run(FutureTask.java:266)
at java.util.concurrent.ThreadPoolExecutor.runWorker(ThreadPoolExecutor.java:1149)
at java.util.concurrent.ThreadPoolExecutor$Worker.run(ThreadPoolExecutor.java:624)
at java.lang.Thread.run(Thread.java:748)
]]>
            </full-stacktrace>
          </exception> <!-- java.lang.AssertionError -->
          <reporter-output>
          </reporter-output>
        </test-method> <!-- Studentname_contain_Special_Characters -->
        <test-method status="PASS" signature="Studentname_contain_numbers()[pri:0, instance:com.mytest.Admission@1e88b3c]" name="Studentname_contain_numbers" duration-ms="485" started-at="2018-08-23T12:00:19Z" finished-at="2018-08-23T12:00:20Z">
          <reporter-output>
          </reporter-output>
        </test-method> <!-- Studentname_contain_numbers -->
        <test-method status="FAIL" signature="Studentname_contain_whitespaces()[pri:0, instance:com.mytest.Admission@1e88b3c]" name="Studentname_contain_whitespaces" duration-ms="228" started-at="2018-08-23T12:00:20Z" finished-at="2018-08-23T12:00:20Z">
          <exception class="java.lang.AssertionError">
            <message>
              <![CDATA[Student Name Contains Whitespaces expected [true] but found [false]]]>
            </message>
            <full-stacktrace>
              <![CDATA[java.lang.AssertionError: Student Name Contains Whitespaces expected [true] but found [false]
at org.testng.Assert.fail(Assert.java:96)
at org.testng.Assert.failNotEquals(Assert.java:776)
at org.testng.Assert.assertTrue(Assert.java:44)
at com.mytest.Admission.Studentname_contain_whitespaces(Admission.java:124)
at sun.reflect.NativeMethodAccessorImpl.invoke0(Native Method)
at sun.reflect.NativeMethodAccessorImpl.invoke(NativeMethodAccessorImpl.java:62)
at sun.reflect.DelegatingMethodAccessorImpl.invoke(DelegatingMethodAccessorImpl.java:43)
at java.lang.reflect.Method.invoke(Method.java:498)
at org.testng.internal.MethodInvocationHelper.invokeMethod(MethodInvocationHelper.java:124)
at org.testng.internal.Invoker.invokeMethod(Invoker.java:580)
at org.testng.internal.Invoker.invokeTestMethod(Invoker.java:716)
at org.testng.internal.Invoker.invokeTestMethods(Invoker.java:988)
at org.testng.internal.TestMethodWorker.invokeTestMethods(TestMethodWorker.java:125)
at org.testng.internal.TestMethodWorker.run(TestMethodWorker.java:109)
at org.testng.TestRunner.privateRun(TestRunner.java:648)
at org.testng.TestRunner.run(TestRunner.java:505)
at org.testng.SuiteRunner.runTest(SuiteRunner.java:455)
at org.testng.SuiteRunner.access$000(SuiteRunner.java:40)
at org.testng.SuiteRunner$SuiteWorker.run(SuiteRunner.java:489)
at org.testng.internal.thread.ThreadUtil$1.call(ThreadUtil.java:52)
at java.util.concurrent.FutureTask.run(FutureTask.java:266)
at java.util.concurrent.ThreadPoolExecutor.runWorker(ThreadPoolExecutor.java:1149)
at java.util.concurrent.ThreadPoolExecutor$Worker.run(ThreadPoolExecutor.java:624)
at java.lang.Thread.run(Thread.java:748)
]]>
            </full-stacktrace>
          </exception> <!-- java.lang.AssertionError -->
          <reporter-output>
          </reporter-output>
        </test-method> <!-- Studentname_contain_whitespaces -->
        <test-method status="PASS" signature="Studentname_contain_alphabets()[pri:0, instance:com.mytest.Admission@1e88b3c]" name="Studentname_contain_alphabets" duration-ms="204" started-at="2018-08-23T12:00:20Z" finished-at="2018-08-23T12:00:20Z">
          <reporter-output>
          </reporter-output>
        </test-method> <!-- Studentname_contain_alphabets -->
        <test-method status="FAIL" signature="Studentname_contain_whitespaces_at_begining()[pri:0, instance:com.mytest.Admission@1e88b3c]" name="Studentname_contain_whitespaces_at_begining" duration-ms="254" started-at="2018-08-23T12:00:20Z" finished-at="2018-08-23T12:00:21Z">
          <exception class="java.lang.AssertionError">
            <message>
              <![CDATA[Student Name Contain Whitespaces at Begining expected [true] but found [false]]]>
            </message>
            <full-stacktrace>
              <![CDATA[java.lang.AssertionError: Student Name Contain Whitespaces at Begining expected [true] but found [false]
at org.testng.Assert.fail(Assert.java:96)
at org.testng.Assert.failNotEquals(Assert.java:776)
at org.testng.Assert.assertTrue(Assert.java:44)
at com.mytest.Admission.Studentname_contain_whitespaces_at_begining(Admission.java:142)
at sun.reflect.NativeMethodAccessorImpl.invoke0(Native Method)
at sun.reflect.NativeMethodAccessorImpl.invoke(NativeMethodAccessorImpl.java:62)
at sun.reflect.DelegatingMethodAccessorImpl.invoke(DelegatingMethodAccessorImpl.java:43)
at java.lang.reflect.Method.invoke(Method.java:498)
at org.testng.internal.MethodInvocationHelper.invokeMethod(MethodInvocationHelper.java:124)
at org.testng.internal.Invoker.invokeMethod(Invoker.java:580)
at org.testng.internal.Invoker.invokeTestMethod(Invoker.java:716)
at org.testng.internal.Invoker.invokeTestMethods(Invoker.java:988)
at org.testng.internal.TestMethodWorker.invokeTestMethods(TestMethodWorker.java:125)
at org.testng.internal.TestMethodWorker.run(TestMethodWorker.java:109)
at org.testng.TestRunner.privateRun(TestRunner.java:648)
at org.testng.TestRunner.run(TestRunner.java:505)
at org.testng.SuiteRunner.runTest(SuiteRunner.java:455)
at org.testng.SuiteRunner.access$000(SuiteRunner.java:40)
at org.testng.SuiteRunner$SuiteWorker.run(SuiteRunner.java:489)
at org.testng.internal.thread.ThreadUtil$1.call(ThreadUtil.java:52)
at java.util.concurrent.FutureTask.run(FutureTask.java:266)
at java.util.concurrent.ThreadPoolExecutor.runWorker(ThreadPoolExecutor.java:1149)
at java.util.concurrent.ThreadPoolExecutor$Worker.run(ThreadPoolExecutor.java:624)
at java.lang.Thread.run(Thread.java:748)
]]>
            </full-stacktrace>
          </exception> <!-- java.lang.AssertionError -->
          <reporter-output>
          </reporter-output>
        </test-method> <!-- Studentname_contain_whitespaces_at_begining -->
        <test-method status="PASS" signature="Studentname_field_is_Blank()[pri:0, instance:com.mytest.Admission@1e88b3c]" name="Studentname_field_is_Blank" duration-ms="7824" started-at="2018-08-23T12:00:21Z" finished-at="2018-08-23T12:00:28Z">
          <reporter-output>
          </reporter-output>
        </test-method> <!-- Studentname_field_is_Blank -->
        <test-method status="FAIL" signature="Middlename_contain_Special_Characters()[pri:0, instance:com.mytest.Admission@1e88b3c]" name="Middlename_contain_Special_Characters" duration-ms="272" started-at="2018-08-23T12:00:28Z" finished-at="2018-08-23T12:00:29Z">
          <exception class="java.lang.AssertionError">
            <message>
              <![CDATA[Middle Name Contains Special Characters expected [true] but found [false]]]>
            </message>
            <full-stacktrace>
              <![CDATA[java.lang.AssertionError: Middle Name Contains Special Characters expected [true] but found [false]
at org.testng.Assert.fail(Assert.java:96)
at org.testng.Assert.failNotEquals(Assert.java:776)
at org.testng.Assert.assertTrue(Assert.java:44)
at com.mytest.Admission.Middlename_contain_Special_Characters(Admission.java:162)
at sun.reflect.NativeMethodAccessorImpl.invoke0(Native Method)
at sun.reflect.NativeMethodAccessorImpl.invoke(NativeMethodAccessorImpl.java:62)
at sun.reflect.DelegatingMethodAccessorImpl.invoke(DelegatingMethodAccessorImpl.java:43)
at java.lang.reflect.Method.invoke(Method.java:498)
at org.testng.internal.MethodInvocationHelper.invokeMethod(MethodInvocationHelper.java:124)
at org.testng.internal.Invoker.invokeMethod(Invoker.java:580)
at org.testng.internal.Invoker.invokeTestMethod(Invoker.java:716)
at org.testng.internal.Invoker.invokeTestMethods(Invoker.java:988)
at org.testng.internal.TestMethodWorker.invokeTestMethods(TestMethodWorker.java:125)
at org.testng.internal.TestMethodWorker.run(TestMethodWorker.java:109)
at org.testng.TestRunner.privateRun(TestRunner.java:648)
at org.testng.TestRunner.run(TestRunner.java:505)
at org.testng.SuiteRunner.runTest(SuiteRunner.java:455)
at org.testng.SuiteRunner.access$000(SuiteRunner.java:40)
at org.testng.SuiteRunner$SuiteWorker.run(SuiteRunner.java:489)
at org.testng.internal.thread.ThreadUtil$1.call(ThreadUtil.java:52)
at java.util.concurrent.FutureTask.run(FutureTask.java:266)
at java.util.concurrent.ThreadPoolExecutor.runWorker(ThreadPoolExecutor.java:1149)
at java.util.concurrent.ThreadPoolExecutor$Worker.run(ThreadPoolExecutor.java:624)
at java.lang.Thread.run(Thread.java:748)
]]>
            </full-stacktrace>
          </exception> <!-- java.lang.AssertionError -->
          <reporter-output>
          </reporter-output>
        </test-method> <!-- Middlename_contain_Special_Characters -->
        <test-method status="PASS" signature="Middlename_contain_numbers()[pri:0, instance:com.mytest.Admission@1e88b3c]" name="Middlename_contain_numbers" duration-ms="200" started-at="2018-08-23T12:00:29Z" finished-at="2018-08-23T12:00:29Z">
          <reporter-output>
          </reporter-output>
        </test-method> <!-- Middlename_contain_numbers -->
        <test-method status="FAIL" signature="Middlename_contain_whitespaces()[pri:0, instance:com.mytest.Admission@1e88b3c]" name="Middlename_contain_whitespaces" duration-ms="235" started-at="2018-08-23T12:00:29Z" finished-at="2018-08-23T12:00:29Z">
          <exception class="java.lang.AssertionError">
            <message>
              <![CDATA[Middle Name Contains Whitespaces expected [true] but found [false]]]>
            </message>
            <full-stacktrace>
              <![CDATA[java.lang.AssertionError: Middle Name Contains Whitespaces expected [true] but found [false]
at org.testng.Assert.fail(Assert.java:96)
at org.testng.Assert.failNotEquals(Assert.java:776)
at org.testng.Assert.assertTrue(Assert.java:44)
at com.mytest.Admission.Middlename_contain_whitespaces(Admission.java:180)
at sun.reflect.NativeMethodAccessorImpl.invoke0(Native Method)
at sun.reflect.NativeMethodAccessorImpl.invoke(NativeMethodAccessorImpl.java:62)
at sun.reflect.DelegatingMethodAccessorImpl.invoke(DelegatingMethodAccessorImpl.java:43)
at java.lang.reflect.Method.invoke(Method.java:498)
at org.testng.internal.MethodInvocationHelper.invokeMethod(MethodInvocationHelper.java:124)
at org.testng.internal.Invoker.invokeMethod(Invoker.java:580)
at org.testng.internal.Invoker.invokeTestMethod(Invoker.java:716)
at org.testng.internal.Invoker.invokeTestMethods(Invoker.java:988)
at org.testng.internal.TestMethodWorker.invokeTestMethods(TestMethodWorker.java:125)
at org.testng.internal.TestMethodWorker.run(TestMethodWorker.java:109)
at org.testng.TestRunner.privateRun(TestRunner.java:648)
at org.testng.TestRunner.run(TestRunner.java:505)
at org.testng.SuiteRunner.runTest(SuiteRunner.java:455)
at org.testng.SuiteRunner.access$000(SuiteRunner.java:40)
at org.testng.SuiteRunner$SuiteWorker.run(SuiteRunner.java:489)
at org.testng.internal.thread.ThreadUtil$1.call(ThreadUtil.java:52)
at java.util.concurrent.FutureTask.run(FutureTask.java:266)
at java.util.concurrent.ThreadPoolExecutor.runWorker(ThreadPoolExecutor.java:1149)
at java.util.concurrent.ThreadPoolExecutor$Worker.run(ThreadPoolExecutor.java:624)
at java.lang.Thread.run(Thread.java:748)
]]>
            </full-stacktrace>
          </exception> <!-- java.lang.AssertionError -->
          <reporter-output>
          </reporter-output>
        </test-method> <!-- Middlename_contain_whitespaces -->
        <test-method status="FAIL" signature="Middlename_contain_whitespaces_at_begining()[pri:0, instance:com.mytest.Admission@1e88b3c]" name="Middlename_contain_whitespaces_at_begining" duration-ms="197" started-at="2018-08-23T12:00:29Z" finished-at="2018-08-23T12:00:29Z">
          <exception class="java.lang.AssertionError">
            <message>
              <![CDATA[Middle Name Contain Whitespaces at Begining expected [true] but found [false]]]>
            </message>
            <full-stacktrace>
              <![CDATA[java.lang.AssertionError: Middle Name Contain Whitespaces at Begining expected [true] but found [false]
at org.testng.Assert.fail(Assert.java:96)
at org.testng.Assert.failNotEquals(Assert.java:776)
at org.testng.Assert.assertTrue(Assert.java:44)
at com.mytest.Admission.Middlename_contain_whitespaces_at_begining(Admission.java:189)
at sun.reflect.NativeMethodAccessorImpl.invoke0(Native Method)
at sun.reflect.NativeMethodAccessorImpl.invoke(NativeMethodAccessorImpl.java:62)
at sun.reflect.DelegatingMethodAccessorImpl.invoke(DelegatingMethodAccessorImpl.java:43)
at java.lang.reflect.Method.invoke(Method.java:498)
at org.testng.internal.MethodInvocationHelper.invokeMethod(MethodInvocationHelper.java:124)
at org.testng.internal.Invoker.invokeMethod(Invoker.java:580)
at org.testng.internal.Invoker.invokeTestMethod(Invoker.java:716)
at org.testng.internal.Invoker.invokeTestMethods(Invoker.java:988)
at org.testng.internal.TestMethodWorker.invokeTestMethods(TestMethodWorker.java:125)
at org.testng.internal.TestMethodWorker.run(TestMethodWorker.java:109)
at org.testng.TestRunner.privateRun(TestRunner.java:648)
at org.testng.TestRunner.run(TestRunner.java:505)
at org.testng.SuiteRunner.runTest(SuiteRunner.java:455)
at org.testng.SuiteRunner.access$000(SuiteRunner.java:40)
at org.testng.SuiteRunner$SuiteWorker.run(SuiteRunner.java:489)
at org.testng.internal.thread.ThreadUtil$1.call(ThreadUtil.java:52)
at java.util.concurrent.FutureTask.run(FutureTask.java:266)
at java.util.concurrent.ThreadPoolExecutor.runWorker(ThreadPoolExecutor.java:1149)
at java.util.concurrent.ThreadPoolExecutor$Worker.run(ThreadPoolExecutor.java:624)
at java.lang.Thread.run(Thread.java:748)
]]>
            </full-stacktrace>
          </exception> <!-- java.lang.AssertionError -->
          <reporter-output>
          </reporter-output>
        </test-method> <!-- Middlename_contain_whitespaces_at_begining -->
        <test-method status="PASS" signature="Middlename_contain_alphabets()[pri:0, instance:com.mytest.Admission@1e88b3c]" name="Middlename_contain_alphabets" duration-ms="192" started-at="2018-08-23T12:00:29Z" finished-at="2018-08-23T12:00:29Z">
          <reporter-output>
          </reporter-output>
        </test-method> <!-- Middlename_contain_alphabets -->
        <test-method status="FAIL" signature="Lastname_contain_Special_Characters()[pri:0, instance:com.mytest.Admission@1e88b3c]" name="Lastname_contain_Special_Characters" duration-ms="248" started-at="2018-08-23T12:00:29Z" finished-at="2018-08-23T12:00:30Z">
          <exception class="java.lang.AssertionError">
            <message>
              <![CDATA[Last Name Contains Special Characters expected [true] but found [false]]]>
            </message>
            <full-stacktrace>
              <![CDATA[java.lang.AssertionError: Last Name Contains Special Characters expected [true] but found [false]
at org.testng.Assert.fail(Assert.java:96)
at org.testng.Assert.failNotEquals(Assert.java:776)
at org.testng.Assert.assertTrue(Assert.java:44)
at com.mytest.Admission.Lastname_contain_Special_Characters(Admission.java:207)
at sun.reflect.NativeMethodAccessorImpl.invoke0(Native Method)
at sun.reflect.NativeMethodAccessorImpl.invoke(NativeMethodAccessorImpl.java:62)
at sun.reflect.DelegatingMethodAccessorImpl.invoke(DelegatingMethodAccessorImpl.java:43)
at java.lang.reflect.Method.invoke(Method.java:498)
at org.testng.internal.MethodInvocationHelper.invokeMethod(MethodInvocationHelper.java:124)
at org.testng.internal.Invoker.invokeMethod(Invoker.java:580)
at org.testng.internal.Invoker.invokeTestMethod(Invoker.java:716)
at org.testng.internal.Invoker.invokeTestMethods(Invoker.java:988)
at org.testng.internal.TestMethodWorker.invokeTestMethods(TestMethodWorker.java:125)
at org.testng.internal.TestMethodWorker.run(TestMethodWorker.java:109)
at org.testng.TestRunner.privateRun(TestRunner.java:648)
at org.testng.TestRunner.run(TestRunner.java:505)
at org.testng.SuiteRunner.runTest(SuiteRunner.java:455)
at org.testng.SuiteRunner.access$000(SuiteRunner.java:40)
at org.testng.SuiteRunner$SuiteWorker.run(SuiteRunner.java:489)
at org.testng.internal.thread.ThreadUtil$1.call(ThreadUtil.java:52)
at java.util.concurrent.FutureTask.run(FutureTask.java:266)
at java.util.concurrent.ThreadPoolExecutor.runWorker(ThreadPoolExecutor.java:1149)
at java.util.concurrent.ThreadPoolExecutor$Worker.run(ThreadPoolExecutor.java:624)
at java.lang.Thread.run(Thread.java:748)
]]>
            </full-stacktrace>
          </exception> <!-- java.lang.AssertionError -->
          <reporter-output>
          </reporter-output>
        </test-method> <!-- Lastname_contain_Special_Characters -->
        <test-method status="PASS" signature="Lastname_contain_numbers()[pri:0, instance:com.mytest.Admission@1e88b3c]" name="Lastname_contain_numbers" duration-ms="185" started-at="2018-08-23T12:00:30Z" finished-at="2018-08-23T12:00:30Z">
          <reporter-output>
          </reporter-output>
        </test-method> <!-- Lastname_contain_numbers -->
        <test-method status="FAIL" signature="Lastname_contain_whitespaces()[pri:0, instance:com.mytest.Admission@1e88b3c]" name="Lastname_contain_whitespaces" duration-ms="251" started-at="2018-08-23T12:00:30Z" finished-at="2018-08-23T12:00:30Z">
          <exception class="java.lang.AssertionError">
            <message>
              <![CDATA[Last Name Contains Whitespaces expected [true] but found [false]]]>
            </message>
            <full-stacktrace>
              <![CDATA[java.lang.AssertionError: Last Name Contains Whitespaces expected [true] but found [false]
at org.testng.Assert.fail(Assert.java:96)
at org.testng.Assert.failNotEquals(Assert.java:776)
at org.testng.Assert.assertTrue(Assert.java:44)
at com.mytest.Admission.Lastname_contain_whitespaces(Admission.java:225)
at sun.reflect.NativeMethodAccessorImpl.invoke0(Native Method)
at sun.reflect.NativeMethodAccessorImpl.invoke(NativeMethodAccessorImpl.java:62)
at sun.reflect.DelegatingMethodAccessorImpl.invoke(DelegatingMethodAccessorImpl.java:43)
at java.lang.reflect.Method.invoke(Method.java:498)
at org.testng.internal.MethodInvocationHelper.invokeMethod(MethodInvocationHelper.java:124)
at org.testng.internal.Invoker.invokeMethod(Invoker.java:580)
at org.testng.internal.Invoker.invokeTestMethod(Invoker.java:716)
at org.testng.internal.Invoker.invokeTestMethods(Invoker.java:988)
at org.testng.internal.TestMethodWorker.invokeTestMethods(TestMethodWorker.java:125)
at org.testng.internal.TestMethodWorker.run(TestMethodWorker.java:109)
at org.testng.TestRunner.privateRun(TestRunner.java:648)
at org.testng.TestRunner.run(TestRunner.java:505)
at org.testng.SuiteRunner.runTest(SuiteRunner.java:455)
at org.testng.SuiteRunner.access$000(SuiteRunner.java:40)
at org.testng.SuiteRunner$SuiteWorker.run(SuiteRunner.java:489)
at org.testng.internal.thread.ThreadUtil$1.call(ThreadUtil.java:52)
at java.util.concurrent.FutureTask.run(FutureTask.java:266)
at java.util.concurrent.ThreadPoolExecutor.runWorker(ThreadPoolExecutor.java:1149)
at java.util.concurrent.ThreadPoolExecutor$Worker.run(ThreadPoolExecutor.java:624)
at java.lang.Thread.run(Thread.java:748)
]]>
            </full-stacktrace>
          </exception> <!-- java.lang.AssertionError -->
          <reporter-output>
          </reporter-output>
        </test-method> <!-- Lastname_contain_whitespaces -->
        <test-method status="PASS" signature="Lastname_contain_alphabets()[pri:0, instance:com.mytest.Admission@1e88b3c]" name="Lastname_contain_alphabets" duration-ms="180" started-at="2018-08-23T12:00:30Z" finished-at="2018-08-23T12:00:30Z">
          <reporter-output>
          </reporter-output>
        </test-method> <!-- Lastname_contain_alphabets -->
        <test-method status="FAIL" signature="Lastname_contain_whitespaces_at_begining()[pri:0, instance:com.mytest.Admission@1e88b3c]" name="Lastname_contain_whitespaces_at_begining" duration-ms="248" started-at="2018-08-23T12:00:30Z" finished-at="2018-08-23T12:00:31Z">
          <exception class="java.lang.AssertionError">
            <message>
              <![CDATA[Last Name Contain Whitespaces at Begining expected [true] but found [false]]]>
            </message>
            <full-stacktrace>
              <![CDATA[java.lang.AssertionError: Last Name Contain Whitespaces at Begining expected [true] but found [false]
at org.testng.Assert.fail(Assert.java:96)
at org.testng.Assert.failNotEquals(Assert.java:776)
at org.testng.Assert.assertTrue(Assert.java:44)
at com.mytest.Admission.Lastname_contain_whitespaces_at_begining(Admission.java:243)
at sun.reflect.NativeMethodAccessorImpl.invoke0(Native Method)
at sun.reflect.NativeMethodAccessorImpl.invoke(NativeMethodAccessorImpl.java:62)
at sun.reflect.DelegatingMethodAccessorImpl.invoke(DelegatingMethodAccessorImpl.java:43)
at java.lang.reflect.Method.invoke(Method.java:498)
at org.testng.internal.MethodInvocationHelper.invokeMethod(MethodInvocationHelper.java:124)
at org.testng.internal.Invoker.invokeMethod(Invoker.java:580)
at org.testng.internal.Invoker.invokeTestMethod(Invoker.java:716)
at org.testng.internal.Invoker.invokeTestMethods(Invoker.java:988)
at org.testng.internal.TestMethodWorker.invokeTestMethods(TestMethodWorker.java:125)
at org.testng.internal.TestMethodWorker.run(TestMethodWorker.java:109)
at org.testng.TestRunner.privateRun(TestRunner.java:648)
at org.testng.TestRunner.run(TestRunner.java:505)
at org.testng.SuiteRunner.runTest(SuiteRunner.java:455)
at org.testng.SuiteRunner.access$000(SuiteRunner.java:40)
at org.testng.SuiteRunner$SuiteWorker.run(SuiteRunner.java:489)
at org.testng.internal.thread.ThreadUtil$1.call(ThreadUtil.java:52)
at java.util.concurrent.FutureTask.run(FutureTask.java:266)
at java.util.concurrent.ThreadPoolExecutor.runWorker(ThreadPoolExecutor.java:1149)
at java.util.concurrent.ThreadPoolExecutor$Worker.run(ThreadPoolExecutor.java:624)
at java.lang.Thread.run(Thread.java:748)
]]>
            </full-stacktrace>
          </exception> <!-- java.lang.AssertionError -->
          <reporter-output>
          </reporter-output>
        </test-method> <!-- Lastname_contain_whitespaces_at_begining -->
        <test-method status="PASS" signature="Lastname_field_is_Blank()[pri:0, instance:com.mytest.Admission@1e88b3c]" name="Lastname_field_is_Blank" duration-ms="179" started-at="2018-08-23T12:00:31Z" finished-at="2018-08-23T12:00:31Z">
          <reporter-output>
          </reporter-output>
        </test-method> <!-- Lastname_field_is_Blank -->
        <test-method status="FAIL" signature="Collegename_contain_Special_Characters()[pri:0, instance:com.mytest.Admission@1e88b3c]" name="Collegename_contain_Special_Characters" duration-ms="226" started-at="2018-08-23T12:00:31Z" finished-at="2018-08-23T12:00:31Z">
          <exception class="java.lang.AssertionError">
            <message>
              <![CDATA[College Name Contains Special Characters expected [true] but found [false]]]>
            </message>
            <full-stacktrace>
              <![CDATA[java.lang.AssertionError: College Name Contains Special Characters expected [true] but found [false]
at org.testng.Assert.fail(Assert.java:96)
at org.testng.Assert.failNotEquals(Assert.java:776)
at org.testng.Assert.assertTrue(Assert.java:44)
at com.mytest.Admission.Collegename_contain_Special_Characters(Admission.java:260)
at sun.reflect.NativeMethodAccessorImpl.invoke0(Native Method)
at sun.reflect.NativeMethodAccessorImpl.invoke(NativeMethodAccessorImpl.java:62)
at sun.reflect.DelegatingMethodAccessorImpl.invoke(DelegatingMethodAccessorImpl.java:43)
at java.lang.reflect.Method.invoke(Method.java:498)
at org.testng.internal.MethodInvocationHelper.invokeMethod(MethodInvocationHelper.java:124)
at org.testng.internal.Invoker.invokeMethod(Invoker.java:580)
at org.testng.internal.Invoker.invokeTestMethod(Invoker.java:716)
at org.testng.internal.Invoker.invokeTestMethods(Invoker.java:988)
at org.testng.internal.TestMethodWorker.invokeTestMethods(TestMethodWorker.java:125)
at org.testng.internal.TestMethodWorker.run(TestMethodWorker.java:109)
at org.testng.TestRunner.privateRun(TestRunner.java:648)
at org.testng.TestRunner.run(TestRunner.java:505)
at org.testng.SuiteRunner.runTest(SuiteRunner.java:455)
at org.testng.SuiteRunner.access$000(SuiteRunner.java:40)
at org.testng.SuiteRunner$SuiteWorker.run(SuiteRunner.java:489)
at org.testng.internal.thread.ThreadUtil$1.call(ThreadUtil.java:52)
at java.util.concurrent.FutureTask.run(FutureTask.java:266)
at java.util.concurrent.ThreadPoolExecutor.runWorker(ThreadPoolExecutor.java:1149)
at java.util.concurrent.ThreadPoolExecutor$Worker.run(ThreadPoolExecutor.java:624)
at java.lang.Thread.run(Thread.java:748)
]]>
            </full-stacktrace>
          </exception> <!-- java.lang.AssertionError -->
          <reporter-output>
          </reporter-output>
        </test-method> <!-- Collegename_contain_Special_Characters -->
        <test-method status="PASS" signature="Collegename_contain_numbers()[pri:0, instance:com.mytest.Admission@1e88b3c]" name="Collegename_contain_numbers" duration-ms="211" started-at="2018-08-23T12:00:31Z" finished-at="2018-08-23T12:00:31Z">
          <reporter-output>
          </reporter-output>
        </test-method> <!-- Collegename_contain_numbers -->
        <test-method status="PASS" signature="Collegename_contain_whitespaces()[pri:0, instance:com.mytest.Admission@1e88b3c]" name="Collegename_contain_whitespaces" duration-ms="194" started-at="2018-08-23T12:00:31Z" finished-at="2018-08-23T12:00:31Z">
          <reporter-output>
          </reporter-output>
        </test-method> <!-- Collegename_contain_whitespaces -->
        <test-method status="PASS" signature="Collegename_contain_alphabets()[pri:0, instance:com.mytest.Admission@1e88b3c]" name="Collegename_contain_alphabets" duration-ms="168" started-at="2018-08-23T12:00:31Z" finished-at="2018-08-23T12:00:32Z">
          <reporter-output>
          </reporter-output>
        </test-method> <!-- Collegename_contain_alphabets -->
        <test-method status="PASS" signature="Collegename_contain_whitespaces_at_begining()[pri:0, instance:com.mytest.Admission@1e88b3c]" name="Collegename_contain_whitespaces_at_begining" duration-ms="178" started-at="2018-08-23T12:00:32Z" finished-at="2018-08-23T12:00:32Z">
          <reporter-output>
          </reporter-output>
        </test-method> <!-- Collegename_contain_whitespaces_at_begining -->
        <test-method status="PASS" signature="Collegename_field_is_Blank()[pri:0, instance:com.mytest.Admission@1e88b3c]" name="Collegename_field_is_Blank" duration-ms="82" started-at="2018-08-23T12:00:32Z" finished-at="2018-08-23T12:00:32Z">
          <reporter-output>
          </reporter-output>
        </test-method> <!-- Collegename_field_is_Blank -->
        <test-method status="FAIL" signature="Qualification_contain_Special_Characters()[pri:0, instance:com.mytest.Admission@1e88b3c]" name="Qualification_contain_Special_Characters" duration-ms="206" started-at="2018-08-23T12:00:32Z" finished-at="2018-08-23T12:00:32Z">
          <exception class="java.lang.AssertionError">
            <message>
              <![CDATA[College Name Contains Special Characters expected [true] but found [false]]]>
            </message>
            <full-stacktrace>
              <![CDATA[java.lang.AssertionError: College Name Contains Special Characters expected [true] but found [false]
at org.testng.Assert.fail(Assert.java:96)
at org.testng.Assert.failNotEquals(Assert.java:776)
at org.testng.Assert.assertTrue(Assert.java:44)
at com.mytest.Admission.Qualification_contain_Special_Characters(Admission.java:313)
at sun.reflect.NativeMethodAccessorImpl.invoke0(Native Method)
at sun.reflect.NativeMethodAccessorImpl.invoke(NativeMethodAccessorImpl.java:62)
at sun.reflect.DelegatingMethodAccessorImpl.invoke(DelegatingMethodAccessorImpl.java:43)
at java.lang.reflect.Method.invoke(Method.java:498)
at org.testng.internal.MethodInvocationHelper.invokeMethod(MethodInvocationHelper.java:124)
at org.testng.internal.Invoker.invokeMethod(Invoker.java:580)
at org.testng.internal.Invoker.invokeTestMethod(Invoker.java:716)
at org.testng.internal.Invoker.invokeTestMethods(Invoker.java:988)
at org.testng.internal.TestMethodWorker.invokeTestMethods(TestMethodWorker.java:125)
at org.testng.internal.TestMethodWorker.run(TestMethodWorker.java:109)
at org.testng.TestRunner.privateRun(TestRunner.java:648)
at org.testng.TestRunner.run(TestRunner.java:505)
at org.testng.SuiteRunner.runTest(SuiteRunner.java:455)
at org.testng.SuiteRunner.access$000(SuiteRunner.java:40)
at org.testng.SuiteRunner$SuiteWorker.run(SuiteRunner.java:489)
at org.testng.internal.thread.ThreadUtil$1.call(ThreadUtil.java:52)
at java.util.concurrent.FutureTask.run(FutureTask.java:266)
at java.util.concurrent.ThreadPoolExecutor.runWorker(ThreadPoolExecutor.java:1149)
at java.util.concurrent.ThreadPoolExecutor$Worker.run(ThreadPoolExecutor.java:624)
at java.lang.Thread.run(Thread.java:748)
]]>
            </full-stacktrace>
          </exception> <!-- java.lang.AssertionError -->
          <reporter-output>
          </reporter-output>
        </test-method> <!-- Qualification_contain_Special_Characters -->
        <test-method status="FAIL" signature="Qualification_contain_numbers()[pri:0, instance:com.mytest.Admission@1e88b3c]" name="Qualification_contain_numbers" duration-ms="198" started-at="2018-08-23T12:00:32Z" finished-at="2018-08-23T12:00:32Z">
          <exception class="java.lang.AssertionError">
            <message>
              <![CDATA[College Name Contains Numbers expected [true] but found [false]]]>
            </message>
            <full-stacktrace>
              <![CDATA[java.lang.AssertionError: College Name Contains Numbers expected [true] but found [false]
at org.testng.Assert.fail(Assert.java:96)
at org.testng.Assert.failNotEquals(Assert.java:776)
at org.testng.Assert.assertTrue(Assert.java:44)
at com.mytest.Admission.Qualification_contain_numbers(Admission.java:322)
at sun.reflect.NativeMethodAccessorImpl.invoke0(Native Method)
at sun.reflect.NativeMethodAccessorImpl.invoke(NativeMethodAccessorImpl.java:62)
at sun.reflect.DelegatingMethodAccessorImpl.invoke(DelegatingMethodAccessorImpl.java:43)
at java.lang.reflect.Method.invoke(Method.java:498)
at org.testng.internal.MethodInvocationHelper.invokeMethod(MethodInvocationHelper.java:124)
at org.testng.internal.Invoker.invokeMethod(Invoker.java:580)
at org.testng.internal.Invoker.invokeTestMethod(Invoker.java:716)
at org.testng.internal.Invoker.invokeTestMethods(Invoker.java:988)
at org.testng.internal.TestMethodWorker.invokeTestMethods(TestMethodWorker.java:125)
at org.testng.internal.TestMethodWorker.run(TestMethodWorker.java:109)
at org.testng.TestRunner.privateRun(TestRunner.java:648)
at org.testng.TestRunner.run(TestRunner.java:505)
at org.testng.SuiteRunner.runTest(SuiteRunner.java:455)
at org.testng.SuiteRunner.access$000(SuiteRunner.java:40)
at org.testng.SuiteRunner$SuiteWorker.run(SuiteRunner.java:489)
at org.testng.internal.thread.ThreadUtil$1.call(ThreadUtil.java:52)
at java.util.concurrent.FutureTask.run(FutureTask.java:266)
at java.util.concurrent.ThreadPoolExecutor.runWorker(ThreadPoolExecutor.java:1149)
at java.util.concurrent.ThreadPoolExecutor$Worker.run(ThreadPoolExecutor.java:624)
at java.lang.Thread.run(Thread.java:748)
]]>
            </full-stacktrace>
          </exception> <!-- java.lang.AssertionError -->
          <reporter-output>
          </reporter-output>
        </test-method> <!-- Qualification_contain_numbers -->
        <test-method status="PASS" signature="Qualification_contain_whitespaces()[pri:0, instance:com.mytest.Admission@1e88b3c]" name="Qualification_contain_whitespaces" duration-ms="169" started-at="2018-08-23T12:00:32Z" finished-at="2018-08-23T12:00:32Z">
          <reporter-output>
          </reporter-output>
        </test-method> <!-- Qualification_contain_whitespaces -->
        <test-method status="PASS" signature="Qualification_contain_alphabets()[pri:0, instance:com.mytest.Admission@1e88b3c]" name="Qualification_contain_alphabets" duration-ms="186" started-at="2018-08-23T12:00:32Z" finished-at="2018-08-23T12:00:33Z">
          <reporter-output>
          </reporter-output>
        </test-method> <!-- Qualification_contain_alphabets -->
        <test-method status="PASS" signature="Qualification_contain_whitespaces_at_begining()[pri:0, instance:com.mytest.Admission@1e88b3c]" name="Qualification_contain_whitespaces_at_begining" duration-ms="229" started-at="2018-08-23T12:00:33Z" finished-at="2018-08-23T12:00:33Z">
          <reporter-output>
          </reporter-output>
        </test-method> <!-- Qualification_contain_whitespaces_at_begining -->
        <test-method status="PASS" signature="Qualification_field_is_Blank()[pri:0, instance:com.mytest.Admission@1e88b3c]" name="Qualification_field_is_Blank" duration-ms="72" started-at="2018-08-23T12:00:33Z" finished-at="2018-08-23T12:00:33Z">
          <reporter-output>
          </reporter-output>
        </test-method> <!-- Qualification_field_is_Blank -->
        <test-method status="FAIL" signature="Aadharno_contain_special_characters()[pri:0, instance:com.mytest.Admission@1e88b3c]" name="Aadharno_contain_special_characters" duration-ms="190" started-at="2018-08-23T12:00:33Z" finished-at="2018-08-23T12:00:33Z">
          <exception class="java.lang.AssertionError">
            <message>
              <![CDATA[Aadhar No Contains Spaecial Characters expected [true] but found [false]]]>
            </message>
            <full-stacktrace>
              <![CDATA[java.lang.AssertionError: Aadhar No Contains Spaecial Characters expected [true] but found [false]
at org.testng.Assert.fail(Assert.java:96)
at org.testng.Assert.failNotEquals(Assert.java:776)
at org.testng.Assert.assertTrue(Assert.java:44)
at com.mytest.Admission.Aadharno_contain_special_characters(Admission.java:366)
at sun.reflect.NativeMethodAccessorImpl.invoke0(Native Method)
at sun.reflect.NativeMethodAccessorImpl.invoke(NativeMethodAccessorImpl.java:62)
at sun.reflect.DelegatingMethodAccessorImpl.invoke(DelegatingMethodAccessorImpl.java:43)
at java.lang.reflect.Method.invoke(Method.java:498)
at org.testng.internal.MethodInvocationHelper.invokeMethod(MethodInvocationHelper.java:124)
at org.testng.internal.Invoker.invokeMethod(Invoker.java:580)
at org.testng.internal.Invoker.invokeTestMethod(Invoker.java:716)
at org.testng.internal.Invoker.invokeTestMethods(Invoker.java:988)
at org.testng.internal.TestMethodWorker.invokeTestMethods(TestMethodWorker.java:125)
at org.testng.internal.TestMethodWorker.run(TestMethodWorker.java:109)
at org.testng.TestRunner.privateRun(TestRunner.java:648)
at org.testng.TestRunner.run(TestRunner.java:505)
at org.testng.SuiteRunner.runTest(SuiteRunner.java:455)
at org.testng.SuiteRunner.access$000(SuiteRunner.java:40)
at org.testng.SuiteRunner$SuiteWorker.run(SuiteRunner.java:489)
at org.testng.internal.thread.ThreadUtil$1.call(ThreadUtil.java:52)
at java.util.concurrent.FutureTask.run(FutureTask.java:266)
at java.util.concurrent.ThreadPoolExecutor.runWorker(ThreadPoolExecutor.java:1149)
at java.util.concurrent.ThreadPoolExecutor$Worker.run(ThreadPoolExecutor.java:624)
at java.lang.Thread.run(Thread.java:748)
]]>
            </full-stacktrace>
          </exception> <!-- java.lang.AssertionError -->
          <reporter-output>
          </reporter-output>
        </test-method> <!-- Aadharno_contain_special_characters -->
        <test-method status="PASS" signature="Aadharno_contain_numbers()[pri:0, instance:com.mytest.Admission@1e88b3c]" name="Aadharno_contain_numbers" duration-ms="213" started-at="2018-08-23T12:00:33Z" finished-at="2018-08-23T12:00:33Z">
          <reporter-output>
          </reporter-output>
        </test-method> <!-- Aadharno_contain_numbers -->
        <test-method status="PASS" signature="Aadharno_contain_alphabets()[pri:0, instance:com.mytest.Admission@1e88b3c]" name="Aadharno_contain_alphabets" duration-ms="164" started-at="2018-08-23T12:00:33Z" finished-at="2018-08-23T12:00:33Z">
          <reporter-output>
          </reporter-output>
        </test-method> <!-- Aadharno_contain_alphabets -->
        <test-method status="PASS" signature="Aadharno_contain_whitespaces_at_begining()[pri:0, instance:com.mytest.Admission@1e88b3c]" name="Aadharno_contain_whitespaces_at_begining" duration-ms="184" started-at="2018-08-23T12:00:33Z" finished-at="2018-08-23T12:00:34Z">
          <reporter-output>
          </reporter-output>
        </test-method> <!-- Aadharno_contain_whitespaces_at_begining -->
        <test-method status="FAIL" signature="Aadharno_contain_lessthan_12_numbers()[pri:0, instance:com.mytest.Admission@1e88b3c]" name="Aadharno_contain_lessthan_12_numbers" duration-ms="167" started-at="2018-08-23T12:00:34Z" finished-at="2018-08-23T12:00:34Z">
          <exception class="java.lang.AssertionError">
            <message>
              <![CDATA[Aadhar No Contains Less than 12 numbers expected [true] but found [false]]]>
            </message>
            <full-stacktrace>
              <![CDATA[java.lang.AssertionError: Aadhar No Contains Less than 12 numbers expected [true] but found [false]
at org.testng.Assert.fail(Assert.java:96)
at org.testng.Assert.failNotEquals(Assert.java:776)
at org.testng.Assert.assertTrue(Assert.java:44)
at com.mytest.Admission.Aadharno_contain_lessthan_12_numbers(Admission.java:411)
at sun.reflect.NativeMethodAccessorImpl.invoke0(Native Method)
at sun.reflect.NativeMethodAccessorImpl.invoke(NativeMethodAccessorImpl.java:62)
at sun.reflect.DelegatingMethodAccessorImpl.invoke(DelegatingMethodAccessorImpl.java:43)
at java.lang.reflect.Method.invoke(Method.java:498)
at org.testng.internal.MethodInvocationHelper.invokeMethod(MethodInvocationHelper.java:124)
at org.testng.internal.Invoker.invokeMethod(Invoker.java:580)
at org.testng.internal.Invoker.invokeTestMethod(Invoker.java:716)
at org.testng.internal.Invoker.invokeTestMethods(Invoker.java:988)
at org.testng.internal.TestMethodWorker.invokeTestMethods(TestMethodWorker.java:125)
at org.testng.internal.TestMethodWorker.run(TestMethodWorker.java:109)
at org.testng.TestRunner.privateRun(TestRunner.java:648)
at org.testng.TestRunner.run(TestRunner.java:505)
at org.testng.SuiteRunner.runTest(SuiteRunner.java:455)
at org.testng.SuiteRunner.access$000(SuiteRunner.java:40)
at org.testng.SuiteRunner$SuiteWorker.run(SuiteRunner.java:489)
at org.testng.internal.thread.ThreadUtil$1.call(ThreadUtil.java:52)
at java.util.concurrent.FutureTask.run(FutureTask.java:266)
at java.util.concurrent.ThreadPoolExecutor.runWorker(ThreadPoolExecutor.java:1149)
at java.util.concurrent.ThreadPoolExecutor$Worker.run(ThreadPoolExecutor.java:624)
at java.lang.Thread.run(Thread.java:748)
]]>
            </full-stacktrace>
          </exception> <!-- java.lang.AssertionError -->
          <reporter-output>
          </reporter-output>
        </test-method> <!-- Aadharno_contain_lessthan_12_numbers -->
        <test-method status="FAIL" signature="Aadharno_contain_greaterthan_12_numbers()[pri:0, instance:com.mytest.Admission@1e88b3c]" name="Aadharno_contain_greaterthan_12_numbers" duration-ms="202" started-at="2018-08-23T12:00:34Z" finished-at="2018-08-23T12:00:34Z">
          <exception class="java.lang.AssertionError">
            <message>
              <![CDATA[Aadhar No Contains Whitespaces at begining expected [true] but found [false]]]>
            </message>
            <full-stacktrace>
              <![CDATA[java.lang.AssertionError: Aadhar No Contains Whitespaces at begining expected [true] but found [false]
at org.testng.Assert.fail(Assert.java:96)
at org.testng.Assert.failNotEquals(Assert.java:776)
at org.testng.Assert.assertTrue(Assert.java:44)
at com.mytest.Admission.Aadharno_contain_greaterthan_12_numbers(Admission.java:420)
at sun.reflect.NativeMethodAccessorImpl.invoke0(Native Method)
at sun.reflect.NativeMethodAccessorImpl.invoke(NativeMethodAccessorImpl.java:62)
at sun.reflect.DelegatingMethodAccessorImpl.invoke(DelegatingMethodAccessorImpl.java:43)
at java.lang.reflect.Method.invoke(Method.java:498)
at org.testng.internal.MethodInvocationHelper.invokeMethod(MethodInvocationHelper.java:124)
at org.testng.internal.Invoker.invokeMethod(Invoker.java:580)
at org.testng.internal.Invoker.invokeTestMethod(Invoker.java:716)
at org.testng.internal.Invoker.invokeTestMethods(Invoker.java:988)
at org.testng.internal.TestMethodWorker.invokeTestMethods(TestMethodWorker.java:125)
at org.testng.internal.TestMethodWorker.run(TestMethodWorker.java:109)
at org.testng.TestRunner.privateRun(TestRunner.java:648)
at org.testng.TestRunner.run(TestRunner.java:505)
at org.testng.SuiteRunner.runTest(SuiteRunner.java:455)
at org.testng.SuiteRunner.access$000(SuiteRunner.java:40)
at org.testng.SuiteRunner$SuiteWorker.run(SuiteRunner.java:489)
at org.testng.internal.thread.ThreadUtil$1.call(ThreadUtil.java:52)
at java.util.concurrent.FutureTask.run(FutureTask.java:266)
at java.util.concurrent.ThreadPoolExecutor.runWorker(ThreadPoolExecutor.java:1149)
at java.util.concurrent.ThreadPoolExecutor$Worker.run(ThreadPoolExecutor.java:624)
at java.lang.Thread.run(Thread.java:748)
]]>
            </full-stacktrace>
          </exception> <!-- java.lang.AssertionError -->
          <reporter-output>
          </reporter-output>
        </test-method> <!-- Aadharno_contain_greaterthan_12_numbers -->
        <test-method status="PASS" signature="Birthdate_functionality()[pri:0, instance:com.mytest.Admission@1e88b3c]" name="Birthdate_functionality" duration-ms="1708" started-at="2018-08-23T12:00:34Z" finished-at="2018-08-23T12:00:36Z">
          <reporter-output>
          </reporter-output>
        </test-method> <!-- Birthdate_functionality -->
        <test-method status="FAIL" signature="Blank_Gender_field()[pri:0, instance:com.mytest.Admission@1e88b3c]" name="Blank_Gender_field" duration-ms="276" started-at="2018-08-23T12:00:36Z" finished-at="2018-08-23T12:00:36Z">
          <exception class="java.lang.AssertionError">
            <message>
              <![CDATA[Gender field is Blank expected [true] but found [false]]]>
            </message>
            <full-stacktrace>
              <![CDATA[java.lang.AssertionError: Gender field is Blank expected [true] but found [false]
at org.testng.Assert.fail(Assert.java:96)
at org.testng.Assert.failNotEquals(Assert.java:776)
at org.testng.Assert.assertTrue(Assert.java:44)
at com.mytest.Admission.Blank_Gender_field(Admission.java:440)
at sun.reflect.NativeMethodAccessorImpl.invoke0(Native Method)
at sun.reflect.NativeMethodAccessorImpl.invoke(NativeMethodAccessorImpl.java:62)
at sun.reflect.DelegatingMethodAccessorImpl.invoke(DelegatingMethodAccessorImpl.java:43)
at java.lang.reflect.Method.invoke(Method.java:498)
at org.testng.internal.MethodInvocationHelper.invokeMethod(MethodInvocationHelper.java:124)
at org.testng.internal.Invoker.invokeMethod(Invoker.java:580)
at org.testng.internal.Invoker.invokeTestMethod(Invoker.java:716)
at org.testng.internal.Invoker.invokeTestMethods(Invoker.java:988)
at org.testng.internal.TestMethodWorker.invokeTestMethods(TestMethodWorker.java:125)
at org.testng.internal.TestMethodWorker.run(TestMethodWorker.java:109)
at org.testng.TestRunner.privateRun(TestRunner.java:648)
at org.testng.TestRunner.run(TestRunner.java:505)
at org.testng.SuiteRunner.runTest(SuiteRunner.java:455)
at org.testng.SuiteRunner.access$000(SuiteRunner.java:40)
at org.testng.SuiteRunner$SuiteWorker.run(SuiteRunner.java:489)
at org.testng.internal.thread.ThreadUtil$1.call(ThreadUtil.java:52)
at java.util.concurrent.FutureTask.run(FutureTask.java:266)
at java.util.concurrent.ThreadPoolExecutor.runWorker(ThreadPoolExecutor.java:1149)
at java.util.concurrent.ThreadPoolExecutor$Worker.run(ThreadPoolExecutor.java:624)
at java.lang.Thread.run(Thread.java:748)
]]>
            </full-stacktrace>
          </exception> <!-- java.lang.AssertionError -->
          <reporter-output>
          </reporter-output>
        </test-method> <!-- Blank_Gender_field -->
        <test-method status="PASS" signature="Gender_functionality()[pri:0, instance:com.mytest.Admission@1e88b3c]" name="Gender_functionality" duration-ms="173" started-at="2018-08-23T12:00:36Z" finished-at="2018-08-23T12:00:36Z">
          <reporter-output>
          </reporter-output>
        </test-method> <!-- Gender_functionality -->
        <test-method status="PASS" signature="PersonalInfo_next_button_functionality()[pri:0, instance:com.mytest.Admission@1e88b3c]" name="PersonalInfo_next_button_functionality" duration-ms="6216" started-at="2018-08-23T12:00:36Z" finished-at="2018-08-23T12:00:42Z">
          <reporter-output>
          </reporter-output>
        </test-method> <!-- PersonalInfo_next_button_functionality -->
        <test-method status="FAIL" signature="Primary_mobno_contain_special_characters()[pri:0, instance:com.mytest.Admission@1e88b3c]" name="Primary_mobno_contain_special_characters" duration-ms="346" started-at="2018-08-23T12:00:42Z" finished-at="2018-08-23T12:00:43Z">
          <exception class="java.lang.AssertionError">
            <message>
              <![CDATA[Primary Mobile No Contains Spaecial Characters expected [true] but found [false]]]>
            </message>
            <full-stacktrace>
              <![CDATA[java.lang.AssertionError: Primary Mobile No Contains Spaecial Characters expected [true] but found [false]
at org.testng.Assert.fail(Assert.java:96)
at org.testng.Assert.failNotEquals(Assert.java:776)
at org.testng.Assert.assertTrue(Assert.java:44)
at com.mytest.Admission.Primary_mobno_contain_special_characters(Admission.java:477)
at sun.reflect.NativeMethodAccessorImpl.invoke0(Native Method)
at sun.reflect.NativeMethodAccessorImpl.invoke(NativeMethodAccessorImpl.java:62)
at sun.reflect.DelegatingMethodAccessorImpl.invoke(DelegatingMethodAccessorImpl.java:43)
at java.lang.reflect.Method.invoke(Method.java:498)
at org.testng.internal.MethodInvocationHelper.invokeMethod(MethodInvocationHelper.java:124)
at org.testng.internal.Invoker.invokeMethod(Invoker.java:580)
at org.testng.internal.Invoker.invokeTestMethod(Invoker.java:716)
at org.testng.internal.Invoker.invokeTestMethods(Invoker.java:988)
at org.testng.internal.TestMethodWorker.invokeTestMethods(TestMethodWorker.java:125)
at org.testng.internal.TestMethodWorker.run(TestMethodWorker.java:109)
at org.testng.TestRunner.privateRun(TestRunner.java:648)
at org.testng.TestRunner.run(TestRunner.java:505)
at org.testng.SuiteRunner.runTest(SuiteRunner.java:455)
at org.testng.SuiteRunner.access$000(SuiteRunner.java:40)
at org.testng.SuiteRunner$SuiteWorker.run(SuiteRunner.java:489)
at org.testng.internal.thread.ThreadUtil$1.call(ThreadUtil.java:52)
at java.util.concurrent.FutureTask.run(FutureTask.java:266)
at java.util.concurrent.ThreadPoolExecutor.runWorker(ThreadPoolExecutor.java:1149)
at java.util.concurrent.ThreadPoolExecutor$Worker.run(ThreadPoolExecutor.java:624)
at java.lang.Thread.run(Thread.java:748)
]]>
            </full-stacktrace>
          </exception> <!-- java.lang.AssertionError -->
          <reporter-output>
          </reporter-output>
        </test-method> <!-- Primary_mobno_contain_special_characters -->
        <test-method status="PASS" signature="Primary_mobno_contain_numbers()[pri:0, instance:com.mytest.Admission@1e88b3c]" name="Primary_mobno_contain_numbers" duration-ms="213" started-at="2018-08-23T12:00:43Z" finished-at="2018-08-23T12:00:43Z">
          <reporter-output>
          </reporter-output>
        </test-method> <!-- Primary_mobno_contain_numbers -->
        <test-method status="PASS" signature="Primary_mobno_contain_whitespaces()[pri:0, instance:com.mytest.Admission@1e88b3c]" name="Primary_mobno_contain_whitespaces" duration-ms="234" started-at="2018-08-23T12:00:43Z" finished-at="2018-08-23T12:00:43Z">
          <reporter-output>
          </reporter-output>
        </test-method> <!-- Primary_mobno_contain_whitespaces -->
        <test-method status="PASS" signature="Primary_mobno_contain_alphabets()[pri:0, instance:com.mytest.Admission@1e88b3c]" name="Primary_mobno_contain_alphabets" duration-ms="241" started-at="2018-08-23T12:00:43Z" finished-at="2018-08-23T12:00:43Z">
          <reporter-output>
          </reporter-output>
        </test-method> <!-- Primary_mobno_contain_alphabets -->
        <test-method status="PASS" signature="Primary_mobno_contain_whitespaces_at_begining()[pri:0, instance:com.mytest.Admission@1e88b3c]" name="Primary_mobno_contain_whitespaces_at_begining" duration-ms="180" started-at="2018-08-23T12:00:43Z" finished-at="2018-08-23T12:00:44Z">
          <reporter-output>
          </reporter-output>
        </test-method> <!-- Primary_mobno_contain_whitespaces_at_begining -->
        <test-method status="PASS" signature="Primary_mobno_field_is_Blank()[pri:0, instance:com.mytest.Admission@1e88b3c]" name="Primary_mobno_field_is_Blank" duration-ms="58" started-at="2018-08-23T12:00:44Z" finished-at="2018-08-23T12:00:44Z">
          <reporter-output>
          </reporter-output>
        </test-method> <!-- Primary_mobno_field_is_Blank -->
        <test-method status="FAIL" signature="Primary_mobno_contain_lessthan_10_numbers()[pri:0, instance:com.mytest.Admission@1e88b3c]" name="Primary_mobno_contain_lessthan_10_numbers" duration-ms="178" started-at="2018-08-23T12:00:44Z" finished-at="2018-08-23T12:00:44Z">
          <exception class="java.lang.AssertionError">
            <message>
              <![CDATA[Primary Mobile No Contains Less than 10 numbers expected [true] but found [false]]]>
            </message>
            <full-stacktrace>
              <![CDATA[java.lang.AssertionError: Primary Mobile No Contains Less than 10 numbers expected [true] but found [false]
at org.testng.Assert.fail(Assert.java:96)
at org.testng.Assert.failNotEquals(Assert.java:776)
at org.testng.Assert.assertTrue(Assert.java:44)
at com.mytest.Admission.Primary_mobno_contain_lessthan_10_numbers(Admission.java:539)
at sun.reflect.NativeMethodAccessorImpl.invoke0(Native Method)
at sun.reflect.NativeMethodAccessorImpl.invoke(NativeMethodAccessorImpl.java:62)
at sun.reflect.DelegatingMethodAccessorImpl.invoke(DelegatingMethodAccessorImpl.java:43)
at java.lang.reflect.Method.invoke(Method.java:498)
at org.testng.internal.MethodInvocationHelper.invokeMethod(MethodInvocationHelper.java:124)
at org.testng.internal.Invoker.invokeMethod(Invoker.java:580)
at org.testng.internal.Invoker.invokeTestMethod(Invoker.java:716)
at org.testng.internal.Invoker.invokeTestMethods(Invoker.java:988)
at org.testng.internal.TestMethodWorker.invokeTestMethods(TestMethodWorker.java:125)
at org.testng.internal.TestMethodWorker.run(TestMethodWorker.java:109)
at org.testng.TestRunner.privateRun(TestRunner.java:648)
at org.testng.TestRunner.run(TestRunner.java:505)
at org.testng.SuiteRunner.runTest(SuiteRunner.java:455)
at org.testng.SuiteRunner.access$000(SuiteRunner.java:40)
at org.testng.SuiteRunner$SuiteWorker.run(SuiteRunner.java:489)
at org.testng.internal.thread.ThreadUtil$1.call(ThreadUtil.java:52)
at java.util.concurrent.FutureTask.run(FutureTask.java:266)
at java.util.concurrent.ThreadPoolExecutor.runWorker(ThreadPoolExecutor.java:1149)
at java.util.concurrent.ThreadPoolExecutor$Worker.run(ThreadPoolExecutor.java:624)
at java.lang.Thread.run(Thread.java:748)
]]>
            </full-stacktrace>
          </exception> <!-- java.lang.AssertionError -->
          <reporter-output>
          </reporter-output>
        </test-method> <!-- Primary_mobno_contain_lessthan_10_numbers -->
        <test-method status="PASS" signature="Primary_mobno_contain_greaterthan_10_numbers()[pri:0, instance:com.mytest.Admission@1e88b3c]" name="Primary_mobno_contain_greaterthan_10_numbers" duration-ms="223" started-at="2018-08-23T12:00:44Z" finished-at="2018-08-23T12:00:44Z">
          <reporter-output>
          </reporter-output>
        </test-method> <!-- Primary_mobno_contain_greaterthan_10_numbers -->
        <test-method status="FAIL" signature="Secondary_mobno_contain_special_characters()[pri:0, instance:com.mytest.Admission@1e88b3c]" name="Secondary_mobno_contain_special_characters" duration-ms="328" started-at="2018-08-23T12:00:44Z" finished-at="2018-08-23T12:00:44Z">
          <exception class="java.lang.AssertionError">
            <message>
              <![CDATA[Secondary Mobile No Contains Spaecial Characters expected [true] but found [false]]]>
            </message>
            <full-stacktrace>
              <![CDATA[java.lang.AssertionError: Secondary Mobile No Contains Spaecial Characters expected [true] but found [false]
at org.testng.Assert.fail(Assert.java:96)
at org.testng.Assert.failNotEquals(Assert.java:776)
at org.testng.Assert.assertTrue(Assert.java:44)
at com.mytest.Admission.Secondary_mobno_contain_special_characters(Admission.java:558)
at sun.reflect.NativeMethodAccessorImpl.invoke0(Native Method)
at sun.reflect.NativeMethodAccessorImpl.invoke(NativeMethodAccessorImpl.java:62)
at sun.reflect.DelegatingMethodAccessorImpl.invoke(DelegatingMethodAccessorImpl.java:43)
at java.lang.reflect.Method.invoke(Method.java:498)
at org.testng.internal.MethodInvocationHelper.invokeMethod(MethodInvocationHelper.java:124)
at org.testng.internal.Invoker.invokeMethod(Invoker.java:580)
at org.testng.internal.Invoker.invokeTestMethod(Invoker.java:716)
at org.testng.internal.Invoker.invokeTestMethods(Invoker.java:988)
at org.testng.internal.TestMethodWorker.invokeTestMethods(TestMethodWorker.java:125)
at org.testng.internal.TestMethodWorker.run(TestMethodWorker.java:109)
at org.testng.TestRunner.privateRun(TestRunner.java:648)
at org.testng.TestRunner.run(TestRunner.java:505)
at org.testng.SuiteRunner.runTest(SuiteRunner.java:455)
at org.testng.SuiteRunner.access$000(SuiteRunner.java:40)
at org.testng.SuiteRunner$SuiteWorker.run(SuiteRunner.java:489)
at org.testng.internal.thread.ThreadUtil$1.call(ThreadUtil.java:52)
at java.util.concurrent.FutureTask.run(FutureTask.java:266)
at java.util.concurrent.ThreadPoolExecutor.runWorker(ThreadPoolExecutor.java:1149)
at java.util.concurrent.ThreadPoolExecutor$Worker.run(ThreadPoolExecutor.java:624)
at java.lang.Thread.run(Thread.java:748)
]]>
            </full-stacktrace>
          </exception> <!-- java.lang.AssertionError -->
          <reporter-output>
          </reporter-output>
        </test-method> <!-- Secondary_mobno_contain_special_characters -->
        <test-method status="PASS" signature="Secondary_mobno_contain_numbers()[pri:0, instance:com.mytest.Admission@1e88b3c]" name="Secondary_mobno_contain_numbers" duration-ms="305" started-at="2018-08-23T12:00:44Z" finished-at="2018-08-23T12:00:45Z">
          <reporter-output>
          </reporter-output>
        </test-method> <!-- Secondary_mobno_contain_numbers -->
        <test-method status="PASS" signature="Secondary_mobno_contain_whitespaces()[pri:0, instance:com.mytest.Admission@1e88b3c]" name="Secondary_mobno_contain_whitespaces" duration-ms="274" started-at="2018-08-23T12:00:45Z" finished-at="2018-08-23T12:00:45Z">
          <reporter-output>
          </reporter-output>
        </test-method> <!-- Secondary_mobno_contain_whitespaces -->
        <test-method status="PASS" signature="Secondary_mobno_contain_alphabets()[pri:0, instance:com.mytest.Admission@1e88b3c]" name="Secondary_mobno_contain_alphabets" duration-ms="123" started-at="2018-08-23T12:00:45Z" finished-at="2018-08-23T12:00:45Z">
          <reporter-output>
          </reporter-output>
        </test-method> <!-- Secondary_mobno_contain_alphabets -->
        <test-method status="PASS" signature="Secondary_mobno_contain_whitespaces_at_begining()[pri:0, instance:com.mytest.Admission@1e88b3c]" name="Secondary_mobno_contain_whitespaces_at_begining" duration-ms="200" started-at="2018-08-23T12:00:45Z" finished-at="2018-08-23T12:00:45Z">
          <reporter-output>
          </reporter-output>
        </test-method> <!-- Secondary_mobno_contain_whitespaces_at_begining -->
        <test-method status="PASS" signature="Secondary_mobno_contain_greaterthan_10_numbers()[pri:0, instance:com.mytest.Admission@1e88b3c]" name="Secondary_mobno_contain_greaterthan_10_numbers" duration-ms="225" started-at="2018-08-23T12:00:45Z" finished-at="2018-08-23T12:00:46Z">
          <reporter-output>
          </reporter-output>
        </test-method> <!-- Secondary_mobno_contain_greaterthan_10_numbers -->
        <test-method status="FAIL" signature="Secondary_mobno_contain_lessthan_10_numbers()[pri:0, instance:com.mytest.Admission@1e88b3c]" name="Secondary_mobno_contain_lessthan_10_numbers" duration-ms="215" started-at="2018-08-23T12:00:46Z" finished-at="2018-08-23T12:00:46Z">
          <exception class="java.lang.AssertionError">
            <message>
              <![CDATA[Secondary Mobile No Contains Less than 10 numbers expected [true] but found [false]]]>
            </message>
            <full-stacktrace>
              <![CDATA[java.lang.AssertionError: Secondary Mobile No Contains Less than 10 numbers expected [true] but found [false]
at org.testng.Assert.fail(Assert.java:96)
at org.testng.Assert.failNotEquals(Assert.java:776)
at org.testng.Assert.assertTrue(Assert.java:44)
at com.mytest.Admission.Secondary_mobno_contain_lessthan_10_numbers(Admission.java:612)
at sun.reflect.NativeMethodAccessorImpl.invoke0(Native Method)
at sun.reflect.NativeMethodAccessorImpl.invoke(NativeMethodAccessorImpl.java:62)
at sun.reflect.DelegatingMethodAccessorImpl.invoke(DelegatingMethodAccessorImpl.java:43)
at java.lang.reflect.Method.invoke(Method.java:498)
at org.testng.internal.MethodInvocationHelper.invokeMethod(MethodInvocationHelper.java:124)
at org.testng.internal.Invoker.invokeMethod(Invoker.java:580)
at org.testng.internal.Invoker.invokeTestMethod(Invoker.java:716)
at org.testng.internal.Invoker.invokeTestMethods(Invoker.java:988)
at org.testng.internal.TestMethodWorker.invokeTestMethods(TestMethodWorker.java:125)
at org.testng.internal.TestMethodWorker.run(TestMethodWorker.java:109)
at org.testng.TestRunner.privateRun(TestRunner.java:648)
at org.testng.TestRunner.run(TestRunner.java:505)
at org.testng.SuiteRunner.runTest(SuiteRunner.java:455)
at org.testng.SuiteRunner.access$000(SuiteRunner.java:40)
at org.testng.SuiteRunner$SuiteWorker.run(SuiteRunner.java:489)
at org.testng.internal.thread.ThreadUtil$1.call(ThreadUtil.java:52)
at java.util.concurrent.FutureTask.run(FutureTask.java:266)
at java.util.concurrent.ThreadPoolExecutor.runWorker(ThreadPoolExecutor.java:1149)
at java.util.concurrent.ThreadPoolExecutor$Worker.run(ThreadPoolExecutor.java:624)
at java.lang.Thread.run(Thread.java:748)
]]>
            </full-stacktrace>
          </exception> <!-- java.lang.AssertionError -->
          <reporter-output>
          </reporter-output>
        </test-method> <!-- Secondary_mobno_contain_lessthan_10_numbers -->
        <test-method status="PASS" signature="Primary_email_contain_whitespaces()[pri:0, instance:com.mytest.Admission@1e88b3c]" name="Primary_email_contain_whitespaces" duration-ms="7579" started-at="2018-08-23T12:00:46Z" finished-at="2018-08-23T12:00:53Z">
          <reporter-output>
          </reporter-output>
        </test-method> <!-- Primary_email_contain_whitespaces -->
        <test-method status="PASS" signature="Primary_email_valid()[pri:0, instance:com.mytest.Admission@1e88b3c]" name="Primary_email_valid" duration-ms="260" started-at="2018-08-23T12:00:53Z" finished-at="2018-08-23T12:00:54Z">
          <reporter-output>
          </reporter-output>
        </test-method> <!-- Primary_email_valid -->
        <test-method status="FAIL" signature="Primary_email_contain_whitespaces_at_begining()[pri:0, instance:com.mytest.Admission@1e88b3c]" name="Primary_email_contain_whitespaces_at_begining" duration-ms="1346" started-at="2018-08-23T12:00:54Z" finished-at="2018-08-23T12:00:55Z">
          <exception class="java.lang.AssertionError">
            <message>
              <![CDATA[Primary Email contain Whitespaces at Begining expected [true] but found [false]]]>
            </message>
            <full-stacktrace>
              <![CDATA[java.lang.AssertionError: Primary Email contain Whitespaces at Begining expected [true] but found [false]
at org.testng.Assert.fail(Assert.java:96)
at org.testng.Assert.failNotEquals(Assert.java:776)
at org.testng.Assert.assertTrue(Assert.java:44)
at com.mytest.Admission.Primary_email_contain_whitespaces_at_begining(Admission.java:655)
at sun.reflect.NativeMethodAccessorImpl.invoke0(Native Method)
at sun.reflect.NativeMethodAccessorImpl.invoke(NativeMethodAccessorImpl.java:62)
at sun.reflect.DelegatingMethodAccessorImpl.invoke(DelegatingMethodAccessorImpl.java:43)
at java.lang.reflect.Method.invoke(Method.java:498)
at org.testng.internal.MethodInvocationHelper.invokeMethod(MethodInvocationHelper.java:124)
at org.testng.internal.Invoker.invokeMethod(Invoker.java:580)
at org.testng.internal.Invoker.invokeTestMethod(Invoker.java:716)
at org.testng.internal.Invoker.invokeTestMethods(Invoker.java:988)
at org.testng.internal.TestMethodWorker.invokeTestMethods(TestMethodWorker.java:125)
at org.testng.internal.TestMethodWorker.run(TestMethodWorker.java:109)
at org.testng.TestRunner.privateRun(TestRunner.java:648)
at org.testng.TestRunner.run(TestRunner.java:505)
at org.testng.SuiteRunner.runTest(SuiteRunner.java:455)
at org.testng.SuiteRunner.access$000(SuiteRunner.java:40)
at org.testng.SuiteRunner$SuiteWorker.run(SuiteRunner.java:489)
at org.testng.internal.thread.ThreadUtil$1.call(ThreadUtil.java:52)
at java.util.concurrent.FutureTask.run(FutureTask.java:266)
at java.util.concurrent.ThreadPoolExecutor.runWorker(ThreadPoolExecutor.java:1149)
at java.util.concurrent.ThreadPoolExecutor$Worker.run(ThreadPoolExecutor.java:624)
at java.lang.Thread.run(Thread.java:748)
]]>
            </full-stacktrace>
          </exception> <!-- java.lang.AssertionError -->
          <reporter-output>
          </reporter-output>
        </test-method> <!-- Primary_email_contain_whitespaces_at_begining -->
        <test-method status="PASS" signature="Primary_email_field_is_Blank()[pri:0, instance:com.mytest.Admission@1e88b3c]" name="Primary_email_field_is_Blank" duration-ms="5578" started-at="2018-08-23T12:00:55Z" finished-at="2018-08-23T12:01:01Z">
          <reporter-output>
          </reporter-output>
        </test-method> <!-- Primary_email_field_is_Blank -->
        <test-method status="PASS" signature="Secondary_email_contain_whitespaces()[pri:0, instance:com.mytest.Admission@1e88b3c]" name="Secondary_email_contain_whitespaces" duration-ms="11779" started-at="2018-08-23T12:01:01Z" finished-at="2018-08-23T12:01:12Z">
          <reporter-output>
          </reporter-output>
        </test-method> <!-- Secondary_email_contain_whitespaces -->
        <test-method status="PASS" signature="Secondary_email_valid()[pri:0, instance:com.mytest.Admission@1e88b3c]" name="Secondary_email_valid" duration-ms="248" started-at="2018-08-23T12:01:12Z" finished-at="2018-08-23T12:01:13Z">
          <reporter-output>
          </reporter-output>
        </test-method> <!-- Secondary_email_valid -->
        <test-method status="FAIL" signature="Secondary_email_contain_whitespaces_at_begining()[pri:0, instance:com.mytest.Admission@1e88b3c]" name="Secondary_email_contain_whitespaces_at_begining" duration-ms="1341" started-at="2018-08-23T12:01:13Z" finished-at="2018-08-23T12:01:14Z">
          <exception class="java.lang.AssertionError">
            <message>
              <![CDATA[Secondary Email contain Whitespaces at Begining expected [true] but found [false]]]>
            </message>
            <full-stacktrace>
              <![CDATA[java.lang.AssertionError: Secondary Email contain Whitespaces at Begining expected [true] but found [false]
at org.testng.Assert.fail(Assert.java:96)
at org.testng.Assert.failNotEquals(Assert.java:776)
at org.testng.Assert.assertTrue(Assert.java:44)
at com.mytest.Admission.Secondary_email_contain_whitespaces_at_begining(Admission.java:708)
at sun.reflect.NativeMethodAccessorImpl.invoke0(Native Method)
at sun.reflect.NativeMethodAccessorImpl.invoke(NativeMethodAccessorImpl.java:62)
at sun.reflect.DelegatingMethodAccessorImpl.invoke(DelegatingMethodAccessorImpl.java:43)
at java.lang.reflect.Method.invoke(Method.java:498)
at org.testng.internal.MethodInvocationHelper.invokeMethod(MethodInvocationHelper.java:124)
at org.testng.internal.Invoker.invokeMethod(Invoker.java:580)
at org.testng.internal.Invoker.invokeTestMethod(Invoker.java:716)
at org.testng.internal.Invoker.invokeTestMethods(Invoker.java:988)
at org.testng.internal.TestMethodWorker.invokeTestMethods(TestMethodWorker.java:125)
at org.testng.internal.TestMethodWorker.run(TestMethodWorker.java:109)
at org.testng.TestRunner.privateRun(TestRunner.java:648)
at org.testng.TestRunner.run(TestRunner.java:505)
at org.testng.SuiteRunner.runTest(SuiteRunner.java:455)
at org.testng.SuiteRunner.access$000(SuiteRunner.java:40)
at org.testng.SuiteRunner$SuiteWorker.run(SuiteRunner.java:489)
at org.testng.internal.thread.ThreadUtil$1.call(ThreadUtil.java:52)
at java.util.concurrent.FutureTask.run(FutureTask.java:266)
at java.util.concurrent.ThreadPoolExecutor.runWorker(ThreadPoolExecutor.java:1149)
at java.util.concurrent.ThreadPoolExecutor$Worker.run(ThreadPoolExecutor.java:624)
at java.lang.Thread.run(Thread.java:748)
]]>
            </full-stacktrace>
          </exception> <!-- java.lang.AssertionError -->
          <reporter-output>
          </reporter-output>
        </test-method> <!-- Secondary_email_contain_whitespaces_at_begining -->
        <test-method status="PASS" signature="Valid_current_address()[pri:0, instance:com.mytest.Admission@1e88b3c]" name="Valid_current_address" duration-ms="500" started-at="2018-08-23T12:01:14Z" finished-at="2018-08-23T12:01:14Z">
          <reporter-output>
          </reporter-output>
        </test-method> <!-- Valid_current_address -->
        <test-method status="PASS" signature="Blank_current_address()[pri:0, instance:com.mytest.Admission@1e88b3c]" name="Blank_current_address" duration-ms="8237" started-at="2018-08-23T12:01:14Z" finished-at="2018-08-23T12:01:23Z">
          <reporter-output>
          </reporter-output>
        </test-method> <!-- Blank_current_address -->
        <test-method status="PASS" signature="Valid_permanent_address()[pri:0, instance:com.mytest.Admission@1e88b3c]" name="Valid_permanent_address" duration-ms="1060" started-at="2018-08-23T12:01:23Z" finished-at="2018-08-23T12:01:24Z">
          <reporter-output>
          </reporter-output>
        </test-method> <!-- Valid_permanent_address -->
        <test-method status="PASS" signature="Pincode_currentaddress_field_is_Blank()[pri:0, instance:com.mytest.Admission@1e88b3c]" name="Pincode_currentaddress_field_is_Blank" duration-ms="125" started-at="2018-08-23T12:01:24Z" finished-at="2018-08-23T12:01:24Z">
          <reporter-output>
          </reporter-output>
        </test-method> <!-- Pincode_currentaddress_field_is_Blank -->
        <test-method status="FAIL" signature="Pincode_currentaddress_contain_special_characters()[pri:0, instance:com.mytest.Admission@1e88b3c]" name="Pincode_currentaddress_contain_special_characters" duration-ms="218" started-at="2018-08-23T12:01:24Z" finished-at="2018-08-23T12:01:24Z">
          <exception class="java.lang.AssertionError">
            <message>
              <![CDATA[Pincode No Contains Spaecial Characters expected [true] but found [false]]]>
            </message>
            <full-stacktrace>
              <![CDATA[java.lang.AssertionError: Pincode No Contains Spaecial Characters expected [true] but found [false]
at org.testng.Assert.fail(Assert.java:96)
at org.testng.Assert.failNotEquals(Assert.java:776)
at org.testng.Assert.assertTrue(Assert.java:44)
at com.mytest.Admission.Pincode_currentaddress_contain_special_characters(Admission.java:751)
at sun.reflect.NativeMethodAccessorImpl.invoke0(Native Method)
at sun.reflect.NativeMethodAccessorImpl.invoke(NativeMethodAccessorImpl.java:62)
at sun.reflect.DelegatingMethodAccessorImpl.invoke(DelegatingMethodAccessorImpl.java:43)
at java.lang.reflect.Method.invoke(Method.java:498)
at org.testng.internal.MethodInvocationHelper.invokeMethod(MethodInvocationHelper.java:124)
at org.testng.internal.Invoker.invokeMethod(Invoker.java:580)
at org.testng.internal.Invoker.invokeTestMethod(Invoker.java:716)
at org.testng.internal.Invoker.invokeTestMethods(Invoker.java:988)
at org.testng.internal.TestMethodWorker.invokeTestMethods(TestMethodWorker.java:125)
at org.testng.internal.TestMethodWorker.run(TestMethodWorker.java:109)
at org.testng.TestRunner.privateRun(TestRunner.java:648)
at org.testng.TestRunner.run(TestRunner.java:505)
at org.testng.SuiteRunner.runTest(SuiteRunner.java:455)
at org.testng.SuiteRunner.access$000(SuiteRunner.java:40)
at org.testng.SuiteRunner$SuiteWorker.run(SuiteRunner.java:489)
at org.testng.internal.thread.ThreadUtil$1.call(ThreadUtil.java:52)
at java.util.concurrent.FutureTask.run(FutureTask.java:266)
at java.util.concurrent.ThreadPoolExecutor.runWorker(ThreadPoolExecutor.java:1149)
at java.util.concurrent.ThreadPoolExecutor$Worker.run(ThreadPoolExecutor.java:624)
at java.lang.Thread.run(Thread.java:748)
]]>
            </full-stacktrace>
          </exception> <!-- java.lang.AssertionError -->
          <reporter-output>
          </reporter-output>
        </test-method> <!-- Pincode_currentaddress_contain_special_characters -->
        <test-method status="PASS" signature="Pincode_currentaddress_contain_numbers()[pri:0, instance:com.mytest.Admission@1e88b3c]" name="Pincode_currentaddress_contain_numbers" duration-ms="176" started-at="2018-08-23T12:01:24Z" finished-at="2018-08-23T12:01:24Z">
          <reporter-output>
          </reporter-output>
        </test-method> <!-- Pincode_currentaddress_contain_numbers -->
        <test-method status="PASS" signature="Pincode_currentaddress_contain_whitespaces()[pri:0, instance:com.mytest.Admission@1e88b3c]" name="Pincode_currentaddress_contain_whitespaces" duration-ms="182" started-at="2018-08-23T12:01:24Z" finished-at="2018-08-23T12:01:24Z">
          <reporter-output>
          </reporter-output>
        </test-method> <!-- Pincode_currentaddress_contain_whitespaces -->
        <test-method status="PASS" signature="Pincode_currentaddress_contain_alphabets()[pri:0, instance:com.mytest.Admission@1e88b3c]" name="Pincode_currentaddress_contain_alphabets" duration-ms="174" started-at="2018-08-23T12:01:24Z" finished-at="2018-08-23T12:01:25Z">
          <reporter-output>
          </reporter-output>
        </test-method> <!-- Pincode_currentaddress_contain_alphabets -->
        <test-method status="PASS" signature="Pincode_currentaddress_contain_whitespaces_at_begining()[pri:0, instance:com.mytest.Admission@1e88b3c]" name="Pincode_currentaddress_contain_whitespaces_at_begining" duration-ms="193" started-at="2018-08-23T12:01:25Z" finished-at="2018-08-23T12:01:25Z">
          <reporter-output>
          </reporter-output>
        </test-method> <!-- Pincode_currentaddress_contain_whitespaces_at_begining -->
        <test-method status="PASS" signature="Pincode_currentaddress_contain_morethan_6_numbers()[pri:0, instance:com.mytest.Admission@1e88b3c]" name="Pincode_currentaddress_contain_morethan_6_numbers" duration-ms="175" started-at="2018-08-23T12:01:25Z" finished-at="2018-08-23T12:01:25Z">
          <reporter-output>
          </reporter-output>
        </test-method> <!-- Pincode_currentaddress_contain_morethan_6_numbers -->
        <test-method status="FAIL" signature="Pincode_currentaddress_contain_lessthan_6_numbers()[pri:0, instance:com.mytest.Admission@1e88b3c]" name="Pincode_currentaddress_contain_lessthan_6_numbers" duration-ms="16943" started-at="2018-08-23T12:01:25Z" finished-at="2018-08-23T12:01:42Z">
          <exception class="org.openqa.selenium.NoSuchElementException">
            <message>
              <![CDATA[no such element: Unable to locate element: {"method":"xpath","selector":"//*[@id="parsley-id-36"]/li"}
  (Session info: chrome=68.0.3440.106)
  (Driver info: chromedriver=2.40.565498 (ea082db3280dd6843ebfb08a625e3eb905c4f5ab),platform=Windows NT 6.1.7601 SP1 x86_64) (WARNING: The server did not provide any stacktrace information)
Command duration or timeout: 0 milliseconds
For documentation on this error, please visit: http://seleniumhq.org/exceptions/no_such_element.html
Build info: version: '3.13.0', revision: '2f0d292', time: '2018-06-25T15:32:14.902Z'
System info: host: 'TESTER-PC', ip: '192.168.0.104', os.name: 'Windows 7', os.arch: 'amd64', os.version: '6.1', java.version: '1.8.0_181'
Driver info: org.openqa.selenium.chrome.ChromeDriver
Capabilities {acceptInsecureCerts: false, acceptSslCerts: false, applicationCacheEnabled: false, browserConnectionEnabled: false, browserName: chrome, chrome: {chromedriverVersion: 2.40.565498 (ea082db3280dd6..., userDataDir: C:\Users\Tester\AppData\Loc...}, cssSelectorsEnabled: true, databaseEnabled: false, handlesAlerts: true, hasTouchScreen: false, javascriptEnabled: true, locationContextEnabled: true, mobileEmulationEnabled: false, nativeEvents: true, networkConnectionEnabled: false, pageLoadStrategy: normal, platform: XP, platformName: XP, rotatable: false, setWindowRect: true, takesHeapSnapshot: true, takesScreenshot: true, unexpectedAlertBehaviour: , unhandledPromptBehavior: , version: 68.0.3440.106, webStorageEnabled: true}
Session ID: 0da9bbd829a4c18b2d16a7e52761edb7
*** Element info: {Using=xpath, value=//*[@id="parsley-id-36"]/li}]]>
            </message>
            <full-stacktrace>
              <![CDATA[org.openqa.selenium.NoSuchElementException: no such element: Unable to locate element: {"method":"xpath","selector":"//*[@id="parsley-id-36"]/li"}
  (Session info: chrome=68.0.3440.106)
  (Driver info: chromedriver=2.40.565498 (ea082db3280dd6843ebfb08a625e3eb905c4f5ab),platform=Windows NT 6.1.7601 SP1 x86_64) (WARNING: The server did not provide any stacktrace information)
Command duration or timeout: 0 milliseconds
For documentation on this error, please visit: http://seleniumhq.org/exceptions/no_such_element.html
Build info: version: '3.13.0', revision: '2f0d292', time: '2018-06-25T15:32:14.902Z'
System info: host: 'TESTER-PC', ip: '192.168.0.104', os.name: 'Windows 7', os.arch: 'amd64', os.version: '6.1', java.version: '1.8.0_181'
Driver info: org.openqa.selenium.chrome.ChromeDriver
Capabilities {acceptInsecureCerts: false, acceptSslCerts: false, applicationCacheEnabled: false, browserConnectionEnabled: false, browserName: chrome, chrome: {chromedriverVersion: 2.40.565498 (ea082db3280dd6..., userDataDir: C:\Users\Tester\AppData\Loc...}, cssSelectorsEnabled: true, databaseEnabled: false, handlesAlerts: true, hasTouchScreen: false, javascriptEnabled: true, locationContextEnabled: true, mobileEmulationEnabled: false, nativeEvents: true, networkConnectionEnabled: false, pageLoadStrategy: normal, platform: XP, platformName: XP, rotatable: false, setWindowRect: true, takesHeapSnapshot: true, takesScreenshot: true, unexpectedAlertBehaviour: , unhandledPromptBehavior: , version: 68.0.3440.106, webStorageEnabled: true}
Session ID: 0da9bbd829a4c18b2d16a7e52761edb7
*** Element info: {Using=xpath, value=//*[@id="parsley-id-36"]/li}
at sun.reflect.NativeConstructorAccessorImpl.newInstance0(Native Method)
at sun.reflect.NativeConstructorAccessorImpl.newInstance(NativeConstructorAccessorImpl.java:62)
at sun.reflect.DelegatingConstructorAccessorImpl.newInstance(DelegatingConstructorAccessorImpl.java:45)
at java.lang.reflect.Constructor.newInstance(Constructor.java:423)
at org.openqa.selenium.remote.ErrorHandler.createThrowable(ErrorHandler.java:214)
at org.openqa.selenium.remote.ErrorHandler.throwIfResponseFailed(ErrorHandler.java:166)
at org.openqa.selenium.remote.http.JsonHttpResponseCodec.reconstructValue(JsonHttpResponseCodec.java:40)
at org.openqa.selenium.remote.http.AbstractHttpResponseCodec.decode(AbstractHttpResponseCodec.java:80)
at org.openqa.selenium.remote.http.AbstractHttpResponseCodec.decode(AbstractHttpResponseCodec.java:44)
at org.openqa.selenium.remote.HttpCommandExecutor.execute(HttpCommandExecutor.java:158)
at org.openqa.selenium.remote.service.DriverCommandExecutor.execute(DriverCommandExecutor.java:83)
at org.openqa.selenium.remote.RemoteWebDriver.execute(RemoteWebDriver.java:548)
at org.openqa.selenium.remote.RemoteWebDriver.findElement(RemoteWebDriver.java:322)
at org.openqa.selenium.remote.RemoteWebDriver.findElementByXPath(RemoteWebDriver.java:424)
at org.openqa.selenium.By$ByXPath.findElement(By.java:353)
at org.openqa.selenium.remote.RemoteWebDriver.findElement(RemoteWebDriver.java:314)
at com.mytest.Admission.Pincode_currentaddress_contain_lessthan_6_numbers(Admission.java:823)
at sun.reflect.NativeMethodAccessorImpl.invoke0(Native Method)
at sun.reflect.NativeMethodAccessorImpl.invoke(NativeMethodAccessorImpl.java:62)
at sun.reflect.DelegatingMethodAccessorImpl.invoke(DelegatingMethodAccessorImpl.java:43)
at java.lang.reflect.Method.invoke(Method.java:498)
at org.testng.internal.MethodInvocationHelper.invokeMethod(MethodInvocationHelper.java:124)
at org.testng.internal.Invoker.invokeMethod(Invoker.java:580)
at org.testng.internal.Invoker.invokeTestMethod(Invoker.java:716)
at org.testng.internal.Invoker.invokeTestMethods(Invoker.java:988)
at org.testng.internal.TestMethodWorker.invokeTestMethods(TestMethodWorker.java:125)
at org.testng.internal.TestMethodWorker.run(TestMethodWorker.java:109)
at org.testng.TestRunner.privateRun(TestRunner.java:648)
at org.testng.TestRunner.run(TestRunner.java:505)
at org.testng.SuiteRunner.runTest(SuiteRunner.java:455)
at org.testng.SuiteRunner.access$000(SuiteRunner.java:40)
at org.testng.SuiteRunner$SuiteWorker.run(SuiteRunner.java:489)
at org.testng.internal.thread.ThreadUtil$1.call(ThreadUtil.java:52)
at java.util.concurrent.FutureTask.run(FutureTask.java:266)
at java.util.concurrent.ThreadPoolExecutor.runWorker(ThreadPoolExecutor.java:1149)
at java.util.concurrent.ThreadPoolExecutor$Worker.run(ThreadPoolExecutor.java:624)
at java.lang.Thread.run(Thread.java:748)
]]>
            </full-stacktrace>
          </exception> <!-- org.openqa.selenium.NoSuchElementException -->
          <reporter-output>
          </reporter-output>
        </test-method> <!-- Pincode_currentaddress_contain_lessthan_6_numbers -->
        <test-method status="FAIL" signature="Pincode_permanentaddress_contain_special_characters()[pri:0, instance:com.mytest.Admission@1e88b3c]" name="Pincode_permanentaddress_contain_special_characters" duration-ms="332" started-at="2018-08-23T12:01:42Z" finished-at="2018-08-23T12:01:42Z">
          <exception class="java.lang.AssertionError">
            <message>
              <![CDATA[Pincode No Contains Spaecial Characters expected [true] but found [false]]]>
            </message>
            <full-stacktrace>
              <![CDATA[java.lang.AssertionError: Pincode No Contains Spaecial Characters expected [true] but found [false]
at org.testng.Assert.fail(Assert.java:96)
at org.testng.Assert.failNotEquals(Assert.java:776)
at org.testng.Assert.assertTrue(Assert.java:44)
at com.mytest.Admission.Pincode_permanentaddress_contain_special_characters(Admission.java:837)
at sun.reflect.NativeMethodAccessorImpl.invoke0(Native Method)
at sun.reflect.NativeMethodAccessorImpl.invoke(NativeMethodAccessorImpl.java:62)
at sun.reflect.DelegatingMethodAccessorImpl.invoke(DelegatingMethodAccessorImpl.java:43)
at java.lang.reflect.Method.invoke(Method.java:498)
at org.testng.internal.MethodInvocationHelper.invokeMethod(MethodInvocationHelper.java:124)
at org.testng.internal.Invoker.invokeMethod(Invoker.java:580)
at org.testng.internal.Invoker.invokeTestMethod(Invoker.java:716)
at org.testng.internal.Invoker.invokeTestMethods(Invoker.java:988)
at org.testng.internal.TestMethodWorker.invokeTestMethods(TestMethodWorker.java:125)
at org.testng.internal.TestMethodWorker.run(TestMethodWorker.java:109)
at org.testng.TestRunner.privateRun(TestRunner.java:648)
at org.testng.TestRunner.run(TestRunner.java:505)
at org.testng.SuiteRunner.runTest(SuiteRunner.java:455)
at org.testng.SuiteRunner.access$000(SuiteRunner.java:40)
at org.testng.SuiteRunner$SuiteWorker.run(SuiteRunner.java:489)
at org.testng.internal.thread.ThreadUtil$1.call(ThreadUtil.java:52)
at java.util.concurrent.FutureTask.run(FutureTask.java:266)
at java.util.concurrent.ThreadPoolExecutor.runWorker(ThreadPoolExecutor.java:1149)
at java.util.concurrent.ThreadPoolExecutor$Worker.run(ThreadPoolExecutor.java:624)
at java.lang.Thread.run(Thread.java:748)
]]>
            </full-stacktrace>
          </exception> <!-- java.lang.AssertionError -->
          <reporter-output>
          </reporter-output>
        </test-method> <!-- Pincode_permanentaddress_contain_special_characters -->
        <test-method status="PASS" signature="Pincode_permanentaddress_contain_numbers()[pri:0, instance:com.mytest.Admission@1e88b3c]" name="Pincode_permanentaddress_contain_numbers" duration-ms="182" started-at="2018-08-23T12:01:42Z" finished-at="2018-08-23T12:01:42Z">
          <reporter-output>
          </reporter-output>
        </test-method> <!-- Pincode_permanentaddress_contain_numbers -->
        <test-method status="PASS" signature="Pincode_permanentaddress_contain_whitespaces()[pri:0, instance:com.mytest.Admission@1e88b3c]" name="Pincode_permanentaddress_contain_whitespaces" duration-ms="206" started-at="2018-08-23T12:01:42Z" finished-at="2018-08-23T12:01:43Z">
          <reporter-output>
          </reporter-output>
        </test-method> <!-- Pincode_permanentaddress_contain_whitespaces -->
        <test-method status="PASS" signature="Pincode_permanentaddress_contain_alphabets()[pri:0, instance:com.mytest.Admission@1e88b3c]" name="Pincode_permanentaddress_contain_alphabets" duration-ms="165" started-at="2018-08-23T12:01:43Z" finished-at="2018-08-23T12:01:43Z">
          <reporter-output>
          </reporter-output>
        </test-method> <!-- Pincode_permanentaddress_contain_alphabets -->
        <test-method status="PASS" signature="Pincode_permanentaddress_contain_whitespaces_at_begining()[pri:0, instance:com.mytest.Admission@1e88b3c]" name="Pincode_permanentaddress_contain_whitespaces_at_begining" duration-ms="258" started-at="2018-08-23T12:01:43Z" finished-at="2018-08-23T12:01:43Z">
          <reporter-output>
          </reporter-output>
        </test-method> <!-- Pincode_permanentaddress_contain_whitespaces_at_begining -->
        <test-method status="PASS" signature="Pincode_permanentaddress_contain_morethan_6_numbers()[pri:0, instance:com.mytest.Admission@1e88b3c]" name="Pincode_permanentaddress_contain_morethan_6_numbers" duration-ms="197" started-at="2018-08-23T12:01:43Z" finished-at="2018-08-23T12:01:43Z">
          <reporter-output>
          </reporter-output>
        </test-method> <!-- Pincode_permanentaddress_contain_morethan_6_numbers -->
        <test-method status="FAIL" signature="Pincode_permanentaddress_contain_lessthan_6_numbers()[pri:0, instance:com.mytest.Admission@1e88b3c]" name="Pincode_permanentaddress_contain_lessthan_6_numbers" duration-ms="13192" started-at="2018-08-23T12:01:43Z" finished-at="2018-08-23T12:01:56Z">
          <exception class="org.openqa.selenium.NoSuchElementException">
            <message>
              <![CDATA[no such element: Unable to locate element: {"method":"xpath","selector":"//*[@id="parsley-id-38"]/li"}
  (Session info: chrome=68.0.3440.106)
  (Driver info: chromedriver=2.40.565498 (ea082db3280dd6843ebfb08a625e3eb905c4f5ab),platform=Windows NT 6.1.7601 SP1 x86_64) (WARNING: The server did not provide any stacktrace information)
Command duration or timeout: 0 milliseconds
For documentation on this error, please visit: http://seleniumhq.org/exceptions/no_such_element.html
Build info: version: '3.13.0', revision: '2f0d292', time: '2018-06-25T15:32:14.902Z'
System info: host: 'TESTER-PC', ip: '192.168.0.104', os.name: 'Windows 7', os.arch: 'amd64', os.version: '6.1', java.version: '1.8.0_181'
Driver info: org.openqa.selenium.chrome.ChromeDriver
Capabilities {acceptInsecureCerts: false, acceptSslCerts: false, applicationCacheEnabled: false, browserConnectionEnabled: false, browserName: chrome, chrome: {chromedriverVersion: 2.40.565498 (ea082db3280dd6..., userDataDir: C:\Users\Tester\AppData\Loc...}, cssSelectorsEnabled: true, databaseEnabled: false, handlesAlerts: true, hasTouchScreen: false, javascriptEnabled: true, locationContextEnabled: true, mobileEmulationEnabled: false, nativeEvents: true, networkConnectionEnabled: false, pageLoadStrategy: normal, platform: XP, platformName: XP, rotatable: false, setWindowRect: true, takesHeapSnapshot: true, takesScreenshot: true, unexpectedAlertBehaviour: , unhandledPromptBehavior: , version: 68.0.3440.106, webStorageEnabled: true}
Session ID: 0da9bbd829a4c18b2d16a7e52761edb7
*** Element info: {Using=xpath, value=//*[@id="parsley-id-38"]/li}]]>
            </message>
            <full-stacktrace>
              <![CDATA[org.openqa.selenium.NoSuchElementException: no such element: Unable to locate element: {"method":"xpath","selector":"//*[@id="parsley-id-38"]/li"}
  (Session info: chrome=68.0.3440.106)
  (Driver info: chromedriver=2.40.565498 (ea082db3280dd6843ebfb08a625e3eb905c4f5ab),platform=Windows NT 6.1.7601 SP1 x86_64) (WARNING: The server did not provide any stacktrace information)
Command duration or timeout: 0 milliseconds
For documentation on this error, please visit: http://seleniumhq.org/exceptions/no_such_element.html
Build info: version: '3.13.0', revision: '2f0d292', time: '2018-06-25T15:32:14.902Z'
System info: host: 'TESTER-PC', ip: '192.168.0.104', os.name: 'Windows 7', os.arch: 'amd64', os.version: '6.1', java.version: '1.8.0_181'
Driver info: org.openqa.selenium.chrome.ChromeDriver
Capabilities {acceptInsecureCerts: false, acceptSslCerts: false, applicationCacheEnabled: false, browserConnectionEnabled: false, browserName: chrome, chrome: {chromedriverVersion: 2.40.565498 (ea082db3280dd6..., userDataDir: C:\Users\Tester\AppData\Loc...}, cssSelectorsEnabled: true, databaseEnabled: false, handlesAlerts: true, hasTouchScreen: false, javascriptEnabled: true, locationContextEnabled: true, mobileEmulationEnabled: false, nativeEvents: true, networkConnectionEnabled: false, pageLoadStrategy: normal, platform: XP, platformName: XP, rotatable: false, setWindowRect: true, takesHeapSnapshot: true, takesScreenshot: true, unexpectedAlertBehaviour: , unhandledPromptBehavior: , version: 68.0.3440.106, webStorageEnabled: true}
Session ID: 0da9bbd829a4c18b2d16a7e52761edb7
*** Element info: {Using=xpath, value=//*[@id="parsley-id-38"]/li}
at sun.reflect.NativeConstructorAccessorImpl.newInstance0(Native Method)
at sun.reflect.NativeConstructorAccessorImpl.newInstance(NativeConstructorAccessorImpl.java:62)
at sun.reflect.DelegatingConstructorAccessorImpl.newInstance(DelegatingConstructorAccessorImpl.java:45)
at java.lang.reflect.Constructor.newInstance(Constructor.java:423)
at org.openqa.selenium.remote.ErrorHandler.createThrowable(ErrorHandler.java:214)
at org.openqa.selenium.remote.ErrorHandler.throwIfResponseFailed(ErrorHandler.java:166)
at org.openqa.selenium.remote.http.JsonHttpResponseCodec.reconstructValue(JsonHttpResponseCodec.java:40)
at org.openqa.selenium.remote.http.AbstractHttpResponseCodec.decode(AbstractHttpResponseCodec.java:80)
at org.openqa.selenium.remote.http.AbstractHttpResponseCodec.decode(AbstractHttpResponseCodec.java:44)
at org.openqa.selenium.remote.HttpCommandExecutor.execute(HttpCommandExecutor.java:158)
at org.openqa.selenium.remote.service.DriverCommandExecutor.execute(DriverCommandExecutor.java:83)
at org.openqa.selenium.remote.RemoteWebDriver.execute(RemoteWebDriver.java:548)
at org.openqa.selenium.remote.RemoteWebDriver.findElement(RemoteWebDriver.java:322)
at org.openqa.selenium.remote.RemoteWebDriver.findElementByXPath(RemoteWebDriver.java:424)
at org.openqa.selenium.By$ByXPath.findElement(By.java:353)
at org.openqa.selenium.remote.RemoteWebDriver.findElement(RemoteWebDriver.java:314)
at com.mytest.Admission.Pincode_permanentaddress_contain_lessthan_6_numbers(Admission.java:902)
at sun.reflect.NativeMethodAccessorImpl.invoke0(Native Method)
at sun.reflect.NativeMethodAccessorImpl.invoke(NativeMethodAccessorImpl.java:62)
at sun.reflect.DelegatingMethodAccessorImpl.invoke(DelegatingMethodAccessorImpl.java:43)
at java.lang.reflect.Method.invoke(Method.java:498)
at org.testng.internal.MethodInvocationHelper.invokeMethod(MethodInvocationHelper.java:124)
at org.testng.internal.Invoker.invokeMethod(Invoker.java:580)
at org.testng.internal.Invoker.invokeTestMethod(Invoker.java:716)
at org.testng.internal.Invoker.invokeTestMethods(Invoker.java:988)
at org.testng.internal.TestMethodWorker.invokeTestMethods(TestMethodWorker.java:125)
at org.testng.internal.TestMethodWorker.run(TestMethodWorker.java:109)
at org.testng.TestRunner.privateRun(TestRunner.java:648)
at org.testng.TestRunner.run(TestRunner.java:505)
at org.testng.SuiteRunner.runTest(SuiteRunner.java:455)
at org.testng.SuiteRunner.access$000(SuiteRunner.java:40)
at org.testng.SuiteRunner$SuiteWorker.run(SuiteRunner.java:489)
at org.testng.internal.thread.ThreadUtil$1.call(ThreadUtil.java:52)
at java.util.concurrent.FutureTask.run(FutureTask.java:266)
at java.util.concurrent.ThreadPoolExecutor.runWorker(ThreadPoolExecutor.java:1149)
at java.util.concurrent.ThreadPoolExecutor$Worker.run(ThreadPoolExecutor.java:624)
at java.lang.Thread.run(Thread.java:748)
]]>
            </full-stacktrace>
          </exception> <!-- org.openqa.selenium.NoSuchElementException -->
          <reporter-output>
          </reporter-output>
        </test-method> <!-- Pincode_permanentaddress_contain_lessthan_6_numbers -->
        <test-method status="FAIL" signature="Document_functionality()[pri:0, instance:com.mytest.Admission@1e88b3c]" name="Document_functionality" duration-ms="1735" started-at="2018-08-23T12:01:56Z" finished-at="2018-08-23T12:01:58Z">
          <exception class="java.lang.AssertionError">
            <message>
              <![CDATA[Document field NOT Working expected [true] but found [false]]]>
            </message>
            <full-stacktrace>
              <![CDATA[java.lang.AssertionError: Document field NOT Working expected [true] but found [false]
at org.testng.Assert.fail(Assert.java:96)
at org.testng.Assert.failNotEquals(Assert.java:776)
at org.testng.Assert.assertTrue(Assert.java:44)
at com.mytest.Admission.Document_functionality(Admission.java:915)
at sun.reflect.NativeMethodAccessorImpl.invoke0(Native Method)
at sun.reflect.NativeMethodAccessorImpl.invoke(NativeMethodAccessorImpl.java:62)
at sun.reflect.DelegatingMethodAccessorImpl.invoke(DelegatingMethodAccessorImpl.java:43)
at java.lang.reflect.Method.invoke(Method.java:498)
at org.testng.internal.MethodInvocationHelper.invokeMethod(MethodInvocationHelper.java:124)
at org.testng.internal.Invoker.invokeMethod(Invoker.java:580)
at org.testng.internal.Invoker.invokeTestMethod(Invoker.java:716)
at org.testng.internal.Invoker.invokeTestMethods(Invoker.java:988)
at org.testng.internal.TestMethodWorker.invokeTestMethods(TestMethodWorker.java:125)
at org.testng.internal.TestMethodWorker.run(TestMethodWorker.java:109)
at org.testng.TestRunner.privateRun(TestRunner.java:648)
at org.testng.TestRunner.run(TestRunner.java:505)
at org.testng.SuiteRunner.runTest(SuiteRunner.java:455)
at org.testng.SuiteRunner.access$000(SuiteRunner.java:40)
at org.testng.SuiteRunner$SuiteWorker.run(SuiteRunner.java:489)
at org.testng.internal.thread.ThreadUtil$1.call(ThreadUtil.java:52)
at java.util.concurrent.FutureTask.run(FutureTask.java:266)
at java.util.concurrent.ThreadPoolExecutor.runWorker(ThreadPoolExecutor.java:1149)
at java.util.concurrent.ThreadPoolExecutor$Worker.run(ThreadPoolExecutor.java:624)
at java.lang.Thread.run(Thread.java:748)
]]>
            </full-stacktrace>
          </exception> <!-- java.lang.AssertionError -->
          <reporter-output>
          </reporter-output>
        </test-method> <!-- Document_functionality -->
        <test-method status="PASS" signature="Admission_date()[pri:0, instance:com.mytest.Admission@1e88b3c]" name="Admission_date" duration-ms="201" started-at="2018-08-23T12:01:58Z" finished-at="2018-08-23T12:01:58Z">
          <reporter-output>
          </reporter-output>
        </test-method> <!-- Admission_date -->
        <test-method status="PASS" signature="Communicationdetails_next_button_functionality()[pri:0, instance:com.mytest.Admission@1e88b3c]" name="Communicationdetails_next_button_functionality" duration-ms="8799" started-at="2018-08-23T12:01:58Z" finished-at="2018-08-23T12:02:07Z">
          <reporter-output>
          </reporter-output>
        </test-method> <!-- Communicationdetails_next_button_functionality -->
        <test-method status="FAIL" signature="Course_interested_is_Blank()[pri:0, instance:com.mytest.Admission@1e88b3c]" name="Course_interested_is_Blank" duration-ms="116" started-at="2018-08-23T12:02:07Z" finished-at="2018-08-23T12:02:07Z">
          <exception class="java.lang.AssertionError">
            <message>
              <![CDATA[Course Interested is Blank expected [true] but found [false]]]>
            </message>
            <full-stacktrace>
              <![CDATA[java.lang.AssertionError: Course Interested is Blank expected [true] but found [false]
at org.testng.Assert.fail(Assert.java:96)
at org.testng.Assert.failNotEquals(Assert.java:776)
at org.testng.Assert.assertTrue(Assert.java:44)
at com.mytest.Admission.Course_interested_is_Blank(Admission.java:944)
at sun.reflect.NativeMethodAccessorImpl.invoke0(Native Method)
at sun.reflect.NativeMethodAccessorImpl.invoke(NativeMethodAccessorImpl.java:62)
at sun.reflect.DelegatingMethodAccessorImpl.invoke(DelegatingMethodAccessorImpl.java:43)
at java.lang.reflect.Method.invoke(Method.java:498)
at org.testng.internal.MethodInvocationHelper.invokeMethod(MethodInvocationHelper.java:124)
at org.testng.internal.Invoker.invokeMethod(Invoker.java:580)
at org.testng.internal.Invoker.invokeTestMethod(Invoker.java:716)
at org.testng.internal.Invoker.invokeTestMethods(Invoker.java:988)
at org.testng.internal.TestMethodWorker.invokeTestMethods(TestMethodWorker.java:125)
at org.testng.internal.TestMethodWorker.run(TestMethodWorker.java:109)
at org.testng.TestRunner.privateRun(TestRunner.java:648)
at org.testng.TestRunner.run(TestRunner.java:505)
at org.testng.SuiteRunner.runTest(SuiteRunner.java:455)
at org.testng.SuiteRunner.access$000(SuiteRunner.java:40)
at org.testng.SuiteRunner$SuiteWorker.run(SuiteRunner.java:489)
at org.testng.internal.thread.ThreadUtil$1.call(ThreadUtil.java:52)
at java.util.concurrent.FutureTask.run(FutureTask.java:266)
at java.util.concurrent.ThreadPoolExecutor.runWorker(ThreadPoolExecutor.java:1149)
at java.util.concurrent.ThreadPoolExecutor$Worker.run(ThreadPoolExecutor.java:624)
at java.lang.Thread.run(Thread.java:748)
]]>
            </full-stacktrace>
          </exception> <!-- java.lang.AssertionError -->
          <reporter-output>
          </reporter-output>
        </test-method> <!-- Course_interested_is_Blank -->
        <test-method status="PASS" signature="Course_Amount()[pri:0, instance:com.mytest.Admission@1e88b3c]" name="Course_Amount" duration-ms="108" started-at="2018-08-23T12:02:07Z" finished-at="2018-08-23T12:02:07Z">
          <reporter-output>
          </reporter-output>
        </test-method> <!-- Course_Amount -->
        <test-method status="PASS" signature="Discount_functionality()[pri:0, instance:com.mytest.Admission@1e88b3c]" name="Discount_functionality" duration-ms="180" started-at="2018-08-23T12:02:07Z" finished-at="2018-08-23T12:02:08Z">
          <reporter-output>
          </reporter-output>
        </test-method> <!-- Discount_functionality -->
        <test-method status="PASS" signature="CourseDetails_next_button_functionality()[pri:0, instance:com.mytest.Admission@1e88b3c]" name="CourseDetails_next_button_functionality" duration-ms="5758" started-at="2018-08-23T12:02:08Z" finished-at="2018-08-23T12:02:13Z">
          <reporter-output>
          </reporter-output>
        </test-method> <!-- CourseDetails_next_button_functionality -->
        <test-method status="PASS" signature="Finish_button_functionality()[pri:0, instance:com.mytest.Admission@1e88b3c]" name="Finish_button_functionality" duration-ms="5180" started-at="2018-08-23T12:02:13Z" finished-at="2018-08-23T12:02:19Z">
          <reporter-output>
          </reporter-output>
        </test-method> <!-- Finish_button_functionality -->
        <test-method status="PASS" signature="Update_functionality()[pri:0, instance:com.mytest.Admission@1e88b3c]" name="Update_functionality" duration-ms="38461" started-at="2018-08-23T12:02:19Z" finished-at="2018-08-23T12:02:57Z">
          <reporter-output>
          </reporter-output>
        </test-method> <!-- Update_functionality -->
        <test-method status="FAIL" signature="Delete_Admission()[pri:0, instance:com.mytest.Admission@1e88b3c]" name="Delete_Admission" duration-ms="11428" started-at="2018-08-23T12:02:57Z" finished-at="2018-08-23T12:03:08Z">
          <exception class="java.lang.AssertionError">
            <message>
              <![CDATA[Admission NOT getting Deleted expected [No data available in table] but found [2]]]>
            </message>
            <full-stacktrace>
              <![CDATA[java.lang.AssertionError: Admission NOT getting Deleted expected [No data available in table] but found [2]
at org.testng.Assert.fail(Assert.java:96)
at org.testng.Assert.failNotEquals(Assert.java:776)
at org.testng.Assert.assertEqualsImpl(Assert.java:137)
at org.testng.Assert.assertEquals(Assert.java:118)
at org.testng.Assert.assertEquals(Assert.java:453)
at com.mytest.Admission.Delete_Admission(Admission.java:1086)
at sun.reflect.NativeMethodAccessorImpl.invoke0(Native Method)
at sun.reflect.NativeMethodAccessorImpl.invoke(NativeMethodAccessorImpl.java:62)
at sun.reflect.DelegatingMethodAccessorImpl.invoke(DelegatingMethodAccessorImpl.java:43)
at java.lang.reflect.Method.invoke(Method.java:498)
at org.testng.internal.MethodInvocationHelper.invokeMethod(MethodInvocationHelper.java:124)
at org.testng.internal.Invoker.invokeMethod(Invoker.java:580)
at org.testng.internal.Invoker.invokeTestMethod(Invoker.java:716)
at org.testng.internal.Invoker.invokeTestMethods(Invoker.java:988)
at org.testng.internal.TestMethodWorker.invokeTestMethods(TestMethodWorker.java:125)
at org.testng.internal.TestMethodWorker.run(TestMethodWorker.java:109)
at org.testng.TestRunner.privateRun(TestRunner.java:648)
at org.testng.TestRunner.run(TestRunner.java:505)
at org.testng.SuiteRunner.runTest(SuiteRunner.java:455)
at org.testng.SuiteRunner.access$000(SuiteRunner.java:40)
at org.testng.SuiteRunner$SuiteWorker.run(SuiteRunner.java:489)
at org.testng.internal.thread.ThreadUtil$1.call(ThreadUtil.java:52)
at java.util.concurrent.FutureTask.run(FutureTask.java:266)
at java.util.concurrent.ThreadPoolExecutor.runWorker(ThreadPoolExecutor.java:1149)
at java.util.concurrent.ThreadPoolExecutor$Worker.run(ThreadPoolExecutor.java:624)
at java.lang.Thread.run(Thread.java:748)
]]>
            </full-stacktrace>
          </exception> <!-- java.lang.AssertionError -->
          <reporter-output>
          </reporter-output>
        </test-method> <!-- Delete_Admission -->
        <test-method status="FAIL" signature="Studentname_contains_Special_Characters()[pri:0, instance:com.mytest.Admission@1e88b3c]" name="Studentname_contains_Special_Characters" duration-ms="8043" started-at="2018-08-23T12:03:08Z" finished-at="2018-08-23T12:03:17Z">
          <exception class="java.lang.AssertionError">
            <message>
              <![CDATA[Student Name Contains Special Characters expected [true] but found [false]]]>
            </message>
            <full-stacktrace>
              <![CDATA[java.lang.AssertionError: Student Name Contains Special Characters expected [true] but found [false]
at org.testng.Assert.fail(Assert.java:96)
at org.testng.Assert.failNotEquals(Assert.java:776)
at org.testng.Assert.assertTrue(Assert.java:44)
at com.mytest.Admission.Studentname_contains_Special_Characters(Admission.java:1105)
at sun.reflect.NativeMethodAccessorImpl.invoke0(Native Method)
at sun.reflect.NativeMethodAccessorImpl.invoke(NativeMethodAccessorImpl.java:62)
at sun.reflect.DelegatingMethodAccessorImpl.invoke(DelegatingMethodAccessorImpl.java:43)
at java.lang.reflect.Method.invoke(Method.java:498)
at org.testng.internal.MethodInvocationHelper.invokeMethod(MethodInvocationHelper.java:124)
at org.testng.internal.Invoker.invokeMethod(Invoker.java:580)
at org.testng.internal.Invoker.invokeTestMethod(Invoker.java:716)
at org.testng.internal.Invoker.invokeTestMethods(Invoker.java:988)
at org.testng.internal.TestMethodWorker.invokeTestMethods(TestMethodWorker.java:125)
at org.testng.internal.TestMethodWorker.run(TestMethodWorker.java:109)
at org.testng.TestRunner.privateRun(TestRunner.java:648)
at org.testng.TestRunner.run(TestRunner.java:505)
at org.testng.SuiteRunner.runTest(SuiteRunner.java:455)
at org.testng.SuiteRunner.access$000(SuiteRunner.java:40)
at org.testng.SuiteRunner$SuiteWorker.run(SuiteRunner.java:489)
at org.testng.internal.thread.ThreadUtil$1.call(ThreadUtil.java:52)
at java.util.concurrent.FutureTask.run(FutureTask.java:266)
at java.util.concurrent.ThreadPoolExecutor.runWorker(ThreadPoolExecutor.java:1149)
at java.util.concurrent.ThreadPoolExecutor$Worker.run(ThreadPoolExecutor.java:624)
at java.lang.Thread.run(Thread.java:748)
]]>
            </full-stacktrace>
          </exception> <!-- java.lang.AssertionError -->
          <reporter-output>
          </reporter-output>
        </test-method> <!-- Studentname_contains_Special_Characters -->
        <test-method status="PASS" signature="Studentname_contains_numbers()[pri:0, instance:com.mytest.Admission@1e88b3c]" name="Studentname_contains_numbers" duration-ms="176" started-at="2018-08-23T12:03:17Z" finished-at="2018-08-23T12:03:17Z">
          <reporter-output>
          </reporter-output>
        </test-method> <!-- Studentname_contains_numbers -->
        <test-method status="FAIL" signature="Studentname_contains_whitespaces()[pri:0, instance:com.mytest.Admission@1e88b3c]" name="Studentname_contains_whitespaces" duration-ms="252" started-at="2018-08-23T12:03:17Z" finished-at="2018-08-23T12:03:17Z">
          <exception class="java.lang.AssertionError">
            <message>
              <![CDATA[Student Name Contains Whitespaces expected [true] but found [false]]]>
            </message>
            <full-stacktrace>
              <![CDATA[java.lang.AssertionError: Student Name Contains Whitespaces expected [true] but found [false]
at org.testng.Assert.fail(Assert.java:96)
at org.testng.Assert.failNotEquals(Assert.java:776)
at org.testng.Assert.assertTrue(Assert.java:44)
at com.mytest.Admission.Studentname_contains_whitespaces(Admission.java:1124)
at sun.reflect.NativeMethodAccessorImpl.invoke0(Native Method)
at sun.reflect.NativeMethodAccessorImpl.invoke(NativeMethodAccessorImpl.java:62)
at sun.reflect.DelegatingMethodAccessorImpl.invoke(DelegatingMethodAccessorImpl.java:43)
at java.lang.reflect.Method.invoke(Method.java:498)
at org.testng.internal.MethodInvocationHelper.invokeMethod(MethodInvocationHelper.java:124)
at org.testng.internal.Invoker.invokeMethod(Invoker.java:580)
at org.testng.internal.Invoker.invokeTestMethod(Invoker.java:716)
at org.testng.internal.Invoker.invokeTestMethods(Invoker.java:988)
at org.testng.internal.TestMethodWorker.invokeTestMethods(TestMethodWorker.java:125)
at org.testng.internal.TestMethodWorker.run(TestMethodWorker.java:109)
at org.testng.TestRunner.privateRun(TestRunner.java:648)
at org.testng.TestRunner.run(TestRunner.java:505)
at org.testng.SuiteRunner.runTest(SuiteRunner.java:455)
at org.testng.SuiteRunner.access$000(SuiteRunner.java:40)
at org.testng.SuiteRunner$SuiteWorker.run(SuiteRunner.java:489)
at org.testng.internal.thread.ThreadUtil$1.call(ThreadUtil.java:52)
at java.util.concurrent.FutureTask.run(FutureTask.java:266)
at java.util.concurrent.ThreadPoolExecutor.runWorker(ThreadPoolExecutor.java:1149)
at java.util.concurrent.ThreadPoolExecutor$Worker.run(ThreadPoolExecutor.java:624)
at java.lang.Thread.run(Thread.java:748)
]]>
            </full-stacktrace>
          </exception> <!-- java.lang.AssertionError -->
          <reporter-output>
          </reporter-output>
        </test-method> <!-- Studentname_contains_whitespaces -->
        <test-method status="PASS" signature="Studentname_contains_alphabets()[pri:0, instance:com.mytest.Admission@1e88b3c]" name="Studentname_contains_alphabets" duration-ms="218" started-at="2018-08-23T12:03:17Z" finished-at="2018-08-23T12:03:17Z">
          <reporter-output>
          </reporter-output>
        </test-method> <!-- Studentname_contains_alphabets -->
        <test-method status="FAIL" signature="Studentname_contains_whitespaces_at_begining()[pri:0, instance:com.mytest.Admission@1e88b3c]" name="Studentname_contains_whitespaces_at_begining" duration-ms="220" started-at="2018-08-23T12:03:17Z" finished-at="2018-08-23T12:03:17Z">
          <exception class="java.lang.AssertionError">
            <message>
              <![CDATA[Student Name Contain Whitespaces at Begining expected [true] but found [false]]]>
            </message>
            <full-stacktrace>
              <![CDATA[java.lang.AssertionError: Student Name Contain Whitespaces at Begining expected [true] but found [false]
at org.testng.Assert.fail(Assert.java:96)
at org.testng.Assert.failNotEquals(Assert.java:776)
at org.testng.Assert.assertTrue(Assert.java:44)
at com.mytest.Admission.Studentname_contains_whitespaces_at_begining(Admission.java:1142)
at sun.reflect.NativeMethodAccessorImpl.invoke0(Native Method)
at sun.reflect.NativeMethodAccessorImpl.invoke(NativeMethodAccessorImpl.java:62)
at sun.reflect.DelegatingMethodAccessorImpl.invoke(DelegatingMethodAccessorImpl.java:43)
at java.lang.reflect.Method.invoke(Method.java:498)
at org.testng.internal.MethodInvocationHelper.invokeMethod(MethodInvocationHelper.java:124)
at org.testng.internal.Invoker.invokeMethod(Invoker.java:580)
at org.testng.internal.Invoker.invokeTestMethod(Invoker.java:716)
at org.testng.internal.Invoker.invokeTestMethods(Invoker.java:988)
at org.testng.internal.TestMethodWorker.invokeTestMethods(TestMethodWorker.java:125)
at org.testng.internal.TestMethodWorker.run(TestMethodWorker.java:109)
at org.testng.TestRunner.privateRun(TestRunner.java:648)
at org.testng.TestRunner.run(TestRunner.java:505)
at org.testng.SuiteRunner.runTest(SuiteRunner.java:455)
at org.testng.SuiteRunner.access$000(SuiteRunner.java:40)
at org.testng.SuiteRunner$SuiteWorker.run(SuiteRunner.java:489)
at org.testng.internal.thread.ThreadUtil$1.call(ThreadUtil.java:52)
at java.util.concurrent.FutureTask.run(FutureTask.java:266)
at java.util.concurrent.ThreadPoolExecutor.runWorker(ThreadPoolExecutor.java:1149)
at java.util.concurrent.ThreadPoolExecutor$Worker.run(ThreadPoolExecutor.java:624)
at java.lang.Thread.run(Thread.java:748)
]]>
            </full-stacktrace>
          </exception> <!-- java.lang.AssertionError -->
          <reporter-output>
          </reporter-output>
        </test-method> <!-- Studentname_contains_whitespaces_at_begining -->
        <test-method status="PASS" signature="StudentName_field_is_Blank()[pri:0, instance:com.mytest.Admission@1e88b3c]" name="StudentName_field_is_Blank" duration-ms="7311" started-at="2018-08-23T12:03:17Z" finished-at="2018-08-23T12:03:25Z">
          <reporter-output>
          </reporter-output>
        </test-method> <!-- StudentName_field_is_Blank -->
        <test-method status="FAIL" signature="Middlename_contains_Special_Characters()[pri:0, instance:com.mytest.Admission@1e88b3c]" name="Middlename_contains_Special_Characters" duration-ms="216" started-at="2018-08-23T12:03:25Z" finished-at="2018-08-23T12:03:25Z">
          <exception class="java.lang.AssertionError">
            <message>
              <![CDATA[Middle Name Contains Special Characters expected [true] but found [false]]]>
            </message>
            <full-stacktrace>
              <![CDATA[java.lang.AssertionError: Middle Name Contains Special Characters expected [true] but found [false]
at org.testng.Assert.fail(Assert.java:96)
at org.testng.Assert.failNotEquals(Assert.java:776)
at org.testng.Assert.assertTrue(Assert.java:44)
at com.mytest.Admission.Middlename_contains_Special_Characters(Admission.java:1162)
at sun.reflect.NativeMethodAccessorImpl.invoke0(Native Method)
at sun.reflect.NativeMethodAccessorImpl.invoke(NativeMethodAccessorImpl.java:62)
at sun.reflect.DelegatingMethodAccessorImpl.invoke(DelegatingMethodAccessorImpl.java:43)
at java.lang.reflect.Method.invoke(Method.java:498)
at org.testng.internal.MethodInvocationHelper.invokeMethod(MethodInvocationHelper.java:124)
at org.testng.internal.Invoker.invokeMethod(Invoker.java:580)
at org.testng.internal.Invoker.invokeTestMethod(Invoker.java:716)
at org.testng.internal.Invoker.invokeTestMethods(Invoker.java:988)
at org.testng.internal.TestMethodWorker.invokeTestMethods(TestMethodWorker.java:125)
at org.testng.internal.TestMethodWorker.run(TestMethodWorker.java:109)
at org.testng.TestRunner.privateRun(TestRunner.java:648)
at org.testng.TestRunner.run(TestRunner.java:505)
at org.testng.SuiteRunner.runTest(SuiteRunner.java:455)
at org.testng.SuiteRunner.access$000(SuiteRunner.java:40)
at org.testng.SuiteRunner$SuiteWorker.run(SuiteRunner.java:489)
at org.testng.internal.thread.ThreadUtil$1.call(ThreadUtil.java:52)
at java.util.concurrent.FutureTask.run(FutureTask.java:266)
at java.util.concurrent.ThreadPoolExecutor.runWorker(ThreadPoolExecutor.java:1149)
at java.util.concurrent.ThreadPoolExecutor$Worker.run(ThreadPoolExecutor.java:624)
at java.lang.Thread.run(Thread.java:748)
]]>
            </full-stacktrace>
          </exception> <!-- java.lang.AssertionError -->
          <reporter-output>
          </reporter-output>
        </test-method> <!-- Middlename_contains_Special_Characters -->
        <test-method status="PASS" signature="Middlename_contains_numbers()[pri:0, instance:com.mytest.Admission@1e88b3c]" name="Middlename_contains_numbers" duration-ms="202" started-at="2018-08-23T12:03:25Z" finished-at="2018-08-23T12:03:25Z">
          <reporter-output>
          </reporter-output>
        </test-method> <!-- Middlename_contains_numbers -->
        <test-method status="FAIL" signature="Middlename_contains_whitespaces()[pri:0, instance:com.mytest.Admission@1e88b3c]" name="Middlename_contains_whitespaces" duration-ms="317" started-at="2018-08-23T12:03:25Z" finished-at="2018-08-23T12:03:25Z">
          <exception class="java.lang.AssertionError">
            <message>
              <![CDATA[Middle Name Contains Whitespaces expected [true] but found [false]]]>
            </message>
            <full-stacktrace>
              <![CDATA[java.lang.AssertionError: Middle Name Contains Whitespaces expected [true] but found [false]
at org.testng.Assert.fail(Assert.java:96)
at org.testng.Assert.failNotEquals(Assert.java:776)
at org.testng.Assert.assertTrue(Assert.java:44)
at com.mytest.Admission.Middlename_contains_whitespaces(Admission.java:1180)
at sun.reflect.NativeMethodAccessorImpl.invoke0(Native Method)
at sun.reflect.NativeMethodAccessorImpl.invoke(NativeMethodAccessorImpl.java:62)
at sun.reflect.DelegatingMethodAccessorImpl.invoke(DelegatingMethodAccessorImpl.java:43)
at java.lang.reflect.Method.invoke(Method.java:498)
at org.testng.internal.MethodInvocationHelper.invokeMethod(MethodInvocationHelper.java:124)
at org.testng.internal.Invoker.invokeMethod(Invoker.java:580)
at org.testng.internal.Invoker.invokeTestMethod(Invoker.java:716)
at org.testng.internal.Invoker.invokeTestMethods(Invoker.java:988)
at org.testng.internal.TestMethodWorker.invokeTestMethods(TestMethodWorker.java:125)
at org.testng.internal.TestMethodWorker.run(TestMethodWorker.java:109)
at org.testng.TestRunner.privateRun(TestRunner.java:648)
at org.testng.TestRunner.run(TestRunner.java:505)
at org.testng.SuiteRunner.runTest(SuiteRunner.java:455)
at org.testng.SuiteRunner.access$000(SuiteRunner.java:40)
at org.testng.SuiteRunner$SuiteWorker.run(SuiteRunner.java:489)
at org.testng.internal.thread.ThreadUtil$1.call(ThreadUtil.java:52)
at java.util.concurrent.FutureTask.run(FutureTask.java:266)
at java.util.concurrent.ThreadPoolExecutor.runWorker(ThreadPoolExecutor.java:1149)
at java.util.concurrent.ThreadPoolExecutor$Worker.run(ThreadPoolExecutor.java:624)
at java.lang.Thread.run(Thread.java:748)
]]>
            </full-stacktrace>
          </exception> <!-- java.lang.AssertionError -->
          <reporter-output>
          </reporter-output>
        </test-method> <!-- Middlename_contains_whitespaces -->
        <test-method status="FAIL" signature="Middlename_contains_whitespaces_at_begining()[pri:0, instance:com.mytest.Admission@1e88b3c]" name="Middlename_contains_whitespaces_at_begining" duration-ms="250" started-at="2018-08-23T12:03:25Z" finished-at="2018-08-23T12:03:26Z">
          <exception class="java.lang.AssertionError">
            <message>
              <![CDATA[Middle Name Contain Whitespaces at Begining expected [true] but found [false]]]>
            </message>
            <full-stacktrace>
              <![CDATA[java.lang.AssertionError: Middle Name Contain Whitespaces at Begining expected [true] but found [false]
at org.testng.Assert.fail(Assert.java:96)
at org.testng.Assert.failNotEquals(Assert.java:776)
at org.testng.Assert.assertTrue(Assert.java:44)
at com.mytest.Admission.Middlename_contains_whitespaces_at_begining(Admission.java:1189)
at sun.reflect.NativeMethodAccessorImpl.invoke0(Native Method)
at sun.reflect.NativeMethodAccessorImpl.invoke(NativeMethodAccessorImpl.java:62)
at sun.reflect.DelegatingMethodAccessorImpl.invoke(DelegatingMethodAccessorImpl.java:43)
at java.lang.reflect.Method.invoke(Method.java:498)
at org.testng.internal.MethodInvocationHelper.invokeMethod(MethodInvocationHelper.java:124)
at org.testng.internal.Invoker.invokeMethod(Invoker.java:580)
at org.testng.internal.Invoker.invokeTestMethod(Invoker.java:716)
at org.testng.internal.Invoker.invokeTestMethods(Invoker.java:988)
at org.testng.internal.TestMethodWorker.invokeTestMethods(TestMethodWorker.java:125)
at org.testng.internal.TestMethodWorker.run(TestMethodWorker.java:109)
at org.testng.TestRunner.privateRun(TestRunner.java:648)
at org.testng.TestRunner.run(TestRunner.java:505)
at org.testng.SuiteRunner.runTest(SuiteRunner.java:455)
at org.testng.SuiteRunner.access$000(SuiteRunner.java:40)
at org.testng.SuiteRunner$SuiteWorker.run(SuiteRunner.java:489)
at org.testng.internal.thread.ThreadUtil$1.call(ThreadUtil.java:52)
at java.util.concurrent.FutureTask.run(FutureTask.java:266)
at java.util.concurrent.ThreadPoolExecutor.runWorker(ThreadPoolExecutor.java:1149)
at java.util.concurrent.ThreadPoolExecutor$Worker.run(ThreadPoolExecutor.java:624)
at java.lang.Thread.run(Thread.java:748)
]]>
            </full-stacktrace>
          </exception> <!-- java.lang.AssertionError -->
          <reporter-output>
          </reporter-output>
        </test-method> <!-- Middlename_contains_whitespaces_at_begining -->
        <test-method status="PASS" signature="Middlename_contains_alphabets()[pri:0, instance:com.mytest.Admission@1e88b3c]" name="Middlename_contains_alphabets" duration-ms="185" started-at="2018-08-23T12:03:26Z" finished-at="2018-08-23T12:03:26Z">
          <reporter-output>
          </reporter-output>
        </test-method> <!-- Middlename_contains_alphabets -->
        <test-method status="FAIL" signature="Lastname_contains_Special_Characters()[pri:0, instance:com.mytest.Admission@1e88b3c]" name="Lastname_contains_Special_Characters" duration-ms="280" started-at="2018-08-23T12:03:26Z" finished-at="2018-08-23T12:03:26Z">
          <exception class="java.lang.AssertionError">
            <message>
              <![CDATA[Last Name Contains Special Characters expected [true] but found [false]]]>
            </message>
            <full-stacktrace>
              <![CDATA[java.lang.AssertionError: Last Name Contains Special Characters expected [true] but found [false]
at org.testng.Assert.fail(Assert.java:96)
at org.testng.Assert.failNotEquals(Assert.java:776)
at org.testng.Assert.assertTrue(Assert.java:44)
at com.mytest.Admission.Lastname_contains_Special_Characters(Admission.java:1211)
at sun.reflect.NativeMethodAccessorImpl.invoke0(Native Method)
at sun.reflect.NativeMethodAccessorImpl.invoke(NativeMethodAccessorImpl.java:62)
at sun.reflect.DelegatingMethodAccessorImpl.invoke(DelegatingMethodAccessorImpl.java:43)
at java.lang.reflect.Method.invoke(Method.java:498)
at org.testng.internal.MethodInvocationHelper.invokeMethod(MethodInvocationHelper.java:124)
at org.testng.internal.Invoker.invokeMethod(Invoker.java:580)
at org.testng.internal.Invoker.invokeTestMethod(Invoker.java:716)
at org.testng.internal.Invoker.invokeTestMethods(Invoker.java:988)
at org.testng.internal.TestMethodWorker.invokeTestMethods(TestMethodWorker.java:125)
at org.testng.internal.TestMethodWorker.run(TestMethodWorker.java:109)
at org.testng.TestRunner.privateRun(TestRunner.java:648)
at org.testng.TestRunner.run(TestRunner.java:505)
at org.testng.SuiteRunner.runTest(SuiteRunner.java:455)
at org.testng.SuiteRunner.access$000(SuiteRunner.java:40)
at org.testng.SuiteRunner$SuiteWorker.run(SuiteRunner.java:489)
at org.testng.internal.thread.ThreadUtil$1.call(ThreadUtil.java:52)
at java.util.concurrent.FutureTask.run(FutureTask.java:266)
at java.util.concurrent.ThreadPoolExecutor.runWorker(ThreadPoolExecutor.java:1149)
at java.util.concurrent.ThreadPoolExecutor$Worker.run(ThreadPoolExecutor.java:624)
at java.lang.Thread.run(Thread.java:748)
]]>
            </full-stacktrace>
          </exception> <!-- java.lang.AssertionError -->
          <reporter-output>
          </reporter-output>
        </test-method> <!-- Lastname_contains_Special_Characters -->
        <test-method status="PASS" signature="Lastname_contains_numbers()[pri:0, instance:com.mytest.Admission@1e88b3c]" name="Lastname_contains_numbers" duration-ms="154" started-at="2018-08-23T12:03:26Z" finished-at="2018-08-23T12:03:26Z">
          <reporter-output>
          </reporter-output>
        </test-method> <!-- Lastname_contains_numbers -->
        <test-method status="FAIL" signature="Lastname_contains_whitespaces()[pri:0, instance:com.mytest.Admission@1e88b3c]" name="Lastname_contains_whitespaces" duration-ms="241" started-at="2018-08-23T12:03:26Z" finished-at="2018-08-23T12:03:27Z">
          <exception class="java.lang.AssertionError">
            <message>
              <![CDATA[Last Name Contains Whitespaces expected [true] but found [false]]]>
            </message>
            <full-stacktrace>
              <![CDATA[java.lang.AssertionError: Last Name Contains Whitespaces expected [true] but found [false]
at org.testng.Assert.fail(Assert.java:96)
at org.testng.Assert.failNotEquals(Assert.java:776)
at org.testng.Assert.assertTrue(Assert.java:44)
at com.mytest.Admission.Lastname_contains_whitespaces(Admission.java:1229)
at sun.reflect.NativeMethodAccessorImpl.invoke0(Native Method)
at sun.reflect.NativeMethodAccessorImpl.invoke(NativeMethodAccessorImpl.java:62)
at sun.reflect.DelegatingMethodAccessorImpl.invoke(DelegatingMethodAccessorImpl.java:43)
at java.lang.reflect.Method.invoke(Method.java:498)
at org.testng.internal.MethodInvocationHelper.invokeMethod(MethodInvocationHelper.java:124)
at org.testng.internal.Invoker.invokeMethod(Invoker.java:580)
at org.testng.internal.Invoker.invokeTestMethod(Invoker.java:716)
at org.testng.internal.Invoker.invokeTestMethods(Invoker.java:988)
at org.testng.internal.TestMethodWorker.invokeTestMethods(TestMethodWorker.java:125)
at org.testng.internal.TestMethodWorker.run(TestMethodWorker.java:109)
at org.testng.TestRunner.privateRun(TestRunner.java:648)
at org.testng.TestRunner.run(TestRunner.java:505)
at org.testng.SuiteRunner.runTest(SuiteRunner.java:455)
at org.testng.SuiteRunner.access$000(SuiteRunner.java:40)
at org.testng.SuiteRunner$SuiteWorker.run(SuiteRunner.java:489)
at org.testng.internal.thread.ThreadUtil$1.call(ThreadUtil.java:52)
at java.util.concurrent.FutureTask.run(FutureTask.java:266)
at java.util.concurrent.ThreadPoolExecutor.runWorker(ThreadPoolExecutor.java:1149)
at java.util.concurrent.ThreadPoolExecutor$Worker.run(ThreadPoolExecutor.java:624)
at java.lang.Thread.run(Thread.java:748)
]]>
            </full-stacktrace>
          </exception> <!-- java.lang.AssertionError -->
          <reporter-output>
          </reporter-output>
        </test-method> <!-- Lastname_contains_whitespaces -->
        <test-method status="PASS" signature="Lastname_contains_alphabets()[pri:0, instance:com.mytest.Admission@1e88b3c]" name="Lastname_contains_alphabets" duration-ms="194" started-at="2018-08-23T12:03:27Z" finished-at="2018-08-23T12:03:27Z">
          <reporter-output>
          </reporter-output>
        </test-method> <!-- Lastname_contains_alphabets -->
        <test-method status="FAIL" signature="Lastname_contains_whitespaces_at_begining()[pri:0, instance:com.mytest.Admission@1e88b3c]" name="Lastname_contains_whitespaces_at_begining" duration-ms="210" started-at="2018-08-23T12:03:27Z" finished-at="2018-08-23T12:03:27Z">
          <exception class="java.lang.AssertionError">
            <message>
              <![CDATA[Last Name Contain Whitespaces at Begining expected [true] but found [false]]]>
            </message>
            <full-stacktrace>
              <![CDATA[java.lang.AssertionError: Last Name Contain Whitespaces at Begining expected [true] but found [false]
at org.testng.Assert.fail(Assert.java:96)
at org.testng.Assert.failNotEquals(Assert.java:776)
at org.testng.Assert.assertTrue(Assert.java:44)
at com.mytest.Admission.Lastname_contains_whitespaces_at_begining(Admission.java:1247)
at sun.reflect.NativeMethodAccessorImpl.invoke0(Native Method)
at sun.reflect.NativeMethodAccessorImpl.invoke(NativeMethodAccessorImpl.java:62)
at sun.reflect.DelegatingMethodAccessorImpl.invoke(DelegatingMethodAccessorImpl.java:43)
at java.lang.reflect.Method.invoke(Method.java:498)
at org.testng.internal.MethodInvocationHelper.invokeMethod(MethodInvocationHelper.java:124)
at org.testng.internal.Invoker.invokeMethod(Invoker.java:580)
at org.testng.internal.Invoker.invokeTestMethod(Invoker.java:716)
at org.testng.internal.Invoker.invokeTestMethods(Invoker.java:988)
at org.testng.internal.TestMethodWorker.invokeTestMethods(TestMethodWorker.java:125)
at org.testng.internal.TestMethodWorker.run(TestMethodWorker.java:109)
at org.testng.TestRunner.privateRun(TestRunner.java:648)
at org.testng.TestRunner.run(TestRunner.java:505)
at org.testng.SuiteRunner.runTest(SuiteRunner.java:455)
at org.testng.SuiteRunner.access$000(SuiteRunner.java:40)
at org.testng.SuiteRunner$SuiteWorker.run(SuiteRunner.java:489)
at org.testng.internal.thread.ThreadUtil$1.call(ThreadUtil.java:52)
at java.util.concurrent.FutureTask.run(FutureTask.java:266)
at java.util.concurrent.ThreadPoolExecutor.runWorker(ThreadPoolExecutor.java:1149)
at java.util.concurrent.ThreadPoolExecutor$Worker.run(ThreadPoolExecutor.java:624)
at java.lang.Thread.run(Thread.java:748)
]]>
            </full-stacktrace>
          </exception> <!-- java.lang.AssertionError -->
          <reporter-output>
          </reporter-output>
        </test-method> <!-- Lastname_contains_whitespaces_at_begining -->
        <test-method status="PASS" signature="LastName_field_is_Blank()[pri:0, instance:com.mytest.Admission@1e88b3c]" name="LastName_field_is_Blank" duration-ms="72" started-at="2018-08-23T12:03:27Z" finished-at="2018-08-23T12:03:27Z">
          <reporter-output>
          </reporter-output>
        </test-method> <!-- LastName_field_is_Blank -->
        <test-method status="FAIL" signature="Collegename_contains_Special_Characters()[pri:0, instance:com.mytest.Admission@1e88b3c]" name="Collegename_contains_Special_Characters" duration-ms="234" started-at="2018-08-23T12:03:27Z" finished-at="2018-08-23T12:03:27Z">
          <exception class="java.lang.AssertionError">
            <message>
              <![CDATA[College Name Contains Special Characters expected [true] but found [false]]]>
            </message>
            <full-stacktrace>
              <![CDATA[java.lang.AssertionError: College Name Contains Special Characters expected [true] but found [false]
at org.testng.Assert.fail(Assert.java:96)
at org.testng.Assert.failNotEquals(Assert.java:776)
at org.testng.Assert.assertTrue(Assert.java:44)
at com.mytest.Admission.Collegename_contains_Special_Characters(Admission.java:1264)
at sun.reflect.NativeMethodAccessorImpl.invoke0(Native Method)
at sun.reflect.NativeMethodAccessorImpl.invoke(NativeMethodAccessorImpl.java:62)
at sun.reflect.DelegatingMethodAccessorImpl.invoke(DelegatingMethodAccessorImpl.java:43)
at java.lang.reflect.Method.invoke(Method.java:498)
at org.testng.internal.MethodInvocationHelper.invokeMethod(MethodInvocationHelper.java:124)
at org.testng.internal.Invoker.invokeMethod(Invoker.java:580)
at org.testng.internal.Invoker.invokeTestMethod(Invoker.java:716)
at org.testng.internal.Invoker.invokeTestMethods(Invoker.java:988)
at org.testng.internal.TestMethodWorker.invokeTestMethods(TestMethodWorker.java:125)
at org.testng.internal.TestMethodWorker.run(TestMethodWorker.java:109)
at org.testng.TestRunner.privateRun(TestRunner.java:648)
at org.testng.TestRunner.run(TestRunner.java:505)
at org.testng.SuiteRunner.runTest(SuiteRunner.java:455)
at org.testng.SuiteRunner.access$000(SuiteRunner.java:40)
at org.testng.SuiteRunner$SuiteWorker.run(SuiteRunner.java:489)
at org.testng.internal.thread.ThreadUtil$1.call(ThreadUtil.java:52)
at java.util.concurrent.FutureTask.run(FutureTask.java:266)
at java.util.concurrent.ThreadPoolExecutor.runWorker(ThreadPoolExecutor.java:1149)
at java.util.concurrent.ThreadPoolExecutor$Worker.run(ThreadPoolExecutor.java:624)
at java.lang.Thread.run(Thread.java:748)
]]>
            </full-stacktrace>
          </exception> <!-- java.lang.AssertionError -->
          <reporter-output>
          </reporter-output>
        </test-method> <!-- Collegename_contains_Special_Characters -->
        <test-method status="PASS" signature="Collegename_contains_numbers()[pri:0, instance:com.mytest.Admission@1e88b3c]" name="Collegename_contains_numbers" duration-ms="272" started-at="2018-08-23T12:03:27Z" finished-at="2018-08-23T12:03:28Z">
          <reporter-output>
          </reporter-output>
        </test-method> <!-- Collegename_contains_numbers -->
        <test-method status="PASS" signature="Collegename_contains_whitespaces()[pri:0, instance:com.mytest.Admission@1e88b3c]" name="Collegename_contains_whitespaces" duration-ms="276" started-at="2018-08-23T12:03:28Z" finished-at="2018-08-23T12:03:28Z">
          <reporter-output>
          </reporter-output>
        </test-method> <!-- Collegename_contains_whitespaces -->
        <test-method status="PASS" signature="Collegename_contains_alphabets()[pri:0, instance:com.mytest.Admission@1e88b3c]" name="Collegename_contains_alphabets" duration-ms="173" started-at="2018-08-23T12:03:28Z" finished-at="2018-08-23T12:03:28Z">
          <reporter-output>
          </reporter-output>
        </test-method> <!-- Collegename_contains_alphabets -->
        <test-method status="PASS" signature="Collegename_contains_whitespaces_at_begining()[pri:0, instance:com.mytest.Admission@1e88b3c]" name="Collegename_contains_whitespaces_at_begining" duration-ms="196" started-at="2018-08-23T12:03:28Z" finished-at="2018-08-23T12:03:28Z">
          <reporter-output>
          </reporter-output>
        </test-method> <!-- Collegename_contains_whitespaces_at_begining -->
        <test-method status="PASS" signature="CollegeName_field_is_Blank()[pri:0, instance:com.mytest.Admission@1e88b3c]" name="CollegeName_field_is_Blank" duration-ms="97" started-at="2018-08-23T12:03:28Z" finished-at="2018-08-23T12:03:28Z">
          <reporter-output>
          </reporter-output>
        </test-method> <!-- CollegeName_field_is_Blank -->
        <test-method status="FAIL" signature="Qualification_contains_Special_Characters()[pri:0, instance:com.mytest.Admission@1e88b3c]" name="Qualification_contains_Special_Characters" duration-ms="231" started-at="2018-08-23T12:03:28Z" finished-at="2018-08-23T12:03:29Z">
          <exception class="java.lang.AssertionError">
            <message>
              <![CDATA[College Name Contains Special Characters expected [true] but found [false]]]>
            </message>
            <full-stacktrace>
              <![CDATA[java.lang.AssertionError: College Name Contains Special Characters expected [true] but found [false]
at org.testng.Assert.fail(Assert.java:96)
at org.testng.Assert.failNotEquals(Assert.java:776)
at org.testng.Assert.assertTrue(Assert.java:44)
at com.mytest.Admission.Qualification_contains_Special_Characters(Admission.java:1317)
at sun.reflect.NativeMethodAccessorImpl.invoke0(Native Method)
at sun.reflect.NativeMethodAccessorImpl.invoke(NativeMethodAccessorImpl.java:62)
at sun.reflect.DelegatingMethodAccessorImpl.invoke(DelegatingMethodAccessorImpl.java:43)
at java.lang.reflect.Method.invoke(Method.java:498)
at org.testng.internal.MethodInvocationHelper.invokeMethod(MethodInvocationHelper.java:124)
at org.testng.internal.Invoker.invokeMethod(Invoker.java:580)
at org.testng.internal.Invoker.invokeTestMethod(Invoker.java:716)
at org.testng.internal.Invoker.invokeTestMethods(Invoker.java:988)
at org.testng.internal.TestMethodWorker.invokeTestMethods(TestMethodWorker.java:125)
at org.testng.internal.TestMethodWorker.run(TestMethodWorker.java:109)
at org.testng.TestRunner.privateRun(TestRunner.java:648)
at org.testng.TestRunner.run(TestRunner.java:505)
at org.testng.SuiteRunner.runTest(SuiteRunner.java:455)
at org.testng.SuiteRunner.access$000(SuiteRunner.java:40)
at org.testng.SuiteRunner$SuiteWorker.run(SuiteRunner.java:489)
at org.testng.internal.thread.ThreadUtil$1.call(ThreadUtil.java:52)
at java.util.concurrent.FutureTask.run(FutureTask.java:266)
at java.util.concurrent.ThreadPoolExecutor.runWorker(ThreadPoolExecutor.java:1149)
at java.util.concurrent.ThreadPoolExecutor$Worker.run(ThreadPoolExecutor.java:624)
at java.lang.Thread.run(Thread.java:748)
]]>
            </full-stacktrace>
          </exception> <!-- java.lang.AssertionError -->
          <reporter-output>
          </reporter-output>
        </test-method> <!-- Qualification_contains_Special_Characters -->
        <test-method status="FAIL" signature="Qualification_contains_numbers()[pri:0, instance:com.mytest.Admission@1e88b3c]" name="Qualification_contains_numbers" duration-ms="171" started-at="2018-08-23T12:03:29Z" finished-at="2018-08-23T12:03:29Z">
          <exception class="java.lang.AssertionError">
            <message>
              <![CDATA[College Name Contains Numbers expected [true] but found [false]]]>
            </message>
            <full-stacktrace>
              <![CDATA[java.lang.AssertionError: College Name Contains Numbers expected [true] but found [false]
at org.testng.Assert.fail(Assert.java:96)
at org.testng.Assert.failNotEquals(Assert.java:776)
at org.testng.Assert.assertTrue(Assert.java:44)
at com.mytest.Admission.Qualification_contains_numbers(Admission.java:1326)
at sun.reflect.NativeMethodAccessorImpl.invoke0(Native Method)
at sun.reflect.NativeMethodAccessorImpl.invoke(NativeMethodAccessorImpl.java:62)
at sun.reflect.DelegatingMethodAccessorImpl.invoke(DelegatingMethodAccessorImpl.java:43)
at java.lang.reflect.Method.invoke(Method.java:498)
at org.testng.internal.MethodInvocationHelper.invokeMethod(MethodInvocationHelper.java:124)
at org.testng.internal.Invoker.invokeMethod(Invoker.java:580)
at org.testng.internal.Invoker.invokeTestMethod(Invoker.java:716)
at org.testng.internal.Invoker.invokeTestMethods(Invoker.java:988)
at org.testng.internal.TestMethodWorker.invokeTestMethods(TestMethodWorker.java:125)
at org.testng.internal.TestMethodWorker.run(TestMethodWorker.java:109)
at org.testng.TestRunner.privateRun(TestRunner.java:648)
at org.testng.TestRunner.run(TestRunner.java:505)
at org.testng.SuiteRunner.runTest(SuiteRunner.java:455)
at org.testng.SuiteRunner.access$000(SuiteRunner.java:40)
at org.testng.SuiteRunner$SuiteWorker.run(SuiteRunner.java:489)
at org.testng.internal.thread.ThreadUtil$1.call(ThreadUtil.java:52)
at java.util.concurrent.FutureTask.run(FutureTask.java:266)
at java.util.concurrent.ThreadPoolExecutor.runWorker(ThreadPoolExecutor.java:1149)
at java.util.concurrent.ThreadPoolExecutor$Worker.run(ThreadPoolExecutor.java:624)
at java.lang.Thread.run(Thread.java:748)
]]>
            </full-stacktrace>
          </exception> <!-- java.lang.AssertionError -->
          <reporter-output>
          </reporter-output>
        </test-method> <!-- Qualification_contains_numbers -->
        <test-method status="PASS" signature="Qualification_contains_whitespaces()[pri:0, instance:com.mytest.Admission@1e88b3c]" name="Qualification_contains_whitespaces" duration-ms="176" started-at="2018-08-23T12:03:29Z" finished-at="2018-08-23T12:03:29Z">
          <reporter-output>
          </reporter-output>
        </test-method> <!-- Qualification_contains_whitespaces -->
        <test-method status="PASS" signature="Qualification_contains_alphabets()[pri:0, instance:com.mytest.Admission@1e88b3c]" name="Qualification_contains_alphabets" duration-ms="169" started-at="2018-08-23T12:03:29Z" finished-at="2018-08-23T12:03:29Z">
          <reporter-output>
          </reporter-output>
        </test-method> <!-- Qualification_contains_alphabets -->
        <test-method status="PASS" signature="Qualification_contains_whitespaces_at_begining()[pri:0, instance:com.mytest.Admission@1e88b3c]" name="Qualification_contains_whitespaces_at_begining" duration-ms="174" started-at="2018-08-23T12:03:29Z" finished-at="2018-08-23T12:03:29Z">
          <reporter-output>
          </reporter-output>
        </test-method> <!-- Qualification_contains_whitespaces_at_begining -->
        <test-method status="PASS" signature="Qualification_Field_is_Blank()[pri:0, instance:com.mytest.Admission@1e88b3c]" name="Qualification_Field_is_Blank" duration-ms="67" started-at="2018-08-23T12:03:29Z" finished-at="2018-08-23T12:03:29Z">
          <reporter-output>
          </reporter-output>
        </test-method> <!-- Qualification_Field_is_Blank -->
        <test-method status="FAIL" signature="Aadharno_contains_special_characters()[pri:0, instance:com.mytest.Admission@1e88b3c]" name="Aadharno_contains_special_characters" duration-ms="239" started-at="2018-08-23T12:03:29Z" finished-at="2018-08-23T12:03:30Z">
          <exception class="java.lang.AssertionError">
            <message>
              <![CDATA[Aadhar No Contains Spaecial Characters expected [true] but found [false]]]>
            </message>
            <full-stacktrace>
              <![CDATA[java.lang.AssertionError: Aadhar No Contains Spaecial Characters expected [true] but found [false]
at org.testng.Assert.fail(Assert.java:96)
at org.testng.Assert.failNotEquals(Assert.java:776)
at org.testng.Assert.assertTrue(Assert.java:44)
at com.mytest.Admission.Aadharno_contains_special_characters(Admission.java:1370)
at sun.reflect.NativeMethodAccessorImpl.invoke0(Native Method)
at sun.reflect.NativeMethodAccessorImpl.invoke(NativeMethodAccessorImpl.java:62)
at sun.reflect.DelegatingMethodAccessorImpl.invoke(DelegatingMethodAccessorImpl.java:43)
at java.lang.reflect.Method.invoke(Method.java:498)
at org.testng.internal.MethodInvocationHelper.invokeMethod(MethodInvocationHelper.java:124)
at org.testng.internal.Invoker.invokeMethod(Invoker.java:580)
at org.testng.internal.Invoker.invokeTestMethod(Invoker.java:716)
at org.testng.internal.Invoker.invokeTestMethods(Invoker.java:988)
at org.testng.internal.TestMethodWorker.invokeTestMethods(TestMethodWorker.java:125)
at org.testng.internal.TestMethodWorker.run(TestMethodWorker.java:109)
at org.testng.TestRunner.privateRun(TestRunner.java:648)
at org.testng.TestRunner.run(TestRunner.java:505)
at org.testng.SuiteRunner.runTest(SuiteRunner.java:455)
at org.testng.SuiteRunner.access$000(SuiteRunner.java:40)
at org.testng.SuiteRunner$SuiteWorker.run(SuiteRunner.java:489)
at org.testng.internal.thread.ThreadUtil$1.call(ThreadUtil.java:52)
at java.util.concurrent.FutureTask.run(FutureTask.java:266)
at java.util.concurrent.ThreadPoolExecutor.runWorker(ThreadPoolExecutor.java:1149)
at java.util.concurrent.ThreadPoolExecutor$Worker.run(ThreadPoolExecutor.java:624)
at java.lang.Thread.run(Thread.java:748)
]]>
            </full-stacktrace>
          </exception> <!-- java.lang.AssertionError -->
          <reporter-output>
          </reporter-output>
        </test-method> <!-- Aadharno_contains_special_characters -->
        <test-method status="PASS" signature="Aadharno_contains_numbers()[pri:0, instance:com.mytest.Admission@1e88b3c]" name="Aadharno_contains_numbers" duration-ms="214" started-at="2018-08-23T12:03:30Z" finished-at="2018-08-23T12:03:30Z">
          <reporter-output>
          </reporter-output>
        </test-method> <!-- Aadharno_contains_numbers -->
        <test-method status="PASS" signature="Aadharno_contains_alphabets()[pri:0, instance:com.mytest.Admission@1e88b3c]" name="Aadharno_contains_alphabets" duration-ms="170" started-at="2018-08-23T12:03:30Z" finished-at="2018-08-23T12:03:30Z">
          <reporter-output>
          </reporter-output>
        </test-method> <!-- Aadharno_contains_alphabets -->
        <test-method status="PASS" signature="Aadharno_contains_whitespaces_at_begining()[pri:0, instance:com.mytest.Admission@1e88b3c]" name="Aadharno_contains_whitespaces_at_begining" duration-ms="216" started-at="2018-08-23T12:03:30Z" finished-at="2018-08-23T12:03:30Z">
          <reporter-output>
          </reporter-output>
        </test-method> <!-- Aadharno_contains_whitespaces_at_begining -->
        <test-method status="FAIL" signature="Aadharno_contains_lessthan_12_numbers()[pri:0, instance:com.mytest.Admission@1e88b3c]" name="Aadharno_contains_lessthan_12_numbers" duration-ms="161" started-at="2018-08-23T12:03:30Z" finished-at="2018-08-23T12:03:30Z">
          <exception class="java.lang.AssertionError">
            <message>
              <![CDATA[Aadhar No Contains Less than 12 numbers expected [true] but found [false]]]>
            </message>
            <full-stacktrace>
              <![CDATA[java.lang.AssertionError: Aadhar No Contains Less than 12 numbers expected [true] but found [false]
at org.testng.Assert.fail(Assert.java:96)
at org.testng.Assert.failNotEquals(Assert.java:776)
at org.testng.Assert.assertTrue(Assert.java:44)
at com.mytest.Admission.Aadharno_contains_lessthan_12_numbers(Admission.java:1415)
at sun.reflect.NativeMethodAccessorImpl.invoke0(Native Method)
at sun.reflect.NativeMethodAccessorImpl.invoke(NativeMethodAccessorImpl.java:62)
at sun.reflect.DelegatingMethodAccessorImpl.invoke(DelegatingMethodAccessorImpl.java:43)
at java.lang.reflect.Method.invoke(Method.java:498)
at org.testng.internal.MethodInvocationHelper.invokeMethod(MethodInvocationHelper.java:124)
at org.testng.internal.Invoker.invokeMethod(Invoker.java:580)
at org.testng.internal.Invoker.invokeTestMethod(Invoker.java:716)
at org.testng.internal.Invoker.invokeTestMethods(Invoker.java:988)
at org.testng.internal.TestMethodWorker.invokeTestMethods(TestMethodWorker.java:125)
at org.testng.internal.TestMethodWorker.run(TestMethodWorker.java:109)
at org.testng.TestRunner.privateRun(TestRunner.java:648)
at org.testng.TestRunner.run(TestRunner.java:505)
at org.testng.SuiteRunner.runTest(SuiteRunner.java:455)
at org.testng.SuiteRunner.access$000(SuiteRunner.java:40)
at org.testng.SuiteRunner$SuiteWorker.run(SuiteRunner.java:489)
at org.testng.internal.thread.ThreadUtil$1.call(ThreadUtil.java:52)
at java.util.concurrent.FutureTask.run(FutureTask.java:266)
at java.util.concurrent.ThreadPoolExecutor.runWorker(ThreadPoolExecutor.java:1149)
at java.util.concurrent.ThreadPoolExecutor$Worker.run(ThreadPoolExecutor.java:624)
at java.lang.Thread.run(Thread.java:748)
]]>
            </full-stacktrace>
          </exception> <!-- java.lang.AssertionError -->
          <reporter-output>
          </reporter-output>
        </test-method> <!-- Aadharno_contains_lessthan_12_numbers -->
        <test-method status="FAIL" signature="Aadharno_contains_greaterthan_12_numbers()[pri:0, instance:com.mytest.Admission@1e88b3c]" name="Aadharno_contains_greaterthan_12_numbers" duration-ms="208" started-at="2018-08-23T12:03:30Z" finished-at="2018-08-23T12:03:31Z">
          <exception class="java.lang.AssertionError">
            <message>
              <![CDATA[Aadhar No Contains Whitespaces at begining expected [true] but found [false]]]>
            </message>
            <full-stacktrace>
              <![CDATA[java.lang.AssertionError: Aadhar No Contains Whitespaces at begining expected [true] but found [false]
at org.testng.Assert.fail(Assert.java:96)
at org.testng.Assert.failNotEquals(Assert.java:776)
at org.testng.Assert.assertTrue(Assert.java:44)
at com.mytest.Admission.Aadharno_contains_greaterthan_12_numbers(Admission.java:1424)
at sun.reflect.NativeMethodAccessorImpl.invoke0(Native Method)
at sun.reflect.NativeMethodAccessorImpl.invoke(NativeMethodAccessorImpl.java:62)
at sun.reflect.DelegatingMethodAccessorImpl.invoke(DelegatingMethodAccessorImpl.java:43)
at java.lang.reflect.Method.invoke(Method.java:498)
at org.testng.internal.MethodInvocationHelper.invokeMethod(MethodInvocationHelper.java:124)
at org.testng.internal.Invoker.invokeMethod(Invoker.java:580)
at org.testng.internal.Invoker.invokeTestMethod(Invoker.java:716)
at org.testng.internal.Invoker.invokeTestMethods(Invoker.java:988)
at org.testng.internal.TestMethodWorker.invokeTestMethods(TestMethodWorker.java:125)
at org.testng.internal.TestMethodWorker.run(TestMethodWorker.java:109)
at org.testng.TestRunner.privateRun(TestRunner.java:648)
at org.testng.TestRunner.run(TestRunner.java:505)
at org.testng.SuiteRunner.runTest(SuiteRunner.java:455)
at org.testng.SuiteRunner.access$000(SuiteRunner.java:40)
at org.testng.SuiteRunner$SuiteWorker.run(SuiteRunner.java:489)
at org.testng.internal.thread.ThreadUtil$1.call(ThreadUtil.java:52)
at java.util.concurrent.FutureTask.run(FutureTask.java:266)
at java.util.concurrent.ThreadPoolExecutor.runWorker(ThreadPoolExecutor.java:1149)
at java.util.concurrent.ThreadPoolExecutor$Worker.run(ThreadPoolExecutor.java:624)
at java.lang.Thread.run(Thread.java:748)
]]>
            </full-stacktrace>
          </exception> <!-- java.lang.AssertionError -->
          <reporter-output>
          </reporter-output>
        </test-method> <!-- Aadharno_contains_greaterthan_12_numbers -->
        <test-method status="PASS" signature="Birthdate_Functionality()[pri:0, instance:com.mytest.Admission@1e88b3c]" name="Birthdate_Functionality" duration-ms="3268" started-at="2018-08-23T12:03:31Z" finished-at="2018-08-23T12:03:34Z">
          <reporter-output>
          </reporter-output>
        </test-method> <!-- Birthdate_Functionality -->
        <test-method status="FAIL" signature="Blank_Gender_Field()[pri:0, instance:com.mytest.Admission@1e88b3c]" name="Blank_Gender_Field" duration-ms="49" started-at="2018-08-23T12:03:34Z" finished-at="2018-08-23T12:03:34Z">
          <exception class="java.lang.AssertionError">
            <message>
              <![CDATA[Gender field is Blank expected [true] but found [false]]]>
            </message>
            <full-stacktrace>
              <![CDATA[java.lang.AssertionError: Gender field is Blank expected [true] but found [false]
at org.testng.Assert.fail(Assert.java:96)
at org.testng.Assert.failNotEquals(Assert.java:776)
at org.testng.Assert.assertTrue(Assert.java:44)
at com.mytest.Admission.Blank_Gender_Field(Admission.java:1443)
at sun.reflect.NativeMethodAccessorImpl.invoke0(Native Method)
at sun.reflect.NativeMethodAccessorImpl.invoke(NativeMethodAccessorImpl.java:62)
at sun.reflect.DelegatingMethodAccessorImpl.invoke(DelegatingMethodAccessorImpl.java:43)
at java.lang.reflect.Method.invoke(Method.java:498)
at org.testng.internal.MethodInvocationHelper.invokeMethod(MethodInvocationHelper.java:124)
at org.testng.internal.Invoker.invokeMethod(Invoker.java:580)
at org.testng.internal.Invoker.invokeTestMethod(Invoker.java:716)
at org.testng.internal.Invoker.invokeTestMethods(Invoker.java:988)
at org.testng.internal.TestMethodWorker.invokeTestMethods(TestMethodWorker.java:125)
at org.testng.internal.TestMethodWorker.run(TestMethodWorker.java:109)
at org.testng.TestRunner.privateRun(TestRunner.java:648)
at org.testng.TestRunner.run(TestRunner.java:505)
at org.testng.SuiteRunner.runTest(SuiteRunner.java:455)
at org.testng.SuiteRunner.access$000(SuiteRunner.java:40)
at org.testng.SuiteRunner$SuiteWorker.run(SuiteRunner.java:489)
at org.testng.internal.thread.ThreadUtil$1.call(ThreadUtil.java:52)
at java.util.concurrent.FutureTask.run(FutureTask.java:266)
at java.util.concurrent.ThreadPoolExecutor.runWorker(ThreadPoolExecutor.java:1149)
at java.util.concurrent.ThreadPoolExecutor$Worker.run(ThreadPoolExecutor.java:624)
at java.lang.Thread.run(Thread.java:748)
]]>
            </full-stacktrace>
          </exception> <!-- java.lang.AssertionError -->
          <reporter-output>
          </reporter-output>
        </test-method> <!-- Blank_Gender_Field -->
        <test-method status="PASS" signature="Gender_Functionality()[pri:0, instance:com.mytest.Admission@1e88b3c]" name="Gender_Functionality" duration-ms="265" started-at="2018-08-23T12:03:34Z" finished-at="2018-08-23T12:03:34Z">
          <reporter-output>
          </reporter-output>
        </test-method> <!-- Gender_Functionality -->
        <test-method status="PASS" signature="PersonalInfo_next_button_Functionality()[pri:0, instance:com.mytest.Admission@1e88b3c]" name="PersonalInfo_next_button_Functionality" duration-ms="6311" started-at="2018-08-23T12:03:34Z" finished-at="2018-08-23T12:03:40Z">
          <reporter-output>
          </reporter-output>
        </test-method> <!-- PersonalInfo_next_button_Functionality -->
        <test-method status="FAIL" signature="Primary_mobno_contains_special_characters()[pri:0, instance:com.mytest.Admission@1e88b3c]" name="Primary_mobno_contains_special_characters" duration-ms="259" started-at="2018-08-23T12:03:40Z" finished-at="2018-08-23T12:03:41Z">
          <exception class="java.lang.AssertionError">
            <message>
              <![CDATA[Primary Mobile No Contains Spaecial Characters expected [true] but found [false]]]>
            </message>
            <full-stacktrace>
              <![CDATA[java.lang.AssertionError: Primary Mobile No Contains Spaecial Characters expected [true] but found [false]
at org.testng.Assert.fail(Assert.java:96)
at org.testng.Assert.failNotEquals(Assert.java:776)
at org.testng.Assert.assertTrue(Assert.java:44)
at com.mytest.Admission.Primary_mobno_contains_special_characters(Admission.java:1479)
at sun.reflect.NativeMethodAccessorImpl.invoke0(Native Method)
at sun.reflect.NativeMethodAccessorImpl.invoke(NativeMethodAccessorImpl.java:62)
at sun.reflect.DelegatingMethodAccessorImpl.invoke(DelegatingMethodAccessorImpl.java:43)
at java.lang.reflect.Method.invoke(Method.java:498)
at org.testng.internal.MethodInvocationHelper.invokeMethod(MethodInvocationHelper.java:124)
at org.testng.internal.Invoker.invokeMethod(Invoker.java:580)
at org.testng.internal.Invoker.invokeTestMethod(Invoker.java:716)
at org.testng.internal.Invoker.invokeTestMethods(Invoker.java:988)
at org.testng.internal.TestMethodWorker.invokeTestMethods(TestMethodWorker.java:125)
at org.testng.internal.TestMethodWorker.run(TestMethodWorker.java:109)
at org.testng.TestRunner.privateRun(TestRunner.java:648)
at org.testng.TestRunner.run(TestRunner.java:505)
at org.testng.SuiteRunner.runTest(SuiteRunner.java:455)
at org.testng.SuiteRunner.access$000(SuiteRunner.java:40)
at org.testng.SuiteRunner$SuiteWorker.run(SuiteRunner.java:489)
at org.testng.internal.thread.ThreadUtil$1.call(ThreadUtil.java:52)
at java.util.concurrent.FutureTask.run(FutureTask.java:266)
at java.util.concurrent.ThreadPoolExecutor.runWorker(ThreadPoolExecutor.java:1149)
at java.util.concurrent.ThreadPoolExecutor$Worker.run(ThreadPoolExecutor.java:624)
at java.lang.Thread.run(Thread.java:748)
]]>
            </full-stacktrace>
          </exception> <!-- java.lang.AssertionError -->
          <reporter-output>
          </reporter-output>
        </test-method> <!-- Primary_mobno_contains_special_characters -->
        <test-method status="PASS" signature="Primary_mobno_contains_numbers()[pri:0, instance:com.mytest.Admission@1e88b3c]" name="Primary_mobno_contains_numbers" duration-ms="210" started-at="2018-08-23T12:03:41Z" finished-at="2018-08-23T12:03:41Z">
          <reporter-output>
          </reporter-output>
        </test-method> <!-- Primary_mobno_contains_numbers -->
        <test-method status="PASS" signature="Primary_mobno_contains_whitespaces()[pri:0, instance:com.mytest.Admission@1e88b3c]" name="Primary_mobno_contains_whitespaces" duration-ms="173" started-at="2018-08-23T12:03:41Z" finished-at="2018-08-23T12:03:41Z">
          <reporter-output>
          </reporter-output>
        </test-method> <!-- Primary_mobno_contains_whitespaces -->
        <test-method status="PASS" signature="Primary_mobno_contains_alphabets()[pri:0, instance:com.mytest.Admission@1e88b3c]" name="Primary_mobno_contains_alphabets" duration-ms="182" started-at="2018-08-23T12:03:41Z" finished-at="2018-08-23T12:03:41Z">
          <reporter-output>
          </reporter-output>
        </test-method> <!-- Primary_mobno_contains_alphabets -->
        <test-method status="PASS" signature="Primary_mobno_contains_whitespaces_at_begining()[pri:0, instance:com.mytest.Admission@1e88b3c]" name="Primary_mobno_contains_whitespaces_at_begining" duration-ms="195" started-at="2018-08-23T12:03:41Z" finished-at="2018-08-23T12:03:41Z">
          <reporter-output>
          </reporter-output>
        </test-method> <!-- Primary_mobno_contains_whitespaces_at_begining -->
        <test-method status="PASS" signature="Primary_mobno_Field_is_Blank()[pri:0, instance:com.mytest.Admission@1e88b3c]" name="Primary_mobno_Field_is_Blank" duration-ms="118" started-at="2018-08-23T12:03:41Z" finished-at="2018-08-23T12:03:42Z">
          <reporter-output>
          </reporter-output>
        </test-method> <!-- Primary_mobno_Field_is_Blank -->
        <test-method status="FAIL" signature="Primary_mobno_contains_lessthan_10_numbers()[pri:0, instance:com.mytest.Admission@1e88b3c]" name="Primary_mobno_contains_lessthan_10_numbers" duration-ms="147" started-at="2018-08-23T12:03:42Z" finished-at="2018-08-23T12:03:42Z">
          <exception class="java.lang.AssertionError">
            <message>
              <![CDATA[Primary Mobile No Contains Less than 10 numbers expected [true] but found [false]]]>
            </message>
            <full-stacktrace>
              <![CDATA[java.lang.AssertionError: Primary Mobile No Contains Less than 10 numbers expected [true] but found [false]
at org.testng.Assert.fail(Assert.java:96)
at org.testng.Assert.failNotEquals(Assert.java:776)
at org.testng.Assert.assertTrue(Assert.java:44)
at com.mytest.Admission.Primary_mobno_contains_lessthan_10_numbers(Admission.java:1541)
at sun.reflect.NativeMethodAccessorImpl.invoke0(Native Method)
at sun.reflect.NativeMethodAccessorImpl.invoke(NativeMethodAccessorImpl.java:62)
at sun.reflect.DelegatingMethodAccessorImpl.invoke(DelegatingMethodAccessorImpl.java:43)
at java.lang.reflect.Method.invoke(Method.java:498)
at org.testng.internal.MethodInvocationHelper.invokeMethod(MethodInvocationHelper.java:124)
at org.testng.internal.Invoker.invokeMethod(Invoker.java:580)
at org.testng.internal.Invoker.invokeTestMethod(Invoker.java:716)
at org.testng.internal.Invoker.invokeTestMethods(Invoker.java:988)
at org.testng.internal.TestMethodWorker.invokeTestMethods(TestMethodWorker.java:125)
at org.testng.internal.TestMethodWorker.run(TestMethodWorker.java:109)
at org.testng.TestRunner.privateRun(TestRunner.java:648)
at org.testng.TestRunner.run(TestRunner.java:505)
at org.testng.SuiteRunner.runTest(SuiteRunner.java:455)
at org.testng.SuiteRunner.access$000(SuiteRunner.java:40)
at org.testng.SuiteRunner$SuiteWorker.run(SuiteRunner.java:489)
at org.testng.internal.thread.ThreadUtil$1.call(ThreadUtil.java:52)
at java.util.concurrent.FutureTask.run(FutureTask.java:266)
at java.util.concurrent.ThreadPoolExecutor.runWorker(ThreadPoolExecutor.java:1149)
at java.util.concurrent.ThreadPoolExecutor$Worker.run(ThreadPoolExecutor.java:624)
at java.lang.Thread.run(Thread.java:748)
]]>
            </full-stacktrace>
          </exception> <!-- java.lang.AssertionError -->
          <reporter-output>
          </reporter-output>
        </test-method> <!-- Primary_mobno_contains_lessthan_10_numbers -->
        <test-method status="PASS" signature="Primary_mobno_contains_greaterthan_10_numbers()[pri:0, instance:com.mytest.Admission@1e88b3c]" name="Primary_mobno_contains_greaterthan_10_numbers" duration-ms="324" started-at="2018-08-23T12:03:42Z" finished-at="2018-08-23T12:03:42Z">
          <reporter-output>
          </reporter-output>
        </test-method> <!-- Primary_mobno_contains_greaterthan_10_numbers -->
        <test-method status="FAIL" signature="Secondary_mobno_contains_special_characters()[pri:0, instance:com.mytest.Admission@1e88b3c]" name="Secondary_mobno_contains_special_characters" duration-ms="196" started-at="2018-08-23T12:03:42Z" finished-at="2018-08-23T12:03:42Z">
          <exception class="java.lang.AssertionError">
            <message>
              <![CDATA[Secondary Mobile No Contains Spaecial Characters expected [true] but found [false]]]>
            </message>
            <full-stacktrace>
              <![CDATA[java.lang.AssertionError: Secondary Mobile No Contains Spaecial Characters expected [true] but found [false]
at org.testng.Assert.fail(Assert.java:96)
at org.testng.Assert.failNotEquals(Assert.java:776)
at org.testng.Assert.assertTrue(Assert.java:44)
at com.mytest.Admission.Secondary_mobno_contains_special_characters(Admission.java:1559)
at sun.reflect.NativeMethodAccessorImpl.invoke0(Native Method)
at sun.reflect.NativeMethodAccessorImpl.invoke(NativeMethodAccessorImpl.java:62)
at sun.reflect.DelegatingMethodAccessorImpl.invoke(DelegatingMethodAccessorImpl.java:43)
at java.lang.reflect.Method.invoke(Method.java:498)
at org.testng.internal.MethodInvocationHelper.invokeMethod(MethodInvocationHelper.java:124)
at org.testng.internal.Invoker.invokeMethod(Invoker.java:580)
at org.testng.internal.Invoker.invokeTestMethod(Invoker.java:716)
at org.testng.internal.Invoker.invokeTestMethods(Invoker.java:988)
at org.testng.internal.TestMethodWorker.invokeTestMethods(TestMethodWorker.java:125)
at org.testng.internal.TestMethodWorker.run(TestMethodWorker.java:109)
at org.testng.TestRunner.privateRun(TestRunner.java:648)
at org.testng.TestRunner.run(TestRunner.java:505)
at org.testng.SuiteRunner.runTest(SuiteRunner.java:455)
at org.testng.SuiteRunner.access$000(SuiteRunner.java:40)
at org.testng.SuiteRunner$SuiteWorker.run(SuiteRunner.java:489)
at org.testng.internal.thread.ThreadUtil$1.call(ThreadUtil.java:52)
at java.util.concurrent.FutureTask.run(FutureTask.java:266)
at java.util.concurrent.ThreadPoolExecutor.runWorker(ThreadPoolExecutor.java:1149)
at java.util.concurrent.ThreadPoolExecutor$Worker.run(ThreadPoolExecutor.java:624)
at java.lang.Thread.run(Thread.java:748)
]]>
            </full-stacktrace>
          </exception> <!-- java.lang.AssertionError -->
          <reporter-output>
          </reporter-output>
        </test-method> <!-- Secondary_mobno_contains_special_characters -->
        <test-method status="PASS" signature="Secondary_mobno_contains_numbers()[pri:0, instance:com.mytest.Admission@1e88b3c]" name="Secondary_mobno_contains_numbers" duration-ms="221" started-at="2018-08-23T12:03:42Z" finished-at="2018-08-23T12:03:43Z">
          <reporter-output>
          </reporter-output>
        </test-method> <!-- Secondary_mobno_contains_numbers -->
        <test-method status="PASS" signature="Secondary_mobno_contains_whitespaces()[pri:0, instance:com.mytest.Admission@1e88b3c]" name="Secondary_mobno_contains_whitespaces" duration-ms="194" started-at="2018-08-23T12:03:43Z" finished-at="2018-08-23T12:03:43Z">
          <reporter-output>
          </reporter-output>
        </test-method> <!-- Secondary_mobno_contains_whitespaces -->
        <test-method status="PASS" signature="Secondary_mobno_contains_alphabets()[pri:0, instance:com.mytest.Admission@1e88b3c]" name="Secondary_mobno_contains_alphabets" duration-ms="161" started-at="2018-08-23T12:03:43Z" finished-at="2018-08-23T12:03:43Z">
          <reporter-output>
          </reporter-output>
        </test-method> <!-- Secondary_mobno_contains_alphabets -->
        <test-method status="PASS" signature="Secondary_mobno_contains_whitespaces_at_begining()[pri:0, instance:com.mytest.Admission@1e88b3c]" name="Secondary_mobno_contains_whitespaces_at_begining" duration-ms="201" started-at="2018-08-23T12:03:43Z" finished-at="2018-08-23T12:03:43Z">
          <reporter-output>
          </reporter-output>
        </test-method> <!-- Secondary_mobno_contains_whitespaces_at_begining -->
        <test-method status="FAIL" signature="Secondary_mobno_contains_lessthan_10_numbers()[pri:0, instance:com.mytest.Admission@1e88b3c]" name="Secondary_mobno_contains_lessthan_10_numbers" duration-ms="153" started-at="2018-08-23T12:03:43Z" finished-at="2018-08-23T12:03:43Z">
          <exception class="java.lang.AssertionError">
            <message>
              <![CDATA[Secondary Mobile No Contains Less than 10 numbers expected [true] but found [false]]]>
            </message>
            <full-stacktrace>
              <![CDATA[java.lang.AssertionError: Secondary Mobile No Contains Less than 10 numbers expected [true] but found [false]
at org.testng.Assert.fail(Assert.java:96)
at org.testng.Assert.failNotEquals(Assert.java:776)
at org.testng.Assert.assertTrue(Assert.java:44)
at com.mytest.Admission.Secondary_mobno_contains_lessthan_10_numbers(Admission.java:1613)
at sun.reflect.NativeMethodAccessorImpl.invoke0(Native Method)
at sun.reflect.NativeMethodAccessorImpl.invoke(NativeMethodAccessorImpl.java:62)
at sun.reflect.DelegatingMethodAccessorImpl.invoke(DelegatingMethodAccessorImpl.java:43)
at java.lang.reflect.Method.invoke(Method.java:498)
at org.testng.internal.MethodInvocationHelper.invokeMethod(MethodInvocationHelper.java:124)
at org.testng.internal.Invoker.invokeMethod(Invoker.java:580)
at org.testng.internal.Invoker.invokeTestMethod(Invoker.java:716)
at org.testng.internal.Invoker.invokeTestMethods(Invoker.java:988)
at org.testng.internal.TestMethodWorker.invokeTestMethods(TestMethodWorker.java:125)
at org.testng.internal.TestMethodWorker.run(TestMethodWorker.java:109)
at org.testng.TestRunner.privateRun(TestRunner.java:648)
at org.testng.TestRunner.run(TestRunner.java:505)
at org.testng.SuiteRunner.runTest(SuiteRunner.java:455)
at org.testng.SuiteRunner.access$000(SuiteRunner.java:40)
at org.testng.SuiteRunner$SuiteWorker.run(SuiteRunner.java:489)
at org.testng.internal.thread.ThreadUtil$1.call(ThreadUtil.java:52)
at java.util.concurrent.FutureTask.run(FutureTask.java:266)
at java.util.concurrent.ThreadPoolExecutor.runWorker(ThreadPoolExecutor.java:1149)
at java.util.concurrent.ThreadPoolExecutor$Worker.run(ThreadPoolExecutor.java:624)
at java.lang.Thread.run(Thread.java:748)
]]>
            </full-stacktrace>
          </exception> <!-- java.lang.AssertionError -->
          <reporter-output>
          </reporter-output>
        </test-method> <!-- Secondary_mobno_contains_lessthan_10_numbers -->
        <test-method status="PASS" signature="Secondary_mobno_contains_greaterthan_10_numbers()[pri:0, instance:com.mytest.Admission@1e88b3c]" name="Secondary_mobno_contains_greaterthan_10_numbers" duration-ms="192" started-at="2018-08-23T12:03:43Z" finished-at="2018-08-23T12:03:43Z">
          <reporter-output>
          </reporter-output>
        </test-method> <!-- Secondary_mobno_contains_greaterthan_10_numbers -->
        <test-method status="PASS" signature="Primary_email_contains_whitespaces()[pri:0, instance:com.mytest.Admission@1e88b3c]" name="Primary_email_contains_whitespaces" duration-ms="7532" started-at="2018-08-23T12:03:43Z" finished-at="2018-08-23T12:03:51Z">
          <reporter-output>
          </reporter-output>
        </test-method> <!-- Primary_email_contains_whitespaces -->
        <test-method status="PASS" signature="Primary_Email_valid()[pri:0, instance:com.mytest.Admission@1e88b3c]" name="Primary_Email_valid" duration-ms="285" started-at="2018-08-23T12:03:51Z" finished-at="2018-08-23T12:03:51Z">
          <reporter-output>
          </reporter-output>
        </test-method> <!-- Primary_Email_valid -->
        <test-method status="FAIL" signature="Primary_email_contains_whitespaces_at_begining()[pri:0, instance:com.mytest.Admission@1e88b3c]" name="Primary_email_contains_whitespaces_at_begining" duration-ms="1332" started-at="2018-08-23T12:03:51Z" finished-at="2018-08-23T12:03:53Z">
          <exception class="java.lang.AssertionError">
            <message>
              <![CDATA[Primary Email contain Whitespaces at Begining expected [true] but found [false]]]>
            </message>
            <full-stacktrace>
              <![CDATA[java.lang.AssertionError: Primary Email contain Whitespaces at Begining expected [true] but found [false]
at org.testng.Assert.fail(Assert.java:96)
at org.testng.Assert.failNotEquals(Assert.java:776)
at org.testng.Assert.assertTrue(Assert.java:44)
at com.mytest.Admission.Primary_email_contains_whitespaces_at_begining(Admission.java:1667)
at sun.reflect.NativeMethodAccessorImpl.invoke0(Native Method)
at sun.reflect.NativeMethodAccessorImpl.invoke(NativeMethodAccessorImpl.java:62)
at sun.reflect.DelegatingMethodAccessorImpl.invoke(DelegatingMethodAccessorImpl.java:43)
at java.lang.reflect.Method.invoke(Method.java:498)
at org.testng.internal.MethodInvocationHelper.invokeMethod(MethodInvocationHelper.java:124)
at org.testng.internal.Invoker.invokeMethod(Invoker.java:580)
at org.testng.internal.Invoker.invokeTestMethod(Invoker.java:716)
at org.testng.internal.Invoker.invokeTestMethods(Invoker.java:988)
at org.testng.internal.TestMethodWorker.invokeTestMethods(TestMethodWorker.java:125)
at org.testng.internal.TestMethodWorker.run(TestMethodWorker.java:109)
at org.testng.TestRunner.privateRun(TestRunner.java:648)
at org.testng.TestRunner.run(TestRunner.java:505)
at org.testng.SuiteRunner.runTest(SuiteRunner.java:455)
at org.testng.SuiteRunner.access$000(SuiteRunner.java:40)
at org.testng.SuiteRunner$SuiteWorker.run(SuiteRunner.java:489)
at org.testng.internal.thread.ThreadUtil$1.call(ThreadUtil.java:52)
at java.util.concurrent.FutureTask.run(FutureTask.java:266)
at java.util.concurrent.ThreadPoolExecutor.runWorker(ThreadPoolExecutor.java:1149)
at java.util.concurrent.ThreadPoolExecutor$Worker.run(ThreadPoolExecutor.java:624)
at java.lang.Thread.run(Thread.java:748)
]]>
            </full-stacktrace>
          </exception> <!-- java.lang.AssertionError -->
          <reporter-output>
          </reporter-output>
        </test-method> <!-- Primary_email_contains_whitespaces_at_begining -->
        <test-method status="PASS" signature="Secondary_email_contains_whitespaces()[pri:0, instance:com.mytest.Admission@1e88b3c]" name="Secondary_email_contains_whitespaces" duration-ms="11153" started-at="2018-08-23T12:03:53Z" finished-at="2018-08-23T12:04:04Z">
          <reporter-output>
          </reporter-output>
        </test-method> <!-- Secondary_email_contains_whitespaces -->
        <test-method status="PASS" signature="Secondary_Email_valid()[pri:0, instance:com.mytest.Admission@1e88b3c]" name="Secondary_Email_valid" duration-ms="286" started-at="2018-08-23T12:04:04Z" finished-at="2018-08-23T12:04:04Z">
          <reporter-output>
          </reporter-output>
        </test-method> <!-- Secondary_Email_valid -->
        <test-method status="FAIL" signature="Secondary_email_contains_whitespaces_at_begining()[pri:0, instance:com.mytest.Admission@1e88b3c]" name="Secondary_email_contains_whitespaces_at_begining" duration-ms="1306" started-at="2018-08-23T12:04:04Z" finished-at="2018-08-23T12:04:05Z">
          <exception class="java.lang.AssertionError">
            <message>
              <![CDATA[Secondary Email contain Whitespaces at Begining expected [true] but found [false]]]>
            </message>
            <full-stacktrace>
              <![CDATA[java.lang.AssertionError: Secondary Email contain Whitespaces at Begining expected [true] but found [false]
at org.testng.Assert.fail(Assert.java:96)
at org.testng.Assert.failNotEquals(Assert.java:776)
at org.testng.Assert.assertTrue(Assert.java:44)
at com.mytest.Admission.Secondary_email_contains_whitespaces_at_begining(Admission.java:1711)
at sun.reflect.NativeMethodAccessorImpl.invoke0(Native Method)
at sun.reflect.NativeMethodAccessorImpl.invoke(NativeMethodAccessorImpl.java:62)
at sun.reflect.DelegatingMethodAccessorImpl.invoke(DelegatingMethodAccessorImpl.java:43)
at java.lang.reflect.Method.invoke(Method.java:498)
at org.testng.internal.MethodInvocationHelper.invokeMethod(MethodInvocationHelper.java:124)
at org.testng.internal.Invoker.invokeMethod(Invoker.java:580)
at org.testng.internal.Invoker.invokeTestMethod(Invoker.java:716)
at org.testng.internal.Invoker.invokeTestMethods(Invoker.java:988)
at org.testng.internal.TestMethodWorker.invokeTestMethods(TestMethodWorker.java:125)
at org.testng.internal.TestMethodWorker.run(TestMethodWorker.java:109)
at org.testng.TestRunner.privateRun(TestRunner.java:648)
at org.testng.TestRunner.run(TestRunner.java:505)
at org.testng.SuiteRunner.runTest(SuiteRunner.java:455)
at org.testng.SuiteRunner.access$000(SuiteRunner.java:40)
at org.testng.SuiteRunner$SuiteWorker.run(SuiteRunner.java:489)
at org.testng.internal.thread.ThreadUtil$1.call(ThreadUtil.java:52)
at java.util.concurrent.FutureTask.run(FutureTask.java:266)
at java.util.concurrent.ThreadPoolExecutor.runWorker(ThreadPoolExecutor.java:1149)
at java.util.concurrent.ThreadPoolExecutor$Worker.run(ThreadPoolExecutor.java:624)
at java.lang.Thread.run(Thread.java:748)
]]>
            </full-stacktrace>
          </exception> <!-- java.lang.AssertionError -->
          <reporter-output>
          </reporter-output>
        </test-method> <!-- Secondary_email_contains_whitespaces_at_begining -->
        <test-method status="PASS" signature="Valid_Current_address()[pri:0, instance:com.mytest.Admission@1e88b3c]" name="Valid_Current_address" duration-ms="570" started-at="2018-08-23T12:04:05Z" finished-at="2018-08-23T12:04:06Z">
          <reporter-output>
          </reporter-output>
        </test-method> <!-- Valid_Current_address -->
        <test-method status="PASS" signature="Blank_Current_address()[pri:0, instance:com.mytest.Admission@1e88b3c]" name="Blank_Current_address" duration-ms="7219" started-at="2018-08-23T12:04:06Z" finished-at="2018-08-23T12:04:13Z">
          <reporter-output>
          </reporter-output>
        </test-method> <!-- Blank_Current_address -->
        <test-method status="PASS" signature="Valid_Permanent_address()[pri:0, instance:com.mytest.Admission@1e88b3c]" name="Valid_Permanent_address" duration-ms="957" started-at="2018-08-23T12:04:13Z" finished-at="2018-08-23T12:04:14Z">
          <reporter-output>
          </reporter-output>
        </test-method> <!-- Valid_Permanent_address -->
        <test-method status="FAIL" signature="Pincode_currentaddress_contains_special_characters()[pri:0, instance:com.mytest.Admission@1e88b3c]" name="Pincode_currentaddress_contains_special_characters" duration-ms="267" started-at="2018-08-23T12:04:14Z" finished-at="2018-08-23T12:04:14Z">
          <exception class="java.lang.AssertionError">
            <message>
              <![CDATA[Pincode No Contains Spaecial Characters expected [true] but found [false]]]>
            </message>
            <full-stacktrace>
              <![CDATA[java.lang.AssertionError: Pincode No Contains Spaecial Characters expected [true] but found [false]
at org.testng.Assert.fail(Assert.java:96)
at org.testng.Assert.failNotEquals(Assert.java:776)
at org.testng.Assert.assertTrue(Assert.java:44)
at com.mytest.Admission.Pincode_currentaddress_contains_special_characters(Admission.java:1753)
at sun.reflect.NativeMethodAccessorImpl.invoke0(Native Method)
at sun.reflect.NativeMethodAccessorImpl.invoke(NativeMethodAccessorImpl.java:62)
at sun.reflect.DelegatingMethodAccessorImpl.invoke(DelegatingMethodAccessorImpl.java:43)
at java.lang.reflect.Method.invoke(Method.java:498)
at org.testng.internal.MethodInvocationHelper.invokeMethod(MethodInvocationHelper.java:124)
at org.testng.internal.Invoker.invokeMethod(Invoker.java:580)
at org.testng.internal.Invoker.invokeTestMethod(Invoker.java:716)
at org.testng.internal.Invoker.invokeTestMethods(Invoker.java:988)
at org.testng.internal.TestMethodWorker.invokeTestMethods(TestMethodWorker.java:125)
at org.testng.internal.TestMethodWorker.run(TestMethodWorker.java:109)
at org.testng.TestRunner.privateRun(TestRunner.java:648)
at org.testng.TestRunner.run(TestRunner.java:505)
at org.testng.SuiteRunner.runTest(SuiteRunner.java:455)
at org.testng.SuiteRunner.access$000(SuiteRunner.java:40)
at org.testng.SuiteRunner$SuiteWorker.run(SuiteRunner.java:489)
at org.testng.internal.thread.ThreadUtil$1.call(ThreadUtil.java:52)
at java.util.concurrent.FutureTask.run(FutureTask.java:266)
at java.util.concurrent.ThreadPoolExecutor.runWorker(ThreadPoolExecutor.java:1149)
at java.util.concurrent.ThreadPoolExecutor$Worker.run(ThreadPoolExecutor.java:624)
at java.lang.Thread.run(Thread.java:748)
]]>
            </full-stacktrace>
          </exception> <!-- java.lang.AssertionError -->
          <reporter-output>
          </reporter-output>
        </test-method> <!-- Pincode_currentaddress_contains_special_characters -->
        <test-method status="PASS" signature="Pincode_currentaddress_contains_numbers()[pri:0, instance:com.mytest.Admission@1e88b3c]" name="Pincode_currentaddress_contains_numbers" duration-ms="231" started-at="2018-08-23T12:04:14Z" finished-at="2018-08-23T12:04:15Z">
          <reporter-output>
          </reporter-output>
        </test-method> <!-- Pincode_currentaddress_contains_numbers -->
        <test-method status="PASS" signature="Pincode_currentaddress_contains_whitespaces()[pri:0, instance:com.mytest.Admission@1e88b3c]" name="Pincode_currentaddress_contains_whitespaces" duration-ms="208" started-at="2018-08-23T12:04:15Z" finished-at="2018-08-23T12:04:15Z">
          <reporter-output>
          </reporter-output>
        </test-method> <!-- Pincode_currentaddress_contains_whitespaces -->
        <test-method status="PASS" signature="Pincode_currentaddress_contains_alphabets()[pri:0, instance:com.mytest.Admission@1e88b3c]" name="Pincode_currentaddress_contains_alphabets" duration-ms="227" started-at="2018-08-23T12:04:15Z" finished-at="2018-08-23T12:04:15Z">
          <reporter-output>
          </reporter-output>
        </test-method> <!-- Pincode_currentaddress_contains_alphabets -->
        <test-method status="PASS" signature="Pincode_currentaddress_contains_whitespaces_at_begining()[pri:0, instance:com.mytest.Admission@1e88b3c]" name="Pincode_currentaddress_contains_whitespaces_at_begining" duration-ms="208" started-at="2018-08-23T12:04:15Z" finished-at="2018-08-23T12:04:15Z">
          <reporter-output>
          </reporter-output>
        </test-method> <!-- Pincode_currentaddress_contains_whitespaces_at_begining -->
        <test-method status="PASS" signature="Pincode_Currentaddress_field_is_Blank()[pri:0, instance:com.mytest.Admission@1e88b3c]" name="Pincode_Currentaddress_field_is_Blank" duration-ms="83" started-at="2018-08-23T12:04:15Z" finished-at="2018-08-23T12:04:15Z">
          <reporter-output>
          </reporter-output>
        </test-method> <!-- Pincode_Currentaddress_field_is_Blank -->
        <test-method status="FAIL" signature="Pincode_currentaddress_contains_lessthan_6_numbers()[pri:0, instance:com.mytest.Admission@1e88b3c]" name="Pincode_currentaddress_contains_lessthan_6_numbers" duration-ms="16915" started-at="2018-08-23T12:04:15Z" finished-at="2018-08-23T12:04:32Z">
          <exception class="org.openqa.selenium.NoSuchElementException">
            <message>
              <![CDATA[no such element: Unable to locate element: {"method":"xpath","selector":"//*[@id="parsley-id-36"]/li"}
  (Session info: chrome=68.0.3440.106)
  (Driver info: chromedriver=2.40.565498 (ea082db3280dd6843ebfb08a625e3eb905c4f5ab),platform=Windows NT 6.1.7601 SP1 x86_64) (WARNING: The server did not provide any stacktrace information)
Command duration or timeout: 0 milliseconds
For documentation on this error, please visit: http://seleniumhq.org/exceptions/no_such_element.html
Build info: version: '3.13.0', revision: '2f0d292', time: '2018-06-25T15:32:14.902Z'
System info: host: 'TESTER-PC', ip: '192.168.0.104', os.name: 'Windows 7', os.arch: 'amd64', os.version: '6.1', java.version: '1.8.0_181'
Driver info: org.openqa.selenium.chrome.ChromeDriver
Capabilities {acceptInsecureCerts: false, acceptSslCerts: false, applicationCacheEnabled: false, browserConnectionEnabled: false, browserName: chrome, chrome: {chromedriverVersion: 2.40.565498 (ea082db3280dd6..., userDataDir: C:\Users\Tester\AppData\Loc...}, cssSelectorsEnabled: true, databaseEnabled: false, handlesAlerts: true, hasTouchScreen: false, javascriptEnabled: true, locationContextEnabled: true, mobileEmulationEnabled: false, nativeEvents: true, networkConnectionEnabled: false, pageLoadStrategy: normal, platform: XP, platformName: XP, rotatable: false, setWindowRect: true, takesHeapSnapshot: true, takesScreenshot: true, unexpectedAlertBehaviour: , unhandledPromptBehavior: , version: 68.0.3440.106, webStorageEnabled: true}
Session ID: 0da9bbd829a4c18b2d16a7e52761edb7
*** Element info: {Using=xpath, value=//*[@id="parsley-id-36"]/li}]]>
            </message>
            <full-stacktrace>
              <![CDATA[org.openqa.selenium.NoSuchElementException: no such element: Unable to locate element: {"method":"xpath","selector":"//*[@id="parsley-id-36"]/li"}
  (Session info: chrome=68.0.3440.106)
  (Driver info: chromedriver=2.40.565498 (ea082db3280dd6843ebfb08a625e3eb905c4f5ab),platform=Windows NT 6.1.7601 SP1 x86_64) (WARNING: The server did not provide any stacktrace information)
Command duration or timeout: 0 milliseconds
For documentation on this error, please visit: http://seleniumhq.org/exceptions/no_such_element.html
Build info: version: '3.13.0', revision: '2f0d292', time: '2018-06-25T15:32:14.902Z'
System info: host: 'TESTER-PC', ip: '192.168.0.104', os.name: 'Windows 7', os.arch: 'amd64', os.version: '6.1', java.version: '1.8.0_181'
Driver info: org.openqa.selenium.chrome.ChromeDriver
Capabilities {acceptInsecureCerts: false, acceptSslCerts: false, applicationCacheEnabled: false, browserConnectionEnabled: false, browserName: chrome, chrome: {chromedriverVersion: 2.40.565498 (ea082db3280dd6..., userDataDir: C:\Users\Tester\AppData\Loc...}, cssSelectorsEnabled: true, databaseEnabled: false, handlesAlerts: true, hasTouchScreen: false, javascriptEnabled: true, locationContextEnabled: true, mobileEmulationEnabled: false, nativeEvents: true, networkConnectionEnabled: false, pageLoadStrategy: normal, platform: XP, platformName: XP, rotatable: false, setWindowRect: true, takesHeapSnapshot: true, takesScreenshot: true, unexpectedAlertBehaviour: , unhandledPromptBehavior: , version: 68.0.3440.106, webStorageEnabled: true}
Session ID: 0da9bbd829a4c18b2d16a7e52761edb7
*** Element info: {Using=xpath, value=//*[@id="parsley-id-36"]/li}
at sun.reflect.NativeConstructorAccessorImpl.newInstance0(Native Method)
at sun.reflect.NativeConstructorAccessorImpl.newInstance(NativeConstructorAccessorImpl.java:62)
at sun.reflect.DelegatingConstructorAccessorImpl.newInstance(DelegatingConstructorAccessorImpl.java:45)
at java.lang.reflect.Constructor.newInstance(Constructor.java:423)
at org.openqa.selenium.remote.ErrorHandler.createThrowable(ErrorHandler.java:214)
at org.openqa.selenium.remote.ErrorHandler.throwIfResponseFailed(ErrorHandler.java:166)
at org.openqa.selenium.remote.http.JsonHttpResponseCodec.reconstructValue(JsonHttpResponseCodec.java:40)
at org.openqa.selenium.remote.http.AbstractHttpResponseCodec.decode(AbstractHttpResponseCodec.java:80)
at org.openqa.selenium.remote.http.AbstractHttpResponseCodec.decode(AbstractHttpResponseCodec.java:44)
at org.openqa.selenium.remote.HttpCommandExecutor.execute(HttpCommandExecutor.java:158)
at org.openqa.selenium.remote.service.DriverCommandExecutor.execute(DriverCommandExecutor.java:83)
at org.openqa.selenium.remote.RemoteWebDriver.execute(RemoteWebDriver.java:548)
at org.openqa.selenium.remote.RemoteWebDriver.findElement(RemoteWebDriver.java:322)
at org.openqa.selenium.remote.RemoteWebDriver.findElementByXPath(RemoteWebDriver.java:424)
at org.openqa.selenium.By$ByXPath.findElement(By.java:353)
at org.openqa.selenium.remote.RemoteWebDriver.findElement(RemoteWebDriver.java:314)
at com.mytest.Admission.Pincode_currentaddress_contains_lessthan_6_numbers(Admission.java:1825)
at sun.reflect.NativeMethodAccessorImpl.invoke0(Native Method)
at sun.reflect.NativeMethodAccessorImpl.invoke(NativeMethodAccessorImpl.java:62)
at sun.reflect.DelegatingMethodAccessorImpl.invoke(DelegatingMethodAccessorImpl.java:43)
at java.lang.reflect.Method.invoke(Method.java:498)
at org.testng.internal.MethodInvocationHelper.invokeMethod(MethodInvocationHelper.java:124)
at org.testng.internal.Invoker.invokeMethod(Invoker.java:580)
at org.testng.internal.Invoker.invokeTestMethod(Invoker.java:716)
at org.testng.internal.Invoker.invokeTestMethods(Invoker.java:988)
at org.testng.internal.TestMethodWorker.invokeTestMethods(TestMethodWorker.java:125)
at org.testng.internal.TestMethodWorker.run(TestMethodWorker.java:109)
at org.testng.TestRunner.privateRun(TestRunner.java:648)
at org.testng.TestRunner.run(TestRunner.java:505)
at org.testng.SuiteRunner.runTest(SuiteRunner.java:455)
at org.testng.SuiteRunner.access$000(SuiteRunner.java:40)
at org.testng.SuiteRunner$SuiteWorker.run(SuiteRunner.java:489)
at org.testng.internal.thread.ThreadUtil$1.call(ThreadUtil.java:52)
at java.util.concurrent.FutureTask.run(FutureTask.java:266)
at java.util.concurrent.ThreadPoolExecutor.runWorker(ThreadPoolExecutor.java:1149)
at java.util.concurrent.ThreadPoolExecutor$Worker.run(ThreadPoolExecutor.java:624)
at java.lang.Thread.run(Thread.java:748)
]]>
            </full-stacktrace>
          </exception> <!-- org.openqa.selenium.NoSuchElementException -->
          <reporter-output>
          </reporter-output>
        </test-method> <!-- Pincode_currentaddress_contains_lessthan_6_numbers -->
        <test-method status="FAIL" signature="Pincode_permanentaddress_contains_special_characters()[pri:0, instance:com.mytest.Admission@1e88b3c]" name="Pincode_permanentaddress_contains_special_characters" duration-ms="285" started-at="2018-08-23T12:04:32Z" finished-at="2018-08-23T12:04:33Z">
          <exception class="java.lang.AssertionError">
            <message>
              <![CDATA[Pincode No Contains Spaecial Characters expected [true] but found [false]]]>
            </message>
            <full-stacktrace>
              <![CDATA[java.lang.AssertionError: Pincode No Contains Spaecial Characters expected [true] but found [false]
at org.testng.Assert.fail(Assert.java:96)
at org.testng.Assert.failNotEquals(Assert.java:776)
at org.testng.Assert.assertTrue(Assert.java:44)
at com.mytest.Admission.Pincode_permanentaddress_contains_special_characters(Admission.java:1837)
at sun.reflect.NativeMethodAccessorImpl.invoke0(Native Method)
at sun.reflect.NativeMethodAccessorImpl.invoke(NativeMethodAccessorImpl.java:62)
at sun.reflect.DelegatingMethodAccessorImpl.invoke(DelegatingMethodAccessorImpl.java:43)
at java.lang.reflect.Method.invoke(Method.java:498)
at org.testng.internal.MethodInvocationHelper.invokeMethod(MethodInvocationHelper.java:124)
at org.testng.internal.Invoker.invokeMethod(Invoker.java:580)
at org.testng.internal.Invoker.invokeTestMethod(Invoker.java:716)
at org.testng.internal.Invoker.invokeTestMethods(Invoker.java:988)
at org.testng.internal.TestMethodWorker.invokeTestMethods(TestMethodWorker.java:125)
at org.testng.internal.TestMethodWorker.run(TestMethodWorker.java:109)
at org.testng.TestRunner.privateRun(TestRunner.java:648)
at org.testng.TestRunner.run(TestRunner.java:505)
at org.testng.SuiteRunner.runTest(SuiteRunner.java:455)
at org.testng.SuiteRunner.access$000(SuiteRunner.java:40)
at org.testng.SuiteRunner$SuiteWorker.run(SuiteRunner.java:489)
at org.testng.internal.thread.ThreadUtil$1.call(ThreadUtil.java:52)
at java.util.concurrent.FutureTask.run(FutureTask.java:266)
at java.util.concurrent.ThreadPoolExecutor.runWorker(ThreadPoolExecutor.java:1149)
at java.util.concurrent.ThreadPoolExecutor$Worker.run(ThreadPoolExecutor.java:624)
at java.lang.Thread.run(Thread.java:748)
]]>
            </full-stacktrace>
          </exception> <!-- java.lang.AssertionError -->
          <reporter-output>
          </reporter-output>
        </test-method> <!-- Pincode_permanentaddress_contains_special_characters -->
        <test-method status="PASS" signature="Pincode_permanentaddress_contains_numbers()[pri:0, instance:com.mytest.Admission@1e88b3c]" name="Pincode_permanentaddress_contains_numbers" duration-ms="187" started-at="2018-08-23T12:04:33Z" finished-at="2018-08-23T12:04:33Z">
          <reporter-output>
          </reporter-output>
        </test-method> <!-- Pincode_permanentaddress_contains_numbers -->
        <test-method status="PASS" signature="Pincode_permanentaddress_contains_whitespaces()[pri:0, instance:com.mytest.Admission@1e88b3c]" name="Pincode_permanentaddress_contains_whitespaces" duration-ms="311" started-at="2018-08-23T12:04:33Z" finished-at="2018-08-23T12:04:33Z">
          <reporter-output>
          </reporter-output>
        </test-method> <!-- Pincode_permanentaddress_contains_whitespaces -->
        <test-method status="PASS" signature="Pincode_permanentaddress_contains_alphabets()[pri:0, instance:com.mytest.Admission@1e88b3c]" name="Pincode_permanentaddress_contains_alphabets" duration-ms="180" started-at="2018-08-23T12:04:33Z" finished-at="2018-08-23T12:04:33Z">
          <reporter-output>
          </reporter-output>
        </test-method> <!-- Pincode_permanentaddress_contains_alphabets -->
        <test-method status="PASS" signature="Pincode_permanentaddress_contains_whitespaces_at_begining()[pri:0, instance:com.mytest.Admission@1e88b3c]" name="Pincode_permanentaddress_contains_whitespaces_at_begining" duration-ms="174" started-at="2018-08-23T12:04:33Z" finished-at="2018-08-23T12:04:33Z">
          <reporter-output>
          </reporter-output>
        </test-method> <!-- Pincode_permanentaddress_contains_whitespaces_at_begining -->
        <test-method status="PASS" signature="Pincode_permanentaddress_contains_morethan_6_numbers()[pri:0, instance:com.mytest.Admission@1e88b3c]" name="Pincode_permanentaddress_contains_morethan_6_numbers" duration-ms="178" started-at="2018-08-23T12:04:33Z" finished-at="2018-08-23T12:04:34Z">
          <reporter-output>
          </reporter-output>
        </test-method> <!-- Pincode_permanentaddress_contains_morethan_6_numbers -->
        <test-method status="FAIL" signature="Pincode_permanentaddress_contains_lessthan_6_numbers()[pri:0, instance:com.mytest.Admission@1e88b3c]" name="Pincode_permanentaddress_contains_lessthan_6_numbers" duration-ms="12191" started-at="2018-08-23T12:04:34Z" finished-at="2018-08-23T12:04:46Z">
          <exception class="org.openqa.selenium.NoSuchElementException">
            <message>
              <![CDATA[no such element: Unable to locate element: {"method":"xpath","selector":"//*[@id="parsley-id-38"]/li"}
  (Session info: chrome=68.0.3440.106)
  (Driver info: chromedriver=2.40.565498 (ea082db3280dd6843ebfb08a625e3eb905c4f5ab),platform=Windows NT 6.1.7601 SP1 x86_64) (WARNING: The server did not provide any stacktrace information)
Command duration or timeout: 0 milliseconds
For documentation on this error, please visit: http://seleniumhq.org/exceptions/no_such_element.html
Build info: version: '3.13.0', revision: '2f0d292', time: '2018-06-25T15:32:14.902Z'
System info: host: 'TESTER-PC', ip: '192.168.0.104', os.name: 'Windows 7', os.arch: 'amd64', os.version: '6.1', java.version: '1.8.0_181'
Driver info: org.openqa.selenium.chrome.ChromeDriver
Capabilities {acceptInsecureCerts: false, acceptSslCerts: false, applicationCacheEnabled: false, browserConnectionEnabled: false, browserName: chrome, chrome: {chromedriverVersion: 2.40.565498 (ea082db3280dd6..., userDataDir: C:\Users\Tester\AppData\Loc...}, cssSelectorsEnabled: true, databaseEnabled: false, handlesAlerts: true, hasTouchScreen: false, javascriptEnabled: true, locationContextEnabled: true, mobileEmulationEnabled: false, nativeEvents: true, networkConnectionEnabled: false, pageLoadStrategy: normal, platform: XP, platformName: XP, rotatable: false, setWindowRect: true, takesHeapSnapshot: true, takesScreenshot: true, unexpectedAlertBehaviour: , unhandledPromptBehavior: , version: 68.0.3440.106, webStorageEnabled: true}
Session ID: 0da9bbd829a4c18b2d16a7e52761edb7
*** Element info: {Using=xpath, value=//*[@id="parsley-id-38"]/li}]]>
            </message>
            <full-stacktrace>
              <![CDATA[org.openqa.selenium.NoSuchElementException: no such element: Unable to locate element: {"method":"xpath","selector":"//*[@id="parsley-id-38"]/li"}
  (Session info: chrome=68.0.3440.106)
  (Driver info: chromedriver=2.40.565498 (ea082db3280dd6843ebfb08a625e3eb905c4f5ab),platform=Windows NT 6.1.7601 SP1 x86_64) (WARNING: The server did not provide any stacktrace information)
Command duration or timeout: 0 milliseconds
For documentation on this error, please visit: http://seleniumhq.org/exceptions/no_such_element.html
Build info: version: '3.13.0', revision: '2f0d292', time: '2018-06-25T15:32:14.902Z'
System info: host: 'TESTER-PC', ip: '192.168.0.104', os.name: 'Windows 7', os.arch: 'amd64', os.version: '6.1', java.version: '1.8.0_181'
Driver info: org.openqa.selenium.chrome.ChromeDriver
Capabilities {acceptInsecureCerts: false, acceptSslCerts: false, applicationCacheEnabled: false, browserConnectionEnabled: false, browserName: chrome, chrome: {chromedriverVersion: 2.40.565498 (ea082db3280dd6..., userDataDir: C:\Users\Tester\AppData\Loc...}, cssSelectorsEnabled: true, databaseEnabled: false, handlesAlerts: true, hasTouchScreen: false, javascriptEnabled: true, locationContextEnabled: true, mobileEmulationEnabled: false, nativeEvents: true, networkConnectionEnabled: false, pageLoadStrategy: normal, platform: XP, platformName: XP, rotatable: false, setWindowRect: true, takesHeapSnapshot: true, takesScreenshot: true, unexpectedAlertBehaviour: , unhandledPromptBehavior: , version: 68.0.3440.106, webStorageEnabled: true}
Session ID: 0da9bbd829a4c18b2d16a7e52761edb7
*** Element info: {Using=xpath, value=//*[@id="parsley-id-38"]/li}
at sun.reflect.NativeConstructorAccessorImpl.newInstance0(Native Method)
at sun.reflect.NativeConstructorAccessorImpl.newInstance(NativeConstructorAccessorImpl.java:62)
at sun.reflect.DelegatingConstructorAccessorImpl.newInstance(DelegatingConstructorAccessorImpl.java:45)
at java.lang.reflect.Constructor.newInstance(Constructor.java:423)
at org.openqa.selenium.remote.ErrorHandler.createThrowable(ErrorHandler.java:214)
at org.openqa.selenium.remote.ErrorHandler.throwIfResponseFailed(ErrorHandler.java:166)
at org.openqa.selenium.remote.http.JsonHttpResponseCodec.reconstructValue(JsonHttpResponseCodec.java:40)
at org.openqa.selenium.remote.http.AbstractHttpResponseCodec.decode(AbstractHttpResponseCodec.java:80)
at org.openqa.selenium.remote.http.AbstractHttpResponseCodec.decode(AbstractHttpResponseCodec.java:44)
at org.openqa.selenium.remote.HttpCommandExecutor.execute(HttpCommandExecutor.java:158)
at org.openqa.selenium.remote.service.DriverCommandExecutor.execute(DriverCommandExecutor.java:83)
at org.openqa.selenium.remote.RemoteWebDriver.execute(RemoteWebDriver.java:548)
at org.openqa.selenium.remote.RemoteWebDriver.findElement(RemoteWebDriver.java:322)
at org.openqa.selenium.remote.RemoteWebDriver.findElementByXPath(RemoteWebDriver.java:424)
at org.openqa.selenium.By$ByXPath.findElement(By.java:353)
at org.openqa.selenium.remote.RemoteWebDriver.findElement(RemoteWebDriver.java:314)
at com.mytest.Admission.Pincode_permanentaddress_contains_lessthan_6_numbers(Admission.java:1903)
at sun.reflect.NativeMethodAccessorImpl.invoke0(Native Method)
at sun.reflect.NativeMethodAccessorImpl.invoke(NativeMethodAccessorImpl.java:62)
at sun.reflect.DelegatingMethodAccessorImpl.invoke(DelegatingMethodAccessorImpl.java:43)
at java.lang.reflect.Method.invoke(Method.java:498)
at org.testng.internal.MethodInvocationHelper.invokeMethod(MethodInvocationHelper.java:124)
at org.testng.internal.Invoker.invokeMethod(Invoker.java:580)
at org.testng.internal.Invoker.invokeTestMethod(Invoker.java:716)
at org.testng.internal.Invoker.invokeTestMethods(Invoker.java:988)
at org.testng.internal.TestMethodWorker.invokeTestMethods(TestMethodWorker.java:125)
at org.testng.internal.TestMethodWorker.run(TestMethodWorker.java:109)
at org.testng.TestRunner.privateRun(TestRunner.java:648)
at org.testng.TestRunner.run(TestRunner.java:505)
at org.testng.SuiteRunner.runTest(SuiteRunner.java:455)
at org.testng.SuiteRunner.access$000(SuiteRunner.java:40)
at org.testng.SuiteRunner$SuiteWorker.run(SuiteRunner.java:489)
at org.testng.internal.thread.ThreadUtil$1.call(ThreadUtil.java:52)
at java.util.concurrent.FutureTask.run(FutureTask.java:266)
at java.util.concurrent.ThreadPoolExecutor.runWorker(ThreadPoolExecutor.java:1149)
at java.util.concurrent.ThreadPoolExecutor$Worker.run(ThreadPoolExecutor.java:624)
at java.lang.Thread.run(Thread.java:748)
]]>
            </full-stacktrace>
          </exception> <!-- org.openqa.selenium.NoSuchElementException -->
          <reporter-output>
          </reporter-output>
        </test-method> <!-- Pincode_permanentaddress_contains_lessthan_6_numbers -->
        <test-method status="FAIL" signature="Document_Functionality()[pri:0, instance:com.mytest.Admission@1e88b3c]" name="Document_Functionality" duration-ms="2197" started-at="2018-08-23T12:04:46Z" finished-at="2018-08-23T12:04:48Z">
          <exception class="java.lang.AssertionError">
            <message>
              <![CDATA[Document field NOT Working expected [true] but found [false]]]>
            </message>
            <full-stacktrace>
              <![CDATA[java.lang.AssertionError: Document field NOT Working expected [true] but found [false]
at org.testng.Assert.fail(Assert.java:96)
at org.testng.Assert.failNotEquals(Assert.java:776)
at org.testng.Assert.assertTrue(Assert.java:44)
at com.mytest.Admission.Document_Functionality(Admission.java:1917)
at sun.reflect.NativeMethodAccessorImpl.invoke0(Native Method)
at sun.reflect.NativeMethodAccessorImpl.invoke(NativeMethodAccessorImpl.java:62)
at sun.reflect.DelegatingMethodAccessorImpl.invoke(DelegatingMethodAccessorImpl.java:43)
at java.lang.reflect.Method.invoke(Method.java:498)
at org.testng.internal.MethodInvocationHelper.invokeMethod(MethodInvocationHelper.java:124)
at org.testng.internal.Invoker.invokeMethod(Invoker.java:580)
at org.testng.internal.Invoker.invokeTestMethod(Invoker.java:716)
at org.testng.internal.Invoker.invokeTestMethods(Invoker.java:988)
at org.testng.internal.TestMethodWorker.invokeTestMethods(TestMethodWorker.java:125)
at org.testng.internal.TestMethodWorker.run(TestMethodWorker.java:109)
at org.testng.TestRunner.privateRun(TestRunner.java:648)
at org.testng.TestRunner.run(TestRunner.java:505)
at org.testng.SuiteRunner.runTest(SuiteRunner.java:455)
at org.testng.SuiteRunner.access$000(SuiteRunner.java:40)
at org.testng.SuiteRunner$SuiteWorker.run(SuiteRunner.java:489)
at org.testng.internal.thread.ThreadUtil$1.call(ThreadUtil.java:52)
at java.util.concurrent.FutureTask.run(FutureTask.java:266)
at java.util.concurrent.ThreadPoolExecutor.runWorker(ThreadPoolExecutor.java:1149)
at java.util.concurrent.ThreadPoolExecutor$Worker.run(ThreadPoolExecutor.java:624)
at java.lang.Thread.run(Thread.java:748)
]]>
            </full-stacktrace>
          </exception> <!-- java.lang.AssertionError -->
          <reporter-output>
          </reporter-output>
        </test-method> <!-- Document_Functionality -->
        <test-method status="PASS" signature="Todays_Admission_Date()[pri:0, instance:com.mytest.Admission@1e88b3c]" name="Todays_Admission_Date" duration-ms="41" started-at="2018-08-23T12:04:48Z" finished-at="2018-08-23T12:04:48Z">
          <reporter-output>
          </reporter-output>
        </test-method> <!-- Todays_Admission_Date -->
        <test-method status="PASS" signature="Admission_Date()[pri:0, instance:com.mytest.Admission@1e88b3c]" name="Admission_Date" duration-ms="201" started-at="2018-08-23T12:04:48Z" finished-at="2018-08-23T12:04:48Z">
          <reporter-output>
          </reporter-output>
        </test-method> <!-- Admission_Date -->
        <test-method status="PASS" signature="Communicationdetails_next_button_Functionality()[pri:0, instance:com.mytest.Admission@1e88b3c]" name="Communicationdetails_next_button_Functionality" duration-ms="391" started-at="2018-08-23T12:04:48Z" finished-at="2018-08-23T12:04:49Z">
          <reporter-output>
          </reporter-output>
        </test-method> <!-- Communicationdetails_next_button_Functionality -->
        <test-method status="PASS" signature="Course_Functionality()[pri:0, instance:com.mytest.Admission@1e88b3c]" name="Course_Functionality" duration-ms="255" started-at="2018-08-23T12:04:49Z" finished-at="2018-08-23T12:04:49Z">
          <reporter-output>
          </reporter-output>
        </test-method> <!-- Course_Functionality -->
        <test-method status="PASS" signature="Blank_Discount_Functionality()[pri:0, instance:com.mytest.Admission@1e88b3c]" name="Blank_Discount_Functionality" duration-ms="3499" started-at="2018-08-23T12:04:49Z" finished-at="2018-08-23T12:04:52Z">
          <reporter-output>
          </reporter-output>
        </test-method> <!-- Blank_Discount_Functionality -->
        <test-method status="PASS" signature="Discount_Functionality()[pri:0, instance:com.mytest.Admission@1e88b3c]" name="Discount_Functionality" duration-ms="145" started-at="2018-08-23T12:04:52Z" finished-at="2018-08-23T12:04:52Z">
          <reporter-output>
          </reporter-output>
        </test-method> <!-- Discount_Functionality -->
        <test-method status="PASS" signature="CourseDetails_next_button_Functionality()[pri:0, instance:com.mytest.Admission@1e88b3c]" name="CourseDetails_next_button_Functionality" duration-ms="3171" started-at="2018-08-23T12:04:53Z" finished-at="2018-08-23T12:04:56Z">
          <reporter-output>
          </reporter-output>
        </test-method> <!-- CourseDetails_next_button_Functionality -->
        <test-method status="PASS" signature="Finish_button_Functionality()[pri:0, instance:com.mytest.Admission@1e88b3c]" name="Finish_button_Functionality" duration-ms="4036" started-at="2018-08-23T12:04:56Z" finished-at="2018-08-23T12:05:00Z">
          <reporter-output>
          </reporter-output>
        </test-method> <!-- Finish_button_Functionality -->
        <test-method status="PASS" signature="Update_Functionality()[pri:0, instance:com.mytest.Admission@1e88b3c]" name="Update_Functionality" duration-ms="14143" started-at="2018-08-23T12:05:00Z" finished-at="2018-08-23T12:05:14Z">
          <reporter-output>
          </reporter-output>
        </test-method> <!-- Update_Functionality -->
        <test-method status="FAIL" signature="Delete_admission()[pri:0, instance:com.mytest.Admission@1e88b3c]" name="Delete_admission" duration-ms="8361" started-at="2018-08-23T12:05:14Z" finished-at="2018-08-23T12:05:22Z">
          <exception class="java.lang.AssertionError">
            <message>
              <![CDATA[Admission NOT getting Deleted expected [No data available in table] but found [2]]]>
            </message>
            <full-stacktrace>
              <![CDATA[java.lang.AssertionError: Admission NOT getting Deleted expected [No data available in table] but found [2]
at org.testng.Assert.fail(Assert.java:96)
at org.testng.Assert.failNotEquals(Assert.java:776)
at org.testng.Assert.assertEqualsImpl(Assert.java:137)
at org.testng.Assert.assertEquals(Assert.java:118)
at org.testng.Assert.assertEquals(Assert.java:453)
at com.mytest.Admission.Delete_admission(Admission.java:2087)
at sun.reflect.NativeMethodAccessorImpl.invoke0(Native Method)
at sun.reflect.NativeMethodAccessorImpl.invoke(NativeMethodAccessorImpl.java:62)
at sun.reflect.DelegatingMethodAccessorImpl.invoke(DelegatingMethodAccessorImpl.java:43)
at java.lang.reflect.Method.invoke(Method.java:498)
at org.testng.internal.MethodInvocationHelper.invokeMethod(MethodInvocationHelper.java:124)
at org.testng.internal.Invoker.invokeMethod(Invoker.java:580)
at org.testng.internal.Invoker.invokeTestMethod(Invoker.java:716)
at org.testng.internal.Invoker.invokeTestMethods(Invoker.java:988)
at org.testng.internal.TestMethodWorker.invokeTestMethods(TestMethodWorker.java:125)
at org.testng.internal.TestMethodWorker.run(TestMethodWorker.java:109)
at org.testng.TestRunner.privateRun(TestRunner.java:648)
at org.testng.TestRunner.run(TestRunner.java:505)
at org.testng.SuiteRunner.runTest(SuiteRunner.java:455)
at org.testng.SuiteRunner.access$000(SuiteRunner.java:40)
at org.testng.SuiteRunner$SuiteWorker.run(SuiteRunner.java:489)
at org.testng.internal.thread.ThreadUtil$1.call(ThreadUtil.java:52)
at java.util.concurrent.FutureTask.run(FutureTask.java:266)
at java.util.concurrent.ThreadPoolExecutor.runWorker(ThreadPoolExecutor.java:1149)
at java.util.concurrent.ThreadPoolExecutor$Worker.run(ThreadPoolExecutor.java:624)
at java.lang.Thread.run(Thread.java:748)
]]>
            </full-stacktrace>
          </exception> <!-- java.lang.AssertionError -->
          <reporter-output>
          </reporter-output>
        </test-method> <!-- Delete_admission -->
      </class> <!-- com.mytest.Admission -->
    </test> <!-- Admission -->
  </suite> <!-- Admin360TestProject -->
</testng-results>
