<?xml version="1.0" encoding="UTF-8"?>
<!-- Generated by org.testng.reporters.JUnitReportReporter -->
<testsuite hostname="Tester-PC" failures="2" tests="19" name="com.mytest.Master_Course" time="42.208" errors="0" timestamp="17 Aug 2018 04:55:55 GMT" skipped="0">
  <testcase classname="com.mytest.Master_Course" name="Update_cancel_button_functionality" time="4.416"/>
  <testcase classname="com.mytest.Master_Course" name="Coursename_field_is_Blank" time="0.476"/>
  <testcase classname="com.mytest.Master_Course" name="Coursename_contain_special_characters" time="12.182"/>
  <testcase classname="com.mytest.Master_Course" name="Coursename_contain_whitespaces" time="0.231"/>
  <testcase classname="com.mytest.Master_Course" name="Update_functionality" time="5.016"/>
  <testcase classname="com.mytest.Master_Course" name="Coursename_contain_numbers" time="0.242"/>
  <testcase classname="com.mytest.Master_Course" name="Coursefees_contain_numbers" time="0.204"/>
  <testcase classname="com.mytest.Master_Course" name="Coursefees_contain_whitespaces_at_begining" time="0.237"/>
  <testcase classname="com.mytest.Master_Course" name="Update_button_functionality" time="1.457"/>
  <testcase classname="com.mytest.Master_Course" name="Delete_button_functionality" time="7.173"/>
  <testcase classname="com.mytest.Master_Course" name="Coursename_contain_alphabets" time="0.213"/>
  <testcase classname="com.mytest.Master_Course" name="Coursefees_field_is_Blank" time="0.092"/>
  <testcase classname="com.mytest.Master_Course" name="Coursefees_contain_whitespaces" time="0.206"/>
  <testcase classname="com.mytest.Master_Course" name="Coursefees_contain_special_characters" time="0.329">
    <failure message="Course fees Contains Spaecial Characters expected [true] but found [false]" type="java.lang.AssertionError">
      <![CDATA[java.lang.AssertionError: Course fees Contains Spaecial Characters expected [true] but found [false]
at org.testng.Assert.fail(Assert.java:96)
at org.testng.Assert.failNotEquals(Assert.java:776)
at org.testng.Assert.assertTrue(Assert.java:44)
at com.mytest.Master_Course.Coursefees_contain_special_characters(Master_Course.java:88)
at java.base/jdk.internal.reflect.NativeMethodAccessorImpl.invoke0(Native Method)
at java.base/jdk.internal.reflect.NativeMethodAccessorImpl.invoke(Unknown Source)
at java.base/jdk.internal.reflect.DelegatingMethodAccessorImpl.invoke(Unknown Source)
at java.base/java.lang.reflect.Method.invoke(Unknown Source)
at org.testng.internal.MethodInvocationHelper.invokeMethod(MethodInvocationHelper.java:124)
at org.testng.internal.Invoker.invokeMethod(Invoker.java:580)
at org.testng.internal.Invoker.invokeTestMethod(Invoker.java:716)
at org.testng.internal.Invoker.invokeTestMethods(Invoker.java:988)
at org.testng.internal.TestMethodWorker.invokeTestMethods(TestMethodWorker.java:125)
at org.testng.internal.TestMethodWorker.run(TestMethodWorker.java:109)
at org.testng.TestRunner.privateRun(TestRunner.java:648)
at org.testng.TestRunner.run(TestRunner.java:505)
at org.testng.SuiteRunner.runTest(SuiteRunner.java:455)
at org.testng.SuiteRunner.access$000(SuiteRunner.java:40)
at org.testng.SuiteRunner$SuiteWorker.run(SuiteRunner.java:489)
at org.testng.internal.thread.ThreadUtil$1.call(ThreadUtil.java:52)
at java.base/java.util.concurrent.FutureTask.run(Unknown Source)
at java.base/java.util.concurrent.ThreadPoolExecutor.runWorker(Unknown Source)
at java.base/java.util.concurrent.ThreadPoolExecutor$Worker.run(Unknown Source)
at java.base/java.lang.Thread.run(Unknown Source)
]]>
    </failure>
  </testcase> <!-- Coursefees_contain_special_characters -->
  <testcase classname="com.mytest.Master_Course" name="Cancel_button_functionality" time="1.618"/>
  <testcase classname="com.mytest.Master_Course" name="Coursefees_contain_negative_numbers" time="0.217"/>
  <testcase classname="com.mytest.Master_Course" name="Coursename_contain_whitespaces_at_begining" time="0.266">
    <failure message="Course Name Contain Whitespaces at Begining expected [true] but found [false]" type="java.lang.AssertionError">
      <![CDATA[java.lang.AssertionError: Course Name Contain Whitespaces at Begining expected [true] but found [false]
at org.testng.Assert.fail(Assert.java:96)
at org.testng.Assert.failNotEquals(Assert.java:776)
at org.testng.Assert.assertTrue(Assert.java:44)
at com.mytest.Master_Course.Coursename_contain_whitespaces_at_begining(Master_Course.java:59)
at java.base/jdk.internal.reflect.NativeMethodAccessorImpl.invoke0(Native Method)
at java.base/jdk.internal.reflect.NativeMethodAccessorImpl.invoke(Unknown Source)
at java.base/jdk.internal.reflect.DelegatingMethodAccessorImpl.invoke(Unknown Source)
at java.base/java.lang.reflect.Method.invoke(Unknown Source)
at org.testng.internal.MethodInvocationHelper.invokeMethod(MethodInvocationHelper.java:124)
at org.testng.internal.Invoker.invokeMethod(Invoker.java:580)
at org.testng.internal.Invoker.invokeTestMethod(Invoker.java:716)
at org.testng.internal.Invoker.invokeTestMethods(Invoker.java:988)
at org.testng.internal.TestMethodWorker.invokeTestMethods(TestMethodWorker.java:125)
at org.testng.internal.TestMethodWorker.run(TestMethodWorker.java:109)
at org.testng.TestRunner.privateRun(TestRunner.java:648)
at org.testng.TestRunner.run(TestRunner.java:505)
at org.testng.SuiteRunner.runTest(SuiteRunner.java:455)
at org.testng.SuiteRunner.access$000(SuiteRunner.java:40)
at org.testng.SuiteRunner$SuiteWorker.run(SuiteRunner.java:489)
at org.testng.internal.thread.ThreadUtil$1.call(ThreadUtil.java:52)
at java.base/java.util.concurrent.FutureTask.run(Unknown Source)
at java.base/java.util.concurrent.ThreadPoolExecutor.runWorker(Unknown Source)
at java.base/java.util.concurrent.ThreadPoolExecutor$Worker.run(Unknown Source)
at java.base/java.lang.Thread.run(Unknown Source)
]]>
    </failure>
  </testcase> <!-- Coursename_contain_whitespaces_at_begining -->
  <testcase classname="com.mytest.Master_Course" name="Save_button_functionality" time="7.469"/>
  <testcase classname="com.mytest.Master_Course" name="Coursefees_contain_alphabets" time="0.164"/>
</testsuite> <!-- com.mytest.Master_Course -->
