<?xml version="1.0" encoding="UTF-8"?>
<!-- Generated by org.testng.reporters.JUnitReportReporter -->
<testsuite hostname="Tester-PC" failures="1" tests="20" name="com.mytest.Batch_Master" time="34.340" errors="0" timestamp="17 Aug 2018 06:13:51 GMT" skipped="0">
  <testcase classname="com.mytest.Batch_Master" name="Batch_Name_contain_alphabets" time="0.199"/>
  <testcase classname="com.mytest.Batch_Master" name="Batch_Size_contain_Negative_Numbers" time="0.130"/>
  <testcase classname="com.mytest.Batch_Master" name="Cancel_Button_Functionality" time="1.522"/>
  <testcase classname="com.mytest.Batch_Master" name="Batch_Name_contain_Whitespaces" time="0.147"/>
  <testcase classname="com.mytest.Batch_Master" name="Batch_Size_contain_Special_Character" time="0.320"/>
  <testcase classname="com.mytest.Batch_Master" name="Batch_Size_contain_Numbers" time="0.161"/>
  <testcase classname="com.mytest.Batch_Master" name="Save_Changes_Button_Functionality" time="2.611"/>
  <testcase classname="com.mytest.Batch_Master" name="Batch_Size_contain_Alphabets" time="0.199"/>
  <testcase classname="com.mytest.Batch_Master" name="Batch_Name_contain_Numbers" time="0.137"/>
  <testcase classname="com.mytest.Batch_Master" name="Blank_Course" time="0.073"/>
  <testcase classname="com.mytest.Batch_Master" name="Add_Course" time="15.607"/>
  <testcase classname="com.mytest.Batch_Master" name="Batch_Size_contain_Whitespaces_at_Begining" time="0.216"/>
  <testcase classname="com.mytest.Batch_Master" name="Batch_Size_contain_Whitespaces" time="0.272"/>
  <testcase classname="com.mytest.Batch_Master" name="Blank_Batch_Name" time="5.368"/>
  <testcase classname="com.mytest.Batch_Master" name="Update_Functionality" time="3.801"/>
  <testcase classname="com.mytest.Batch_Master" name="Course" time="0.230"/>
  <testcase classname="com.mytest.Batch_Master" name="Delete_Functionality" time="2.401"/>
  <testcase classname="com.mytest.Batch_Master" name="Blank_Batch_Size" time="0.107"/>
  <testcase classname="com.mytest.Batch_Master" name="Batch_Name_contain_Spacial_Characters" time="0.330"/>
  <testcase classname="com.mytest.Batch_Master" name="Batch_Name_contain_Whitespaces_at_begining" time="0.509">
    <failure message="Batch Name Contains Special Characters expected [true] but found [false]" type="java.lang.AssertionError">
      <![CDATA[java.lang.AssertionError: Batch Name Contains Special Characters expected [true] but found [false]
at org.testng.Assert.fail(Assert.java:96)
at org.testng.Assert.failNotEquals(Assert.java:776)
at org.testng.Assert.assertTrue(Assert.java:44)
at com.mytest.Batch_Master.Batch_Name_contain_Whitespaces_at_begining(Batch_Master.java:80)
at java.base/jdk.internal.reflect.NativeMethodAccessorImpl.invoke0(Native Method)
at java.base/jdk.internal.reflect.NativeMethodAccessorImpl.invoke(Unknown Source)
at java.base/jdk.internal.reflect.DelegatingMethodAccessorImpl.invoke(Unknown Source)
at java.base/java.lang.reflect.Method.invoke(Unknown Source)
at org.testng.internal.MethodInvocationHelper.invokeMethod(MethodInvocationHelper.java:124)
at org.testng.internal.Invoker.invokeMethod(Invoker.java:580)
at org.testng.internal.Invoker.invokeTestMethod(Invoker.java:716)
at org.testng.internal.Invoker.invokeTestMethods(Invoker.java:988)
at org.testng.internal.TestMethodWorker.invokeTestMethods(TestMethodWorker.java:125)
at org.testng.internal.TestMethodWorker.run(TestMethodWorker.java:109)
at org.testng.TestRunner.privateRun(TestRunner.java:648)
at org.testng.TestRunner.run(TestRunner.java:505)
at org.testng.SuiteRunner.runTest(SuiteRunner.java:455)
at org.testng.SuiteRunner.access$000(SuiteRunner.java:40)
at org.testng.SuiteRunner$SuiteWorker.run(SuiteRunner.java:489)
at org.testng.internal.thread.ThreadUtil$1.call(ThreadUtil.java:52)
at java.base/java.util.concurrent.FutureTask.run(Unknown Source)
at java.base/java.util.concurrent.ThreadPoolExecutor.runWorker(Unknown Source)
at java.base/java.util.concurrent.ThreadPoolExecutor$Worker.run(Unknown Source)
at java.base/java.lang.Thread.run(Unknown Source)
]]>
    </failure>
  </testcase> <!-- Batch_Name_contain_Whitespaces_at_begining -->
</testsuite> <!-- com.mytest.Batch_Master -->
