<html>
<head>
<title>TestNG:  Admission</title>
<link href="../testng.css" rel="stylesheet" type="text/css" />
<link href="../my-testng.css" rel="stylesheet" type="text/css" />

<style type="text/css">
.log { display: none;} 
.stack-trace { display: none;} 
</style>
<script type="text/javascript">
<!--
function flip(e) {
  current = e.style.display;
  if (current == 'block') {
    e.style.display = 'none';
    return 0;
  }
  else {
    e.style.display = 'block';
    return 1;
  }
}

function toggleBox(szDivId, elem, msg1, msg2)
{
  var res = -1;  if (document.getElementById) {
    res = flip(document.getElementById(szDivId));
  }
  else if (document.all) {
    // this is the way old msie versions work
    res = flip(document.all[szDivId]);
  }
  if(elem) {
    if(res == 0) elem.innerHTML = msg1; else elem.innerHTML = msg2;
  }

}

function toggleAllBoxes() {
  if (document.getElementsByTagName) {
    d = document.getElementsByTagName('div');
    for (i = 0; i < d.length; i++) {
      if (d[i].className == 'log') {
        flip(d[i]);
      }
    }
  }
}

// -->
</script>

</head>
<body>
<h2 align='center'>Admission</h2><table border='1' align="center">
<tr>
<td>Tests passed/Failed/Skipped:</td><td>122/55/0</td>
</tr><tr>
<td>Started on:</td><td>Sat Aug 18 16:32:52 IST 2018</td>
</tr>
<tr><td>Total time:</td><td>277 seconds (277088 ms)</td>
</tr><tr>
<td>Included groups:</td><td></td>
</tr><tr>
<td>Excluded groups:</td><td></td>
</tr>
</table><p/>
<small><i>(Hover the method name to see the test class name)</i></small><p/>
<table width='100%' border='1' class='invocation-failed'>
<tr><td colspan='4' align='center'><b>FAILED TESTS</b></td></tr>
<tr><td><b>Test method</b></td>
<td width="30%"><b>Exception</b></td>
<td width="10%"><b>Time (seconds)</b></td>
<td><b>Instance</b></td>
</tr>
<tr>
<td title='com.mytest.Admission.Aadharno_contain_greaterthan_12_numbers()'><b>Aadharno_contain_greaterthan_12_numbers</b><br>Test class: com.mytest.Admission</td>
<td><div><pre>java.lang.AssertionError: Aadhar No Contains Whitespaces at begining expected [true] but found [false]
	at com.mytest.Admission.Aadharno_contain_greaterthan_12_numbers(Admission.java:406)
	at java.base/java.util.concurrent.FutureTask.run(Unknown Source)
	at java.base/java.util.concurrent.ThreadPoolExecutor.runWorker(Unknown Source)
	at java.base/java.util.concurrent.ThreadPoolExecutor$Worker.run(Unknown Source)
	at java.base/java.lang.Thread.run(Unknown Source)
... Removed 19 stack frames</pre></div><a href='#' onClick='toggleBox("stack-trace1664587880", this, "Click to show all stack frames", "Click to hide stack frames")'>Click to show all stack frames</a>
<div class='stack-trace' id='stack-trace1664587880'><pre>java.lang.AssertionError: Aadhar No Contains Whitespaces at begining expected [true] but found [false]
	at org.testng.Assert.fail(Assert.java:96)
	at org.testng.Assert.failNotEquals(Assert.java:776)
	at org.testng.Assert.assertTrue(Assert.java:44)
	at com.mytest.Admission.Aadharno_contain_greaterthan_12_numbers(Admission.java:406)
	at java.base/jdk.internal.reflect.NativeMethodAccessorImpl.invoke0(Native Method)
	at java.base/jdk.internal.reflect.NativeMethodAccessorImpl.invoke(Unknown Source)
	at java.base/jdk.internal.reflect.DelegatingMethodAccessorImpl.invoke(Unknown Source)
	at java.base/java.lang.reflect.Method.invoke(Unknown Source)
	at org.testng.internal.MethodInvocationHelper.invokeMethod(MethodInvocationHelper.java:124)
	at org.testng.internal.Invoker.invokeMethod(Invoker.java:580)
	at org.testng.internal.Invoker.invokeTestMethod(Invoker.java:716)
	at org.testng.internal.Invoker.invokeTestMethods(Invoker.java:988)
	at org.testng.internal.TestMethodWorker.invokeTestMethods(TestMethodWorker.java:125)
	at org.testng.internal.TestMethodWorker.run(TestMethodWorker.java:109)
	at org.testng.TestRunner.privateRun(TestRunner.java:648)
	at org.testng.TestRunner.run(TestRunner.java:505)
	at org.testng.SuiteRunner.runTest(SuiteRunner.java:455)
	at org.testng.SuiteRunner.access$000(SuiteRunner.java:40)
	at org.testng.SuiteRunner$SuiteWorker.run(SuiteRunner.java:489)
	at org.testng.internal.thread.ThreadUtil$1.call(ThreadUtil.java:52)
	at java.base/java.util.concurrent.FutureTask.run(Unknown Source)
	at java.base/java.util.concurrent.ThreadPoolExecutor.runWorker(Unknown Source)
	at java.base/java.util.concurrent.ThreadPoolExecutor$Worker.run(Unknown Source)
	at java.base/java.lang.Thread.run(Unknown Source)
</pre></div></td>
<td>0</td>
<td>com.mytest.Admission@29d89d5d</td></tr>
<tr>
<td title='com.mytest.Admission.Aadharno_contain_lessthan_12_numbers()'><b>Aadharno_contain_lessthan_12_numbers</b><br>Test class: com.mytest.Admission</td>
<td><div><pre>java.lang.AssertionError: Aadhar No Contains Less than 12 numbers expected [true] but found [false]
	at com.mytest.Admission.Aadharno_contain_lessthan_12_numbers(Admission.java:397)
	at java.base/java.util.concurrent.FutureTask.run(Unknown Source)
	at java.base/java.util.concurrent.ThreadPoolExecutor.runWorker(Unknown Source)
	at java.base/java.util.concurrent.ThreadPoolExecutor$Worker.run(Unknown Source)
	at java.base/java.lang.Thread.run(Unknown Source)
... Removed 19 stack frames</pre></div><a href='#' onClick='toggleBox("stack-trace749733103", this, "Click to show all stack frames", "Click to hide stack frames")'>Click to show all stack frames</a>
<div class='stack-trace' id='stack-trace749733103'><pre>java.lang.AssertionError: Aadhar No Contains Less than 12 numbers expected [true] but found [false]
	at org.testng.Assert.fail(Assert.java:96)
	at org.testng.Assert.failNotEquals(Assert.java:776)
	at org.testng.Assert.assertTrue(Assert.java:44)
	at com.mytest.Admission.Aadharno_contain_lessthan_12_numbers(Admission.java:397)
	at java.base/jdk.internal.reflect.NativeMethodAccessorImpl.invoke0(Native Method)
	at java.base/jdk.internal.reflect.NativeMethodAccessorImpl.invoke(Unknown Source)
	at java.base/jdk.internal.reflect.DelegatingMethodAccessorImpl.invoke(Unknown Source)
	at java.base/java.lang.reflect.Method.invoke(Unknown Source)
	at org.testng.internal.MethodInvocationHelper.invokeMethod(MethodInvocationHelper.java:124)
	at org.testng.internal.Invoker.invokeMethod(Invoker.java:580)
	at org.testng.internal.Invoker.invokeTestMethod(Invoker.java:716)
	at org.testng.internal.Invoker.invokeTestMethods(Invoker.java:988)
	at org.testng.internal.TestMethodWorker.invokeTestMethods(TestMethodWorker.java:125)
	at org.testng.internal.TestMethodWorker.run(TestMethodWorker.java:109)
	at org.testng.TestRunner.privateRun(TestRunner.java:648)
	at org.testng.TestRunner.run(TestRunner.java:505)
	at org.testng.SuiteRunner.runTest(SuiteRunner.java:455)
	at org.testng.SuiteRunner.access$000(SuiteRunner.java:40)
	at org.testng.SuiteRunner$SuiteWorker.run(SuiteRunner.java:489)
	at org.testng.internal.thread.ThreadUtil$1.call(ThreadUtil.java:52)
	at java.base/java.util.concurrent.FutureTask.run(Unknown Source)
	at java.base/java.util.concurrent.ThreadPoolExecutor.runWorker(Unknown Source)
	at java.base/java.util.concurrent.ThreadPoolExecutor$Worker.run(Unknown Source)
	at java.base/java.lang.Thread.run(Unknown Source)
</pre></div></td>
<td>0</td>
<td>com.mytest.Admission@29d89d5d</td></tr>
<tr>
<td title='com.mytest.Admission.Aadharno_contain_special_characters()'><b>Aadharno_contain_special_characters</b><br>Test class: com.mytest.Admission</td>
<td><div><pre>java.lang.AssertionError: Aadhar No Contains Spaecial Characters expected [true] but found [false]
	at com.mytest.Admission.Aadharno_contain_special_characters(Admission.java:352)
	at java.base/java.util.concurrent.FutureTask.run(Unknown Source)
	at java.base/java.util.concurrent.ThreadPoolExecutor.runWorker(Unknown Source)
	at java.base/java.util.concurrent.ThreadPoolExecutor$Worker.run(Unknown Source)
	at java.base/java.lang.Thread.run(Unknown Source)
... Removed 19 stack frames</pre></div><a href='#' onClick='toggleBox("stack-trace1765858512", this, "Click to show all stack frames", "Click to hide stack frames")'>Click to show all stack frames</a>
<div class='stack-trace' id='stack-trace1765858512'><pre>java.lang.AssertionError: Aadhar No Contains Spaecial Characters expected [true] but found [false]
	at org.testng.Assert.fail(Assert.java:96)
	at org.testng.Assert.failNotEquals(Assert.java:776)
	at org.testng.Assert.assertTrue(Assert.java:44)
	at com.mytest.Admission.Aadharno_contain_special_characters(Admission.java:352)
	at java.base/jdk.internal.reflect.NativeMethodAccessorImpl.invoke0(Native Method)
	at java.base/jdk.internal.reflect.NativeMethodAccessorImpl.invoke(Unknown Source)
	at java.base/jdk.internal.reflect.DelegatingMethodAccessorImpl.invoke(Unknown Source)
	at java.base/java.lang.reflect.Method.invoke(Unknown Source)
	at org.testng.internal.MethodInvocationHelper.invokeMethod(MethodInvocationHelper.java:124)
	at org.testng.internal.Invoker.invokeMethod(Invoker.java:580)
	at org.testng.internal.Invoker.invokeTestMethod(Invoker.java:716)
	at org.testng.internal.Invoker.invokeTestMethods(Invoker.java:988)
	at org.testng.internal.TestMethodWorker.invokeTestMethods(TestMethodWorker.java:125)
	at org.testng.internal.TestMethodWorker.run(TestMethodWorker.java:109)
	at org.testng.TestRunner.privateRun(TestRunner.java:648)
	at org.testng.TestRunner.run(TestRunner.java:505)
	at org.testng.SuiteRunner.runTest(SuiteRunner.java:455)
	at org.testng.SuiteRunner.access$000(SuiteRunner.java:40)
	at org.testng.SuiteRunner$SuiteWorker.run(SuiteRunner.java:489)
	at org.testng.internal.thread.ThreadUtil$1.call(ThreadUtil.java:52)
	at java.base/java.util.concurrent.FutureTask.run(Unknown Source)
	at java.base/java.util.concurrent.ThreadPoolExecutor.runWorker(Unknown Source)
	at java.base/java.util.concurrent.ThreadPoolExecutor$Worker.run(Unknown Source)
	at java.base/java.lang.Thread.run(Unknown Source)
</pre></div></td>
<td>0</td>
<td>com.mytest.Admission@29d89d5d</td></tr>
<tr>
<td title='com.mytest.Admission.Aadharno_contains_greaterthan_12_numbers()'><b>Aadharno_contains_greaterthan_12_numbers</b><br>Test class: com.mytest.Admission</td>
<td><div><pre>java.lang.AssertionError: Aadhar No Contains Whitespaces at begining expected [true] but found [false]
	at com.mytest.Admission.Aadharno_contains_greaterthan_12_numbers(Admission.java:1408)
	at java.base/java.util.concurrent.FutureTask.run(Unknown Source)
	at java.base/java.util.concurrent.ThreadPoolExecutor.runWorker(Unknown Source)
	at java.base/java.util.concurrent.ThreadPoolExecutor$Worker.run(Unknown Source)
	at java.base/java.lang.Thread.run(Unknown Source)
... Removed 19 stack frames</pre></div><a href='#' onClick='toggleBox("stack-trace1426354689", this, "Click to show all stack frames", "Click to hide stack frames")'>Click to show all stack frames</a>
<div class='stack-trace' id='stack-trace1426354689'><pre>java.lang.AssertionError: Aadhar No Contains Whitespaces at begining expected [true] but found [false]
	at org.testng.Assert.fail(Assert.java:96)
	at org.testng.Assert.failNotEquals(Assert.java:776)
	at org.testng.Assert.assertTrue(Assert.java:44)
	at com.mytest.Admission.Aadharno_contains_greaterthan_12_numbers(Admission.java:1408)
	at java.base/jdk.internal.reflect.NativeMethodAccessorImpl.invoke0(Native Method)
	at java.base/jdk.internal.reflect.NativeMethodAccessorImpl.invoke(Unknown Source)
	at java.base/jdk.internal.reflect.DelegatingMethodAccessorImpl.invoke(Unknown Source)
	at java.base/java.lang.reflect.Method.invoke(Unknown Source)
	at org.testng.internal.MethodInvocationHelper.invokeMethod(MethodInvocationHelper.java:124)
	at org.testng.internal.Invoker.invokeMethod(Invoker.java:580)
	at org.testng.internal.Invoker.invokeTestMethod(Invoker.java:716)
	at org.testng.internal.Invoker.invokeTestMethods(Invoker.java:988)
	at org.testng.internal.TestMethodWorker.invokeTestMethods(TestMethodWorker.java:125)
	at org.testng.internal.TestMethodWorker.run(TestMethodWorker.java:109)
	at org.testng.TestRunner.privateRun(TestRunner.java:648)
	at org.testng.TestRunner.run(TestRunner.java:505)
	at org.testng.SuiteRunner.runTest(SuiteRunner.java:455)
	at org.testng.SuiteRunner.access$000(SuiteRunner.java:40)
	at org.testng.SuiteRunner$SuiteWorker.run(SuiteRunner.java:489)
	at org.testng.internal.thread.ThreadUtil$1.call(ThreadUtil.java:52)
	at java.base/java.util.concurrent.FutureTask.run(Unknown Source)
	at java.base/java.util.concurrent.ThreadPoolExecutor.runWorker(Unknown Source)
	at java.base/java.util.concurrent.ThreadPoolExecutor$Worker.run(Unknown Source)
	at java.base/java.lang.Thread.run(Unknown Source)
</pre></div></td>
<td>0</td>
<td>com.mytest.Admission@29d89d5d</td></tr>
<tr>
<td title='com.mytest.Admission.Aadharno_contains_lessthan_12_numbers()'><b>Aadharno_contains_lessthan_12_numbers</b><br>Test class: com.mytest.Admission</td>
<td><div><pre>java.lang.AssertionError: Aadhar No Contains Less than 12 numbers expected [true] but found [false]
	at com.mytest.Admission.Aadharno_contains_lessthan_12_numbers(Admission.java:1399)
	at java.base/java.util.concurrent.FutureTask.run(Unknown Source)
	at java.base/java.util.concurrent.ThreadPoolExecutor.runWorker(Unknown Source)
	at java.base/java.util.concurrent.ThreadPoolExecutor$Worker.run(Unknown Source)
	at java.base/java.lang.Thread.run(Unknown Source)
... Removed 19 stack frames</pre></div><a href='#' onClick='toggleBox("stack-trace524920374", this, "Click to show all stack frames", "Click to hide stack frames")'>Click to show all stack frames</a>
<div class='stack-trace' id='stack-trace524920374'><pre>java.lang.AssertionError: Aadhar No Contains Less than 12 numbers expected [true] but found [false]
	at org.testng.Assert.fail(Assert.java:96)
	at org.testng.Assert.failNotEquals(Assert.java:776)
	at org.testng.Assert.assertTrue(Assert.java:44)
	at com.mytest.Admission.Aadharno_contains_lessthan_12_numbers(Admission.java:1399)
	at java.base/jdk.internal.reflect.NativeMethodAccessorImpl.invoke0(Native Method)
	at java.base/jdk.internal.reflect.NativeMethodAccessorImpl.invoke(Unknown Source)
	at java.base/jdk.internal.reflect.DelegatingMethodAccessorImpl.invoke(Unknown Source)
	at java.base/java.lang.reflect.Method.invoke(Unknown Source)
	at org.testng.internal.MethodInvocationHelper.invokeMethod(MethodInvocationHelper.java:124)
	at org.testng.internal.Invoker.invokeMethod(Invoker.java:580)
	at org.testng.internal.Invoker.invokeTestMethod(Invoker.java:716)
	at org.testng.internal.Invoker.invokeTestMethods(Invoker.java:988)
	at org.testng.internal.TestMethodWorker.invokeTestMethods(TestMethodWorker.java:125)
	at org.testng.internal.TestMethodWorker.run(TestMethodWorker.java:109)
	at org.testng.TestRunner.privateRun(TestRunner.java:648)
	at org.testng.TestRunner.run(TestRunner.java:505)
	at org.testng.SuiteRunner.runTest(SuiteRunner.java:455)
	at org.testng.SuiteRunner.access$000(SuiteRunner.java:40)
	at org.testng.SuiteRunner$SuiteWorker.run(SuiteRunner.java:489)
	at org.testng.internal.thread.ThreadUtil$1.call(ThreadUtil.java:52)
	at java.base/java.util.concurrent.FutureTask.run(Unknown Source)
	at java.base/java.util.concurrent.ThreadPoolExecutor.runWorker(Unknown Source)
	at java.base/java.util.concurrent.ThreadPoolExecutor$Worker.run(Unknown Source)
	at java.base/java.lang.Thread.run(Unknown Source)
</pre></div></td>
<td>0</td>
<td>com.mytest.Admission@29d89d5d</td></tr>
<tr>
<td title='com.mytest.Admission.Aadharno_contains_special_characters()'><b>Aadharno_contains_special_characters</b><br>Test class: com.mytest.Admission</td>
<td><div><pre>java.lang.AssertionError: Aadhar No Contains Spaecial Characters expected [true] but found [false]
	at com.mytest.Admission.Aadharno_contains_special_characters(Admission.java:1354)
	at java.base/java.util.concurrent.FutureTask.run(Unknown Source)
	at java.base/java.util.concurrent.ThreadPoolExecutor.runWorker(Unknown Source)
	at java.base/java.util.concurrent.ThreadPoolExecutor$Worker.run(Unknown Source)
	at java.base/java.lang.Thread.run(Unknown Source)
... Removed 19 stack frames</pre></div><a href='#' onClick='toggleBox("stack-trace1486717668", this, "Click to show all stack frames", "Click to hide stack frames")'>Click to show all stack frames</a>
<div class='stack-trace' id='stack-trace1486717668'><pre>java.lang.AssertionError: Aadhar No Contains Spaecial Characters expected [true] but found [false]
	at org.testng.Assert.fail(Assert.java:96)
	at org.testng.Assert.failNotEquals(Assert.java:776)
	at org.testng.Assert.assertTrue(Assert.java:44)
	at com.mytest.Admission.Aadharno_contains_special_characters(Admission.java:1354)
	at java.base/jdk.internal.reflect.NativeMethodAccessorImpl.invoke0(Native Method)
	at java.base/jdk.internal.reflect.NativeMethodAccessorImpl.invoke(Unknown Source)
	at java.base/jdk.internal.reflect.DelegatingMethodAccessorImpl.invoke(Unknown Source)
	at java.base/java.lang.reflect.Method.invoke(Unknown Source)
	at org.testng.internal.MethodInvocationHelper.invokeMethod(MethodInvocationHelper.java:124)
	at org.testng.internal.Invoker.invokeMethod(Invoker.java:580)
	at org.testng.internal.Invoker.invokeTestMethod(Invoker.java:716)
	at org.testng.internal.Invoker.invokeTestMethods(Invoker.java:988)
	at org.testng.internal.TestMethodWorker.invokeTestMethods(TestMethodWorker.java:125)
	at org.testng.internal.TestMethodWorker.run(TestMethodWorker.java:109)
	at org.testng.TestRunner.privateRun(TestRunner.java:648)
	at org.testng.TestRunner.run(TestRunner.java:505)
	at org.testng.SuiteRunner.runTest(SuiteRunner.java:455)
	at org.testng.SuiteRunner.access$000(SuiteRunner.java:40)
	at org.testng.SuiteRunner$SuiteWorker.run(SuiteRunner.java:489)
	at org.testng.internal.thread.ThreadUtil$1.call(ThreadUtil.java:52)
	at java.base/java.util.concurrent.FutureTask.run(Unknown Source)
	at java.base/java.util.concurrent.ThreadPoolExecutor.runWorker(Unknown Source)
	at java.base/java.util.concurrent.ThreadPoolExecutor$Worker.run(Unknown Source)
	at java.base/java.lang.Thread.run(Unknown Source)
</pre></div></td>
<td>0</td>
<td>com.mytest.Admission@29d89d5d</td></tr>
<tr>
<td title='com.mytest.Admission.Blank_Gender_Field()'><b>Blank_Gender_Field</b><br>Test class: com.mytest.Admission</td>
<td><div><pre>java.lang.AssertionError: Gender field is Blank expected [true] but found [false]
	at com.mytest.Admission.Blank_Gender_Field(Admission.java:1427)
	at java.base/java.util.concurrent.FutureTask.run(Unknown Source)
	at java.base/java.util.concurrent.ThreadPoolExecutor.runWorker(Unknown Source)
	at java.base/java.util.concurrent.ThreadPoolExecutor$Worker.run(Unknown Source)
	at java.base/java.lang.Thread.run(Unknown Source)
... Removed 19 stack frames</pre></div><a href='#' onClick='toggleBox("stack-trace1770950446", this, "Click to show all stack frames", "Click to hide stack frames")'>Click to show all stack frames</a>
<div class='stack-trace' id='stack-trace1770950446'><pre>java.lang.AssertionError: Gender field is Blank expected [true] but found [false]
	at org.testng.Assert.fail(Assert.java:96)
	at org.testng.Assert.failNotEquals(Assert.java:776)
	at org.testng.Assert.assertTrue(Assert.java:44)
	at com.mytest.Admission.Blank_Gender_Field(Admission.java:1427)
	at java.base/jdk.internal.reflect.NativeMethodAccessorImpl.invoke0(Native Method)
	at java.base/jdk.internal.reflect.NativeMethodAccessorImpl.invoke(Unknown Source)
	at java.base/jdk.internal.reflect.DelegatingMethodAccessorImpl.invoke(Unknown Source)
	at java.base/java.lang.reflect.Method.invoke(Unknown Source)
	at org.testng.internal.MethodInvocationHelper.invokeMethod(MethodInvocationHelper.java:124)
	at org.testng.internal.Invoker.invokeMethod(Invoker.java:580)
	at org.testng.internal.Invoker.invokeTestMethod(Invoker.java:716)
	at org.testng.internal.Invoker.invokeTestMethods(Invoker.java:988)
	at org.testng.internal.TestMethodWorker.invokeTestMethods(TestMethodWorker.java:125)
	at org.testng.internal.TestMethodWorker.run(TestMethodWorker.java:109)
	at org.testng.TestRunner.privateRun(TestRunner.java:648)
	at org.testng.TestRunner.run(TestRunner.java:505)
	at org.testng.SuiteRunner.runTest(SuiteRunner.java:455)
	at org.testng.SuiteRunner.access$000(SuiteRunner.java:40)
	at org.testng.SuiteRunner$SuiteWorker.run(SuiteRunner.java:489)
	at org.testng.internal.thread.ThreadUtil$1.call(ThreadUtil.java:52)
	at java.base/java.util.concurrent.FutureTask.run(Unknown Source)
	at java.base/java.util.concurrent.ThreadPoolExecutor.runWorker(Unknown Source)
	at java.base/java.util.concurrent.ThreadPoolExecutor$Worker.run(Unknown Source)
	at java.base/java.lang.Thread.run(Unknown Source)
</pre></div></td>
<td>0</td>
<td>com.mytest.Admission@29d89d5d</td></tr>
<tr>
<td title='com.mytest.Admission.Blank_Gender_field()'><b>Blank_Gender_field</b><br>Test class: com.mytest.Admission</td>
<td><div><pre>java.lang.AssertionError: Gender field is Blank expected [true] but found [false]
	at com.mytest.Admission.Blank_Gender_field(Admission.java:426)
	at java.base/java.util.concurrent.FutureTask.run(Unknown Source)
	at java.base/java.util.concurrent.ThreadPoolExecutor.runWorker(Unknown Source)
	at java.base/java.util.concurrent.ThreadPoolExecutor$Worker.run(Unknown Source)
	at java.base/java.lang.Thread.run(Unknown Source)
... Removed 19 stack frames</pre></div><a href='#' onClick='toggleBox("stack-trace1053548351", this, "Click to show all stack frames", "Click to hide stack frames")'>Click to show all stack frames</a>
<div class='stack-trace' id='stack-trace1053548351'><pre>java.lang.AssertionError: Gender field is Blank expected [true] but found [false]
	at org.testng.Assert.fail(Assert.java:96)
	at org.testng.Assert.failNotEquals(Assert.java:776)
	at org.testng.Assert.assertTrue(Assert.java:44)
	at com.mytest.Admission.Blank_Gender_field(Admission.java:426)
	at java.base/jdk.internal.reflect.NativeMethodAccessorImpl.invoke0(Native Method)
	at java.base/jdk.internal.reflect.NativeMethodAccessorImpl.invoke(Unknown Source)
	at java.base/jdk.internal.reflect.DelegatingMethodAccessorImpl.invoke(Unknown Source)
	at java.base/java.lang.reflect.Method.invoke(Unknown Source)
	at org.testng.internal.MethodInvocationHelper.invokeMethod(MethodInvocationHelper.java:124)
	at org.testng.internal.Invoker.invokeMethod(Invoker.java:580)
	at org.testng.internal.Invoker.invokeTestMethod(Invoker.java:716)
	at org.testng.internal.Invoker.invokeTestMethods(Invoker.java:988)
	at org.testng.internal.TestMethodWorker.invokeTestMethods(TestMethodWorker.java:125)
	at org.testng.internal.TestMethodWorker.run(TestMethodWorker.java:109)
	at org.testng.TestRunner.privateRun(TestRunner.java:648)
	at org.testng.TestRunner.run(TestRunner.java:505)
	at org.testng.SuiteRunner.runTest(SuiteRunner.java:455)
	at org.testng.SuiteRunner.access$000(SuiteRunner.java:40)
	at org.testng.SuiteRunner$SuiteWorker.run(SuiteRunner.java:489)
	at org.testng.internal.thread.ThreadUtil$1.call(ThreadUtil.java:52)
	at java.base/java.util.concurrent.FutureTask.run(Unknown Source)
	at java.base/java.util.concurrent.ThreadPoolExecutor.runWorker(Unknown Source)
	at java.base/java.util.concurrent.ThreadPoolExecutor$Worker.run(Unknown Source)
	at java.base/java.lang.Thread.run(Unknown Source)
</pre></div></td>
<td>0</td>
<td>com.mytest.Admission@29d89d5d</td></tr>
<tr>
<td title='com.mytest.Admission.Collegename_contain_Special_Characters()'><b>Collegename_contain_Special_Characters</b><br>Test class: com.mytest.Admission</td>
<td><div><pre>java.lang.AssertionError: College Name Contains Special Characters expected [true] but found [false]
	at com.mytest.Admission.Collegename_contain_Special_Characters(Admission.java:246)
	at java.base/java.util.concurrent.FutureTask.run(Unknown Source)
	at java.base/java.util.concurrent.ThreadPoolExecutor.runWorker(Unknown Source)
	at java.base/java.util.concurrent.ThreadPoolExecutor$Worker.run(Unknown Source)
	at java.base/java.lang.Thread.run(Unknown Source)
... Removed 19 stack frames</pre></div><a href='#' onClick='toggleBox("stack-trace581957030", this, "Click to show all stack frames", "Click to hide stack frames")'>Click to show all stack frames</a>
<div class='stack-trace' id='stack-trace581957030'><pre>java.lang.AssertionError: College Name Contains Special Characters expected [true] but found [false]
	at org.testng.Assert.fail(Assert.java:96)
	at org.testng.Assert.failNotEquals(Assert.java:776)
	at org.testng.Assert.assertTrue(Assert.java:44)
	at com.mytest.Admission.Collegename_contain_Special_Characters(Admission.java:246)
	at java.base/jdk.internal.reflect.NativeMethodAccessorImpl.invoke0(Native Method)
	at java.base/jdk.internal.reflect.NativeMethodAccessorImpl.invoke(Unknown Source)
	at java.base/jdk.internal.reflect.DelegatingMethodAccessorImpl.invoke(Unknown Source)
	at java.base/java.lang.reflect.Method.invoke(Unknown Source)
	at org.testng.internal.MethodInvocationHelper.invokeMethod(MethodInvocationHelper.java:124)
	at org.testng.internal.Invoker.invokeMethod(Invoker.java:580)
	at org.testng.internal.Invoker.invokeTestMethod(Invoker.java:716)
	at org.testng.internal.Invoker.invokeTestMethods(Invoker.java:988)
	at org.testng.internal.TestMethodWorker.invokeTestMethods(TestMethodWorker.java:125)
	at org.testng.internal.TestMethodWorker.run(TestMethodWorker.java:109)
	at org.testng.TestRunner.privateRun(TestRunner.java:648)
	at org.testng.TestRunner.run(TestRunner.java:505)
	at org.testng.SuiteRunner.runTest(SuiteRunner.java:455)
	at org.testng.SuiteRunner.access$000(SuiteRunner.java:40)
	at org.testng.SuiteRunner$SuiteWorker.run(SuiteRunner.java:489)
	at org.testng.internal.thread.ThreadUtil$1.call(ThreadUtil.java:52)
	at java.base/java.util.concurrent.FutureTask.run(Unknown Source)
	at java.base/java.util.concurrent.ThreadPoolExecutor.runWorker(Unknown Source)
	at java.base/java.util.concurrent.ThreadPoolExecutor$Worker.run(Unknown Source)
	at java.base/java.lang.Thread.run(Unknown Source)
</pre></div></td>
<td>0</td>
<td>com.mytest.Admission@29d89d5d</td></tr>
<tr>
<td title='com.mytest.Admission.Collegename_contains_Special_Characters()'><b>Collegename_contains_Special_Characters</b><br>Test class: com.mytest.Admission</td>
<td><div><pre>java.lang.AssertionError: College Name Contains Special Characters expected [true] but found [false]
	at com.mytest.Admission.Collegename_contains_Special_Characters(Admission.java:1248)
	at java.base/java.util.concurrent.FutureTask.run(Unknown Source)
	at java.base/java.util.concurrent.ThreadPoolExecutor.runWorker(Unknown Source)
	at java.base/java.util.concurrent.ThreadPoolExecutor$Worker.run(Unknown Source)
	at java.base/java.lang.Thread.run(Unknown Source)
... Removed 19 stack frames</pre></div><a href='#' onClick='toggleBox("stack-trace943315000", this, "Click to show all stack frames", "Click to hide stack frames")'>Click to show all stack frames</a>
<div class='stack-trace' id='stack-trace943315000'><pre>java.lang.AssertionError: College Name Contains Special Characters expected [true] but found [false]
	at org.testng.Assert.fail(Assert.java:96)
	at org.testng.Assert.failNotEquals(Assert.java:776)
	at org.testng.Assert.assertTrue(Assert.java:44)
	at com.mytest.Admission.Collegename_contains_Special_Characters(Admission.java:1248)
	at java.base/jdk.internal.reflect.NativeMethodAccessorImpl.invoke0(Native Method)
	at java.base/jdk.internal.reflect.NativeMethodAccessorImpl.invoke(Unknown Source)
	at java.base/jdk.internal.reflect.DelegatingMethodAccessorImpl.invoke(Unknown Source)
	at java.base/java.lang.reflect.Method.invoke(Unknown Source)
	at org.testng.internal.MethodInvocationHelper.invokeMethod(MethodInvocationHelper.java:124)
	at org.testng.internal.Invoker.invokeMethod(Invoker.java:580)
	at org.testng.internal.Invoker.invokeTestMethod(Invoker.java:716)
	at org.testng.internal.Invoker.invokeTestMethods(Invoker.java:988)
	at org.testng.internal.TestMethodWorker.invokeTestMethods(TestMethodWorker.java:125)
	at org.testng.internal.TestMethodWorker.run(TestMethodWorker.java:109)
	at org.testng.TestRunner.privateRun(TestRunner.java:648)
	at org.testng.TestRunner.run(TestRunner.java:505)
	at org.testng.SuiteRunner.runTest(SuiteRunner.java:455)
	at org.testng.SuiteRunner.access$000(SuiteRunner.java:40)
	at org.testng.SuiteRunner$SuiteWorker.run(SuiteRunner.java:489)
	at org.testng.internal.thread.ThreadUtil$1.call(ThreadUtil.java:52)
	at java.base/java.util.concurrent.FutureTask.run(Unknown Source)
	at java.base/java.util.concurrent.ThreadPoolExecutor.runWorker(Unknown Source)
	at java.base/java.util.concurrent.ThreadPoolExecutor$Worker.run(Unknown Source)
	at java.base/java.lang.Thread.run(Unknown Source)
</pre></div></td>
<td>0</td>
<td>com.mytest.Admission@29d89d5d</td></tr>
<tr>
<td title='com.mytest.Admission.Course_interested_is_Blank()'><b>Course_interested_is_Blank</b><br>Test class: com.mytest.Admission</td>
<td><div><pre>java.lang.AssertionError: Course Interested is Blank expected [true] but found [false]
	at com.mytest.Admission.Course_interested_is_Blank(Admission.java:931)
	at java.base/java.util.concurrent.FutureTask.run(Unknown Source)
	at java.base/java.util.concurrent.ThreadPoolExecutor.runWorker(Unknown Source)
	at java.base/java.util.concurrent.ThreadPoolExecutor$Worker.run(Unknown Source)
	at java.base/java.lang.Thread.run(Unknown Source)
... Removed 19 stack frames</pre></div><a href='#' onClick='toggleBox("stack-trace682265145", this, "Click to show all stack frames", "Click to hide stack frames")'>Click to show all stack frames</a>
<div class='stack-trace' id='stack-trace682265145'><pre>java.lang.AssertionError: Course Interested is Blank expected [true] but found [false]
	at org.testng.Assert.fail(Assert.java:96)
	at org.testng.Assert.failNotEquals(Assert.java:776)
	at org.testng.Assert.assertTrue(Assert.java:44)
	at com.mytest.Admission.Course_interested_is_Blank(Admission.java:931)
	at java.base/jdk.internal.reflect.NativeMethodAccessorImpl.invoke0(Native Method)
	at java.base/jdk.internal.reflect.NativeMethodAccessorImpl.invoke(Unknown Source)
	at java.base/jdk.internal.reflect.DelegatingMethodAccessorImpl.invoke(Unknown Source)
	at java.base/java.lang.reflect.Method.invoke(Unknown Source)
	at org.testng.internal.MethodInvocationHelper.invokeMethod(MethodInvocationHelper.java:124)
	at org.testng.internal.Invoker.invokeMethod(Invoker.java:580)
	at org.testng.internal.Invoker.invokeTestMethod(Invoker.java:716)
	at org.testng.internal.Invoker.invokeTestMethods(Invoker.java:988)
	at org.testng.internal.TestMethodWorker.invokeTestMethods(TestMethodWorker.java:125)
	at org.testng.internal.TestMethodWorker.run(TestMethodWorker.java:109)
	at org.testng.TestRunner.privateRun(TestRunner.java:648)
	at org.testng.TestRunner.run(TestRunner.java:505)
	at org.testng.SuiteRunner.runTest(SuiteRunner.java:455)
	at org.testng.SuiteRunner.access$000(SuiteRunner.java:40)
	at org.testng.SuiteRunner$SuiteWorker.run(SuiteRunner.java:489)
	at org.testng.internal.thread.ThreadUtil$1.call(ThreadUtil.java:52)
	at java.base/java.util.concurrent.FutureTask.run(Unknown Source)
	at java.base/java.util.concurrent.ThreadPoolExecutor.runWorker(Unknown Source)
	at java.base/java.util.concurrent.ThreadPoolExecutor$Worker.run(Unknown Source)
	at java.base/java.lang.Thread.run(Unknown Source)
</pre></div></td>
<td>0</td>
<td>com.mytest.Admission@29d89d5d</td></tr>
<tr>
<td title='com.mytest.Admission.Delete_Admission()'><b>Delete_Admission</b><br>Test class: com.mytest.Admission</td>
<td><div><pre>java.lang.AssertionError: Admission NOT getting Deleted expected [No data available in table] but found [1]
	at com.mytest.Admission.Delete_Admission(Admission.java:1073)
	at java.base/java.util.concurrent.FutureTask.run(Unknown Source)
	at java.base/java.util.concurrent.ThreadPoolExecutor.runWorker(Unknown Source)
	at java.base/java.util.concurrent.ThreadPoolExecutor$Worker.run(Unknown Source)
	at java.base/java.lang.Thread.run(Unknown Source)
... Removed 21 stack frames</pre></div><a href='#' onClick='toggleBox("stack-trace1876275911", this, "Click to show all stack frames", "Click to hide stack frames")'>Click to show all stack frames</a>
<div class='stack-trace' id='stack-trace1876275911'><pre>java.lang.AssertionError: Admission NOT getting Deleted expected [No data available in table] but found [1]
	at org.testng.Assert.fail(Assert.java:96)
	at org.testng.Assert.failNotEquals(Assert.java:776)
	at org.testng.Assert.assertEqualsImpl(Assert.java:137)
	at org.testng.Assert.assertEquals(Assert.java:118)
	at org.testng.Assert.assertEquals(Assert.java:453)
	at com.mytest.Admission.Delete_Admission(Admission.java:1073)
	at java.base/jdk.internal.reflect.NativeMethodAccessorImpl.invoke0(Native Method)
	at java.base/jdk.internal.reflect.NativeMethodAccessorImpl.invoke(Unknown Source)
	at java.base/jdk.internal.reflect.DelegatingMethodAccessorImpl.invoke(Unknown Source)
	at java.base/java.lang.reflect.Method.invoke(Unknown Source)
	at org.testng.internal.MethodInvocationHelper.invokeMethod(MethodInvocationHelper.java:124)
	at org.testng.internal.Invoker.invokeMethod(Invoker.java:580)
	at org.testng.internal.Invoker.invokeTestMethod(Invoker.java:716)
	at org.testng.internal.Invoker.invokeTestMethods(Invoker.java:988)
	at org.testng.internal.TestMethodWorker.invokeTestMethods(TestMethodWorker.java:125)
	at org.testng.internal.TestMethodWorker.run(TestMethodWorker.java:109)
	at org.testng.TestRunner.privateRun(TestRunner.java:648)
	at org.testng.TestRunner.run(TestRunner.java:505)
	at org.testng.SuiteRunner.runTest(SuiteRunner.java:455)
	at org.testng.SuiteRunner.access$000(SuiteRunner.java:40)
	at org.testng.SuiteRunner$SuiteWorker.run(SuiteRunner.java:489)
	at org.testng.internal.thread.ThreadUtil$1.call(ThreadUtil.java:52)
	at java.base/java.util.concurrent.FutureTask.run(Unknown Source)
	at java.base/java.util.concurrent.ThreadPoolExecutor.runWorker(Unknown Source)
	at java.base/java.util.concurrent.ThreadPoolExecutor$Worker.run(Unknown Source)
	at java.base/java.lang.Thread.run(Unknown Source)
</pre></div></td>
<td>10</td>
<td>com.mytest.Admission@29d89d5d</td></tr>
<tr>
<td title='com.mytest.Admission.Delete_admission()'><b>Delete_admission</b><br>Test class: com.mytest.Admission</td>
<td><div><pre>java.lang.AssertionError: Admission NOT getting Deleted expected [No data available in table] but found [1]
	at com.mytest.Admission.Delete_admission(Admission.java:2062)
	at java.base/java.util.concurrent.FutureTask.run(Unknown Source)
	at java.base/java.util.concurrent.ThreadPoolExecutor.runWorker(Unknown Source)
	at java.base/java.util.concurrent.ThreadPoolExecutor$Worker.run(Unknown Source)
	at java.base/java.lang.Thread.run(Unknown Source)
... Removed 21 stack frames</pre></div><a href='#' onClick='toggleBox("stack-trace1065708583", this, "Click to show all stack frames", "Click to hide stack frames")'>Click to show all stack frames</a>
<div class='stack-trace' id='stack-trace1065708583'><pre>java.lang.AssertionError: Admission NOT getting Deleted expected [No data available in table] but found [1]
	at org.testng.Assert.fail(Assert.java:96)
	at org.testng.Assert.failNotEquals(Assert.java:776)
	at org.testng.Assert.assertEqualsImpl(Assert.java:137)
	at org.testng.Assert.assertEquals(Assert.java:118)
	at org.testng.Assert.assertEquals(Assert.java:453)
	at com.mytest.Admission.Delete_admission(Admission.java:2062)
	at java.base/jdk.internal.reflect.NativeMethodAccessorImpl.invoke0(Native Method)
	at java.base/jdk.internal.reflect.NativeMethodAccessorImpl.invoke(Unknown Source)
	at java.base/jdk.internal.reflect.DelegatingMethodAccessorImpl.invoke(Unknown Source)
	at java.base/java.lang.reflect.Method.invoke(Unknown Source)
	at org.testng.internal.MethodInvocationHelper.invokeMethod(MethodInvocationHelper.java:124)
	at org.testng.internal.Invoker.invokeMethod(Invoker.java:580)
	at org.testng.internal.Invoker.invokeTestMethod(Invoker.java:716)
	at org.testng.internal.Invoker.invokeTestMethods(Invoker.java:988)
	at org.testng.internal.TestMethodWorker.invokeTestMethods(TestMethodWorker.java:125)
	at org.testng.internal.TestMethodWorker.run(TestMethodWorker.java:109)
	at org.testng.TestRunner.privateRun(TestRunner.java:648)
	at org.testng.TestRunner.run(TestRunner.java:505)
	at org.testng.SuiteRunner.runTest(SuiteRunner.java:455)
	at org.testng.SuiteRunner.access$000(SuiteRunner.java:40)
	at org.testng.SuiteRunner$SuiteWorker.run(SuiteRunner.java:489)
	at org.testng.internal.thread.ThreadUtil$1.call(ThreadUtil.java:52)
	at java.base/java.util.concurrent.FutureTask.run(Unknown Source)
	at java.base/java.util.concurrent.ThreadPoolExecutor.runWorker(Unknown Source)
	at java.base/java.util.concurrent.ThreadPoolExecutor$Worker.run(Unknown Source)
	at java.base/java.lang.Thread.run(Unknown Source)
</pre></div></td>
<td>8</td>
<td>com.mytest.Admission@29d89d5d</td></tr>
<tr>
<td title='com.mytest.Admission.Lastname_contain_Special_Characters()'><b>Lastname_contain_Special_Characters</b><br>Test class: com.mytest.Admission</td>
<td><div><pre>java.lang.AssertionError: Last Name Contains Special Characters expected [true] but found [false]
	at com.mytest.Admission.Lastname_contain_Special_Characters(Admission.java:193)
	at java.base/java.util.concurrent.FutureTask.run(Unknown Source)
	at java.base/java.util.concurrent.ThreadPoolExecutor.runWorker(Unknown Source)
	at java.base/java.util.concurrent.ThreadPoolExecutor$Worker.run(Unknown Source)
	at java.base/java.lang.Thread.run(Unknown Source)
... Removed 19 stack frames</pre></div><a href='#' onClick='toggleBox("stack-trace307881509", this, "Click to show all stack frames", "Click to hide stack frames")'>Click to show all stack frames</a>
<div class='stack-trace' id='stack-trace307881509'><pre>java.lang.AssertionError: Last Name Contains Special Characters expected [true] but found [false]
	at org.testng.Assert.fail(Assert.java:96)
	at org.testng.Assert.failNotEquals(Assert.java:776)
	at org.testng.Assert.assertTrue(Assert.java:44)
	at com.mytest.Admission.Lastname_contain_Special_Characters(Admission.java:193)
	at java.base/jdk.internal.reflect.NativeMethodAccessorImpl.invoke0(Native Method)
	at java.base/jdk.internal.reflect.NativeMethodAccessorImpl.invoke(Unknown Source)
	at java.base/jdk.internal.reflect.DelegatingMethodAccessorImpl.invoke(Unknown Source)
	at java.base/java.lang.reflect.Method.invoke(Unknown Source)
	at org.testng.internal.MethodInvocationHelper.invokeMethod(MethodInvocationHelper.java:124)
	at org.testng.internal.Invoker.invokeMethod(Invoker.java:580)
	at org.testng.internal.Invoker.invokeTestMethod(Invoker.java:716)
	at org.testng.internal.Invoker.invokeTestMethods(Invoker.java:988)
	at org.testng.internal.TestMethodWorker.invokeTestMethods(TestMethodWorker.java:125)
	at org.testng.internal.TestMethodWorker.run(TestMethodWorker.java:109)
	at org.testng.TestRunner.privateRun(TestRunner.java:648)
	at org.testng.TestRunner.run(TestRunner.java:505)
	at org.testng.SuiteRunner.runTest(SuiteRunner.java:455)
	at org.testng.SuiteRunner.access$000(SuiteRunner.java:40)
	at org.testng.SuiteRunner$SuiteWorker.run(SuiteRunner.java:489)
	at org.testng.internal.thread.ThreadUtil$1.call(ThreadUtil.java:52)
	at java.base/java.util.concurrent.FutureTask.run(Unknown Source)
	at java.base/java.util.concurrent.ThreadPoolExecutor.runWorker(Unknown Source)
	at java.base/java.util.concurrent.ThreadPoolExecutor$Worker.run(Unknown Source)
	at java.base/java.lang.Thread.run(Unknown Source)
</pre></div></td>
<td>0</td>
<td>com.mytest.Admission@29d89d5d</td></tr>
<tr>
<td title='com.mytest.Admission.Lastname_contain_whitespaces()'><b>Lastname_contain_whitespaces</b><br>Test class: com.mytest.Admission</td>
<td><div><pre>java.lang.AssertionError: Last Name Contains Whitespaces expected [true] but found [false]
	at com.mytest.Admission.Lastname_contain_whitespaces(Admission.java:211)
	at java.base/java.util.concurrent.FutureTask.run(Unknown Source)
	at java.base/java.util.concurrent.ThreadPoolExecutor.runWorker(Unknown Source)
	at java.base/java.util.concurrent.ThreadPoolExecutor$Worker.run(Unknown Source)
	at java.base/java.lang.Thread.run(Unknown Source)
... Removed 19 stack frames</pre></div><a href='#' onClick='toggleBox("stack-trace1853848530", this, "Click to show all stack frames", "Click to hide stack frames")'>Click to show all stack frames</a>
<div class='stack-trace' id='stack-trace1853848530'><pre>java.lang.AssertionError: Last Name Contains Whitespaces expected [true] but found [false]
	at org.testng.Assert.fail(Assert.java:96)
	at org.testng.Assert.failNotEquals(Assert.java:776)
	at org.testng.Assert.assertTrue(Assert.java:44)
	at com.mytest.Admission.Lastname_contain_whitespaces(Admission.java:211)
	at java.base/jdk.internal.reflect.NativeMethodAccessorImpl.invoke0(Native Method)
	at java.base/jdk.internal.reflect.NativeMethodAccessorImpl.invoke(Unknown Source)
	at java.base/jdk.internal.reflect.DelegatingMethodAccessorImpl.invoke(Unknown Source)
	at java.base/java.lang.reflect.Method.invoke(Unknown Source)
	at org.testng.internal.MethodInvocationHelper.invokeMethod(MethodInvocationHelper.java:124)
	at org.testng.internal.Invoker.invokeMethod(Invoker.java:580)
	at org.testng.internal.Invoker.invokeTestMethod(Invoker.java:716)
	at org.testng.internal.Invoker.invokeTestMethods(Invoker.java:988)
	at org.testng.internal.TestMethodWorker.invokeTestMethods(TestMethodWorker.java:125)
	at org.testng.internal.TestMethodWorker.run(TestMethodWorker.java:109)
	at org.testng.TestRunner.privateRun(TestRunner.java:648)
	at org.testng.TestRunner.run(TestRunner.java:505)
	at org.testng.SuiteRunner.runTest(SuiteRunner.java:455)
	at org.testng.SuiteRunner.access$000(SuiteRunner.java:40)
	at org.testng.SuiteRunner$SuiteWorker.run(SuiteRunner.java:489)
	at org.testng.internal.thread.ThreadUtil$1.call(ThreadUtil.java:52)
	at java.base/java.util.concurrent.FutureTask.run(Unknown Source)
	at java.base/java.util.concurrent.ThreadPoolExecutor.runWorker(Unknown Source)
	at java.base/java.util.concurrent.ThreadPoolExecutor$Worker.run(Unknown Source)
	at java.base/java.lang.Thread.run(Unknown Source)
</pre></div></td>
<td>0</td>
<td>com.mytest.Admission@29d89d5d</td></tr>
<tr>
<td title='com.mytest.Admission.Lastname_contain_whitespaces_at_begining()'><b>Lastname_contain_whitespaces_at_begining</b><br>Test class: com.mytest.Admission</td>
<td><div><pre>java.lang.AssertionError: Last Name Contain Whitespaces at Begining expected [true] but found [false]
	at com.mytest.Admission.Lastname_contain_whitespaces_at_begining(Admission.java:229)
	at java.base/java.util.concurrent.FutureTask.run(Unknown Source)
	at java.base/java.util.concurrent.ThreadPoolExecutor.runWorker(Unknown Source)
	at java.base/java.util.concurrent.ThreadPoolExecutor$Worker.run(Unknown Source)
	at java.base/java.lang.Thread.run(Unknown Source)
... Removed 19 stack frames</pre></div><a href='#' onClick='toggleBox("stack-trace286701158", this, "Click to show all stack frames", "Click to hide stack frames")'>Click to show all stack frames</a>
<div class='stack-trace' id='stack-trace286701158'><pre>java.lang.AssertionError: Last Name Contain Whitespaces at Begining expected [true] but found [false]
	at org.testng.Assert.fail(Assert.java:96)
	at org.testng.Assert.failNotEquals(Assert.java:776)
	at org.testng.Assert.assertTrue(Assert.java:44)
	at com.mytest.Admission.Lastname_contain_whitespaces_at_begining(Admission.java:229)
	at java.base/jdk.internal.reflect.NativeMethodAccessorImpl.invoke0(Native Method)
	at java.base/jdk.internal.reflect.NativeMethodAccessorImpl.invoke(Unknown Source)
	at java.base/jdk.internal.reflect.DelegatingMethodAccessorImpl.invoke(Unknown Source)
	at java.base/java.lang.reflect.Method.invoke(Unknown Source)
	at org.testng.internal.MethodInvocationHelper.invokeMethod(MethodInvocationHelper.java:124)
	at org.testng.internal.Invoker.invokeMethod(Invoker.java:580)
	at org.testng.internal.Invoker.invokeTestMethod(Invoker.java:716)
	at org.testng.internal.Invoker.invokeTestMethods(Invoker.java:988)
	at org.testng.internal.TestMethodWorker.invokeTestMethods(TestMethodWorker.java:125)
	at org.testng.internal.TestMethodWorker.run(TestMethodWorker.java:109)
	at org.testng.TestRunner.privateRun(TestRunner.java:648)
	at org.testng.TestRunner.run(TestRunner.java:505)
	at org.testng.SuiteRunner.runTest(SuiteRunner.java:455)
	at org.testng.SuiteRunner.access$000(SuiteRunner.java:40)
	at org.testng.SuiteRunner$SuiteWorker.run(SuiteRunner.java:489)
	at org.testng.internal.thread.ThreadUtil$1.call(ThreadUtil.java:52)
	at java.base/java.util.concurrent.FutureTask.run(Unknown Source)
	at java.base/java.util.concurrent.ThreadPoolExecutor.runWorker(Unknown Source)
	at java.base/java.util.concurrent.ThreadPoolExecutor$Worker.run(Unknown Source)
	at java.base/java.lang.Thread.run(Unknown Source)
</pre></div></td>
<td>0</td>
<td>com.mytest.Admission@29d89d5d</td></tr>
<tr>
<td title='com.mytest.Admission.Lastname_contains_Special_Characters()'><b>Lastname_contains_Special_Characters</b><br>Test class: com.mytest.Admission</td>
<td><div><pre>java.lang.AssertionError: Last Name Contains Special Characters expected [true] but found [false]
	at com.mytest.Admission.Lastname_contains_Special_Characters(Admission.java:1195)
	at java.base/java.util.concurrent.FutureTask.run(Unknown Source)
	at java.base/java.util.concurrent.ThreadPoolExecutor.runWorker(Unknown Source)
	at java.base/java.util.concurrent.ThreadPoolExecutor$Worker.run(Unknown Source)
	at java.base/java.lang.Thread.run(Unknown Source)
... Removed 19 stack frames</pre></div><a href='#' onClick='toggleBox("stack-trace1646761158", this, "Click to show all stack frames", "Click to hide stack frames")'>Click to show all stack frames</a>
<div class='stack-trace' id='stack-trace1646761158'><pre>java.lang.AssertionError: Last Name Contains Special Characters expected [true] but found [false]
	at org.testng.Assert.fail(Assert.java:96)
	at org.testng.Assert.failNotEquals(Assert.java:776)
	at org.testng.Assert.assertTrue(Assert.java:44)
	at com.mytest.Admission.Lastname_contains_Special_Characters(Admission.java:1195)
	at java.base/jdk.internal.reflect.NativeMethodAccessorImpl.invoke0(Native Method)
	at java.base/jdk.internal.reflect.NativeMethodAccessorImpl.invoke(Unknown Source)
	at java.base/jdk.internal.reflect.DelegatingMethodAccessorImpl.invoke(Unknown Source)
	at java.base/java.lang.reflect.Method.invoke(Unknown Source)
	at org.testng.internal.MethodInvocationHelper.invokeMethod(MethodInvocationHelper.java:124)
	at org.testng.internal.Invoker.invokeMethod(Invoker.java:580)
	at org.testng.internal.Invoker.invokeTestMethod(Invoker.java:716)
	at org.testng.internal.Invoker.invokeTestMethods(Invoker.java:988)
	at org.testng.internal.TestMethodWorker.invokeTestMethods(TestMethodWorker.java:125)
	at org.testng.internal.TestMethodWorker.run(TestMethodWorker.java:109)
	at org.testng.TestRunner.privateRun(TestRunner.java:648)
	at org.testng.TestRunner.run(TestRunner.java:505)
	at org.testng.SuiteRunner.runTest(SuiteRunner.java:455)
	at org.testng.SuiteRunner.access$000(SuiteRunner.java:40)
	at org.testng.SuiteRunner$SuiteWorker.run(SuiteRunner.java:489)
	at org.testng.internal.thread.ThreadUtil$1.call(ThreadUtil.java:52)
	at java.base/java.util.concurrent.FutureTask.run(Unknown Source)
	at java.base/java.util.concurrent.ThreadPoolExecutor.runWorker(Unknown Source)
	at java.base/java.util.concurrent.ThreadPoolExecutor$Worker.run(Unknown Source)
	at java.base/java.lang.Thread.run(Unknown Source)
</pre></div></td>
<td>0</td>
<td>com.mytest.Admission@29d89d5d</td></tr>
<tr>
<td title='com.mytest.Admission.Lastname_contains_whitespaces()'><b>Lastname_contains_whitespaces</b><br>Test class: com.mytest.Admission</td>
<td><div><pre>java.lang.AssertionError: Last Name Contains Whitespaces expected [true] but found [false]
	at com.mytest.Admission.Lastname_contains_whitespaces(Admission.java:1213)
	at java.base/java.util.concurrent.FutureTask.run(Unknown Source)
	at java.base/java.util.concurrent.ThreadPoolExecutor.runWorker(Unknown Source)
	at java.base/java.util.concurrent.ThreadPoolExecutor$Worker.run(Unknown Source)
	at java.base/java.lang.Thread.run(Unknown Source)
... Removed 19 stack frames</pre></div><a href='#' onClick='toggleBox("stack-trace1805742331", this, "Click to show all stack frames", "Click to hide stack frames")'>Click to show all stack frames</a>
<div class='stack-trace' id='stack-trace1805742331'><pre>java.lang.AssertionError: Last Name Contains Whitespaces expected [true] but found [false]
	at org.testng.Assert.fail(Assert.java:96)
	at org.testng.Assert.failNotEquals(Assert.java:776)
	at org.testng.Assert.assertTrue(Assert.java:44)
	at com.mytest.Admission.Lastname_contains_whitespaces(Admission.java:1213)
	at java.base/jdk.internal.reflect.NativeMethodAccessorImpl.invoke0(Native Method)
	at java.base/jdk.internal.reflect.NativeMethodAccessorImpl.invoke(Unknown Source)
	at java.base/jdk.internal.reflect.DelegatingMethodAccessorImpl.invoke(Unknown Source)
	at java.base/java.lang.reflect.Method.invoke(Unknown Source)
	at org.testng.internal.MethodInvocationHelper.invokeMethod(MethodInvocationHelper.java:124)
	at org.testng.internal.Invoker.invokeMethod(Invoker.java:580)
	at org.testng.internal.Invoker.invokeTestMethod(Invoker.java:716)
	at org.testng.internal.Invoker.invokeTestMethods(Invoker.java:988)
	at org.testng.internal.TestMethodWorker.invokeTestMethods(TestMethodWorker.java:125)
	at org.testng.internal.TestMethodWorker.run(TestMethodWorker.java:109)
	at org.testng.TestRunner.privateRun(TestRunner.java:648)
	at org.testng.TestRunner.run(TestRunner.java:505)
	at org.testng.SuiteRunner.runTest(SuiteRunner.java:455)
	at org.testng.SuiteRunner.access$000(SuiteRunner.java:40)
	at org.testng.SuiteRunner$SuiteWorker.run(SuiteRunner.java:489)
	at org.testng.internal.thread.ThreadUtil$1.call(ThreadUtil.java:52)
	at java.base/java.util.concurrent.FutureTask.run(Unknown Source)
	at java.base/java.util.concurrent.ThreadPoolExecutor.runWorker(Unknown Source)
	at java.base/java.util.concurrent.ThreadPoolExecutor$Worker.run(Unknown Source)
	at java.base/java.lang.Thread.run(Unknown Source)
</pre></div></td>
<td>0</td>
<td>com.mytest.Admission@29d89d5d</td></tr>
<tr>
<td title='com.mytest.Admission.Lastname_contains_whitespaces_at_begining()'><b>Lastname_contains_whitespaces_at_begining</b><br>Test class: com.mytest.Admission</td>
<td><div><pre>java.lang.AssertionError: Last Name Contain Whitespaces at Begining expected [true] but found [false]
	at com.mytest.Admission.Lastname_contains_whitespaces_at_begining(Admission.java:1231)
	at java.base/java.util.concurrent.FutureTask.run(Unknown Source)
	at java.base/java.util.concurrent.ThreadPoolExecutor.runWorker(Unknown Source)
	at java.base/java.util.concurrent.ThreadPoolExecutor$Worker.run(Unknown Source)
	at java.base/java.lang.Thread.run(Unknown Source)
... Removed 19 stack frames</pre></div><a href='#' onClick='toggleBox("stack-trace1641808637", this, "Click to show all stack frames", "Click to hide stack frames")'>Click to show all stack frames</a>
<div class='stack-trace' id='stack-trace1641808637'><pre>java.lang.AssertionError: Last Name Contain Whitespaces at Begining expected [true] but found [false]
	at org.testng.Assert.fail(Assert.java:96)
	at org.testng.Assert.failNotEquals(Assert.java:776)
	at org.testng.Assert.assertTrue(Assert.java:44)
	at com.mytest.Admission.Lastname_contains_whitespaces_at_begining(Admission.java:1231)
	at java.base/jdk.internal.reflect.NativeMethodAccessorImpl.invoke0(Native Method)
	at java.base/jdk.internal.reflect.NativeMethodAccessorImpl.invoke(Unknown Source)
	at java.base/jdk.internal.reflect.DelegatingMethodAccessorImpl.invoke(Unknown Source)
	at java.base/java.lang.reflect.Method.invoke(Unknown Source)
	at org.testng.internal.MethodInvocationHelper.invokeMethod(MethodInvocationHelper.java:124)
	at org.testng.internal.Invoker.invokeMethod(Invoker.java:580)
	at org.testng.internal.Invoker.invokeTestMethod(Invoker.java:716)
	at org.testng.internal.Invoker.invokeTestMethods(Invoker.java:988)
	at org.testng.internal.TestMethodWorker.invokeTestMethods(TestMethodWorker.java:125)
	at org.testng.internal.TestMethodWorker.run(TestMethodWorker.java:109)
	at org.testng.TestRunner.privateRun(TestRunner.java:648)
	at org.testng.TestRunner.run(TestRunner.java:505)
	at org.testng.SuiteRunner.runTest(SuiteRunner.java:455)
	at org.testng.SuiteRunner.access$000(SuiteRunner.java:40)
	at org.testng.SuiteRunner$SuiteWorker.run(SuiteRunner.java:489)
	at org.testng.internal.thread.ThreadUtil$1.call(ThreadUtil.java:52)
	at java.base/java.util.concurrent.FutureTask.run(Unknown Source)
	at java.base/java.util.concurrent.ThreadPoolExecutor.runWorker(Unknown Source)
	at java.base/java.util.concurrent.ThreadPoolExecutor$Worker.run(Unknown Source)
	at java.base/java.lang.Thread.run(Unknown Source)
</pre></div></td>
<td>0</td>
<td>com.mytest.Admission@29d89d5d</td></tr>
<tr>
<td title='com.mytest.Admission.Middlename_contain_Special_Characters()'><b>Middlename_contain_Special_Characters</b><br>Test class: com.mytest.Admission</td>
<td><div><pre>java.lang.AssertionError: Middle Name Contains Special Characters expected [true] but found [false]
	at com.mytest.Admission.Middlename_contain_Special_Characters(Admission.java:148)
	at java.base/java.util.concurrent.FutureTask.run(Unknown Source)
	at java.base/java.util.concurrent.ThreadPoolExecutor.runWorker(Unknown Source)
	at java.base/java.util.concurrent.ThreadPoolExecutor$Worker.run(Unknown Source)
	at java.base/java.lang.Thread.run(Unknown Source)
... Removed 19 stack frames</pre></div><a href='#' onClick='toggleBox("stack-trace1551700869", this, "Click to show all stack frames", "Click to hide stack frames")'>Click to show all stack frames</a>
<div class='stack-trace' id='stack-trace1551700869'><pre>java.lang.AssertionError: Middle Name Contains Special Characters expected [true] but found [false]
	at org.testng.Assert.fail(Assert.java:96)
	at org.testng.Assert.failNotEquals(Assert.java:776)
	at org.testng.Assert.assertTrue(Assert.java:44)
	at com.mytest.Admission.Middlename_contain_Special_Characters(Admission.java:148)
	at java.base/jdk.internal.reflect.NativeMethodAccessorImpl.invoke0(Native Method)
	at java.base/jdk.internal.reflect.NativeMethodAccessorImpl.invoke(Unknown Source)
	at java.base/jdk.internal.reflect.DelegatingMethodAccessorImpl.invoke(Unknown Source)
	at java.base/java.lang.reflect.Method.invoke(Unknown Source)
	at org.testng.internal.MethodInvocationHelper.invokeMethod(MethodInvocationHelper.java:124)
	at org.testng.internal.Invoker.invokeMethod(Invoker.java:580)
	at org.testng.internal.Invoker.invokeTestMethod(Invoker.java:716)
	at org.testng.internal.Invoker.invokeTestMethods(Invoker.java:988)
	at org.testng.internal.TestMethodWorker.invokeTestMethods(TestMethodWorker.java:125)
	at org.testng.internal.TestMethodWorker.run(TestMethodWorker.java:109)
	at org.testng.TestRunner.privateRun(TestRunner.java:648)
	at org.testng.TestRunner.run(TestRunner.java:505)
	at org.testng.SuiteRunner.runTest(SuiteRunner.java:455)
	at org.testng.SuiteRunner.access$000(SuiteRunner.java:40)
	at org.testng.SuiteRunner$SuiteWorker.run(SuiteRunner.java:489)
	at org.testng.internal.thread.ThreadUtil$1.call(ThreadUtil.java:52)
	at java.base/java.util.concurrent.FutureTask.run(Unknown Source)
	at java.base/java.util.concurrent.ThreadPoolExecutor.runWorker(Unknown Source)
	at java.base/java.util.concurrent.ThreadPoolExecutor$Worker.run(Unknown Source)
	at java.base/java.lang.Thread.run(Unknown Source)
</pre></div></td>
<td>0</td>
<td>com.mytest.Admission@29d89d5d</td></tr>
<tr>
<td title='com.mytest.Admission.Middlename_contain_whitespaces()'><b>Middlename_contain_whitespaces</b><br>Test class: com.mytest.Admission</td>
<td><div><pre>java.lang.AssertionError: Middle Name Contains Whitespaces expected [true] but found [false]
	at com.mytest.Admission.Middlename_contain_whitespaces(Admission.java:166)
	at java.base/java.util.concurrent.FutureTask.run(Unknown Source)
	at java.base/java.util.concurrent.ThreadPoolExecutor.runWorker(Unknown Source)
	at java.base/java.util.concurrent.ThreadPoolExecutor$Worker.run(Unknown Source)
	at java.base/java.lang.Thread.run(Unknown Source)
... Removed 19 stack frames</pre></div><a href='#' onClick='toggleBox("stack-trace292197451", this, "Click to show all stack frames", "Click to hide stack frames")'>Click to show all stack frames</a>
<div class='stack-trace' id='stack-trace292197451'><pre>java.lang.AssertionError: Middle Name Contains Whitespaces expected [true] but found [false]
	at org.testng.Assert.fail(Assert.java:96)
	at org.testng.Assert.failNotEquals(Assert.java:776)
	at org.testng.Assert.assertTrue(Assert.java:44)
	at com.mytest.Admission.Middlename_contain_whitespaces(Admission.java:166)
	at java.base/jdk.internal.reflect.NativeMethodAccessorImpl.invoke0(Native Method)
	at java.base/jdk.internal.reflect.NativeMethodAccessorImpl.invoke(Unknown Source)
	at java.base/jdk.internal.reflect.DelegatingMethodAccessorImpl.invoke(Unknown Source)
	at java.base/java.lang.reflect.Method.invoke(Unknown Source)
	at org.testng.internal.MethodInvocationHelper.invokeMethod(MethodInvocationHelper.java:124)
	at org.testng.internal.Invoker.invokeMethod(Invoker.java:580)
	at org.testng.internal.Invoker.invokeTestMethod(Invoker.java:716)
	at org.testng.internal.Invoker.invokeTestMethods(Invoker.java:988)
	at org.testng.internal.TestMethodWorker.invokeTestMethods(TestMethodWorker.java:125)
	at org.testng.internal.TestMethodWorker.run(TestMethodWorker.java:109)
	at org.testng.TestRunner.privateRun(TestRunner.java:648)
	at org.testng.TestRunner.run(TestRunner.java:505)
	at org.testng.SuiteRunner.runTest(SuiteRunner.java:455)
	at org.testng.SuiteRunner.access$000(SuiteRunner.java:40)
	at org.testng.SuiteRunner$SuiteWorker.run(SuiteRunner.java:489)
	at org.testng.internal.thread.ThreadUtil$1.call(ThreadUtil.java:52)
	at java.base/java.util.concurrent.FutureTask.run(Unknown Source)
	at java.base/java.util.concurrent.ThreadPoolExecutor.runWorker(Unknown Source)
	at java.base/java.util.concurrent.ThreadPoolExecutor$Worker.run(Unknown Source)
	at java.base/java.lang.Thread.run(Unknown Source)
</pre></div></td>
<td>0</td>
<td>com.mytest.Admission@29d89d5d</td></tr>
<tr>
<td title='com.mytest.Admission.Middlename_contain_whitespaces_at_begining()'><b>Middlename_contain_whitespaces_at_begining</b><br>Test class: com.mytest.Admission</td>
<td><div><pre>java.lang.AssertionError: Middle Name Contain Whitespaces at Begining expected [true] but found [false]
	at com.mytest.Admission.Middlename_contain_whitespaces_at_begining(Admission.java:175)
	at java.base/java.util.concurrent.FutureTask.run(Unknown Source)
	at java.base/java.util.concurrent.ThreadPoolExecutor.runWorker(Unknown Source)
	at java.base/java.util.concurrent.ThreadPoolExecutor$Worker.run(Unknown Source)
	at java.base/java.lang.Thread.run(Unknown Source)
... Removed 19 stack frames</pre></div><a href='#' onClick='toggleBox("stack-trace4865397", this, "Click to show all stack frames", "Click to hide stack frames")'>Click to show all stack frames</a>
<div class='stack-trace' id='stack-trace4865397'><pre>java.lang.AssertionError: Middle Name Contain Whitespaces at Begining expected [true] but found [false]
	at org.testng.Assert.fail(Assert.java:96)
	at org.testng.Assert.failNotEquals(Assert.java:776)
	at org.testng.Assert.assertTrue(Assert.java:44)
	at com.mytest.Admission.Middlename_contain_whitespaces_at_begining(Admission.java:175)
	at java.base/jdk.internal.reflect.NativeMethodAccessorImpl.invoke0(Native Method)
	at java.base/jdk.internal.reflect.NativeMethodAccessorImpl.invoke(Unknown Source)
	at java.base/jdk.internal.reflect.DelegatingMethodAccessorImpl.invoke(Unknown Source)
	at java.base/java.lang.reflect.Method.invoke(Unknown Source)
	at org.testng.internal.MethodInvocationHelper.invokeMethod(MethodInvocationHelper.java:124)
	at org.testng.internal.Invoker.invokeMethod(Invoker.java:580)
	at org.testng.internal.Invoker.invokeTestMethod(Invoker.java:716)
	at org.testng.internal.Invoker.invokeTestMethods(Invoker.java:988)
	at org.testng.internal.TestMethodWorker.invokeTestMethods(TestMethodWorker.java:125)
	at org.testng.internal.TestMethodWorker.run(TestMethodWorker.java:109)
	at org.testng.TestRunner.privateRun(TestRunner.java:648)
	at org.testng.TestRunner.run(TestRunner.java:505)
	at org.testng.SuiteRunner.runTest(SuiteRunner.java:455)
	at org.testng.SuiteRunner.access$000(SuiteRunner.java:40)
	at org.testng.SuiteRunner$SuiteWorker.run(SuiteRunner.java:489)
	at org.testng.internal.thread.ThreadUtil$1.call(ThreadUtil.java:52)
	at java.base/java.util.concurrent.FutureTask.run(Unknown Source)
	at java.base/java.util.concurrent.ThreadPoolExecutor.runWorker(Unknown Source)
	at java.base/java.util.concurrent.ThreadPoolExecutor$Worker.run(Unknown Source)
	at java.base/java.lang.Thread.run(Unknown Source)
</pre></div></td>
<td>0</td>
<td>com.mytest.Admission@29d89d5d</td></tr>
<tr>
<td title='com.mytest.Admission.Middlename_contains_Special_Characters()'><b>Middlename_contains_Special_Characters</b><br>Test class: com.mytest.Admission</td>
<td><div><pre>java.lang.AssertionError: Middle Name Contains Special Characters expected [true] but found [false]
	at com.mytest.Admission.Middlename_contains_Special_Characters(Admission.java:1146)
	at java.base/java.util.concurrent.FutureTask.run(Unknown Source)
	at java.base/java.util.concurrent.ThreadPoolExecutor.runWorker(Unknown Source)
	at java.base/java.util.concurrent.ThreadPoolExecutor$Worker.run(Unknown Source)
	at java.base/java.lang.Thread.run(Unknown Source)
... Removed 19 stack frames</pre></div><a href='#' onClick='toggleBox("stack-trace417624143", this, "Click to show all stack frames", "Click to hide stack frames")'>Click to show all stack frames</a>
<div class='stack-trace' id='stack-trace417624143'><pre>java.lang.AssertionError: Middle Name Contains Special Characters expected [true] but found [false]
	at org.testng.Assert.fail(Assert.java:96)
	at org.testng.Assert.failNotEquals(Assert.java:776)
	at org.testng.Assert.assertTrue(Assert.java:44)
	at com.mytest.Admission.Middlename_contains_Special_Characters(Admission.java:1146)
	at java.base/jdk.internal.reflect.NativeMethodAccessorImpl.invoke0(Native Method)
	at java.base/jdk.internal.reflect.NativeMethodAccessorImpl.invoke(Unknown Source)
	at java.base/jdk.internal.reflect.DelegatingMethodAccessorImpl.invoke(Unknown Source)
	at java.base/java.lang.reflect.Method.invoke(Unknown Source)
	at org.testng.internal.MethodInvocationHelper.invokeMethod(MethodInvocationHelper.java:124)
	at org.testng.internal.Invoker.invokeMethod(Invoker.java:580)
	at org.testng.internal.Invoker.invokeTestMethod(Invoker.java:716)
	at org.testng.internal.Invoker.invokeTestMethods(Invoker.java:988)
	at org.testng.internal.TestMethodWorker.invokeTestMethods(TestMethodWorker.java:125)
	at org.testng.internal.TestMethodWorker.run(TestMethodWorker.java:109)
	at org.testng.TestRunner.privateRun(TestRunner.java:648)
	at org.testng.TestRunner.run(TestRunner.java:505)
	at org.testng.SuiteRunner.runTest(SuiteRunner.java:455)
	at org.testng.SuiteRunner.access$000(SuiteRunner.java:40)
	at org.testng.SuiteRunner$SuiteWorker.run(SuiteRunner.java:489)
	at org.testng.internal.thread.ThreadUtil$1.call(ThreadUtil.java:52)
	at java.base/java.util.concurrent.FutureTask.run(Unknown Source)
	at java.base/java.util.concurrent.ThreadPoolExecutor.runWorker(Unknown Source)
	at java.base/java.util.concurrent.ThreadPoolExecutor$Worker.run(Unknown Source)
	at java.base/java.lang.Thread.run(Unknown Source)
</pre></div></td>
<td>0</td>
<td>com.mytest.Admission@29d89d5d</td></tr>
<tr>
<td title='com.mytest.Admission.Middlename_contains_whitespaces()'><b>Middlename_contains_whitespaces</b><br>Test class: com.mytest.Admission</td>
<td><div><pre>java.lang.AssertionError: Middle Name Contains Whitespaces expected [true] but found [false]
	at com.mytest.Admission.Middlename_contains_whitespaces(Admission.java:1164)
	at java.base/java.util.concurrent.FutureTask.run(Unknown Source)
	at java.base/java.util.concurrent.ThreadPoolExecutor.runWorker(Unknown Source)
	at java.base/java.util.concurrent.ThreadPoolExecutor$Worker.run(Unknown Source)
	at java.base/java.lang.Thread.run(Unknown Source)
... Removed 19 stack frames</pre></div><a href='#' onClick='toggleBox("stack-trace234261338", this, "Click to show all stack frames", "Click to hide stack frames")'>Click to show all stack frames</a>
<div class='stack-trace' id='stack-trace234261338'><pre>java.lang.AssertionError: Middle Name Contains Whitespaces expected [true] but found [false]
	at org.testng.Assert.fail(Assert.java:96)
	at org.testng.Assert.failNotEquals(Assert.java:776)
	at org.testng.Assert.assertTrue(Assert.java:44)
	at com.mytest.Admission.Middlename_contains_whitespaces(Admission.java:1164)
	at java.base/jdk.internal.reflect.NativeMethodAccessorImpl.invoke0(Native Method)
	at java.base/jdk.internal.reflect.NativeMethodAccessorImpl.invoke(Unknown Source)
	at java.base/jdk.internal.reflect.DelegatingMethodAccessorImpl.invoke(Unknown Source)
	at java.base/java.lang.reflect.Method.invoke(Unknown Source)
	at org.testng.internal.MethodInvocationHelper.invokeMethod(MethodInvocationHelper.java:124)
	at org.testng.internal.Invoker.invokeMethod(Invoker.java:580)
	at org.testng.internal.Invoker.invokeTestMethod(Invoker.java:716)
	at org.testng.internal.Invoker.invokeTestMethods(Invoker.java:988)
	at org.testng.internal.TestMethodWorker.invokeTestMethods(TestMethodWorker.java:125)
	at org.testng.internal.TestMethodWorker.run(TestMethodWorker.java:109)
	at org.testng.TestRunner.privateRun(TestRunner.java:648)
	at org.testng.TestRunner.run(TestRunner.java:505)
	at org.testng.SuiteRunner.runTest(SuiteRunner.java:455)
	at org.testng.SuiteRunner.access$000(SuiteRunner.java:40)
	at org.testng.SuiteRunner$SuiteWorker.run(SuiteRunner.java:489)
	at org.testng.internal.thread.ThreadUtil$1.call(ThreadUtil.java:52)
	at java.base/java.util.concurrent.FutureTask.run(Unknown Source)
	at java.base/java.util.concurrent.ThreadPoolExecutor.runWorker(Unknown Source)
	at java.base/java.util.concurrent.ThreadPoolExecutor$Worker.run(Unknown Source)
	at java.base/java.lang.Thread.run(Unknown Source)
</pre></div></td>
<td>0</td>
<td>com.mytest.Admission@29d89d5d</td></tr>
<tr>
<td title='com.mytest.Admission.Middlename_contains_whitespaces_at_begining()'><b>Middlename_contains_whitespaces_at_begining</b><br>Test class: com.mytest.Admission</td>
<td><div><pre>java.lang.AssertionError: Middle Name Contain Whitespaces at Begining expected [true] but found [false]
	at com.mytest.Admission.Middlename_contains_whitespaces_at_begining(Admission.java:1173)
	at java.base/java.util.concurrent.FutureTask.run(Unknown Source)
	at java.base/java.util.concurrent.ThreadPoolExecutor.runWorker(Unknown Source)
	at java.base/java.util.concurrent.ThreadPoolExecutor$Worker.run(Unknown Source)
	at java.base/java.lang.Thread.run(Unknown Source)
... Removed 19 stack frames</pre></div><a href='#' onClick='toggleBox("stack-trace1996230954", this, "Click to show all stack frames", "Click to hide stack frames")'>Click to show all stack frames</a>
<div class='stack-trace' id='stack-trace1996230954'><pre>java.lang.AssertionError: Middle Name Contain Whitespaces at Begining expected [true] but found [false]
	at org.testng.Assert.fail(Assert.java:96)
	at org.testng.Assert.failNotEquals(Assert.java:776)
	at org.testng.Assert.assertTrue(Assert.java:44)
	at com.mytest.Admission.Middlename_contains_whitespaces_at_begining(Admission.java:1173)
	at java.base/jdk.internal.reflect.NativeMethodAccessorImpl.invoke0(Native Method)
	at java.base/jdk.internal.reflect.NativeMethodAccessorImpl.invoke(Unknown Source)
	at java.base/jdk.internal.reflect.DelegatingMethodAccessorImpl.invoke(Unknown Source)
	at java.base/java.lang.reflect.Method.invoke(Unknown Source)
	at org.testng.internal.MethodInvocationHelper.invokeMethod(MethodInvocationHelper.java:124)
	at org.testng.internal.Invoker.invokeMethod(Invoker.java:580)
	at org.testng.internal.Invoker.invokeTestMethod(Invoker.java:716)
	at org.testng.internal.Invoker.invokeTestMethods(Invoker.java:988)
	at org.testng.internal.TestMethodWorker.invokeTestMethods(TestMethodWorker.java:125)
	at org.testng.internal.TestMethodWorker.run(TestMethodWorker.java:109)
	at org.testng.TestRunner.privateRun(TestRunner.java:648)
	at org.testng.TestRunner.run(TestRunner.java:505)
	at org.testng.SuiteRunner.runTest(SuiteRunner.java:455)
	at org.testng.SuiteRunner.access$000(SuiteRunner.java:40)
	at org.testng.SuiteRunner$SuiteWorker.run(SuiteRunner.java:489)
	at org.testng.internal.thread.ThreadUtil$1.call(ThreadUtil.java:52)
	at java.base/java.util.concurrent.FutureTask.run(Unknown Source)
	at java.base/java.util.concurrent.ThreadPoolExecutor.runWorker(Unknown Source)
	at java.base/java.util.concurrent.ThreadPoolExecutor$Worker.run(Unknown Source)
	at java.base/java.lang.Thread.run(Unknown Source)
</pre></div></td>
<td>0</td>
<td>com.mytest.Admission@29d89d5d</td></tr>
<tr>
<td title='com.mytest.Admission.Pincode_currentaddress_contain_lessthan_6_numbers()'><b>Pincode_currentaddress_contain_lessthan_6_numbers</b><br>Test class: com.mytest.Admission</td>
<td><div><pre>org.openqa.selenium.NoSuchElementException: no such element: Unable to locate element: {&quot;method&quot;:&quot;xpath&quot;,&quot;selector&quot;:&quot;//*[@id=&quot;parsley-id-36&quot;]/li&quot;}
  (Session info: chrome=68.0.3440.106)
  (Driver info: chromedriver=2.40.565498 (ea082db3280dd6843ebfb08a625e3eb905c4f5ab),platform=Windows NT 6.1.7601 SP1 x86_64) (WARNING: The server did not provide any stacktrace information)
Command duration or timeout: 0 milliseconds
For documentation on this error, please visit: http://seleniumhq.org/exceptions/no_such_element.html
Build info: version: &apos;3.13.0&apos;, revision: &apos;2f0d292&apos;, time: &apos;2018-06-25T15:32:14.902Z&apos;
System info: host: &apos;TESTER-PC&apos;, ip: &apos;192.168.0.102&apos;, os.name: &apos;Windows 7&apos;, os.arch: &apos;amd64&apos;, os.version: &apos;6.1&apos;, java.version: &apos;10.0.1&apos;
Driver info: org.openqa.selenium.chrome.ChromeDriver
Capabilities {acceptInsecureCerts: false, acceptSslCerts: false, applicationCacheEnabled: false, browserConnectionEnabled: false, browserName: chrome, chrome: {chromedriverVersion: 2.40.565498 (ea082db3280dd6..., userDataDir: C:\Users\Tester\AppData\Loc...}, cssSelectorsEnabled: true, databaseEnabled: false, handlesAlerts: true, hasTouchScreen: false, javascriptEnabled: true, locationContextEnabled: true, mobileEmulationEnabled: false, nativeEvents: true, networkConnectionEnabled: false, pageLoadStrategy: normal, platform: XP, platformName: XP, rotatable: false, setWindowRect: true, takesHeapSnapshot: true, takesScreenshot: true, unexpectedAlertBehaviour: , unhandledPromptBehavior: , version: 68.0.3440.106, webStorageEnabled: true}
Session ID: 04cc43f60f469c155519aa821fa111f0
*** Element info: {Using=xpath, value=//*[@id=&quot;parsley-id-36&quot;]/li}
	at org.openqa.selenium.remote.ErrorHandler.createThrowable(ErrorHandler.java:214)
	at org.openqa.selenium.remote.ErrorHandler.throwIfResponseFailed(ErrorHandler.java:166)
	at org.openqa.selenium.remote.http.JsonHttpResponseCodec.reconstructValue(JsonHttpResponseCodec.java:40)
	at org.openqa.selenium.remote.http.AbstractHttpResponseCodec.decode(AbstractHttpResponseCodec.java:80)
	at org.openqa.selenium.remote.http.AbstractHttpResponseCodec.decode(AbstractHttpResponseCodec.java:44)
	at org.openqa.selenium.remote.HttpCommandExecutor.execute(HttpCommandExecutor.java:158)
	at org.openqa.selenium.remote.service.DriverCommandExecutor.execute(DriverCommandExecutor.java:83)
	at org.openqa.selenium.remote.RemoteWebDriver.execute(RemoteWebDriver.java:548)
	at org.openqa.selenium.remote.RemoteWebDriver.findElement(RemoteWebDriver.java:322)
	at org.openqa.selenium.remote.RemoteWebDriver.findElementByXPath(RemoteWebDriver.java:424)
	at org.openqa.selenium.By$ByXPath.findElement(By.java:353)
	at org.openqa.selenium.remote.RemoteWebDriver.findElement(RemoteWebDriver.java:314)
	at com.mytest.Admission.Pincode_currentaddress_contain_lessthan_6_numbers(Admission.java:809)
	at java.base/java.util.concurrent.FutureTask.run(Unknown Source)
	at java.base/java.util.concurrent.ThreadPoolExecutor.runWorker(Unknown Source)
	at java.base/java.util.concurrent.ThreadPoolExecutor$Worker.run(Unknown Source)
	at java.base/java.lang.Thread.run(Unknown Source)
... Removed 20 stack frames</pre></div><a href='#' onClick='toggleBox("stack-trace1876566495", this, "Click to show all stack frames", "Click to hide stack frames")'>Click to show all stack frames</a>
<div class='stack-trace' id='stack-trace1876566495'><pre>org.openqa.selenium.NoSuchElementException: no such element: Unable to locate element: {&quot;method&quot;:&quot;xpath&quot;,&quot;selector&quot;:&quot;//*[@id=&quot;parsley-id-36&quot;]/li&quot;}
  (Session info: chrome=68.0.3440.106)
  (Driver info: chromedriver=2.40.565498 (ea082db3280dd6843ebfb08a625e3eb905c4f5ab),platform=Windows NT 6.1.7601 SP1 x86_64) (WARNING: The server did not provide any stacktrace information)
Command duration or timeout: 0 milliseconds
For documentation on this error, please visit: http://seleniumhq.org/exceptions/no_such_element.html
Build info: version: &apos;3.13.0&apos;, revision: &apos;2f0d292&apos;, time: &apos;2018-06-25T15:32:14.902Z&apos;
System info: host: &apos;TESTER-PC&apos;, ip: &apos;192.168.0.102&apos;, os.name: &apos;Windows 7&apos;, os.arch: &apos;amd64&apos;, os.version: &apos;6.1&apos;, java.version: &apos;10.0.1&apos;
Driver info: org.openqa.selenium.chrome.ChromeDriver
Capabilities {acceptInsecureCerts: false, acceptSslCerts: false, applicationCacheEnabled: false, browserConnectionEnabled: false, browserName: chrome, chrome: {chromedriverVersion: 2.40.565498 (ea082db3280dd6..., userDataDir: C:\Users\Tester\AppData\Loc...}, cssSelectorsEnabled: true, databaseEnabled: false, handlesAlerts: true, hasTouchScreen: false, javascriptEnabled: true, locationContextEnabled: true, mobileEmulationEnabled: false, nativeEvents: true, networkConnectionEnabled: false, pageLoadStrategy: normal, platform: XP, platformName: XP, rotatable: false, setWindowRect: true, takesHeapSnapshot: true, takesScreenshot: true, unexpectedAlertBehaviour: , unhandledPromptBehavior: , version: 68.0.3440.106, webStorageEnabled: true}
Session ID: 04cc43f60f469c155519aa821fa111f0
*** Element info: {Using=xpath, value=//*[@id=&quot;parsley-id-36&quot;]/li}
	at java.base/jdk.internal.reflect.NativeConstructorAccessorImpl.newInstance0(Native Method)
	at java.base/jdk.internal.reflect.NativeConstructorAccessorImpl.newInstance(Unknown Source)
	at java.base/jdk.internal.reflect.DelegatingConstructorAccessorImpl.newInstance(Unknown Source)
	at java.base/java.lang.reflect.Constructor.newInstance(Unknown Source)
	at org.openqa.selenium.remote.ErrorHandler.createThrowable(ErrorHandler.java:214)
	at org.openqa.selenium.remote.ErrorHandler.throwIfResponseFailed(ErrorHandler.java:166)
	at org.openqa.selenium.remote.http.JsonHttpResponseCodec.reconstructValue(JsonHttpResponseCodec.java:40)
	at org.openqa.selenium.remote.http.AbstractHttpResponseCodec.decode(AbstractHttpResponseCodec.java:80)
	at org.openqa.selenium.remote.http.AbstractHttpResponseCodec.decode(AbstractHttpResponseCodec.java:44)
	at org.openqa.selenium.remote.HttpCommandExecutor.execute(HttpCommandExecutor.java:158)
	at org.openqa.selenium.remote.service.DriverCommandExecutor.execute(DriverCommandExecutor.java:83)
	at org.openqa.selenium.remote.RemoteWebDriver.execute(RemoteWebDriver.java:548)
	at org.openqa.selenium.remote.RemoteWebDriver.findElement(RemoteWebDriver.java:322)
	at org.openqa.selenium.remote.RemoteWebDriver.findElementByXPath(RemoteWebDriver.java:424)
	at org.openqa.selenium.By$ByXPath.findElement(By.java:353)
	at org.openqa.selenium.remote.RemoteWebDriver.findElement(RemoteWebDriver.java:314)
	at com.mytest.Admission.Pincode_currentaddress_contain_lessthan_6_numbers(Admission.java:809)
	at java.base/jdk.internal.reflect.NativeMethodAccessorImpl.invoke0(Native Method)
	at java.base/jdk.internal.reflect.NativeMethodAccessorImpl.invoke(Unknown Source)
	at java.base/jdk.internal.reflect.DelegatingMethodAccessorImpl.invoke(Unknown Source)
	at java.base/java.lang.reflect.Method.invoke(Unknown Source)
	at org.testng.internal.MethodInvocationHelper.invokeMethod(MethodInvocationHelper.java:124)
	at org.testng.internal.Invoker.invokeMethod(Invoker.java:580)
	at org.testng.internal.Invoker.invokeTestMethod(Invoker.java:716)
	at org.testng.internal.Invoker.invokeTestMethods(Invoker.java:988)
	at org.testng.internal.TestMethodWorker.invokeTestMethods(TestMethodWorker.java:125)
	at org.testng.internal.TestMethodWorker.run(TestMethodWorker.java:109)
	at org.testng.TestRunner.privateRun(TestRunner.java:648)
	at org.testng.TestRunner.run(TestRunner.java:505)
	at org.testng.SuiteRunner.runTest(SuiteRunner.java:455)
	at org.testng.SuiteRunner.access$000(SuiteRunner.java:40)
	at org.testng.SuiteRunner$SuiteWorker.run(SuiteRunner.java:489)
	at org.testng.internal.thread.ThreadUtil$1.call(ThreadUtil.java:52)
	at java.base/java.util.concurrent.FutureTask.run(Unknown Source)
	at java.base/java.util.concurrent.ThreadPoolExecutor.runWorker(Unknown Source)
	at java.base/java.util.concurrent.ThreadPoolExecutor$Worker.run(Unknown Source)
	at java.base/java.lang.Thread.run(Unknown Source)
</pre></div></td>
<td>16</td>
<td>com.mytest.Admission@29d89d5d</td></tr>
<tr>
<td title='com.mytest.Admission.Pincode_currentaddress_contain_special_characters()'><b>Pincode_currentaddress_contain_special_characters</b><br>Test class: com.mytest.Admission</td>
<td><div><pre>java.lang.AssertionError: Pincode No Contains Spaecial Characters expected [true] but found [false]
	at com.mytest.Admission.Pincode_currentaddress_contain_special_characters(Admission.java:737)
	at java.base/java.util.concurrent.FutureTask.run(Unknown Source)
	at java.base/java.util.concurrent.ThreadPoolExecutor.runWorker(Unknown Source)
	at java.base/java.util.concurrent.ThreadPoolExecutor$Worker.run(Unknown Source)
	at java.base/java.lang.Thread.run(Unknown Source)
... Removed 19 stack frames</pre></div><a href='#' onClick='toggleBox("stack-trace351310384", this, "Click to show all stack frames", "Click to hide stack frames")'>Click to show all stack frames</a>
<div class='stack-trace' id='stack-trace351310384'><pre>java.lang.AssertionError: Pincode No Contains Spaecial Characters expected [true] but found [false]
	at org.testng.Assert.fail(Assert.java:96)
	at org.testng.Assert.failNotEquals(Assert.java:776)
	at org.testng.Assert.assertTrue(Assert.java:44)
	at com.mytest.Admission.Pincode_currentaddress_contain_special_characters(Admission.java:737)
	at java.base/jdk.internal.reflect.NativeMethodAccessorImpl.invoke0(Native Method)
	at java.base/jdk.internal.reflect.NativeMethodAccessorImpl.invoke(Unknown Source)
	at java.base/jdk.internal.reflect.DelegatingMethodAccessorImpl.invoke(Unknown Source)
	at java.base/java.lang.reflect.Method.invoke(Unknown Source)
	at org.testng.internal.MethodInvocationHelper.invokeMethod(MethodInvocationHelper.java:124)
	at org.testng.internal.Invoker.invokeMethod(Invoker.java:580)
	at org.testng.internal.Invoker.invokeTestMethod(Invoker.java:716)
	at org.testng.internal.Invoker.invokeTestMethods(Invoker.java:988)
	at org.testng.internal.TestMethodWorker.invokeTestMethods(TestMethodWorker.java:125)
	at org.testng.internal.TestMethodWorker.run(TestMethodWorker.java:109)
	at org.testng.TestRunner.privateRun(TestRunner.java:648)
	at org.testng.TestRunner.run(TestRunner.java:505)
	at org.testng.SuiteRunner.runTest(SuiteRunner.java:455)
	at org.testng.SuiteRunner.access$000(SuiteRunner.java:40)
	at org.testng.SuiteRunner$SuiteWorker.run(SuiteRunner.java:489)
	at org.testng.internal.thread.ThreadUtil$1.call(ThreadUtil.java:52)
	at java.base/java.util.concurrent.FutureTask.run(Unknown Source)
	at java.base/java.util.concurrent.ThreadPoolExecutor.runWorker(Unknown Source)
	at java.base/java.util.concurrent.ThreadPoolExecutor$Worker.run(Unknown Source)
	at java.base/java.lang.Thread.run(Unknown Source)
</pre></div></td>
<td>0</td>
<td>com.mytest.Admission@29d89d5d</td></tr>
<tr>
<td title='com.mytest.Admission.Pincode_currentaddress_contains_lessthan_6_numbers()'><b>Pincode_currentaddress_contains_lessthan_6_numbers</b><br>Test class: com.mytest.Admission</td>
<td><div><pre>org.openqa.selenium.NoSuchElementException: no such element: Unable to locate element: {&quot;method&quot;:&quot;xpath&quot;,&quot;selector&quot;:&quot;//*[@id=&quot;parsley-id-36&quot;]/li&quot;}
  (Session info: chrome=68.0.3440.106)
  (Driver info: chromedriver=2.40.565498 (ea082db3280dd6843ebfb08a625e3eb905c4f5ab),platform=Windows NT 6.1.7601 SP1 x86_64) (WARNING: The server did not provide any stacktrace information)
Command duration or timeout: 0 milliseconds
For documentation on this error, please visit: http://seleniumhq.org/exceptions/no_such_element.html
Build info: version: &apos;3.13.0&apos;, revision: &apos;2f0d292&apos;, time: &apos;2018-06-25T15:32:14.902Z&apos;
System info: host: &apos;TESTER-PC&apos;, ip: &apos;192.168.0.102&apos;, os.name: &apos;Windows 7&apos;, os.arch: &apos;amd64&apos;, os.version: &apos;6.1&apos;, java.version: &apos;10.0.1&apos;
Driver info: org.openqa.selenium.chrome.ChromeDriver
Capabilities {acceptInsecureCerts: false, acceptSslCerts: false, applicationCacheEnabled: false, browserConnectionEnabled: false, browserName: chrome, chrome: {chromedriverVersion: 2.40.565498 (ea082db3280dd6..., userDataDir: C:\Users\Tester\AppData\Loc...}, cssSelectorsEnabled: true, databaseEnabled: false, handlesAlerts: true, hasTouchScreen: false, javascriptEnabled: true, locationContextEnabled: true, mobileEmulationEnabled: false, nativeEvents: true, networkConnectionEnabled: false, pageLoadStrategy: normal, platform: XP, platformName: XP, rotatable: false, setWindowRect: true, takesHeapSnapshot: true, takesScreenshot: true, unexpectedAlertBehaviour: , unhandledPromptBehavior: , version: 68.0.3440.106, webStorageEnabled: true}
Session ID: 04cc43f60f469c155519aa821fa111f0
*** Element info: {Using=xpath, value=//*[@id=&quot;parsley-id-36&quot;]/li}
	at org.openqa.selenium.remote.ErrorHandler.createThrowable(ErrorHandler.java:214)
	at org.openqa.selenium.remote.ErrorHandler.throwIfResponseFailed(ErrorHandler.java:166)
	at org.openqa.selenium.remote.http.JsonHttpResponseCodec.reconstructValue(JsonHttpResponseCodec.java:40)
	at org.openqa.selenium.remote.http.AbstractHttpResponseCodec.decode(AbstractHttpResponseCodec.java:80)
	at org.openqa.selenium.remote.http.AbstractHttpResponseCodec.decode(AbstractHttpResponseCodec.java:44)
	at org.openqa.selenium.remote.HttpCommandExecutor.execute(HttpCommandExecutor.java:158)
	at org.openqa.selenium.remote.service.DriverCommandExecutor.execute(DriverCommandExecutor.java:83)
	at org.openqa.selenium.remote.RemoteWebDriver.execute(RemoteWebDriver.java:548)
	at org.openqa.selenium.remote.RemoteWebDriver.findElement(RemoteWebDriver.java:322)
	at org.openqa.selenium.remote.RemoteWebDriver.findElementByXPath(RemoteWebDriver.java:424)
	at org.openqa.selenium.By$ByXPath.findElement(By.java:353)
	at org.openqa.selenium.remote.RemoteWebDriver.findElement(RemoteWebDriver.java:314)
	at com.mytest.Admission.Pincode_currentaddress_contains_lessthan_6_numbers(Admission.java:1809)
	at java.base/java.util.concurrent.FutureTask.run(Unknown Source)
	at java.base/java.util.concurrent.ThreadPoolExecutor.runWorker(Unknown Source)
	at java.base/java.util.concurrent.ThreadPoolExecutor$Worker.run(Unknown Source)
	at java.base/java.lang.Thread.run(Unknown Source)
... Removed 20 stack frames</pre></div><a href='#' onClick='toggleBox("stack-trace1423144929", this, "Click to show all stack frames", "Click to hide stack frames")'>Click to show all stack frames</a>
<div class='stack-trace' id='stack-trace1423144929'><pre>org.openqa.selenium.NoSuchElementException: no such element: Unable to locate element: {&quot;method&quot;:&quot;xpath&quot;,&quot;selector&quot;:&quot;//*[@id=&quot;parsley-id-36&quot;]/li&quot;}
  (Session info: chrome=68.0.3440.106)
  (Driver info: chromedriver=2.40.565498 (ea082db3280dd6843ebfb08a625e3eb905c4f5ab),platform=Windows NT 6.1.7601 SP1 x86_64) (WARNING: The server did not provide any stacktrace information)
Command duration or timeout: 0 milliseconds
For documentation on this error, please visit: http://seleniumhq.org/exceptions/no_such_element.html
Build info: version: &apos;3.13.0&apos;, revision: &apos;2f0d292&apos;, time: &apos;2018-06-25T15:32:14.902Z&apos;
System info: host: &apos;TESTER-PC&apos;, ip: &apos;192.168.0.102&apos;, os.name: &apos;Windows 7&apos;, os.arch: &apos;amd64&apos;, os.version: &apos;6.1&apos;, java.version: &apos;10.0.1&apos;
Driver info: org.openqa.selenium.chrome.ChromeDriver
Capabilities {acceptInsecureCerts: false, acceptSslCerts: false, applicationCacheEnabled: false, browserConnectionEnabled: false, browserName: chrome, chrome: {chromedriverVersion: 2.40.565498 (ea082db3280dd6..., userDataDir: C:\Users\Tester\AppData\Loc...}, cssSelectorsEnabled: true, databaseEnabled: false, handlesAlerts: true, hasTouchScreen: false, javascriptEnabled: true, locationContextEnabled: true, mobileEmulationEnabled: false, nativeEvents: true, networkConnectionEnabled: false, pageLoadStrategy: normal, platform: XP, platformName: XP, rotatable: false, setWindowRect: true, takesHeapSnapshot: true, takesScreenshot: true, unexpectedAlertBehaviour: , unhandledPromptBehavior: , version: 68.0.3440.106, webStorageEnabled: true}
Session ID: 04cc43f60f469c155519aa821fa111f0
*** Element info: {Using=xpath, value=//*[@id=&quot;parsley-id-36&quot;]/li}
	at java.base/jdk.internal.reflect.NativeConstructorAccessorImpl.newInstance0(Native Method)
	at java.base/jdk.internal.reflect.NativeConstructorAccessorImpl.newInstance(Unknown Source)
	at java.base/jdk.internal.reflect.DelegatingConstructorAccessorImpl.newInstance(Unknown Source)
	at java.base/java.lang.reflect.Constructor.newInstance(Unknown Source)
	at org.openqa.selenium.remote.ErrorHandler.createThrowable(ErrorHandler.java:214)
	at org.openqa.selenium.remote.ErrorHandler.throwIfResponseFailed(ErrorHandler.java:166)
	at org.openqa.selenium.remote.http.JsonHttpResponseCodec.reconstructValue(JsonHttpResponseCodec.java:40)
	at org.openqa.selenium.remote.http.AbstractHttpResponseCodec.decode(AbstractHttpResponseCodec.java:80)
	at org.openqa.selenium.remote.http.AbstractHttpResponseCodec.decode(AbstractHttpResponseCodec.java:44)
	at org.openqa.selenium.remote.HttpCommandExecutor.execute(HttpCommandExecutor.java:158)
	at org.openqa.selenium.remote.service.DriverCommandExecutor.execute(DriverCommandExecutor.java:83)
	at org.openqa.selenium.remote.RemoteWebDriver.execute(RemoteWebDriver.java:548)
	at org.openqa.selenium.remote.RemoteWebDriver.findElement(RemoteWebDriver.java:322)
	at org.openqa.selenium.remote.RemoteWebDriver.findElementByXPath(RemoteWebDriver.java:424)
	at org.openqa.selenium.By$ByXPath.findElement(By.java:353)
	at org.openqa.selenium.remote.RemoteWebDriver.findElement(RemoteWebDriver.java:314)
	at com.mytest.Admission.Pincode_currentaddress_contains_lessthan_6_numbers(Admission.java:1809)
	at java.base/jdk.internal.reflect.NativeMethodAccessorImpl.invoke0(Native Method)
	at java.base/jdk.internal.reflect.NativeMethodAccessorImpl.invoke(Unknown Source)
	at java.base/jdk.internal.reflect.DelegatingMethodAccessorImpl.invoke(Unknown Source)
	at java.base/java.lang.reflect.Method.invoke(Unknown Source)
	at org.testng.internal.MethodInvocationHelper.invokeMethod(MethodInvocationHelper.java:124)
	at org.testng.internal.Invoker.invokeMethod(Invoker.java:580)
	at org.testng.internal.Invoker.invokeTestMethod(Invoker.java:716)
	at org.testng.internal.Invoker.invokeTestMethods(Invoker.java:988)
	at org.testng.internal.TestMethodWorker.invokeTestMethods(TestMethodWorker.java:125)
	at org.testng.internal.TestMethodWorker.run(TestMethodWorker.java:109)
	at org.testng.TestRunner.privateRun(TestRunner.java:648)
	at org.testng.TestRunner.run(TestRunner.java:505)
	at org.testng.SuiteRunner.runTest(SuiteRunner.java:455)
	at org.testng.SuiteRunner.access$000(SuiteRunner.java:40)
	at org.testng.SuiteRunner$SuiteWorker.run(SuiteRunner.java:489)
	at org.testng.internal.thread.ThreadUtil$1.call(ThreadUtil.java:52)
	at java.base/java.util.concurrent.FutureTask.run(Unknown Source)
	at java.base/java.util.concurrent.ThreadPoolExecutor.runWorker(Unknown Source)
	at java.base/java.util.concurrent.ThreadPoolExecutor$Worker.run(Unknown Source)
	at java.base/java.lang.Thread.run(Unknown Source)
</pre></div></td>
<td>16</td>
<td>com.mytest.Admission@29d89d5d</td></tr>
<tr>
<td title='com.mytest.Admission.Pincode_currentaddress_contains_special_characters()'><b>Pincode_currentaddress_contains_special_characters</b><br>Test class: com.mytest.Admission</td>
<td><div><pre>java.lang.AssertionError: Pincode No Contains Spaecial Characters expected [true] but found [false]
	at com.mytest.Admission.Pincode_currentaddress_contains_special_characters(Admission.java:1737)
	at java.base/java.util.concurrent.FutureTask.run(Unknown Source)
	at java.base/java.util.concurrent.ThreadPoolExecutor.runWorker(Unknown Source)
	at java.base/java.util.concurrent.ThreadPoolExecutor$Worker.run(Unknown Source)
	at java.base/java.lang.Thread.run(Unknown Source)
... Removed 19 stack frames</pre></div><a href='#' onClick='toggleBox("stack-trace487482893", this, "Click to show all stack frames", "Click to hide stack frames")'>Click to show all stack frames</a>
<div class='stack-trace' id='stack-trace487482893'><pre>java.lang.AssertionError: Pincode No Contains Spaecial Characters expected [true] but found [false]
	at org.testng.Assert.fail(Assert.java:96)
	at org.testng.Assert.failNotEquals(Assert.java:776)
	at org.testng.Assert.assertTrue(Assert.java:44)
	at com.mytest.Admission.Pincode_currentaddress_contains_special_characters(Admission.java:1737)
	at java.base/jdk.internal.reflect.NativeMethodAccessorImpl.invoke0(Native Method)
	at java.base/jdk.internal.reflect.NativeMethodAccessorImpl.invoke(Unknown Source)
	at java.base/jdk.internal.reflect.DelegatingMethodAccessorImpl.invoke(Unknown Source)
	at java.base/java.lang.reflect.Method.invoke(Unknown Source)
	at org.testng.internal.MethodInvocationHelper.invokeMethod(MethodInvocationHelper.java:124)
	at org.testng.internal.Invoker.invokeMethod(Invoker.java:580)
	at org.testng.internal.Invoker.invokeTestMethod(Invoker.java:716)
	at org.testng.internal.Invoker.invokeTestMethods(Invoker.java:988)
	at org.testng.internal.TestMethodWorker.invokeTestMethods(TestMethodWorker.java:125)
	at org.testng.internal.TestMethodWorker.run(TestMethodWorker.java:109)
	at org.testng.TestRunner.privateRun(TestRunner.java:648)
	at org.testng.TestRunner.run(TestRunner.java:505)
	at org.testng.SuiteRunner.runTest(SuiteRunner.java:455)
	at org.testng.SuiteRunner.access$000(SuiteRunner.java:40)
	at org.testng.SuiteRunner$SuiteWorker.run(SuiteRunner.java:489)
	at org.testng.internal.thread.ThreadUtil$1.call(ThreadUtil.java:52)
	at java.base/java.util.concurrent.FutureTask.run(Unknown Source)
	at java.base/java.util.concurrent.ThreadPoolExecutor.runWorker(Unknown Source)
	at java.base/java.util.concurrent.ThreadPoolExecutor$Worker.run(Unknown Source)
	at java.base/java.lang.Thread.run(Unknown Source)
</pre></div></td>
<td>0</td>
<td>com.mytest.Admission@29d89d5d</td></tr>
<tr>
<td title='com.mytest.Admission.Pincode_permanentaddress_contain_lessthan_6_numbers()'><b>Pincode_permanentaddress_contain_lessthan_6_numbers</b><br>Test class: com.mytest.Admission</td>
<td><div><pre>org.openqa.selenium.NoSuchElementException: no such element: Unable to locate element: {&quot;method&quot;:&quot;xpath&quot;,&quot;selector&quot;:&quot;//*[@id=&quot;parsley-id-38&quot;]/li&quot;}
  (Session info: chrome=68.0.3440.106)
  (Driver info: chromedriver=2.40.565498 (ea082db3280dd6843ebfb08a625e3eb905c4f5ab),platform=Windows NT 6.1.7601 SP1 x86_64) (WARNING: The server did not provide any stacktrace information)
Command duration or timeout: 0 milliseconds
For documentation on this error, please visit: http://seleniumhq.org/exceptions/no_such_element.html
Build info: version: &apos;3.13.0&apos;, revision: &apos;2f0d292&apos;, time: &apos;2018-06-25T15:32:14.902Z&apos;
System info: host: &apos;TESTER-PC&apos;, ip: &apos;192.168.0.102&apos;, os.name: &apos;Windows 7&apos;, os.arch: &apos;amd64&apos;, os.version: &apos;6.1&apos;, java.version: &apos;10.0.1&apos;
Driver info: org.openqa.selenium.chrome.ChromeDriver
Capabilities {acceptInsecureCerts: false, acceptSslCerts: false, applicationCacheEnabled: false, browserConnectionEnabled: false, browserName: chrome, chrome: {chromedriverVersion: 2.40.565498 (ea082db3280dd6..., userDataDir: C:\Users\Tester\AppData\Loc...}, cssSelectorsEnabled: true, databaseEnabled: false, handlesAlerts: true, hasTouchScreen: false, javascriptEnabled: true, locationContextEnabled: true, mobileEmulationEnabled: false, nativeEvents: true, networkConnectionEnabled: false, pageLoadStrategy: normal, platform: XP, platformName: XP, rotatable: false, setWindowRect: true, takesHeapSnapshot: true, takesScreenshot: true, unexpectedAlertBehaviour: , unhandledPromptBehavior: , version: 68.0.3440.106, webStorageEnabled: true}
Session ID: 04cc43f60f469c155519aa821fa111f0
*** Element info: {Using=xpath, value=//*[@id=&quot;parsley-id-38&quot;]/li}
	at org.openqa.selenium.remote.ErrorHandler.createThrowable(ErrorHandler.java:214)
	at org.openqa.selenium.remote.ErrorHandler.throwIfResponseFailed(ErrorHandler.java:166)
	at org.openqa.selenium.remote.http.JsonHttpResponseCodec.reconstructValue(JsonHttpResponseCodec.java:40)
	at org.openqa.selenium.remote.http.AbstractHttpResponseCodec.decode(AbstractHttpResponseCodec.java:80)
	at org.openqa.selenium.remote.http.AbstractHttpResponseCodec.decode(AbstractHttpResponseCodec.java:44)
	at org.openqa.selenium.remote.HttpCommandExecutor.execute(HttpCommandExecutor.java:158)
	at org.openqa.selenium.remote.service.DriverCommandExecutor.execute(DriverCommandExecutor.java:83)
	at org.openqa.selenium.remote.RemoteWebDriver.execute(RemoteWebDriver.java:548)
	at org.openqa.selenium.remote.RemoteWebDriver.findElement(RemoteWebDriver.java:322)
	at org.openqa.selenium.remote.RemoteWebDriver.findElementByXPath(RemoteWebDriver.java:424)
	at org.openqa.selenium.By$ByXPath.findElement(By.java:353)
	at org.openqa.selenium.remote.RemoteWebDriver.findElement(RemoteWebDriver.java:314)
	at com.mytest.Admission.Pincode_permanentaddress_contain_lessthan_6_numbers(Admission.java:888)
	at java.base/java.util.concurrent.FutureTask.run(Unknown Source)
	at java.base/java.util.concurrent.ThreadPoolExecutor.runWorker(Unknown Source)
	at java.base/java.util.concurrent.ThreadPoolExecutor$Worker.run(Unknown Source)
	at java.base/java.lang.Thread.run(Unknown Source)
... Removed 20 stack frames</pre></div><a href='#' onClick='toggleBox("stack-trace732532862", this, "Click to show all stack frames", "Click to hide stack frames")'>Click to show all stack frames</a>
<div class='stack-trace' id='stack-trace732532862'><pre>org.openqa.selenium.NoSuchElementException: no such element: Unable to locate element: {&quot;method&quot;:&quot;xpath&quot;,&quot;selector&quot;:&quot;//*[@id=&quot;parsley-id-38&quot;]/li&quot;}
  (Session info: chrome=68.0.3440.106)
  (Driver info: chromedriver=2.40.565498 (ea082db3280dd6843ebfb08a625e3eb905c4f5ab),platform=Windows NT 6.1.7601 SP1 x86_64) (WARNING: The server did not provide any stacktrace information)
Command duration or timeout: 0 milliseconds
For documentation on this error, please visit: http://seleniumhq.org/exceptions/no_such_element.html
Build info: version: &apos;3.13.0&apos;, revision: &apos;2f0d292&apos;, time: &apos;2018-06-25T15:32:14.902Z&apos;
System info: host: &apos;TESTER-PC&apos;, ip: &apos;192.168.0.102&apos;, os.name: &apos;Windows 7&apos;, os.arch: &apos;amd64&apos;, os.version: &apos;6.1&apos;, java.version: &apos;10.0.1&apos;
Driver info: org.openqa.selenium.chrome.ChromeDriver
Capabilities {acceptInsecureCerts: false, acceptSslCerts: false, applicationCacheEnabled: false, browserConnectionEnabled: false, browserName: chrome, chrome: {chromedriverVersion: 2.40.565498 (ea082db3280dd6..., userDataDir: C:\Users\Tester\AppData\Loc...}, cssSelectorsEnabled: true, databaseEnabled: false, handlesAlerts: true, hasTouchScreen: false, javascriptEnabled: true, locationContextEnabled: true, mobileEmulationEnabled: false, nativeEvents: true, networkConnectionEnabled: false, pageLoadStrategy: normal, platform: XP, platformName: XP, rotatable: false, setWindowRect: true, takesHeapSnapshot: true, takesScreenshot: true, unexpectedAlertBehaviour: , unhandledPromptBehavior: , version: 68.0.3440.106, webStorageEnabled: true}
Session ID: 04cc43f60f469c155519aa821fa111f0
*** Element info: {Using=xpath, value=//*[@id=&quot;parsley-id-38&quot;]/li}
	at java.base/jdk.internal.reflect.NativeConstructorAccessorImpl.newInstance0(Native Method)
	at java.base/jdk.internal.reflect.NativeConstructorAccessorImpl.newInstance(Unknown Source)
	at java.base/jdk.internal.reflect.DelegatingConstructorAccessorImpl.newInstance(Unknown Source)
	at java.base/java.lang.reflect.Constructor.newInstance(Unknown Source)
	at org.openqa.selenium.remote.ErrorHandler.createThrowable(ErrorHandler.java:214)
	at org.openqa.selenium.remote.ErrorHandler.throwIfResponseFailed(ErrorHandler.java:166)
	at org.openqa.selenium.remote.http.JsonHttpResponseCodec.reconstructValue(JsonHttpResponseCodec.java:40)
	at org.openqa.selenium.remote.http.AbstractHttpResponseCodec.decode(AbstractHttpResponseCodec.java:80)
	at org.openqa.selenium.remote.http.AbstractHttpResponseCodec.decode(AbstractHttpResponseCodec.java:44)
	at org.openqa.selenium.remote.HttpCommandExecutor.execute(HttpCommandExecutor.java:158)
	at org.openqa.selenium.remote.service.DriverCommandExecutor.execute(DriverCommandExecutor.java:83)
	at org.openqa.selenium.remote.RemoteWebDriver.execute(RemoteWebDriver.java:548)
	at org.openqa.selenium.remote.RemoteWebDriver.findElement(RemoteWebDriver.java:322)
	at org.openqa.selenium.remote.RemoteWebDriver.findElementByXPath(RemoteWebDriver.java:424)
	at org.openqa.selenium.By$ByXPath.findElement(By.java:353)
	at org.openqa.selenium.remote.RemoteWebDriver.findElement(RemoteWebDriver.java:314)
	at com.mytest.Admission.Pincode_permanentaddress_contain_lessthan_6_numbers(Admission.java:888)
	at java.base/jdk.internal.reflect.NativeMethodAccessorImpl.invoke0(Native Method)
	at java.base/jdk.internal.reflect.NativeMethodAccessorImpl.invoke(Unknown Source)
	at java.base/jdk.internal.reflect.DelegatingMethodAccessorImpl.invoke(Unknown Source)
	at java.base/java.lang.reflect.Method.invoke(Unknown Source)
	at org.testng.internal.MethodInvocationHelper.invokeMethod(MethodInvocationHelper.java:124)
	at org.testng.internal.Invoker.invokeMethod(Invoker.java:580)
	at org.testng.internal.Invoker.invokeTestMethod(Invoker.java:716)
	at org.testng.internal.Invoker.invokeTestMethods(Invoker.java:988)
	at org.testng.internal.TestMethodWorker.invokeTestMethods(TestMethodWorker.java:125)
	at org.testng.internal.TestMethodWorker.run(TestMethodWorker.java:109)
	at org.testng.TestRunner.privateRun(TestRunner.java:648)
	at org.testng.TestRunner.run(TestRunner.java:505)
	at org.testng.SuiteRunner.runTest(SuiteRunner.java:455)
	at org.testng.SuiteRunner.access$000(SuiteRunner.java:40)
	at org.testng.SuiteRunner$SuiteWorker.run(SuiteRunner.java:489)
	at org.testng.internal.thread.ThreadUtil$1.call(ThreadUtil.java:52)
	at java.base/java.util.concurrent.FutureTask.run(Unknown Source)
	at java.base/java.util.concurrent.ThreadPoolExecutor.runWorker(Unknown Source)
	at java.base/java.util.concurrent.ThreadPoolExecutor$Worker.run(Unknown Source)
	at java.base/java.lang.Thread.run(Unknown Source)
</pre></div></td>
<td>12</td>
<td>com.mytest.Admission@29d89d5d</td></tr>
<tr>
<td title='com.mytest.Admission.Pincode_permanentaddress_contain_special_characters()'><b>Pincode_permanentaddress_contain_special_characters</b><br>Test class: com.mytest.Admission</td>
<td><div><pre>java.lang.AssertionError: Pincode No Contains Spaecial Characters expected [true] but found [false]
	at com.mytest.Admission.Pincode_permanentaddress_contain_special_characters(Admission.java:823)
	at java.base/java.util.concurrent.FutureTask.run(Unknown Source)
	at java.base/java.util.concurrent.ThreadPoolExecutor.runWorker(Unknown Source)
	at java.base/java.util.concurrent.ThreadPoolExecutor$Worker.run(Unknown Source)
	at java.base/java.lang.Thread.run(Unknown Source)
... Removed 19 stack frames</pre></div><a href='#' onClick='toggleBox("stack-trace887726700", this, "Click to show all stack frames", "Click to hide stack frames")'>Click to show all stack frames</a>
<div class='stack-trace' id='stack-trace887726700'><pre>java.lang.AssertionError: Pincode No Contains Spaecial Characters expected [true] but found [false]
	at org.testng.Assert.fail(Assert.java:96)
	at org.testng.Assert.failNotEquals(Assert.java:776)
	at org.testng.Assert.assertTrue(Assert.java:44)
	at com.mytest.Admission.Pincode_permanentaddress_contain_special_characters(Admission.java:823)
	at java.base/jdk.internal.reflect.NativeMethodAccessorImpl.invoke0(Native Method)
	at java.base/jdk.internal.reflect.NativeMethodAccessorImpl.invoke(Unknown Source)
	at java.base/jdk.internal.reflect.DelegatingMethodAccessorImpl.invoke(Unknown Source)
	at java.base/java.lang.reflect.Method.invoke(Unknown Source)
	at org.testng.internal.MethodInvocationHelper.invokeMethod(MethodInvocationHelper.java:124)
	at org.testng.internal.Invoker.invokeMethod(Invoker.java:580)
	at org.testng.internal.Invoker.invokeTestMethod(Invoker.java:716)
	at org.testng.internal.Invoker.invokeTestMethods(Invoker.java:988)
	at org.testng.internal.TestMethodWorker.invokeTestMethods(TestMethodWorker.java:125)
	at org.testng.internal.TestMethodWorker.run(TestMethodWorker.java:109)
	at org.testng.TestRunner.privateRun(TestRunner.java:648)
	at org.testng.TestRunner.run(TestRunner.java:505)
	at org.testng.SuiteRunner.runTest(SuiteRunner.java:455)
	at org.testng.SuiteRunner.access$000(SuiteRunner.java:40)
	at org.testng.SuiteRunner$SuiteWorker.run(SuiteRunner.java:489)
	at org.testng.internal.thread.ThreadUtil$1.call(ThreadUtil.java:52)
	at java.base/java.util.concurrent.FutureTask.run(Unknown Source)
	at java.base/java.util.concurrent.ThreadPoolExecutor.runWorker(Unknown Source)
	at java.base/java.util.concurrent.ThreadPoolExecutor$Worker.run(Unknown Source)
	at java.base/java.lang.Thread.run(Unknown Source)
</pre></div></td>
<td>0</td>
<td>com.mytest.Admission@29d89d5d</td></tr>
<tr>
<td title='com.mytest.Admission.Pincode_permanentaddress_contains_lessthan_6_numbers()'><b>Pincode_permanentaddress_contains_lessthan_6_numbers</b><br>Test class: com.mytest.Admission</td>
<td><div><pre>org.openqa.selenium.NoSuchElementException: no such element: Unable to locate element: {&quot;method&quot;:&quot;xpath&quot;,&quot;selector&quot;:&quot;//*[@id=&quot;parsley-id-38&quot;]/li&quot;}
  (Session info: chrome=68.0.3440.106)
  (Driver info: chromedriver=2.40.565498 (ea082db3280dd6843ebfb08a625e3eb905c4f5ab),platform=Windows NT 6.1.7601 SP1 x86_64) (WARNING: The server did not provide any stacktrace information)
Command duration or timeout: 0 milliseconds
For documentation on this error, please visit: http://seleniumhq.org/exceptions/no_such_element.html
Build info: version: &apos;3.13.0&apos;, revision: &apos;2f0d292&apos;, time: &apos;2018-06-25T15:32:14.902Z&apos;
System info: host: &apos;TESTER-PC&apos;, ip: &apos;192.168.0.102&apos;, os.name: &apos;Windows 7&apos;, os.arch: &apos;amd64&apos;, os.version: &apos;6.1&apos;, java.version: &apos;10.0.1&apos;
Driver info: org.openqa.selenium.chrome.ChromeDriver
Capabilities {acceptInsecureCerts: false, acceptSslCerts: false, applicationCacheEnabled: false, browserConnectionEnabled: false, browserName: chrome, chrome: {chromedriverVersion: 2.40.565498 (ea082db3280dd6..., userDataDir: C:\Users\Tester\AppData\Loc...}, cssSelectorsEnabled: true, databaseEnabled: false, handlesAlerts: true, hasTouchScreen: false, javascriptEnabled: true, locationContextEnabled: true, mobileEmulationEnabled: false, nativeEvents: true, networkConnectionEnabled: false, pageLoadStrategy: normal, platform: XP, platformName: XP, rotatable: false, setWindowRect: true, takesHeapSnapshot: true, takesScreenshot: true, unexpectedAlertBehaviour: , unhandledPromptBehavior: , version: 68.0.3440.106, webStorageEnabled: true}
Session ID: 04cc43f60f469c155519aa821fa111f0
*** Element info: {Using=xpath, value=//*[@id=&quot;parsley-id-38&quot;]/li}
	at org.openqa.selenium.remote.ErrorHandler.createThrowable(ErrorHandler.java:214)
	at org.openqa.selenium.remote.ErrorHandler.throwIfResponseFailed(ErrorHandler.java:166)
	at org.openqa.selenium.remote.http.JsonHttpResponseCodec.reconstructValue(JsonHttpResponseCodec.java:40)
	at org.openqa.selenium.remote.http.AbstractHttpResponseCodec.decode(AbstractHttpResponseCodec.java:80)
	at org.openqa.selenium.remote.http.AbstractHttpResponseCodec.decode(AbstractHttpResponseCodec.java:44)
	at org.openqa.selenium.remote.HttpCommandExecutor.execute(HttpCommandExecutor.java:158)
	at org.openqa.selenium.remote.service.DriverCommandExecutor.execute(DriverCommandExecutor.java:83)
	at org.openqa.selenium.remote.RemoteWebDriver.execute(RemoteWebDriver.java:548)
	at org.openqa.selenium.remote.RemoteWebDriver.findElement(RemoteWebDriver.java:322)
	at org.openqa.selenium.remote.RemoteWebDriver.findElementByXPath(RemoteWebDriver.java:424)
	at org.openqa.selenium.By$ByXPath.findElement(By.java:353)
	at org.openqa.selenium.remote.RemoteWebDriver.findElement(RemoteWebDriver.java:314)
	at com.mytest.Admission.Pincode_permanentaddress_contains_lessthan_6_numbers(Admission.java:1887)
	at java.base/java.util.concurrent.FutureTask.run(Unknown Source)
	at java.base/java.util.concurrent.ThreadPoolExecutor.runWorker(Unknown Source)
	at java.base/java.util.concurrent.ThreadPoolExecutor$Worker.run(Unknown Source)
	at java.base/java.lang.Thread.run(Unknown Source)
... Removed 20 stack frames</pre></div><a href='#' onClick='toggleBox("stack-trace227086056", this, "Click to show all stack frames", "Click to hide stack frames")'>Click to show all stack frames</a>
<div class='stack-trace' id='stack-trace227086056'><pre>org.openqa.selenium.NoSuchElementException: no such element: Unable to locate element: {&quot;method&quot;:&quot;xpath&quot;,&quot;selector&quot;:&quot;//*[@id=&quot;parsley-id-38&quot;]/li&quot;}
  (Session info: chrome=68.0.3440.106)
  (Driver info: chromedriver=2.40.565498 (ea082db3280dd6843ebfb08a625e3eb905c4f5ab),platform=Windows NT 6.1.7601 SP1 x86_64) (WARNING: The server did not provide any stacktrace information)
Command duration or timeout: 0 milliseconds
For documentation on this error, please visit: http://seleniumhq.org/exceptions/no_such_element.html
Build info: version: &apos;3.13.0&apos;, revision: &apos;2f0d292&apos;, time: &apos;2018-06-25T15:32:14.902Z&apos;
System info: host: &apos;TESTER-PC&apos;, ip: &apos;192.168.0.102&apos;, os.name: &apos;Windows 7&apos;, os.arch: &apos;amd64&apos;, os.version: &apos;6.1&apos;, java.version: &apos;10.0.1&apos;
Driver info: org.openqa.selenium.chrome.ChromeDriver
Capabilities {acceptInsecureCerts: false, acceptSslCerts: false, applicationCacheEnabled: false, browserConnectionEnabled: false, browserName: chrome, chrome: {chromedriverVersion: 2.40.565498 (ea082db3280dd6..., userDataDir: C:\Users\Tester\AppData\Loc...}, cssSelectorsEnabled: true, databaseEnabled: false, handlesAlerts: true, hasTouchScreen: false, javascriptEnabled: true, locationContextEnabled: true, mobileEmulationEnabled: false, nativeEvents: true, networkConnectionEnabled: false, pageLoadStrategy: normal, platform: XP, platformName: XP, rotatable: false, setWindowRect: true, takesHeapSnapshot: true, takesScreenshot: true, unexpectedAlertBehaviour: , unhandledPromptBehavior: , version: 68.0.3440.106, webStorageEnabled: true}
Session ID: 04cc43f60f469c155519aa821fa111f0
*** Element info: {Using=xpath, value=//*[@id=&quot;parsley-id-38&quot;]/li}
	at java.base/jdk.internal.reflect.NativeConstructorAccessorImpl.newInstance0(Native Method)
	at java.base/jdk.internal.reflect.NativeConstructorAccessorImpl.newInstance(Unknown Source)
	at java.base/jdk.internal.reflect.DelegatingConstructorAccessorImpl.newInstance(Unknown Source)
	at java.base/java.lang.reflect.Constructor.newInstance(Unknown Source)
	at org.openqa.selenium.remote.ErrorHandler.createThrowable(ErrorHandler.java:214)
	at org.openqa.selenium.remote.ErrorHandler.throwIfResponseFailed(ErrorHandler.java:166)
	at org.openqa.selenium.remote.http.JsonHttpResponseCodec.reconstructValue(JsonHttpResponseCodec.java:40)
	at org.openqa.selenium.remote.http.AbstractHttpResponseCodec.decode(AbstractHttpResponseCodec.java:80)
	at org.openqa.selenium.remote.http.AbstractHttpResponseCodec.decode(AbstractHttpResponseCodec.java:44)
	at org.openqa.selenium.remote.HttpCommandExecutor.execute(HttpCommandExecutor.java:158)
	at org.openqa.selenium.remote.service.DriverCommandExecutor.execute(DriverCommandExecutor.java:83)
	at org.openqa.selenium.remote.RemoteWebDriver.execute(RemoteWebDriver.java:548)
	at org.openqa.selenium.remote.RemoteWebDriver.findElement(RemoteWebDriver.java:322)
	at org.openqa.selenium.remote.RemoteWebDriver.findElementByXPath(RemoteWebDriver.java:424)
	at org.openqa.selenium.By$ByXPath.findElement(By.java:353)
	at org.openqa.selenium.remote.RemoteWebDriver.findElement(RemoteWebDriver.java:314)
	at com.mytest.Admission.Pincode_permanentaddress_contains_lessthan_6_numbers(Admission.java:1887)
	at java.base/jdk.internal.reflect.NativeMethodAccessorImpl.invoke0(Native Method)
	at java.base/jdk.internal.reflect.NativeMethodAccessorImpl.invoke(Unknown Source)
	at java.base/jdk.internal.reflect.DelegatingMethodAccessorImpl.invoke(Unknown Source)
	at java.base/java.lang.reflect.Method.invoke(Unknown Source)
	at org.testng.internal.MethodInvocationHelper.invokeMethod(MethodInvocationHelper.java:124)
	at org.testng.internal.Invoker.invokeMethod(Invoker.java:580)
	at org.testng.internal.Invoker.invokeTestMethod(Invoker.java:716)
	at org.testng.internal.Invoker.invokeTestMethods(Invoker.java:988)
	at org.testng.internal.TestMethodWorker.invokeTestMethods(TestMethodWorker.java:125)
	at org.testng.internal.TestMethodWorker.run(TestMethodWorker.java:109)
	at org.testng.TestRunner.privateRun(TestRunner.java:648)
	at org.testng.TestRunner.run(TestRunner.java:505)
	at org.testng.SuiteRunner.runTest(SuiteRunner.java:455)
	at org.testng.SuiteRunner.access$000(SuiteRunner.java:40)
	at org.testng.SuiteRunner$SuiteWorker.run(SuiteRunner.java:489)
	at org.testng.internal.thread.ThreadUtil$1.call(ThreadUtil.java:52)
	at java.base/java.util.concurrent.FutureTask.run(Unknown Source)
	at java.base/java.util.concurrent.ThreadPoolExecutor.runWorker(Unknown Source)
	at java.base/java.util.concurrent.ThreadPoolExecutor$Worker.run(Unknown Source)
	at java.base/java.lang.Thread.run(Unknown Source)
</pre></div></td>
<td>11</td>
<td>com.mytest.Admission@29d89d5d</td></tr>
<tr>
<td title='com.mytest.Admission.Pincode_permanentaddress_contains_special_characters()'><b>Pincode_permanentaddress_contains_special_characters</b><br>Test class: com.mytest.Admission</td>
<td><div><pre>java.lang.AssertionError: Pincode No Contains Spaecial Characters expected [true] but found [false]
	at com.mytest.Admission.Pincode_permanentaddress_contains_special_characters(Admission.java:1821)
	at java.base/java.util.concurrent.FutureTask.run(Unknown Source)
	at java.base/java.util.concurrent.ThreadPoolExecutor.runWorker(Unknown Source)
	at java.base/java.util.concurrent.ThreadPoolExecutor$Worker.run(Unknown Source)
	at java.base/java.lang.Thread.run(Unknown Source)
... Removed 19 stack frames</pre></div><a href='#' onClick='toggleBox("stack-trace1562670809", this, "Click to show all stack frames", "Click to hide stack frames")'>Click to show all stack frames</a>
<div class='stack-trace' id='stack-trace1562670809'><pre>java.lang.AssertionError: Pincode No Contains Spaecial Characters expected [true] but found [false]
	at org.testng.Assert.fail(Assert.java:96)
	at org.testng.Assert.failNotEquals(Assert.java:776)
	at org.testng.Assert.assertTrue(Assert.java:44)
	at com.mytest.Admission.Pincode_permanentaddress_contains_special_characters(Admission.java:1821)
	at java.base/jdk.internal.reflect.NativeMethodAccessorImpl.invoke0(Native Method)
	at java.base/jdk.internal.reflect.NativeMethodAccessorImpl.invoke(Unknown Source)
	at java.base/jdk.internal.reflect.DelegatingMethodAccessorImpl.invoke(Unknown Source)
	at java.base/java.lang.reflect.Method.invoke(Unknown Source)
	at org.testng.internal.MethodInvocationHelper.invokeMethod(MethodInvocationHelper.java:124)
	at org.testng.internal.Invoker.invokeMethod(Invoker.java:580)
	at org.testng.internal.Invoker.invokeTestMethod(Invoker.java:716)
	at org.testng.internal.Invoker.invokeTestMethods(Invoker.java:988)
	at org.testng.internal.TestMethodWorker.invokeTestMethods(TestMethodWorker.java:125)
	at org.testng.internal.TestMethodWorker.run(TestMethodWorker.java:109)
	at org.testng.TestRunner.privateRun(TestRunner.java:648)
	at org.testng.TestRunner.run(TestRunner.java:505)
	at org.testng.SuiteRunner.runTest(SuiteRunner.java:455)
	at org.testng.SuiteRunner.access$000(SuiteRunner.java:40)
	at org.testng.SuiteRunner$SuiteWorker.run(SuiteRunner.java:489)
	at org.testng.internal.thread.ThreadUtil$1.call(ThreadUtil.java:52)
	at java.base/java.util.concurrent.FutureTask.run(Unknown Source)
	at java.base/java.util.concurrent.ThreadPoolExecutor.runWorker(Unknown Source)
	at java.base/java.util.concurrent.ThreadPoolExecutor$Worker.run(Unknown Source)
	at java.base/java.lang.Thread.run(Unknown Source)
</pre></div></td>
<td>0</td>
<td>com.mytest.Admission@29d89d5d</td></tr>
<tr>
<td title='com.mytest.Admission.Primary_email_contain_whitespaces_at_begining()'><b>Primary_email_contain_whitespaces_at_begining</b><br>Test class: com.mytest.Admission</td>
<td><div><pre>java.lang.AssertionError: Primary Email contain Whitespaces at Begining expected [true] but found [false]
	at com.mytest.Admission.Primary_email_contain_whitespaces_at_begining(Admission.java:641)
	at java.base/java.util.concurrent.FutureTask.run(Unknown Source)
	at java.base/java.util.concurrent.ThreadPoolExecutor.runWorker(Unknown Source)
	at java.base/java.util.concurrent.ThreadPoolExecutor$Worker.run(Unknown Source)
	at java.base/java.lang.Thread.run(Unknown Source)
... Removed 19 stack frames</pre></div><a href='#' onClick='toggleBox("stack-trace366274278", this, "Click to show all stack frames", "Click to hide stack frames")'>Click to show all stack frames</a>
<div class='stack-trace' id='stack-trace366274278'><pre>java.lang.AssertionError: Primary Email contain Whitespaces at Begining expected [true] but found [false]
	at org.testng.Assert.fail(Assert.java:96)
	at org.testng.Assert.failNotEquals(Assert.java:776)
	at org.testng.Assert.assertTrue(Assert.java:44)
	at com.mytest.Admission.Primary_email_contain_whitespaces_at_begining(Admission.java:641)
	at java.base/jdk.internal.reflect.NativeMethodAccessorImpl.invoke0(Native Method)
	at java.base/jdk.internal.reflect.NativeMethodAccessorImpl.invoke(Unknown Source)
	at java.base/jdk.internal.reflect.DelegatingMethodAccessorImpl.invoke(Unknown Source)
	at java.base/java.lang.reflect.Method.invoke(Unknown Source)
	at org.testng.internal.MethodInvocationHelper.invokeMethod(MethodInvocationHelper.java:124)
	at org.testng.internal.Invoker.invokeMethod(Invoker.java:580)
	at org.testng.internal.Invoker.invokeTestMethod(Invoker.java:716)
	at org.testng.internal.Invoker.invokeTestMethods(Invoker.java:988)
	at org.testng.internal.TestMethodWorker.invokeTestMethods(TestMethodWorker.java:125)
	at org.testng.internal.TestMethodWorker.run(TestMethodWorker.java:109)
	at org.testng.TestRunner.privateRun(TestRunner.java:648)
	at org.testng.TestRunner.run(TestRunner.java:505)
	at org.testng.SuiteRunner.runTest(SuiteRunner.java:455)
	at org.testng.SuiteRunner.access$000(SuiteRunner.java:40)
	at org.testng.SuiteRunner$SuiteWorker.run(SuiteRunner.java:489)
	at org.testng.internal.thread.ThreadUtil$1.call(ThreadUtil.java:52)
	at java.base/java.util.concurrent.FutureTask.run(Unknown Source)
	at java.base/java.util.concurrent.ThreadPoolExecutor.runWorker(Unknown Source)
	at java.base/java.util.concurrent.ThreadPoolExecutor$Worker.run(Unknown Source)
	at java.base/java.lang.Thread.run(Unknown Source)
</pre></div></td>
<td>1</td>
<td>com.mytest.Admission@29d89d5d</td></tr>
<tr>
<td title='com.mytest.Admission.Primary_email_contains_whitespaces_at_begining()'><b>Primary_email_contains_whitespaces_at_begining</b><br>Test class: com.mytest.Admission</td>
<td><div><pre>java.lang.AssertionError: Primary Email contain Whitespaces at Begining expected [true] but found [false]
	at com.mytest.Admission.Primary_email_contains_whitespaces_at_begining(Admission.java:1651)
	at java.base/java.util.concurrent.FutureTask.run(Unknown Source)
	at java.base/java.util.concurrent.ThreadPoolExecutor.runWorker(Unknown Source)
	at java.base/java.util.concurrent.ThreadPoolExecutor$Worker.run(Unknown Source)
	at java.base/java.lang.Thread.run(Unknown Source)
... Removed 19 stack frames</pre></div><a href='#' onClick='toggleBox("stack-trace2129813365", this, "Click to show all stack frames", "Click to hide stack frames")'>Click to show all stack frames</a>
<div class='stack-trace' id='stack-trace2129813365'><pre>java.lang.AssertionError: Primary Email contain Whitespaces at Begining expected [true] but found [false]
	at org.testng.Assert.fail(Assert.java:96)
	at org.testng.Assert.failNotEquals(Assert.java:776)
	at org.testng.Assert.assertTrue(Assert.java:44)
	at com.mytest.Admission.Primary_email_contains_whitespaces_at_begining(Admission.java:1651)
	at java.base/jdk.internal.reflect.NativeMethodAccessorImpl.invoke0(Native Method)
	at java.base/jdk.internal.reflect.NativeMethodAccessorImpl.invoke(Unknown Source)
	at java.base/jdk.internal.reflect.DelegatingMethodAccessorImpl.invoke(Unknown Source)
	at java.base/java.lang.reflect.Method.invoke(Unknown Source)
	at org.testng.internal.MethodInvocationHelper.invokeMethod(MethodInvocationHelper.java:124)
	at org.testng.internal.Invoker.invokeMethod(Invoker.java:580)
	at org.testng.internal.Invoker.invokeTestMethod(Invoker.java:716)
	at org.testng.internal.Invoker.invokeTestMethods(Invoker.java:988)
	at org.testng.internal.TestMethodWorker.invokeTestMethods(TestMethodWorker.java:125)
	at org.testng.internal.TestMethodWorker.run(TestMethodWorker.java:109)
	at org.testng.TestRunner.privateRun(TestRunner.java:648)
	at org.testng.TestRunner.run(TestRunner.java:505)
	at org.testng.SuiteRunner.runTest(SuiteRunner.java:455)
	at org.testng.SuiteRunner.access$000(SuiteRunner.java:40)
	at org.testng.SuiteRunner$SuiteWorker.run(SuiteRunner.java:489)
	at org.testng.internal.thread.ThreadUtil$1.call(ThreadUtil.java:52)
	at java.base/java.util.concurrent.FutureTask.run(Unknown Source)
	at java.base/java.util.concurrent.ThreadPoolExecutor.runWorker(Unknown Source)
	at java.base/java.util.concurrent.ThreadPoolExecutor$Worker.run(Unknown Source)
	at java.base/java.lang.Thread.run(Unknown Source)
</pre></div></td>
<td>1</td>
<td>com.mytest.Admission@29d89d5d</td></tr>
<tr>
<td title='com.mytest.Admission.Primary_mobno_contain_lessthan_10_numbers()'><b>Primary_mobno_contain_lessthan_10_numbers</b><br>Test class: com.mytest.Admission</td>
<td><div><pre>java.lang.AssertionError: Primary Mobile No Contains Less than 10 numbers expected [true] but found [false]
	at com.mytest.Admission.Primary_mobno_contain_lessthan_10_numbers(Admission.java:525)
	at java.base/java.util.concurrent.FutureTask.run(Unknown Source)
	at java.base/java.util.concurrent.ThreadPoolExecutor.runWorker(Unknown Source)
	at java.base/java.util.concurrent.ThreadPoolExecutor$Worker.run(Unknown Source)
	at java.base/java.lang.Thread.run(Unknown Source)
... Removed 19 stack frames</pre></div><a href='#' onClick='toggleBox("stack-trace1498445293", this, "Click to show all stack frames", "Click to hide stack frames")'>Click to show all stack frames</a>
<div class='stack-trace' id='stack-trace1498445293'><pre>java.lang.AssertionError: Primary Mobile No Contains Less than 10 numbers expected [true] but found [false]
	at org.testng.Assert.fail(Assert.java:96)
	at org.testng.Assert.failNotEquals(Assert.java:776)
	at org.testng.Assert.assertTrue(Assert.java:44)
	at com.mytest.Admission.Primary_mobno_contain_lessthan_10_numbers(Admission.java:525)
	at java.base/jdk.internal.reflect.NativeMethodAccessorImpl.invoke0(Native Method)
	at java.base/jdk.internal.reflect.NativeMethodAccessorImpl.invoke(Unknown Source)
	at java.base/jdk.internal.reflect.DelegatingMethodAccessorImpl.invoke(Unknown Source)
	at java.base/java.lang.reflect.Method.invoke(Unknown Source)
	at org.testng.internal.MethodInvocationHelper.invokeMethod(MethodInvocationHelper.java:124)
	at org.testng.internal.Invoker.invokeMethod(Invoker.java:580)
	at org.testng.internal.Invoker.invokeTestMethod(Invoker.java:716)
	at org.testng.internal.Invoker.invokeTestMethods(Invoker.java:988)
	at org.testng.internal.TestMethodWorker.invokeTestMethods(TestMethodWorker.java:125)
	at org.testng.internal.TestMethodWorker.run(TestMethodWorker.java:109)
	at org.testng.TestRunner.privateRun(TestRunner.java:648)
	at org.testng.TestRunner.run(TestRunner.java:505)
	at org.testng.SuiteRunner.runTest(SuiteRunner.java:455)
	at org.testng.SuiteRunner.access$000(SuiteRunner.java:40)
	at org.testng.SuiteRunner$SuiteWorker.run(SuiteRunner.java:489)
	at org.testng.internal.thread.ThreadUtil$1.call(ThreadUtil.java:52)
	at java.base/java.util.concurrent.FutureTask.run(Unknown Source)
	at java.base/java.util.concurrent.ThreadPoolExecutor.runWorker(Unknown Source)
	at java.base/java.util.concurrent.ThreadPoolExecutor$Worker.run(Unknown Source)
	at java.base/java.lang.Thread.run(Unknown Source)
</pre></div></td>
<td>0</td>
<td>com.mytest.Admission@29d89d5d</td></tr>
<tr>
<td title='com.mytest.Admission.Primary_mobno_contain_special_characters()'><b>Primary_mobno_contain_special_characters</b><br>Test class: com.mytest.Admission</td>
<td><div><pre>java.lang.AssertionError: Primary Mobile No Contains Spaecial Characters expected [true] but found [false]
	at com.mytest.Admission.Primary_mobno_contain_special_characters(Admission.java:463)
	at java.base/java.util.concurrent.FutureTask.run(Unknown Source)
	at java.base/java.util.concurrent.ThreadPoolExecutor.runWorker(Unknown Source)
	at java.base/java.util.concurrent.ThreadPoolExecutor$Worker.run(Unknown Source)
	at java.base/java.lang.Thread.run(Unknown Source)
... Removed 19 stack frames</pre></div><a href='#' onClick='toggleBox("stack-trace2120068995", this, "Click to show all stack frames", "Click to hide stack frames")'>Click to show all stack frames</a>
<div class='stack-trace' id='stack-trace2120068995'><pre>java.lang.AssertionError: Primary Mobile No Contains Spaecial Characters expected [true] but found [false]
	at org.testng.Assert.fail(Assert.java:96)
	at org.testng.Assert.failNotEquals(Assert.java:776)
	at org.testng.Assert.assertTrue(Assert.java:44)
	at com.mytest.Admission.Primary_mobno_contain_special_characters(Admission.java:463)
	at java.base/jdk.internal.reflect.NativeMethodAccessorImpl.invoke0(Native Method)
	at java.base/jdk.internal.reflect.NativeMethodAccessorImpl.invoke(Unknown Source)
	at java.base/jdk.internal.reflect.DelegatingMethodAccessorImpl.invoke(Unknown Source)
	at java.base/java.lang.reflect.Method.invoke(Unknown Source)
	at org.testng.internal.MethodInvocationHelper.invokeMethod(MethodInvocationHelper.java:124)
	at org.testng.internal.Invoker.invokeMethod(Invoker.java:580)
	at org.testng.internal.Invoker.invokeTestMethod(Invoker.java:716)
	at org.testng.internal.Invoker.invokeTestMethods(Invoker.java:988)
	at org.testng.internal.TestMethodWorker.invokeTestMethods(TestMethodWorker.java:125)
	at org.testng.internal.TestMethodWorker.run(TestMethodWorker.java:109)
	at org.testng.TestRunner.privateRun(TestRunner.java:648)
	at org.testng.TestRunner.run(TestRunner.java:505)
	at org.testng.SuiteRunner.runTest(SuiteRunner.java:455)
	at org.testng.SuiteRunner.access$000(SuiteRunner.java:40)
	at org.testng.SuiteRunner$SuiteWorker.run(SuiteRunner.java:489)
	at org.testng.internal.thread.ThreadUtil$1.call(ThreadUtil.java:52)
	at java.base/java.util.concurrent.FutureTask.run(Unknown Source)
	at java.base/java.util.concurrent.ThreadPoolExecutor.runWorker(Unknown Source)
	at java.base/java.util.concurrent.ThreadPoolExecutor$Worker.run(Unknown Source)
	at java.base/java.lang.Thread.run(Unknown Source)
</pre></div></td>
<td>0</td>
<td>com.mytest.Admission@29d89d5d</td></tr>
<tr>
<td title='com.mytest.Admission.Primary_mobno_contains_lessthan_10_numbers()'><b>Primary_mobno_contains_lessthan_10_numbers</b><br>Test class: com.mytest.Admission</td>
<td><div><pre>java.lang.AssertionError: Primary Mobile No Contains Less than 10 numbers expected [true] but found [false]
	at com.mytest.Admission.Primary_mobno_contains_lessthan_10_numbers(Admission.java:1525)
	at java.base/java.util.concurrent.FutureTask.run(Unknown Source)
	at java.base/java.util.concurrent.ThreadPoolExecutor.runWorker(Unknown Source)
	at java.base/java.util.concurrent.ThreadPoolExecutor$Worker.run(Unknown Source)
	at java.base/java.lang.Thread.run(Unknown Source)
... Removed 19 stack frames</pre></div><a href='#' onClick='toggleBox("stack-trace2478168", this, "Click to show all stack frames", "Click to hide stack frames")'>Click to show all stack frames</a>
<div class='stack-trace' id='stack-trace2478168'><pre>java.lang.AssertionError: Primary Mobile No Contains Less than 10 numbers expected [true] but found [false]
	at org.testng.Assert.fail(Assert.java:96)
	at org.testng.Assert.failNotEquals(Assert.java:776)
	at org.testng.Assert.assertTrue(Assert.java:44)
	at com.mytest.Admission.Primary_mobno_contains_lessthan_10_numbers(Admission.java:1525)
	at java.base/jdk.internal.reflect.NativeMethodAccessorImpl.invoke0(Native Method)
	at java.base/jdk.internal.reflect.NativeMethodAccessorImpl.invoke(Unknown Source)
	at java.base/jdk.internal.reflect.DelegatingMethodAccessorImpl.invoke(Unknown Source)
	at java.base/java.lang.reflect.Method.invoke(Unknown Source)
	at org.testng.internal.MethodInvocationHelper.invokeMethod(MethodInvocationHelper.java:124)
	at org.testng.internal.Invoker.invokeMethod(Invoker.java:580)
	at org.testng.internal.Invoker.invokeTestMethod(Invoker.java:716)
	at org.testng.internal.Invoker.invokeTestMethods(Invoker.java:988)
	at org.testng.internal.TestMethodWorker.invokeTestMethods(TestMethodWorker.java:125)
	at org.testng.internal.TestMethodWorker.run(TestMethodWorker.java:109)
	at org.testng.TestRunner.privateRun(TestRunner.java:648)
	at org.testng.TestRunner.run(TestRunner.java:505)
	at org.testng.SuiteRunner.runTest(SuiteRunner.java:455)
	at org.testng.SuiteRunner.access$000(SuiteRunner.java:40)
	at org.testng.SuiteRunner$SuiteWorker.run(SuiteRunner.java:489)
	at org.testng.internal.thread.ThreadUtil$1.call(ThreadUtil.java:52)
	at java.base/java.util.concurrent.FutureTask.run(Unknown Source)
	at java.base/java.util.concurrent.ThreadPoolExecutor.runWorker(Unknown Source)
	at java.base/java.util.concurrent.ThreadPoolExecutor$Worker.run(Unknown Source)
	at java.base/java.lang.Thread.run(Unknown Source)
</pre></div></td>
<td>0</td>
<td>com.mytest.Admission@29d89d5d</td></tr>
<tr>
<td title='com.mytest.Admission.Primary_mobno_contains_special_characters()'><b>Primary_mobno_contains_special_characters</b><br>Test class: com.mytest.Admission</td>
<td><div><pre>java.lang.AssertionError: Primary Mobile No Contains Spaecial Characters expected [true] but found [false]
	at com.mytest.Admission.Primary_mobno_contains_special_characters(Admission.java:1463)
	at java.base/java.util.concurrent.FutureTask.run(Unknown Source)
	at java.base/java.util.concurrent.ThreadPoolExecutor.runWorker(Unknown Source)
	at java.base/java.util.concurrent.ThreadPoolExecutor$Worker.run(Unknown Source)
	at java.base/java.lang.Thread.run(Unknown Source)
... Removed 19 stack frames</pre></div><a href='#' onClick='toggleBox("stack-trace1777996600", this, "Click to show all stack frames", "Click to hide stack frames")'>Click to show all stack frames</a>
<div class='stack-trace' id='stack-trace1777996600'><pre>java.lang.AssertionError: Primary Mobile No Contains Spaecial Characters expected [true] but found [false]
	at org.testng.Assert.fail(Assert.java:96)
	at org.testng.Assert.failNotEquals(Assert.java:776)
	at org.testng.Assert.assertTrue(Assert.java:44)
	at com.mytest.Admission.Primary_mobno_contains_special_characters(Admission.java:1463)
	at java.base/jdk.internal.reflect.NativeMethodAccessorImpl.invoke0(Native Method)
	at java.base/jdk.internal.reflect.NativeMethodAccessorImpl.invoke(Unknown Source)
	at java.base/jdk.internal.reflect.DelegatingMethodAccessorImpl.invoke(Unknown Source)
	at java.base/java.lang.reflect.Method.invoke(Unknown Source)
	at org.testng.internal.MethodInvocationHelper.invokeMethod(MethodInvocationHelper.java:124)
	at org.testng.internal.Invoker.invokeMethod(Invoker.java:580)
	at org.testng.internal.Invoker.invokeTestMethod(Invoker.java:716)
	at org.testng.internal.Invoker.invokeTestMethods(Invoker.java:988)
	at org.testng.internal.TestMethodWorker.invokeTestMethods(TestMethodWorker.java:125)
	at org.testng.internal.TestMethodWorker.run(TestMethodWorker.java:109)
	at org.testng.TestRunner.privateRun(TestRunner.java:648)
	at org.testng.TestRunner.run(TestRunner.java:505)
	at org.testng.SuiteRunner.runTest(SuiteRunner.java:455)
	at org.testng.SuiteRunner.access$000(SuiteRunner.java:40)
	at org.testng.SuiteRunner$SuiteWorker.run(SuiteRunner.java:489)
	at org.testng.internal.thread.ThreadUtil$1.call(ThreadUtil.java:52)
	at java.base/java.util.concurrent.FutureTask.run(Unknown Source)
	at java.base/java.util.concurrent.ThreadPoolExecutor.runWorker(Unknown Source)
	at java.base/java.util.concurrent.ThreadPoolExecutor$Worker.run(Unknown Source)
	at java.base/java.lang.Thread.run(Unknown Source)
</pre></div></td>
<td>0</td>
<td>com.mytest.Admission@29d89d5d</td></tr>
<tr>
<td title='com.mytest.Admission.Qualification_contain_Special_Characters()'><b>Qualification_contain_Special_Characters</b><br>Test class: com.mytest.Admission</td>
<td><div><pre>java.lang.AssertionError: College Name Contains Special Characters expected [true] but found [false]
	at com.mytest.Admission.Qualification_contain_Special_Characters(Admission.java:299)
	at java.base/java.util.concurrent.FutureTask.run(Unknown Source)
	at java.base/java.util.concurrent.ThreadPoolExecutor.runWorker(Unknown Source)
	at java.base/java.util.concurrent.ThreadPoolExecutor$Worker.run(Unknown Source)
	at java.base/java.lang.Thread.run(Unknown Source)
... Removed 19 stack frames</pre></div><a href='#' onClick='toggleBox("stack-trace600634205", this, "Click to show all stack frames", "Click to hide stack frames")'>Click to show all stack frames</a>
<div class='stack-trace' id='stack-trace600634205'><pre>java.lang.AssertionError: College Name Contains Special Characters expected [true] but found [false]
	at org.testng.Assert.fail(Assert.java:96)
	at org.testng.Assert.failNotEquals(Assert.java:776)
	at org.testng.Assert.assertTrue(Assert.java:44)
	at com.mytest.Admission.Qualification_contain_Special_Characters(Admission.java:299)
	at java.base/jdk.internal.reflect.NativeMethodAccessorImpl.invoke0(Native Method)
	at java.base/jdk.internal.reflect.NativeMethodAccessorImpl.invoke(Unknown Source)
	at java.base/jdk.internal.reflect.DelegatingMethodAccessorImpl.invoke(Unknown Source)
	at java.base/java.lang.reflect.Method.invoke(Unknown Source)
	at org.testng.internal.MethodInvocationHelper.invokeMethod(MethodInvocationHelper.java:124)
	at org.testng.internal.Invoker.invokeMethod(Invoker.java:580)
	at org.testng.internal.Invoker.invokeTestMethod(Invoker.java:716)
	at org.testng.internal.Invoker.invokeTestMethods(Invoker.java:988)
	at org.testng.internal.TestMethodWorker.invokeTestMethods(TestMethodWorker.java:125)
	at org.testng.internal.TestMethodWorker.run(TestMethodWorker.java:109)
	at org.testng.TestRunner.privateRun(TestRunner.java:648)
	at org.testng.TestRunner.run(TestRunner.java:505)
	at org.testng.SuiteRunner.runTest(SuiteRunner.java:455)
	at org.testng.SuiteRunner.access$000(SuiteRunner.java:40)
	at org.testng.SuiteRunner$SuiteWorker.run(SuiteRunner.java:489)
	at org.testng.internal.thread.ThreadUtil$1.call(ThreadUtil.java:52)
	at java.base/java.util.concurrent.FutureTask.run(Unknown Source)
	at java.base/java.util.concurrent.ThreadPoolExecutor.runWorker(Unknown Source)
	at java.base/java.util.concurrent.ThreadPoolExecutor$Worker.run(Unknown Source)
	at java.base/java.lang.Thread.run(Unknown Source)
</pre></div></td>
<td>0</td>
<td>com.mytest.Admission@29d89d5d</td></tr>
<tr>
<td title='com.mytest.Admission.Qualification_contain_numbers()'><b>Qualification_contain_numbers</b><br>Test class: com.mytest.Admission</td>
<td><div><pre>java.lang.AssertionError: College Name Contains Numbers expected [true] but found [false]
	at com.mytest.Admission.Qualification_contain_numbers(Admission.java:308)
	at java.base/java.util.concurrent.FutureTask.run(Unknown Source)
	at java.base/java.util.concurrent.ThreadPoolExecutor.runWorker(Unknown Source)
	at java.base/java.util.concurrent.ThreadPoolExecutor$Worker.run(Unknown Source)
	at java.base/java.lang.Thread.run(Unknown Source)
... Removed 19 stack frames</pre></div><a href='#' onClick='toggleBox("stack-trace310967675", this, "Click to show all stack frames", "Click to hide stack frames")'>Click to show all stack frames</a>
<div class='stack-trace' id='stack-trace310967675'><pre>java.lang.AssertionError: College Name Contains Numbers expected [true] but found [false]
	at org.testng.Assert.fail(Assert.java:96)
	at org.testng.Assert.failNotEquals(Assert.java:776)
	at org.testng.Assert.assertTrue(Assert.java:44)
	at com.mytest.Admission.Qualification_contain_numbers(Admission.java:308)
	at java.base/jdk.internal.reflect.NativeMethodAccessorImpl.invoke0(Native Method)
	at java.base/jdk.internal.reflect.NativeMethodAccessorImpl.invoke(Unknown Source)
	at java.base/jdk.internal.reflect.DelegatingMethodAccessorImpl.invoke(Unknown Source)
	at java.base/java.lang.reflect.Method.invoke(Unknown Source)
	at org.testng.internal.MethodInvocationHelper.invokeMethod(MethodInvocationHelper.java:124)
	at org.testng.internal.Invoker.invokeMethod(Invoker.java:580)
	at org.testng.internal.Invoker.invokeTestMethod(Invoker.java:716)
	at org.testng.internal.Invoker.invokeTestMethods(Invoker.java:988)
	at org.testng.internal.TestMethodWorker.invokeTestMethods(TestMethodWorker.java:125)
	at org.testng.internal.TestMethodWorker.run(TestMethodWorker.java:109)
	at org.testng.TestRunner.privateRun(TestRunner.java:648)
	at org.testng.TestRunner.run(TestRunner.java:505)
	at org.testng.SuiteRunner.runTest(SuiteRunner.java:455)
	at org.testng.SuiteRunner.access$000(SuiteRunner.java:40)
	at org.testng.SuiteRunner$SuiteWorker.run(SuiteRunner.java:489)
	at org.testng.internal.thread.ThreadUtil$1.call(ThreadUtil.java:52)
	at java.base/java.util.concurrent.FutureTask.run(Unknown Source)
	at java.base/java.util.concurrent.ThreadPoolExecutor.runWorker(Unknown Source)
	at java.base/java.util.concurrent.ThreadPoolExecutor$Worker.run(Unknown Source)
	at java.base/java.lang.Thread.run(Unknown Source)
</pre></div></td>
<td>0</td>
<td>com.mytest.Admission@29d89d5d</td></tr>
<tr>
<td title='com.mytest.Admission.Qualification_contains_Special_Characters()'><b>Qualification_contains_Special_Characters</b><br>Test class: com.mytest.Admission</td>
<td><div><pre>java.lang.AssertionError: College Name Contains Special Characters expected [true] but found [false]
	at com.mytest.Admission.Qualification_contains_Special_Characters(Admission.java:1301)
	at java.base/java.util.concurrent.FutureTask.run(Unknown Source)
	at java.base/java.util.concurrent.ThreadPoolExecutor.runWorker(Unknown Source)
	at java.base/java.util.concurrent.ThreadPoolExecutor$Worker.run(Unknown Source)
	at java.base/java.lang.Thread.run(Unknown Source)
... Removed 19 stack frames</pre></div><a href='#' onClick='toggleBox("stack-trace695269669", this, "Click to show all stack frames", "Click to hide stack frames")'>Click to show all stack frames</a>
<div class='stack-trace' id='stack-trace695269669'><pre>java.lang.AssertionError: College Name Contains Special Characters expected [true] but found [false]
	at org.testng.Assert.fail(Assert.java:96)
	at org.testng.Assert.failNotEquals(Assert.java:776)
	at org.testng.Assert.assertTrue(Assert.java:44)
	at com.mytest.Admission.Qualification_contains_Special_Characters(Admission.java:1301)
	at java.base/jdk.internal.reflect.NativeMethodAccessorImpl.invoke0(Native Method)
	at java.base/jdk.internal.reflect.NativeMethodAccessorImpl.invoke(Unknown Source)
	at java.base/jdk.internal.reflect.DelegatingMethodAccessorImpl.invoke(Unknown Source)
	at java.base/java.lang.reflect.Method.invoke(Unknown Source)
	at org.testng.internal.MethodInvocationHelper.invokeMethod(MethodInvocationHelper.java:124)
	at org.testng.internal.Invoker.invokeMethod(Invoker.java:580)
	at org.testng.internal.Invoker.invokeTestMethod(Invoker.java:716)
	at org.testng.internal.Invoker.invokeTestMethods(Invoker.java:988)
	at org.testng.internal.TestMethodWorker.invokeTestMethods(TestMethodWorker.java:125)
	at org.testng.internal.TestMethodWorker.run(TestMethodWorker.java:109)
	at org.testng.TestRunner.privateRun(TestRunner.java:648)
	at org.testng.TestRunner.run(TestRunner.java:505)
	at org.testng.SuiteRunner.runTest(SuiteRunner.java:455)
	at org.testng.SuiteRunner.access$000(SuiteRunner.java:40)
	at org.testng.SuiteRunner$SuiteWorker.run(SuiteRunner.java:489)
	at org.testng.internal.thread.ThreadUtil$1.call(ThreadUtil.java:52)
	at java.base/java.util.concurrent.FutureTask.run(Unknown Source)
	at java.base/java.util.concurrent.ThreadPoolExecutor.runWorker(Unknown Source)
	at java.base/java.util.concurrent.ThreadPoolExecutor$Worker.run(Unknown Source)
	at java.base/java.lang.Thread.run(Unknown Source)
</pre></div></td>
<td>0</td>
<td>com.mytest.Admission@29d89d5d</td></tr>
<tr>
<td title='com.mytest.Admission.Qualification_contains_numbers()'><b>Qualification_contains_numbers</b><br>Test class: com.mytest.Admission</td>
<td><div><pre>java.lang.AssertionError: College Name Contains Numbers expected [true] but found [false]
	at com.mytest.Admission.Qualification_contains_numbers(Admission.java:1310)
	at java.base/java.util.concurrent.FutureTask.run(Unknown Source)
	at java.base/java.util.concurrent.ThreadPoolExecutor.runWorker(Unknown Source)
	at java.base/java.util.concurrent.ThreadPoolExecutor$Worker.run(Unknown Source)
	at java.base/java.lang.Thread.run(Unknown Source)
... Removed 19 stack frames</pre></div><a href='#' onClick='toggleBox("stack-trace118497871", this, "Click to show all stack frames", "Click to hide stack frames")'>Click to show all stack frames</a>
<div class='stack-trace' id='stack-trace118497871'><pre>java.lang.AssertionError: College Name Contains Numbers expected [true] but found [false]
	at org.testng.Assert.fail(Assert.java:96)
	at org.testng.Assert.failNotEquals(Assert.java:776)
	at org.testng.Assert.assertTrue(Assert.java:44)
	at com.mytest.Admission.Qualification_contains_numbers(Admission.java:1310)
	at java.base/jdk.internal.reflect.NativeMethodAccessorImpl.invoke0(Native Method)
	at java.base/jdk.internal.reflect.NativeMethodAccessorImpl.invoke(Unknown Source)
	at java.base/jdk.internal.reflect.DelegatingMethodAccessorImpl.invoke(Unknown Source)
	at java.base/java.lang.reflect.Method.invoke(Unknown Source)
	at org.testng.internal.MethodInvocationHelper.invokeMethod(MethodInvocationHelper.java:124)
	at org.testng.internal.Invoker.invokeMethod(Invoker.java:580)
	at org.testng.internal.Invoker.invokeTestMethod(Invoker.java:716)
	at org.testng.internal.Invoker.invokeTestMethods(Invoker.java:988)
	at org.testng.internal.TestMethodWorker.invokeTestMethods(TestMethodWorker.java:125)
	at org.testng.internal.TestMethodWorker.run(TestMethodWorker.java:109)
	at org.testng.TestRunner.privateRun(TestRunner.java:648)
	at org.testng.TestRunner.run(TestRunner.java:505)
	at org.testng.SuiteRunner.runTest(SuiteRunner.java:455)
	at org.testng.SuiteRunner.access$000(SuiteRunner.java:40)
	at org.testng.SuiteRunner$SuiteWorker.run(SuiteRunner.java:489)
	at org.testng.internal.thread.ThreadUtil$1.call(ThreadUtil.java:52)
	at java.base/java.util.concurrent.FutureTask.run(Unknown Source)
	at java.base/java.util.concurrent.ThreadPoolExecutor.runWorker(Unknown Source)
	at java.base/java.util.concurrent.ThreadPoolExecutor$Worker.run(Unknown Source)
	at java.base/java.lang.Thread.run(Unknown Source)
</pre></div></td>
<td>0</td>
<td>com.mytest.Admission@29d89d5d</td></tr>
<tr>
<td title='com.mytest.Admission.Secondary_email_contain_whitespaces_at_begining()'><b>Secondary_email_contain_whitespaces_at_begining</b><br>Test class: com.mytest.Admission</td>
<td><div><pre>java.lang.AssertionError: Secondary Email contain Whitespaces at Begining expected [true] but found [false]
	at com.mytest.Admission.Secondary_email_contain_whitespaces_at_begining(Admission.java:694)
	at java.base/java.util.concurrent.FutureTask.run(Unknown Source)
	at java.base/java.util.concurrent.ThreadPoolExecutor.runWorker(Unknown Source)
	at java.base/java.util.concurrent.ThreadPoolExecutor$Worker.run(Unknown Source)
	at java.base/java.lang.Thread.run(Unknown Source)
... Removed 19 stack frames</pre></div><a href='#' onClick='toggleBox("stack-trace929517088", this, "Click to show all stack frames", "Click to hide stack frames")'>Click to show all stack frames</a>
<div class='stack-trace' id='stack-trace929517088'><pre>java.lang.AssertionError: Secondary Email contain Whitespaces at Begining expected [true] but found [false]
	at org.testng.Assert.fail(Assert.java:96)
	at org.testng.Assert.failNotEquals(Assert.java:776)
	at org.testng.Assert.assertTrue(Assert.java:44)
	at com.mytest.Admission.Secondary_email_contain_whitespaces_at_begining(Admission.java:694)
	at java.base/jdk.internal.reflect.NativeMethodAccessorImpl.invoke0(Native Method)
	at java.base/jdk.internal.reflect.NativeMethodAccessorImpl.invoke(Unknown Source)
	at java.base/jdk.internal.reflect.DelegatingMethodAccessorImpl.invoke(Unknown Source)
	at java.base/java.lang.reflect.Method.invoke(Unknown Source)
	at org.testng.internal.MethodInvocationHelper.invokeMethod(MethodInvocationHelper.java:124)
	at org.testng.internal.Invoker.invokeMethod(Invoker.java:580)
	at org.testng.internal.Invoker.invokeTestMethod(Invoker.java:716)
	at org.testng.internal.Invoker.invokeTestMethods(Invoker.java:988)
	at org.testng.internal.TestMethodWorker.invokeTestMethods(TestMethodWorker.java:125)
	at org.testng.internal.TestMethodWorker.run(TestMethodWorker.java:109)
	at org.testng.TestRunner.privateRun(TestRunner.java:648)
	at org.testng.TestRunner.run(TestRunner.java:505)
	at org.testng.SuiteRunner.runTest(SuiteRunner.java:455)
	at org.testng.SuiteRunner.access$000(SuiteRunner.java:40)
	at org.testng.SuiteRunner$SuiteWorker.run(SuiteRunner.java:489)
	at org.testng.internal.thread.ThreadUtil$1.call(ThreadUtil.java:52)
	at java.base/java.util.concurrent.FutureTask.run(Unknown Source)
	at java.base/java.util.concurrent.ThreadPoolExecutor.runWorker(Unknown Source)
	at java.base/java.util.concurrent.ThreadPoolExecutor$Worker.run(Unknown Source)
	at java.base/java.lang.Thread.run(Unknown Source)
</pre></div></td>
<td>1</td>
<td>com.mytest.Admission@29d89d5d</td></tr>
<tr>
<td title='com.mytest.Admission.Secondary_email_contains_whitespaces_at_begining()'><b>Secondary_email_contains_whitespaces_at_begining</b><br>Test class: com.mytest.Admission</td>
<td><div><pre>java.lang.AssertionError: Secondary Email contain Whitespaces at Begining expected [true] but found [false]
	at com.mytest.Admission.Secondary_email_contains_whitespaces_at_begining(Admission.java:1695)
	at java.base/java.util.concurrent.FutureTask.run(Unknown Source)
	at java.base/java.util.concurrent.ThreadPoolExecutor.runWorker(Unknown Source)
	at java.base/java.util.concurrent.ThreadPoolExecutor$Worker.run(Unknown Source)
	at java.base/java.lang.Thread.run(Unknown Source)
... Removed 19 stack frames</pre></div><a href='#' onClick='toggleBox("stack-trace1232985907", this, "Click to show all stack frames", "Click to hide stack frames")'>Click to show all stack frames</a>
<div class='stack-trace' id='stack-trace1232985907'><pre>java.lang.AssertionError: Secondary Email contain Whitespaces at Begining expected [true] but found [false]
	at org.testng.Assert.fail(Assert.java:96)
	at org.testng.Assert.failNotEquals(Assert.java:776)
	at org.testng.Assert.assertTrue(Assert.java:44)
	at com.mytest.Admission.Secondary_email_contains_whitespaces_at_begining(Admission.java:1695)
	at java.base/jdk.internal.reflect.NativeMethodAccessorImpl.invoke0(Native Method)
	at java.base/jdk.internal.reflect.NativeMethodAccessorImpl.invoke(Unknown Source)
	at java.base/jdk.internal.reflect.DelegatingMethodAccessorImpl.invoke(Unknown Source)
	at java.base/java.lang.reflect.Method.invoke(Unknown Source)
	at org.testng.internal.MethodInvocationHelper.invokeMethod(MethodInvocationHelper.java:124)
	at org.testng.internal.Invoker.invokeMethod(Invoker.java:580)
	at org.testng.internal.Invoker.invokeTestMethod(Invoker.java:716)
	at org.testng.internal.Invoker.invokeTestMethods(Invoker.java:988)
	at org.testng.internal.TestMethodWorker.invokeTestMethods(TestMethodWorker.java:125)
	at org.testng.internal.TestMethodWorker.run(TestMethodWorker.java:109)
	at org.testng.TestRunner.privateRun(TestRunner.java:648)
	at org.testng.TestRunner.run(TestRunner.java:505)
	at org.testng.SuiteRunner.runTest(SuiteRunner.java:455)
	at org.testng.SuiteRunner.access$000(SuiteRunner.java:40)
	at org.testng.SuiteRunner$SuiteWorker.run(SuiteRunner.java:489)
	at org.testng.internal.thread.ThreadUtil$1.call(ThreadUtil.java:52)
	at java.base/java.util.concurrent.FutureTask.run(Unknown Source)
	at java.base/java.util.concurrent.ThreadPoolExecutor.runWorker(Unknown Source)
	at java.base/java.util.concurrent.ThreadPoolExecutor$Worker.run(Unknown Source)
	at java.base/java.lang.Thread.run(Unknown Source)
</pre></div></td>
<td>1</td>
<td>com.mytest.Admission@29d89d5d</td></tr>
<tr>
<td title='com.mytest.Admission.Secondary_mobno_contain_lessthan_10_numbers()'><b>Secondary_mobno_contain_lessthan_10_numbers</b><br>Test class: com.mytest.Admission</td>
<td><div><pre>java.lang.AssertionError: Secondary Mobile No Contains Less than 10 numbers expected [true] but found [false]
	at com.mytest.Admission.Secondary_mobno_contain_lessthan_10_numbers(Admission.java:598)
	at java.base/java.util.concurrent.FutureTask.run(Unknown Source)
	at java.base/java.util.concurrent.ThreadPoolExecutor.runWorker(Unknown Source)
	at java.base/java.util.concurrent.ThreadPoolExecutor$Worker.run(Unknown Source)
	at java.base/java.lang.Thread.run(Unknown Source)
... Removed 19 stack frames</pre></div><a href='#' onClick='toggleBox("stack-trace952743938", this, "Click to show all stack frames", "Click to hide stack frames")'>Click to show all stack frames</a>
<div class='stack-trace' id='stack-trace952743938'><pre>java.lang.AssertionError: Secondary Mobile No Contains Less than 10 numbers expected [true] but found [false]
	at org.testng.Assert.fail(Assert.java:96)
	at org.testng.Assert.failNotEquals(Assert.java:776)
	at org.testng.Assert.assertTrue(Assert.java:44)
	at com.mytest.Admission.Secondary_mobno_contain_lessthan_10_numbers(Admission.java:598)
	at java.base/jdk.internal.reflect.NativeMethodAccessorImpl.invoke0(Native Method)
	at java.base/jdk.internal.reflect.NativeMethodAccessorImpl.invoke(Unknown Source)
	at java.base/jdk.internal.reflect.DelegatingMethodAccessorImpl.invoke(Unknown Source)
	at java.base/java.lang.reflect.Method.invoke(Unknown Source)
	at org.testng.internal.MethodInvocationHelper.invokeMethod(MethodInvocationHelper.java:124)
	at org.testng.internal.Invoker.invokeMethod(Invoker.java:580)
	at org.testng.internal.Invoker.invokeTestMethod(Invoker.java:716)
	at org.testng.internal.Invoker.invokeTestMethods(Invoker.java:988)
	at org.testng.internal.TestMethodWorker.invokeTestMethods(TestMethodWorker.java:125)
	at org.testng.internal.TestMethodWorker.run(TestMethodWorker.java:109)
	at org.testng.TestRunner.privateRun(TestRunner.java:648)
	at org.testng.TestRunner.run(TestRunner.java:505)
	at org.testng.SuiteRunner.runTest(SuiteRunner.java:455)
	at org.testng.SuiteRunner.access$000(SuiteRunner.java:40)
	at org.testng.SuiteRunner$SuiteWorker.run(SuiteRunner.java:489)
	at org.testng.internal.thread.ThreadUtil$1.call(ThreadUtil.java:52)
	at java.base/java.util.concurrent.FutureTask.run(Unknown Source)
	at java.base/java.util.concurrent.ThreadPoolExecutor.runWorker(Unknown Source)
	at java.base/java.util.concurrent.ThreadPoolExecutor$Worker.run(Unknown Source)
	at java.base/java.lang.Thread.run(Unknown Source)
</pre></div></td>
<td>0</td>
<td>com.mytest.Admission@29d89d5d</td></tr>
<tr>
<td title='com.mytest.Admission.Secondary_mobno_contain_special_characters()'><b>Secondary_mobno_contain_special_characters</b><br>Test class: com.mytest.Admission</td>
<td><div><pre>java.lang.AssertionError: Secondary Mobile No Contains Spaecial Characters expected [true] but found [false]
	at com.mytest.Admission.Secondary_mobno_contain_special_characters(Admission.java:544)
	at java.base/java.util.concurrent.FutureTask.run(Unknown Source)
	at java.base/java.util.concurrent.ThreadPoolExecutor.runWorker(Unknown Source)
	at java.base/java.util.concurrent.ThreadPoolExecutor$Worker.run(Unknown Source)
	at java.base/java.lang.Thread.run(Unknown Source)
... Removed 19 stack frames</pre></div><a href='#' onClick='toggleBox("stack-trace2034164448", this, "Click to show all stack frames", "Click to hide stack frames")'>Click to show all stack frames</a>
<div class='stack-trace' id='stack-trace2034164448'><pre>java.lang.AssertionError: Secondary Mobile No Contains Spaecial Characters expected [true] but found [false]
	at org.testng.Assert.fail(Assert.java:96)
	at org.testng.Assert.failNotEquals(Assert.java:776)
	at org.testng.Assert.assertTrue(Assert.java:44)
	at com.mytest.Admission.Secondary_mobno_contain_special_characters(Admission.java:544)
	at java.base/jdk.internal.reflect.NativeMethodAccessorImpl.invoke0(Native Method)
	at java.base/jdk.internal.reflect.NativeMethodAccessorImpl.invoke(Unknown Source)
	at java.base/jdk.internal.reflect.DelegatingMethodAccessorImpl.invoke(Unknown Source)
	at java.base/java.lang.reflect.Method.invoke(Unknown Source)
	at org.testng.internal.MethodInvocationHelper.invokeMethod(MethodInvocationHelper.java:124)
	at org.testng.internal.Invoker.invokeMethod(Invoker.java:580)
	at org.testng.internal.Invoker.invokeTestMethod(Invoker.java:716)
	at org.testng.internal.Invoker.invokeTestMethods(Invoker.java:988)
	at org.testng.internal.TestMethodWorker.invokeTestMethods(TestMethodWorker.java:125)
	at org.testng.internal.TestMethodWorker.run(TestMethodWorker.java:109)
	at org.testng.TestRunner.privateRun(TestRunner.java:648)
	at org.testng.TestRunner.run(TestRunner.java:505)
	at org.testng.SuiteRunner.runTest(SuiteRunner.java:455)
	at org.testng.SuiteRunner.access$000(SuiteRunner.java:40)
	at org.testng.SuiteRunner$SuiteWorker.run(SuiteRunner.java:489)
	at org.testng.internal.thread.ThreadUtil$1.call(ThreadUtil.java:52)
	at java.base/java.util.concurrent.FutureTask.run(Unknown Source)
	at java.base/java.util.concurrent.ThreadPoolExecutor.runWorker(Unknown Source)
	at java.base/java.util.concurrent.ThreadPoolExecutor$Worker.run(Unknown Source)
	at java.base/java.lang.Thread.run(Unknown Source)
</pre></div></td>
<td>0</td>
<td>com.mytest.Admission@29d89d5d</td></tr>
<tr>
<td title='com.mytest.Admission.Secondary_mobno_contains_lessthan_10_numbers()'><b>Secondary_mobno_contains_lessthan_10_numbers</b><br>Test class: com.mytest.Admission</td>
<td><div><pre>java.lang.AssertionError: Secondary Mobile No Contains Less than 10 numbers expected [true] but found [false]
	at com.mytest.Admission.Secondary_mobno_contains_lessthan_10_numbers(Admission.java:1597)
	at java.base/java.util.concurrent.FutureTask.run(Unknown Source)
	at java.base/java.util.concurrent.ThreadPoolExecutor.runWorker(Unknown Source)
	at java.base/java.util.concurrent.ThreadPoolExecutor$Worker.run(Unknown Source)
	at java.base/java.lang.Thread.run(Unknown Source)
... Removed 19 stack frames</pre></div><a href='#' onClick='toggleBox("stack-trace1046572347", this, "Click to show all stack frames", "Click to hide stack frames")'>Click to show all stack frames</a>
<div class='stack-trace' id='stack-trace1046572347'><pre>java.lang.AssertionError: Secondary Mobile No Contains Less than 10 numbers expected [true] but found [false]
	at org.testng.Assert.fail(Assert.java:96)
	at org.testng.Assert.failNotEquals(Assert.java:776)
	at org.testng.Assert.assertTrue(Assert.java:44)
	at com.mytest.Admission.Secondary_mobno_contains_lessthan_10_numbers(Admission.java:1597)
	at java.base/jdk.internal.reflect.NativeMethodAccessorImpl.invoke0(Native Method)
	at java.base/jdk.internal.reflect.NativeMethodAccessorImpl.invoke(Unknown Source)
	at java.base/jdk.internal.reflect.DelegatingMethodAccessorImpl.invoke(Unknown Source)
	at java.base/java.lang.reflect.Method.invoke(Unknown Source)
	at org.testng.internal.MethodInvocationHelper.invokeMethod(MethodInvocationHelper.java:124)
	at org.testng.internal.Invoker.invokeMethod(Invoker.java:580)
	at org.testng.internal.Invoker.invokeTestMethod(Invoker.java:716)
	at org.testng.internal.Invoker.invokeTestMethods(Invoker.java:988)
	at org.testng.internal.TestMethodWorker.invokeTestMethods(TestMethodWorker.java:125)
	at org.testng.internal.TestMethodWorker.run(TestMethodWorker.java:109)
	at org.testng.TestRunner.privateRun(TestRunner.java:648)
	at org.testng.TestRunner.run(TestRunner.java:505)
	at org.testng.SuiteRunner.runTest(SuiteRunner.java:455)
	at org.testng.SuiteRunner.access$000(SuiteRunner.java:40)
	at org.testng.SuiteRunner$SuiteWorker.run(SuiteRunner.java:489)
	at org.testng.internal.thread.ThreadUtil$1.call(ThreadUtil.java:52)
	at java.base/java.util.concurrent.FutureTask.run(Unknown Source)
	at java.base/java.util.concurrent.ThreadPoolExecutor.runWorker(Unknown Source)
	at java.base/java.util.concurrent.ThreadPoolExecutor$Worker.run(Unknown Source)
	at java.base/java.lang.Thread.run(Unknown Source)
</pre></div></td>
<td>0</td>
<td>com.mytest.Admission@29d89d5d</td></tr>
<tr>
<td title='com.mytest.Admission.Secondary_mobno_contains_special_characters()'><b>Secondary_mobno_contains_special_characters</b><br>Test class: com.mytest.Admission</td>
<td><div><pre>java.lang.AssertionError: Secondary Mobile No Contains Spaecial Characters expected [true] but found [false]
	at com.mytest.Admission.Secondary_mobno_contains_special_characters(Admission.java:1543)
	at java.base/java.util.concurrent.FutureTask.run(Unknown Source)
	at java.base/java.util.concurrent.ThreadPoolExecutor.runWorker(Unknown Source)
	at java.base/java.util.concurrent.ThreadPoolExecutor$Worker.run(Unknown Source)
	at java.base/java.lang.Thread.run(Unknown Source)
... Removed 19 stack frames</pre></div><a href='#' onClick='toggleBox("stack-trace541095587", this, "Click to show all stack frames", "Click to hide stack frames")'>Click to show all stack frames</a>
<div class='stack-trace' id='stack-trace541095587'><pre>java.lang.AssertionError: Secondary Mobile No Contains Spaecial Characters expected [true] but found [false]
	at org.testng.Assert.fail(Assert.java:96)
	at org.testng.Assert.failNotEquals(Assert.java:776)
	at org.testng.Assert.assertTrue(Assert.java:44)
	at com.mytest.Admission.Secondary_mobno_contains_special_characters(Admission.java:1543)
	at java.base/jdk.internal.reflect.NativeMethodAccessorImpl.invoke0(Native Method)
	at java.base/jdk.internal.reflect.NativeMethodAccessorImpl.invoke(Unknown Source)
	at java.base/jdk.internal.reflect.DelegatingMethodAccessorImpl.invoke(Unknown Source)
	at java.base/java.lang.reflect.Method.invoke(Unknown Source)
	at org.testng.internal.MethodInvocationHelper.invokeMethod(MethodInvocationHelper.java:124)
	at org.testng.internal.Invoker.invokeMethod(Invoker.java:580)
	at org.testng.internal.Invoker.invokeTestMethod(Invoker.java:716)
	at org.testng.internal.Invoker.invokeTestMethods(Invoker.java:988)
	at org.testng.internal.TestMethodWorker.invokeTestMethods(TestMethodWorker.java:125)
	at org.testng.internal.TestMethodWorker.run(TestMethodWorker.java:109)
	at org.testng.TestRunner.privateRun(TestRunner.java:648)
	at org.testng.TestRunner.run(TestRunner.java:505)
	at org.testng.SuiteRunner.runTest(SuiteRunner.java:455)
	at org.testng.SuiteRunner.access$000(SuiteRunner.java:40)
	at org.testng.SuiteRunner$SuiteWorker.run(SuiteRunner.java:489)
	at org.testng.internal.thread.ThreadUtil$1.call(ThreadUtil.java:52)
	at java.base/java.util.concurrent.FutureTask.run(Unknown Source)
	at java.base/java.util.concurrent.ThreadPoolExecutor.runWorker(Unknown Source)
	at java.base/java.util.concurrent.ThreadPoolExecutor$Worker.run(Unknown Source)
	at java.base/java.lang.Thread.run(Unknown Source)
</pre></div></td>
<td>0</td>
<td>com.mytest.Admission@29d89d5d</td></tr>
<tr>
<td title='com.mytest.Admission.Studentname_contain_Special_Characters()'><b>Studentname_contain_Special_Characters</b><br>Test class: com.mytest.Admission</td>
<td><div><pre>java.lang.AssertionError: Student Name Contains Special Characters expected [true] but found [false]
	at com.mytest.Admission.Studentname_contain_Special_Characters(Admission.java:92)
	at java.base/java.util.concurrent.FutureTask.run(Unknown Source)
	at java.base/java.util.concurrent.ThreadPoolExecutor.runWorker(Unknown Source)
	at java.base/java.util.concurrent.ThreadPoolExecutor$Worker.run(Unknown Source)
	at java.base/java.lang.Thread.run(Unknown Source)
... Removed 19 stack frames</pre></div><a href='#' onClick='toggleBox("stack-trace674970067", this, "Click to show all stack frames", "Click to hide stack frames")'>Click to show all stack frames</a>
<div class='stack-trace' id='stack-trace674970067'><pre>java.lang.AssertionError: Student Name Contains Special Characters expected [true] but found [false]
	at org.testng.Assert.fail(Assert.java:96)
	at org.testng.Assert.failNotEquals(Assert.java:776)
	at org.testng.Assert.assertTrue(Assert.java:44)
	at com.mytest.Admission.Studentname_contain_Special_Characters(Admission.java:92)
	at java.base/jdk.internal.reflect.NativeMethodAccessorImpl.invoke0(Native Method)
	at java.base/jdk.internal.reflect.NativeMethodAccessorImpl.invoke(Unknown Source)
	at java.base/jdk.internal.reflect.DelegatingMethodAccessorImpl.invoke(Unknown Source)
	at java.base/java.lang.reflect.Method.invoke(Unknown Source)
	at org.testng.internal.MethodInvocationHelper.invokeMethod(MethodInvocationHelper.java:124)
	at org.testng.internal.Invoker.invokeMethod(Invoker.java:580)
	at org.testng.internal.Invoker.invokeTestMethod(Invoker.java:716)
	at org.testng.internal.Invoker.invokeTestMethods(Invoker.java:988)
	at org.testng.internal.TestMethodWorker.invokeTestMethods(TestMethodWorker.java:125)
	at org.testng.internal.TestMethodWorker.run(TestMethodWorker.java:109)
	at org.testng.TestRunner.privateRun(TestRunner.java:648)
	at org.testng.TestRunner.run(TestRunner.java:505)
	at org.testng.SuiteRunner.runTest(SuiteRunner.java:455)
	at org.testng.SuiteRunner.access$000(SuiteRunner.java:40)
	at org.testng.SuiteRunner$SuiteWorker.run(SuiteRunner.java:489)
	at org.testng.internal.thread.ThreadUtil$1.call(ThreadUtil.java:52)
	at java.base/java.util.concurrent.FutureTask.run(Unknown Source)
	at java.base/java.util.concurrent.ThreadPoolExecutor.runWorker(Unknown Source)
	at java.base/java.util.concurrent.ThreadPoolExecutor$Worker.run(Unknown Source)
	at java.base/java.lang.Thread.run(Unknown Source)
</pre></div></td>
<td>7</td>
<td>com.mytest.Admission@29d89d5d</td></tr>
<tr>
<td title='com.mytest.Admission.Studentname_contain_whitespaces()'><b>Studentname_contain_whitespaces</b><br>Test class: com.mytest.Admission</td>
<td><div><pre>java.lang.AssertionError: Student Name Contains Whitespaces expected [true] but found [false]
	at com.mytest.Admission.Studentname_contain_whitespaces(Admission.java:110)
	at java.base/java.util.concurrent.FutureTask.run(Unknown Source)
	at java.base/java.util.concurrent.ThreadPoolExecutor.runWorker(Unknown Source)
	at java.base/java.util.concurrent.ThreadPoolExecutor$Worker.run(Unknown Source)
	at java.base/java.lang.Thread.run(Unknown Source)
... Removed 19 stack frames</pre></div><a href='#' onClick='toggleBox("stack-trace539173985", this, "Click to show all stack frames", "Click to hide stack frames")'>Click to show all stack frames</a>
<div class='stack-trace' id='stack-trace539173985'><pre>java.lang.AssertionError: Student Name Contains Whitespaces expected [true] but found [false]
	at org.testng.Assert.fail(Assert.java:96)
	at org.testng.Assert.failNotEquals(Assert.java:776)
	at org.testng.Assert.assertTrue(Assert.java:44)
	at com.mytest.Admission.Studentname_contain_whitespaces(Admission.java:110)
	at java.base/jdk.internal.reflect.NativeMethodAccessorImpl.invoke0(Native Method)
	at java.base/jdk.internal.reflect.NativeMethodAccessorImpl.invoke(Unknown Source)
	at java.base/jdk.internal.reflect.DelegatingMethodAccessorImpl.invoke(Unknown Source)
	at java.base/java.lang.reflect.Method.invoke(Unknown Source)
	at org.testng.internal.MethodInvocationHelper.invokeMethod(MethodInvocationHelper.java:124)
	at org.testng.internal.Invoker.invokeMethod(Invoker.java:580)
	at org.testng.internal.Invoker.invokeTestMethod(Invoker.java:716)
	at org.testng.internal.Invoker.invokeTestMethods(Invoker.java:988)
	at org.testng.internal.TestMethodWorker.invokeTestMethods(TestMethodWorker.java:125)
	at org.testng.internal.TestMethodWorker.run(TestMethodWorker.java:109)
	at org.testng.TestRunner.privateRun(TestRunner.java:648)
	at org.testng.TestRunner.run(TestRunner.java:505)
	at org.testng.SuiteRunner.runTest(SuiteRunner.java:455)
	at org.testng.SuiteRunner.access$000(SuiteRunner.java:40)
	at org.testng.SuiteRunner$SuiteWorker.run(SuiteRunner.java:489)
	at org.testng.internal.thread.ThreadUtil$1.call(ThreadUtil.java:52)
	at java.base/java.util.concurrent.FutureTask.run(Unknown Source)
	at java.base/java.util.concurrent.ThreadPoolExecutor.runWorker(Unknown Source)
	at java.base/java.util.concurrent.ThreadPoolExecutor$Worker.run(Unknown Source)
	at java.base/java.lang.Thread.run(Unknown Source)
</pre></div></td>
<td>0</td>
<td>com.mytest.Admission@29d89d5d</td></tr>
<tr>
<td title='com.mytest.Admission.Studentname_contain_whitespaces_at_begining()'><b>Studentname_contain_whitespaces_at_begining</b><br>Test class: com.mytest.Admission</td>
<td><div><pre>java.lang.AssertionError: Student Name Contain Whitespaces at Begining expected [true] but found [false]
	at com.mytest.Admission.Studentname_contain_whitespaces_at_begining(Admission.java:128)
	at java.base/java.util.concurrent.FutureTask.run(Unknown Source)
	at java.base/java.util.concurrent.ThreadPoolExecutor.runWorker(Unknown Source)
	at java.base/java.util.concurrent.ThreadPoolExecutor$Worker.run(Unknown Source)
	at java.base/java.lang.Thread.run(Unknown Source)
... Removed 19 stack frames</pre></div><a href='#' onClick='toggleBox("stack-trace1368838679", this, "Click to show all stack frames", "Click to hide stack frames")'>Click to show all stack frames</a>
<div class='stack-trace' id='stack-trace1368838679'><pre>java.lang.AssertionError: Student Name Contain Whitespaces at Begining expected [true] but found [false]
	at org.testng.Assert.fail(Assert.java:96)
	at org.testng.Assert.failNotEquals(Assert.java:776)
	at org.testng.Assert.assertTrue(Assert.java:44)
	at com.mytest.Admission.Studentname_contain_whitespaces_at_begining(Admission.java:128)
	at java.base/jdk.internal.reflect.NativeMethodAccessorImpl.invoke0(Native Method)
	at java.base/jdk.internal.reflect.NativeMethodAccessorImpl.invoke(Unknown Source)
	at java.base/jdk.internal.reflect.DelegatingMethodAccessorImpl.invoke(Unknown Source)
	at java.base/java.lang.reflect.Method.invoke(Unknown Source)
	at org.testng.internal.MethodInvocationHelper.invokeMethod(MethodInvocationHelper.java:124)
	at org.testng.internal.Invoker.invokeMethod(Invoker.java:580)
	at org.testng.internal.Invoker.invokeTestMethod(Invoker.java:716)
	at org.testng.internal.Invoker.invokeTestMethods(Invoker.java:988)
	at org.testng.internal.TestMethodWorker.invokeTestMethods(TestMethodWorker.java:125)
	at org.testng.internal.TestMethodWorker.run(TestMethodWorker.java:109)
	at org.testng.TestRunner.privateRun(TestRunner.java:648)
	at org.testng.TestRunner.run(TestRunner.java:505)
	at org.testng.SuiteRunner.runTest(SuiteRunner.java:455)
	at org.testng.SuiteRunner.access$000(SuiteRunner.java:40)
	at org.testng.SuiteRunner$SuiteWorker.run(SuiteRunner.java:489)
	at org.testng.internal.thread.ThreadUtil$1.call(ThreadUtil.java:52)
	at java.base/java.util.concurrent.FutureTask.run(Unknown Source)
	at java.base/java.util.concurrent.ThreadPoolExecutor.runWorker(Unknown Source)
	at java.base/java.util.concurrent.ThreadPoolExecutor$Worker.run(Unknown Source)
	at java.base/java.lang.Thread.run(Unknown Source)
</pre></div></td>
<td>0</td>
<td>com.mytest.Admission@29d89d5d</td></tr>
<tr>
<td title='com.mytest.Admission.Studentname_contains_Special_Characters()'><b>Studentname_contains_Special_Characters</b><br>Test class: com.mytest.Admission</td>
<td><div><pre>java.lang.AssertionError: Student Name Contains Special Characters expected [true] but found [false]
	at com.mytest.Admission.Studentname_contains_Special_Characters(Admission.java:1089)
	at java.base/java.util.concurrent.FutureTask.run(Unknown Source)
	at java.base/java.util.concurrent.ThreadPoolExecutor.runWorker(Unknown Source)
	at java.base/java.util.concurrent.ThreadPoolExecutor$Worker.run(Unknown Source)
	at java.base/java.lang.Thread.run(Unknown Source)
... Removed 19 stack frames</pre></div><a href='#' onClick='toggleBox("stack-trace1595874311", this, "Click to show all stack frames", "Click to hide stack frames")'>Click to show all stack frames</a>
<div class='stack-trace' id='stack-trace1595874311'><pre>java.lang.AssertionError: Student Name Contains Special Characters expected [true] but found [false]
	at org.testng.Assert.fail(Assert.java:96)
	at org.testng.Assert.failNotEquals(Assert.java:776)
	at org.testng.Assert.assertTrue(Assert.java:44)
	at com.mytest.Admission.Studentname_contains_Special_Characters(Admission.java:1089)
	at java.base/jdk.internal.reflect.NativeMethodAccessorImpl.invoke0(Native Method)
	at java.base/jdk.internal.reflect.NativeMethodAccessorImpl.invoke(Unknown Source)
	at java.base/jdk.internal.reflect.DelegatingMethodAccessorImpl.invoke(Unknown Source)
	at java.base/java.lang.reflect.Method.invoke(Unknown Source)
	at org.testng.internal.MethodInvocationHelper.invokeMethod(MethodInvocationHelper.java:124)
	at org.testng.internal.Invoker.invokeMethod(Invoker.java:580)
	at org.testng.internal.Invoker.invokeTestMethod(Invoker.java:716)
	at org.testng.internal.Invoker.invokeTestMethods(Invoker.java:988)
	at org.testng.internal.TestMethodWorker.invokeTestMethods(TestMethodWorker.java:125)
	at org.testng.internal.TestMethodWorker.run(TestMethodWorker.java:109)
	at org.testng.TestRunner.privateRun(TestRunner.java:648)
	at org.testng.TestRunner.run(TestRunner.java:505)
	at org.testng.SuiteRunner.runTest(SuiteRunner.java:455)
	at org.testng.SuiteRunner.access$000(SuiteRunner.java:40)
	at org.testng.SuiteRunner$SuiteWorker.run(SuiteRunner.java:489)
	at org.testng.internal.thread.ThreadUtil$1.call(ThreadUtil.java:52)
	at java.base/java.util.concurrent.FutureTask.run(Unknown Source)
	at java.base/java.util.concurrent.ThreadPoolExecutor.runWorker(Unknown Source)
	at java.base/java.util.concurrent.ThreadPoolExecutor$Worker.run(Unknown Source)
	at java.base/java.lang.Thread.run(Unknown Source)
</pre></div></td>
<td>3</td>
<td>com.mytest.Admission@29d89d5d</td></tr>
<tr>
<td title='com.mytest.Admission.Studentname_contains_whitespaces()'><b>Studentname_contains_whitespaces</b><br>Test class: com.mytest.Admission</td>
<td><div><pre>java.lang.AssertionError: Student Name Contains Whitespaces expected [true] but found [false]
	at com.mytest.Admission.Studentname_contains_whitespaces(Admission.java:1108)
	at java.base/java.util.concurrent.FutureTask.run(Unknown Source)
	at java.base/java.util.concurrent.ThreadPoolExecutor.runWorker(Unknown Source)
	at java.base/java.util.concurrent.ThreadPoolExecutor$Worker.run(Unknown Source)
	at java.base/java.lang.Thread.run(Unknown Source)
... Removed 19 stack frames</pre></div><a href='#' onClick='toggleBox("stack-trace7267182", this, "Click to show all stack frames", "Click to hide stack frames")'>Click to show all stack frames</a>
<div class='stack-trace' id='stack-trace7267182'><pre>java.lang.AssertionError: Student Name Contains Whitespaces expected [true] but found [false]
	at org.testng.Assert.fail(Assert.java:96)
	at org.testng.Assert.failNotEquals(Assert.java:776)
	at org.testng.Assert.assertTrue(Assert.java:44)
	at com.mytest.Admission.Studentname_contains_whitespaces(Admission.java:1108)
	at java.base/jdk.internal.reflect.NativeMethodAccessorImpl.invoke0(Native Method)
	at java.base/jdk.internal.reflect.NativeMethodAccessorImpl.invoke(Unknown Source)
	at java.base/jdk.internal.reflect.DelegatingMethodAccessorImpl.invoke(Unknown Source)
	at java.base/java.lang.reflect.Method.invoke(Unknown Source)
	at org.testng.internal.MethodInvocationHelper.invokeMethod(MethodInvocationHelper.java:124)
	at org.testng.internal.Invoker.invokeMethod(Invoker.java:580)
	at org.testng.internal.Invoker.invokeTestMethod(Invoker.java:716)
	at org.testng.internal.Invoker.invokeTestMethods(Invoker.java:988)
	at org.testng.internal.TestMethodWorker.invokeTestMethods(TestMethodWorker.java:125)
	at org.testng.internal.TestMethodWorker.run(TestMethodWorker.java:109)
	at org.testng.TestRunner.privateRun(TestRunner.java:648)
	at org.testng.TestRunner.run(TestRunner.java:505)
	at org.testng.SuiteRunner.runTest(SuiteRunner.java:455)
	at org.testng.SuiteRunner.access$000(SuiteRunner.java:40)
	at org.testng.SuiteRunner$SuiteWorker.run(SuiteRunner.java:489)
	at org.testng.internal.thread.ThreadUtil$1.call(ThreadUtil.java:52)
	at java.base/java.util.concurrent.FutureTask.run(Unknown Source)
	at java.base/java.util.concurrent.ThreadPoolExecutor.runWorker(Unknown Source)
	at java.base/java.util.concurrent.ThreadPoolExecutor$Worker.run(Unknown Source)
	at java.base/java.lang.Thread.run(Unknown Source)
</pre></div></td>
<td>0</td>
<td>com.mytest.Admission@29d89d5d</td></tr>
<tr>
<td title='com.mytest.Admission.Studentname_contains_whitespaces_at_begining()'><b>Studentname_contains_whitespaces_at_begining</b><br>Test class: com.mytest.Admission</td>
<td><div><pre>java.lang.AssertionError: Student Name Contain Whitespaces at Begining expected [true] but found [false]
	at com.mytest.Admission.Studentname_contains_whitespaces_at_begining(Admission.java:1126)
	at java.base/java.util.concurrent.FutureTask.run(Unknown Source)
	at java.base/java.util.concurrent.ThreadPoolExecutor.runWorker(Unknown Source)
	at java.base/java.util.concurrent.ThreadPoolExecutor$Worker.run(Unknown Source)
	at java.base/java.lang.Thread.run(Unknown Source)
... Removed 19 stack frames</pre></div><a href='#' onClick='toggleBox("stack-trace670344768", this, "Click to show all stack frames", "Click to hide stack frames")'>Click to show all stack frames</a>
<div class='stack-trace' id='stack-trace670344768'><pre>java.lang.AssertionError: Student Name Contain Whitespaces at Begining expected [true] but found [false]
	at org.testng.Assert.fail(Assert.java:96)
	at org.testng.Assert.failNotEquals(Assert.java:776)
	at org.testng.Assert.assertTrue(Assert.java:44)
	at com.mytest.Admission.Studentname_contains_whitespaces_at_begining(Admission.java:1126)
	at java.base/jdk.internal.reflect.NativeMethodAccessorImpl.invoke0(Native Method)
	at java.base/jdk.internal.reflect.NativeMethodAccessorImpl.invoke(Unknown Source)
	at java.base/jdk.internal.reflect.DelegatingMethodAccessorImpl.invoke(Unknown Source)
	at java.base/java.lang.reflect.Method.invoke(Unknown Source)
	at org.testng.internal.MethodInvocationHelper.invokeMethod(MethodInvocationHelper.java:124)
	at org.testng.internal.Invoker.invokeMethod(Invoker.java:580)
	at org.testng.internal.Invoker.invokeTestMethod(Invoker.java:716)
	at org.testng.internal.Invoker.invokeTestMethods(Invoker.java:988)
	at org.testng.internal.TestMethodWorker.invokeTestMethods(TestMethodWorker.java:125)
	at org.testng.internal.TestMethodWorker.run(TestMethodWorker.java:109)
	at org.testng.TestRunner.privateRun(TestRunner.java:648)
	at org.testng.TestRunner.run(TestRunner.java:505)
	at org.testng.SuiteRunner.runTest(SuiteRunner.java:455)
	at org.testng.SuiteRunner.access$000(SuiteRunner.java:40)
	at org.testng.SuiteRunner$SuiteWorker.run(SuiteRunner.java:489)
	at org.testng.internal.thread.ThreadUtil$1.call(ThreadUtil.java:52)
	at java.base/java.util.concurrent.FutureTask.run(Unknown Source)
	at java.base/java.util.concurrent.ThreadPoolExecutor.runWorker(Unknown Source)
	at java.base/java.util.concurrent.ThreadPoolExecutor$Worker.run(Unknown Source)
	at java.base/java.lang.Thread.run(Unknown Source)
</pre></div></td>
<td>0</td>
<td>com.mytest.Admission@29d89d5d</td></tr>
</table><p>
<table width='100%' border='1' class='invocation-passed'>
<tr><td colspan='4' align='center'><b>PASSED TESTS</b></td></tr>
<tr><td><b>Test method</b></td>
<td width="30%"><b>Exception</b></td>
<td width="10%"><b>Time (seconds)</b></td>
<td><b>Instance</b></td>
</tr>
<tr>
<td title='com.mytest.Admission.Aadharno_contain_alphabets()'><b>Aadharno_contain_alphabets</b><br>Test class: com.mytest.Admission</td>
<td></td>
<td>0</td>
<td>com.mytest.Admission@29d89d5d</td></tr>
<tr>
<td title='com.mytest.Admission.Aadharno_contain_numbers()'><b>Aadharno_contain_numbers</b><br>Test class: com.mytest.Admission</td>
<td></td>
<td>0</td>
<td>com.mytest.Admission@29d89d5d</td></tr>
<tr>
<td title='com.mytest.Admission.Aadharno_contain_whitespaces_at_begining()'><b>Aadharno_contain_whitespaces_at_begining</b><br>Test class: com.mytest.Admission</td>
<td></td>
<td>0</td>
<td>com.mytest.Admission@29d89d5d</td></tr>
<tr>
<td title='com.mytest.Admission.Aadharno_contains_alphabets()'><b>Aadharno_contains_alphabets</b><br>Test class: com.mytest.Admission</td>
<td></td>
<td>0</td>
<td>com.mytest.Admission@29d89d5d</td></tr>
<tr>
<td title='com.mytest.Admission.Aadharno_contains_numbers()'><b>Aadharno_contains_numbers</b><br>Test class: com.mytest.Admission</td>
<td></td>
<td>0</td>
<td>com.mytest.Admission@29d89d5d</td></tr>
<tr>
<td title='com.mytest.Admission.Aadharno_contains_whitespaces_at_begining()'><b>Aadharno_contains_whitespaces_at_begining</b><br>Test class: com.mytest.Admission</td>
<td></td>
<td>0</td>
<td>com.mytest.Admission@29d89d5d</td></tr>
<tr>
<td title='com.mytest.Admission.Add_Enquiry()'><b>Add_Enquiry</b><br>Test class: com.mytest.Admission</td>
<td></td>
<td>12</td>
<td>com.mytest.Admission@29d89d5d</td></tr>
<tr>
<td title='com.mytest.Admission.Admission_Date()'><b>Admission_Date</b><br>Test class: com.mytest.Admission</td>
<td></td>
<td>0</td>
<td>com.mytest.Admission@29d89d5d</td></tr>
<tr>
<td title='com.mytest.Admission.Admission_date()'><b>Admission_date</b><br>Test class: com.mytest.Admission</td>
<td></td>
<td>0</td>
<td>com.mytest.Admission@29d89d5d</td></tr>
<tr>
<td title='com.mytest.Admission.Birthdate_Functionality()'><b>Birthdate_Functionality</b><br>Test class: com.mytest.Admission</td>
<td></td>
<td>3</td>
<td>com.mytest.Admission@29d89d5d</td></tr>
<tr>
<td title='com.mytest.Admission.Birthdate_functionality()'><b>Birthdate_functionality</b><br>Test class: com.mytest.Admission</td>
<td></td>
<td>1</td>
<td>com.mytest.Admission@29d89d5d</td></tr>
<tr>
<td title='com.mytest.Admission.Blank_Current_address()'><b>Blank_Current_address</b><br>Test class: com.mytest.Admission</td>
<td></td>
<td>7</td>
<td>com.mytest.Admission@29d89d5d</td></tr>
<tr>
<td title='com.mytest.Admission.Blank_Discount_Functionality()'><b>Blank_Discount_Functionality</b><br>Test class: com.mytest.Admission</td>
<td></td>
<td>4</td>
<td>com.mytest.Admission@29d89d5d</td></tr>
<tr>
<td title='com.mytest.Admission.Blank_current_address()'><b>Blank_current_address</b><br>Test class: com.mytest.Admission</td>
<td></td>
<td>4</td>
<td>com.mytest.Admission@29d89d5d</td></tr>
<tr>
<td title='com.mytest.Admission.CollegeName_field_is_Blank()'><b>CollegeName_field_is_Blank</b><br>Test class: com.mytest.Admission</td>
<td></td>
<td>0</td>
<td>com.mytest.Admission@29d89d5d</td></tr>
<tr>
<td title='com.mytest.Admission.Collegename_contain_alphabets()'><b>Collegename_contain_alphabets</b><br>Test class: com.mytest.Admission</td>
<td></td>
<td>0</td>
<td>com.mytest.Admission@29d89d5d</td></tr>
<tr>
<td title='com.mytest.Admission.Collegename_contain_numbers()'><b>Collegename_contain_numbers</b><br>Test class: com.mytest.Admission</td>
<td></td>
<td>0</td>
<td>com.mytest.Admission@29d89d5d</td></tr>
<tr>
<td title='com.mytest.Admission.Collegename_contain_whitespaces()'><b>Collegename_contain_whitespaces</b><br>Test class: com.mytest.Admission</td>
<td></td>
<td>0</td>
<td>com.mytest.Admission@29d89d5d</td></tr>
<tr>
<td title='com.mytest.Admission.Collegename_contain_whitespaces_at_begining()'><b>Collegename_contain_whitespaces_at_begining</b><br>Test class: com.mytest.Admission</td>
<td></td>
<td>0</td>
<td>com.mytest.Admission@29d89d5d</td></tr>
<tr>
<td title='com.mytest.Admission.Collegename_contains_alphabets()'><b>Collegename_contains_alphabets</b><br>Test class: com.mytest.Admission</td>
<td></td>
<td>0</td>
<td>com.mytest.Admission@29d89d5d</td></tr>
<tr>
<td title='com.mytest.Admission.Collegename_contains_numbers()'><b>Collegename_contains_numbers</b><br>Test class: com.mytest.Admission</td>
<td></td>
<td>0</td>
<td>com.mytest.Admission@29d89d5d</td></tr>
<tr>
<td title='com.mytest.Admission.Collegename_contains_whitespaces()'><b>Collegename_contains_whitespaces</b><br>Test class: com.mytest.Admission</td>
<td></td>
<td>0</td>
<td>com.mytest.Admission@29d89d5d</td></tr>
<tr>
<td title='com.mytest.Admission.Collegename_contains_whitespaces_at_begining()'><b>Collegename_contains_whitespaces_at_begining</b><br>Test class: com.mytest.Admission</td>
<td></td>
<td>0</td>
<td>com.mytest.Admission@29d89d5d</td></tr>
<tr>
<td title='com.mytest.Admission.Collegename_field_is_Blank()'><b>Collegename_field_is_Blank</b><br>Test class: com.mytest.Admission</td>
<td></td>
<td>0</td>
<td>com.mytest.Admission@29d89d5d</td></tr>
<tr>
<td title='com.mytest.Admission.Communicationdetails_next_button_Functionality()'><b>Communicationdetails_next_button_Functionality</b><br>Test class: com.mytest.Admission</td>
<td></td>
<td>5</td>
<td>com.mytest.Admission@29d89d5d</td></tr>
<tr>
<td title='com.mytest.Admission.Communicationdetails_next_button_functionality()'><b>Communicationdetails_next_button_functionality</b><br>Test class: com.mytest.Admission</td>
<td></td>
<td>1</td>
<td>com.mytest.Admission@29d89d5d</td></tr>
<tr>
<td title='com.mytest.Admission.CourseDetails_next_button_Functionality()'><b>CourseDetails_next_button_Functionality</b><br>Test class: com.mytest.Admission</td>
<td></td>
<td>3</td>
<td>com.mytest.Admission@29d89d5d</td></tr>
<tr>
<td title='com.mytest.Admission.CourseDetails_next_button_functionality()'><b>CourseDetails_next_button_functionality</b><br>Test class: com.mytest.Admission</td>
<td></td>
<td>4</td>
<td>com.mytest.Admission@29d89d5d</td></tr>
<tr>
<td title='com.mytest.Admission.Course_Amount()'><b>Course_Amount</b><br>Test class: com.mytest.Admission</td>
<td></td>
<td>0</td>
<td>com.mytest.Admission@29d89d5d</td></tr>
<tr>
<td title='com.mytest.Admission.Course_Functionality()'><b>Course_Functionality</b><br>Test class: com.mytest.Admission</td>
<td></td>
<td>0</td>
<td>com.mytest.Admission@29d89d5d</td></tr>
<tr>
<td title='com.mytest.Admission.Discount_Functionality()'><b>Discount_Functionality</b><br>Test class: com.mytest.Admission</td>
<td></td>
<td>0</td>
<td>com.mytest.Admission@29d89d5d</td></tr>
<tr>
<td title='com.mytest.Admission.Discount_functionality()'><b>Discount_functionality</b><br>Test class: com.mytest.Admission</td>
<td></td>
<td>0</td>
<td>com.mytest.Admission@29d89d5d</td></tr>
<tr>
<td title='com.mytest.Admission.Document_Functionality()'><b>Document_Functionality</b><br>Test class: com.mytest.Admission</td>
<td></td>
<td>2</td>
<td>com.mytest.Admission@29d89d5d</td></tr>
<tr>
<td title='com.mytest.Admission.Document_functionality()'><b>Document_functionality</b><br>Test class: com.mytest.Admission</td>
<td></td>
<td>1</td>
<td>com.mytest.Admission@29d89d5d</td></tr>
<tr>
<td title='com.mytest.Admission.Finish_button_Functionality()'><b>Finish_button_Functionality</b><br>Test class: com.mytest.Admission</td>
<td></td>
<td>4</td>
<td>com.mytest.Admission@29d89d5d</td></tr>
<tr>
<td title='com.mytest.Admission.Finish_button_functionality()'><b>Finish_button_functionality</b><br>Test class: com.mytest.Admission</td>
<td></td>
<td>4</td>
<td>com.mytest.Admission@29d89d5d</td></tr>
<tr>
<td title='com.mytest.Admission.Gender_Functionality()'><b>Gender_Functionality</b><br>Test class: com.mytest.Admission</td>
<td></td>
<td>0</td>
<td>com.mytest.Admission@29d89d5d</td></tr>
<tr>
<td title='com.mytest.Admission.Gender_functionality()'><b>Gender_functionality</b><br>Test class: com.mytest.Admission</td>
<td></td>
<td>0</td>
<td>com.mytest.Admission@29d89d5d</td></tr>
<tr>
<td title='com.mytest.Admission.LastName_field_is_Blank()'><b>LastName_field_is_Blank</b><br>Test class: com.mytest.Admission</td>
<td></td>
<td>0</td>
<td>com.mytest.Admission@29d89d5d</td></tr>
<tr>
<td title='com.mytest.Admission.Lastname_contain_alphabets()'><b>Lastname_contain_alphabets</b><br>Test class: com.mytest.Admission</td>
<td></td>
<td>0</td>
<td>com.mytest.Admission@29d89d5d</td></tr>
<tr>
<td title='com.mytest.Admission.Lastname_contain_numbers()'><b>Lastname_contain_numbers</b><br>Test class: com.mytest.Admission</td>
<td></td>
<td>0</td>
<td>com.mytest.Admission@29d89d5d</td></tr>
<tr>
<td title='com.mytest.Admission.Lastname_contains_alphabets()'><b>Lastname_contains_alphabets</b><br>Test class: com.mytest.Admission</td>
<td></td>
<td>0</td>
<td>com.mytest.Admission@29d89d5d</td></tr>
<tr>
<td title='com.mytest.Admission.Lastname_contains_numbers()'><b>Lastname_contains_numbers</b><br>Test class: com.mytest.Admission</td>
<td></td>
<td>0</td>
<td>com.mytest.Admission@29d89d5d</td></tr>
<tr>
<td title='com.mytest.Admission.Lastname_field_is_Blank()'><b>Lastname_field_is_Blank</b><br>Test class: com.mytest.Admission</td>
<td></td>
<td>0</td>
<td>com.mytest.Admission@29d89d5d</td></tr>
<tr>
<td title='com.mytest.Admission.Middlename_contain_alphabets()'><b>Middlename_contain_alphabets</b><br>Test class: com.mytest.Admission</td>
<td></td>
<td>0</td>
<td>com.mytest.Admission@29d89d5d</td></tr>
<tr>
<td title='com.mytest.Admission.Middlename_contain_numbers()'><b>Middlename_contain_numbers</b><br>Test class: com.mytest.Admission</td>
<td></td>
<td>0</td>
<td>com.mytest.Admission@29d89d5d</td></tr>
<tr>
<td title='com.mytest.Admission.Middlename_contains_alphabets()'><b>Middlename_contains_alphabets</b><br>Test class: com.mytest.Admission</td>
<td></td>
<td>0</td>
<td>com.mytest.Admission@29d89d5d</td></tr>
<tr>
<td title='com.mytest.Admission.Middlename_contains_numbers()'><b>Middlename_contains_numbers</b><br>Test class: com.mytest.Admission</td>
<td></td>
<td>0</td>
<td>com.mytest.Admission@29d89d5d</td></tr>
<tr>
<td title='com.mytest.Admission.PersonalInfo_next_button_Functionality()'><b>PersonalInfo_next_button_Functionality</b><br>Test class: com.mytest.Admission</td>
<td></td>
<td>6</td>
<td>com.mytest.Admission@29d89d5d</td></tr>
<tr>
<td title='com.mytest.Admission.PersonalInfo_next_button_functionality()'><b>PersonalInfo_next_button_functionality</b><br>Test class: com.mytest.Admission</td>
<td></td>
<td>5</td>
<td>com.mytest.Admission@29d89d5d</td></tr>
<tr>
<td title='com.mytest.Admission.Pincode_Currentaddress_field_is_Blank()'><b>Pincode_Currentaddress_field_is_Blank</b><br>Test class: com.mytest.Admission</td>
<td></td>
<td>0</td>
<td>com.mytest.Admission@29d89d5d</td></tr>
<tr>
<td title='com.mytest.Admission.Pincode_currentaddress_contain_alphabets()'><b>Pincode_currentaddress_contain_alphabets</b><br>Test class: com.mytest.Admission</td>
<td></td>
<td>0</td>
<td>com.mytest.Admission@29d89d5d</td></tr>
<tr>
<td title='com.mytest.Admission.Pincode_currentaddress_contain_morethan_6_numbers()'><b>Pincode_currentaddress_contain_morethan_6_numbers</b><br>Test class: com.mytest.Admission</td>
<td></td>
<td>0</td>
<td>com.mytest.Admission@29d89d5d</td></tr>
<tr>
<td title='com.mytest.Admission.Pincode_currentaddress_contain_numbers()'><b>Pincode_currentaddress_contain_numbers</b><br>Test class: com.mytest.Admission</td>
<td></td>
<td>0</td>
<td>com.mytest.Admission@29d89d5d</td></tr>
<tr>
<td title='com.mytest.Admission.Pincode_currentaddress_contain_whitespaces()'><b>Pincode_currentaddress_contain_whitespaces</b><br>Test class: com.mytest.Admission</td>
<td></td>
<td>0</td>
<td>com.mytest.Admission@29d89d5d</td></tr>
<tr>
<td title='com.mytest.Admission.Pincode_currentaddress_contain_whitespaces_at_begining()'><b>Pincode_currentaddress_contain_whitespaces_at_begining</b><br>Test class: com.mytest.Admission</td>
<td></td>
<td>0</td>
<td>com.mytest.Admission@29d89d5d</td></tr>
<tr>
<td title='com.mytest.Admission.Pincode_currentaddress_contains_alphabets()'><b>Pincode_currentaddress_contains_alphabets</b><br>Test class: com.mytest.Admission</td>
<td></td>
<td>0</td>
<td>com.mytest.Admission@29d89d5d</td></tr>
<tr>
<td title='com.mytest.Admission.Pincode_currentaddress_contains_numbers()'><b>Pincode_currentaddress_contains_numbers</b><br>Test class: com.mytest.Admission</td>
<td></td>
<td>0</td>
<td>com.mytest.Admission@29d89d5d</td></tr>
<tr>
<td title='com.mytest.Admission.Pincode_currentaddress_contains_whitespaces()'><b>Pincode_currentaddress_contains_whitespaces</b><br>Test class: com.mytest.Admission</td>
<td></td>
<td>0</td>
<td>com.mytest.Admission@29d89d5d</td></tr>
<tr>
<td title='com.mytest.Admission.Pincode_currentaddress_contains_whitespaces_at_begining()'><b>Pincode_currentaddress_contains_whitespaces_at_begining</b><br>Test class: com.mytest.Admission</td>
<td></td>
<td>0</td>
<td>com.mytest.Admission@29d89d5d</td></tr>
<tr>
<td title='com.mytest.Admission.Pincode_currentaddress_field_is_Blank()'><b>Pincode_currentaddress_field_is_Blank</b><br>Test class: com.mytest.Admission</td>
<td></td>
<td>0</td>
<td>com.mytest.Admission@29d89d5d</td></tr>
<tr>
<td title='com.mytest.Admission.Pincode_permanentaddress_contain_alphabets()'><b>Pincode_permanentaddress_contain_alphabets</b><br>Test class: com.mytest.Admission</td>
<td></td>
<td>0</td>
<td>com.mytest.Admission@29d89d5d</td></tr>
<tr>
<td title='com.mytest.Admission.Pincode_permanentaddress_contain_morethan_6_numbers()'><b>Pincode_permanentaddress_contain_morethan_6_numbers</b><br>Test class: com.mytest.Admission</td>
<td></td>
<td>0</td>
<td>com.mytest.Admission@29d89d5d</td></tr>
<tr>
<td title='com.mytest.Admission.Pincode_permanentaddress_contain_numbers()'><b>Pincode_permanentaddress_contain_numbers</b><br>Test class: com.mytest.Admission</td>
<td></td>
<td>0</td>
<td>com.mytest.Admission@29d89d5d</td></tr>
<tr>
<td title='com.mytest.Admission.Pincode_permanentaddress_contain_whitespaces()'><b>Pincode_permanentaddress_contain_whitespaces</b><br>Test class: com.mytest.Admission</td>
<td></td>
<td>0</td>
<td>com.mytest.Admission@29d89d5d</td></tr>
<tr>
<td title='com.mytest.Admission.Pincode_permanentaddress_contain_whitespaces_at_begining()'><b>Pincode_permanentaddress_contain_whitespaces_at_begining</b><br>Test class: com.mytest.Admission</td>
<td></td>
<td>0</td>
<td>com.mytest.Admission@29d89d5d</td></tr>
<tr>
<td title='com.mytest.Admission.Pincode_permanentaddress_contains_alphabets()'><b>Pincode_permanentaddress_contains_alphabets</b><br>Test class: com.mytest.Admission</td>
<td></td>
<td>0</td>
<td>com.mytest.Admission@29d89d5d</td></tr>
<tr>
<td title='com.mytest.Admission.Pincode_permanentaddress_contains_morethan_6_numbers()'><b>Pincode_permanentaddress_contains_morethan_6_numbers</b><br>Test class: com.mytest.Admission</td>
<td></td>
<td>0</td>
<td>com.mytest.Admission@29d89d5d</td></tr>
<tr>
<td title='com.mytest.Admission.Pincode_permanentaddress_contains_numbers()'><b>Pincode_permanentaddress_contains_numbers</b><br>Test class: com.mytest.Admission</td>
<td></td>
<td>0</td>
<td>com.mytest.Admission@29d89d5d</td></tr>
<tr>
<td title='com.mytest.Admission.Pincode_permanentaddress_contains_whitespaces()'><b>Pincode_permanentaddress_contains_whitespaces</b><br>Test class: com.mytest.Admission</td>
<td></td>
<td>0</td>
<td>com.mytest.Admission@29d89d5d</td></tr>
<tr>
<td title='com.mytest.Admission.Pincode_permanentaddress_contains_whitespaces_at_begining()'><b>Pincode_permanentaddress_contains_whitespaces_at_begining</b><br>Test class: com.mytest.Admission</td>
<td></td>
<td>0</td>
<td>com.mytest.Admission@29d89d5d</td></tr>
<tr>
<td title='com.mytest.Admission.Primary_Email_valid()'><b>Primary_Email_valid</b><br>Test class: com.mytest.Admission</td>
<td></td>
<td>0</td>
<td>com.mytest.Admission@29d89d5d</td></tr>
<tr>
<td title='com.mytest.Admission.Primary_email_contain_whitespaces()'><b>Primary_email_contain_whitespaces</b><br>Test class: com.mytest.Admission</td>
<td></td>
<td>2</td>
<td>com.mytest.Admission@29d89d5d</td></tr>
<tr>
<td title='com.mytest.Admission.Primary_email_contains_whitespaces()'><b>Primary_email_contains_whitespaces</b><br>Test class: com.mytest.Admission</td>
<td></td>
<td>5</td>
<td>com.mytest.Admission@29d89d5d</td></tr>
<tr>
<td title='com.mytest.Admission.Primary_email_field_is_Blank()'><b>Primary_email_field_is_Blank</b><br>Test class: com.mytest.Admission</td>
<td></td>
<td>1</td>
<td>com.mytest.Admission@29d89d5d</td></tr>
<tr>
<td title='com.mytest.Admission.Primary_email_valid()'><b>Primary_email_valid</b><br>Test class: com.mytest.Admission</td>
<td></td>
<td>0</td>
<td>com.mytest.Admission@29d89d5d</td></tr>
<tr>
<td title='com.mytest.Admission.Primary_mobno_Field_is_Blank()'><b>Primary_mobno_Field_is_Blank</b><br>Test class: com.mytest.Admission</td>
<td></td>
<td>0</td>
<td>com.mytest.Admission@29d89d5d</td></tr>
<tr>
<td title='com.mytest.Admission.Primary_mobno_contain_alphabets()'><b>Primary_mobno_contain_alphabets</b><br>Test class: com.mytest.Admission</td>
<td></td>
<td>0</td>
<td>com.mytest.Admission@29d89d5d</td></tr>
<tr>
<td title='com.mytest.Admission.Primary_mobno_contain_greaterthan_10_numbers()'><b>Primary_mobno_contain_greaterthan_10_numbers</b><br>Test class: com.mytest.Admission</td>
<td></td>
<td>0</td>
<td>com.mytest.Admission@29d89d5d</td></tr>
<tr>
<td title='com.mytest.Admission.Primary_mobno_contain_numbers()'><b>Primary_mobno_contain_numbers</b><br>Test class: com.mytest.Admission</td>
<td></td>
<td>0</td>
<td>com.mytest.Admission@29d89d5d</td></tr>
<tr>
<td title='com.mytest.Admission.Primary_mobno_contain_whitespaces()'><b>Primary_mobno_contain_whitespaces</b><br>Test class: com.mytest.Admission</td>
<td></td>
<td>0</td>
<td>com.mytest.Admission@29d89d5d</td></tr>
<tr>
<td title='com.mytest.Admission.Primary_mobno_contain_whitespaces_at_begining()'><b>Primary_mobno_contain_whitespaces_at_begining</b><br>Test class: com.mytest.Admission</td>
<td></td>
<td>0</td>
<td>com.mytest.Admission@29d89d5d</td></tr>
<tr>
<td title='com.mytest.Admission.Primary_mobno_contains_alphabets()'><b>Primary_mobno_contains_alphabets</b><br>Test class: com.mytest.Admission</td>
<td></td>
<td>0</td>
<td>com.mytest.Admission@29d89d5d</td></tr>
<tr>
<td title='com.mytest.Admission.Primary_mobno_contains_greaterthan_10_numbers()'><b>Primary_mobno_contains_greaterthan_10_numbers</b><br>Test class: com.mytest.Admission</td>
<td></td>
<td>0</td>
<td>com.mytest.Admission@29d89d5d</td></tr>
<tr>
<td title='com.mytest.Admission.Primary_mobno_contains_numbers()'><b>Primary_mobno_contains_numbers</b><br>Test class: com.mytest.Admission</td>
<td></td>
<td>0</td>
<td>com.mytest.Admission@29d89d5d</td></tr>
<tr>
<td title='com.mytest.Admission.Primary_mobno_contains_whitespaces()'><b>Primary_mobno_contains_whitespaces</b><br>Test class: com.mytest.Admission</td>
<td></td>
<td>0</td>
<td>com.mytest.Admission@29d89d5d</td></tr>
<tr>
<td title='com.mytest.Admission.Primary_mobno_contains_whitespaces_at_begining()'><b>Primary_mobno_contains_whitespaces_at_begining</b><br>Test class: com.mytest.Admission</td>
<td></td>
<td>0</td>
<td>com.mytest.Admission@29d89d5d</td></tr>
<tr>
<td title='com.mytest.Admission.Primary_mobno_field_is_Blank()'><b>Primary_mobno_field_is_Blank</b><br>Test class: com.mytest.Admission</td>
<td></td>
<td>0</td>
<td>com.mytest.Admission@29d89d5d</td></tr>
<tr>
<td title='com.mytest.Admission.Qualification_Field_is_Blank()'><b>Qualification_Field_is_Blank</b><br>Test class: com.mytest.Admission</td>
<td></td>
<td>0</td>
<td>com.mytest.Admission@29d89d5d</td></tr>
<tr>
<td title='com.mytest.Admission.Qualification_contain_alphabets()'><b>Qualification_contain_alphabets</b><br>Test class: com.mytest.Admission</td>
<td></td>
<td>0</td>
<td>com.mytest.Admission@29d89d5d</td></tr>
<tr>
<td title='com.mytest.Admission.Qualification_contain_whitespaces()'><b>Qualification_contain_whitespaces</b><br>Test class: com.mytest.Admission</td>
<td></td>
<td>0</td>
<td>com.mytest.Admission@29d89d5d</td></tr>
<tr>
<td title='com.mytest.Admission.Qualification_contain_whitespaces_at_begining()'><b>Qualification_contain_whitespaces_at_begining</b><br>Test class: com.mytest.Admission</td>
<td></td>
<td>0</td>
<td>com.mytest.Admission@29d89d5d</td></tr>
<tr>
<td title='com.mytest.Admission.Qualification_contains_alphabets()'><b>Qualification_contains_alphabets</b><br>Test class: com.mytest.Admission</td>
<td></td>
<td>0</td>
<td>com.mytest.Admission@29d89d5d</td></tr>
<tr>
<td title='com.mytest.Admission.Qualification_contains_whitespaces()'><b>Qualification_contains_whitespaces</b><br>Test class: com.mytest.Admission</td>
<td></td>
<td>0</td>
<td>com.mytest.Admission@29d89d5d</td></tr>
<tr>
<td title='com.mytest.Admission.Qualification_contains_whitespaces_at_begining()'><b>Qualification_contains_whitespaces_at_begining</b><br>Test class: com.mytest.Admission</td>
<td></td>
<td>0</td>
<td>com.mytest.Admission@29d89d5d</td></tr>
<tr>
<td title='com.mytest.Admission.Qualification_field_is_Blank()'><b>Qualification_field_is_Blank</b><br>Test class: com.mytest.Admission</td>
<td></td>
<td>0</td>
<td>com.mytest.Admission@29d89d5d</td></tr>
<tr>
<td title='com.mytest.Admission.Secondary_Email_valid()'><b>Secondary_Email_valid</b><br>Test class: com.mytest.Admission</td>
<td></td>
<td>0</td>
<td>com.mytest.Admission@29d89d5d</td></tr>
<tr>
<td title='com.mytest.Admission.Secondary_email_contain_whitespaces()'><b>Secondary_email_contain_whitespaces</b><br>Test class: com.mytest.Admission</td>
<td></td>
<td>8</td>
<td>com.mytest.Admission@29d89d5d</td></tr>
<tr>
<td title='com.mytest.Admission.Secondary_email_contains_whitespaces()'><b>Secondary_email_contains_whitespaces</b><br>Test class: com.mytest.Admission</td>
<td></td>
<td>11</td>
<td>com.mytest.Admission@29d89d5d</td></tr>
<tr>
<td title='com.mytest.Admission.Secondary_email_valid()'><b>Secondary_email_valid</b><br>Test class: com.mytest.Admission</td>
<td></td>
<td>0</td>
<td>com.mytest.Admission@29d89d5d</td></tr>
<tr>
<td title='com.mytest.Admission.Secondary_mobno_contain_alphabets()'><b>Secondary_mobno_contain_alphabets</b><br>Test class: com.mytest.Admission</td>
<td></td>
<td>0</td>
<td>com.mytest.Admission@29d89d5d</td></tr>
<tr>
<td title='com.mytest.Admission.Secondary_mobno_contain_greaterthan_10_numbers()'><b>Secondary_mobno_contain_greaterthan_10_numbers</b><br>Test class: com.mytest.Admission</td>
<td></td>
<td>0</td>
<td>com.mytest.Admission@29d89d5d</td></tr>
<tr>
<td title='com.mytest.Admission.Secondary_mobno_contain_numbers()'><b>Secondary_mobno_contain_numbers</b><br>Test class: com.mytest.Admission</td>
<td></td>
<td>0</td>
<td>com.mytest.Admission@29d89d5d</td></tr>
<tr>
<td title='com.mytest.Admission.Secondary_mobno_contain_whitespaces()'><b>Secondary_mobno_contain_whitespaces</b><br>Test class: com.mytest.Admission</td>
<td></td>
<td>0</td>
<td>com.mytest.Admission@29d89d5d</td></tr>
<tr>
<td title='com.mytest.Admission.Secondary_mobno_contain_whitespaces_at_begining()'><b>Secondary_mobno_contain_whitespaces_at_begining</b><br>Test class: com.mytest.Admission</td>
<td></td>
<td>0</td>
<td>com.mytest.Admission@29d89d5d</td></tr>
<tr>
<td title='com.mytest.Admission.Secondary_mobno_contains_alphabets()'><b>Secondary_mobno_contains_alphabets</b><br>Test class: com.mytest.Admission</td>
<td></td>
<td>0</td>
<td>com.mytest.Admission@29d89d5d</td></tr>
<tr>
<td title='com.mytest.Admission.Secondary_mobno_contains_greaterthan_10_numbers()'><b>Secondary_mobno_contains_greaterthan_10_numbers</b><br>Test class: com.mytest.Admission</td>
<td></td>
<td>0</td>
<td>com.mytest.Admission@29d89d5d</td></tr>
<tr>
<td title='com.mytest.Admission.Secondary_mobno_contains_numbers()'><b>Secondary_mobno_contains_numbers</b><br>Test class: com.mytest.Admission</td>
<td></td>
<td>0</td>
<td>com.mytest.Admission@29d89d5d</td></tr>
<tr>
<td title='com.mytest.Admission.Secondary_mobno_contains_whitespaces()'><b>Secondary_mobno_contains_whitespaces</b><br>Test class: com.mytest.Admission</td>
<td></td>
<td>0</td>
<td>com.mytest.Admission@29d89d5d</td></tr>
<tr>
<td title='com.mytest.Admission.Secondary_mobno_contains_whitespaces_at_begining()'><b>Secondary_mobno_contains_whitespaces_at_begining</b><br>Test class: com.mytest.Admission</td>
<td></td>
<td>0</td>
<td>com.mytest.Admission@29d89d5d</td></tr>
<tr>
<td title='com.mytest.Admission.StudentName_field_is_Blank()'><b>StudentName_field_is_Blank</b><br>Test class: com.mytest.Admission</td>
<td></td>
<td>2</td>
<td>com.mytest.Admission@29d89d5d</td></tr>
<tr>
<td title='com.mytest.Admission.Studentname_contain_alphabets()'><b>Studentname_contain_alphabets</b><br>Test class: com.mytest.Admission</td>
<td></td>
<td>0</td>
<td>com.mytest.Admission@29d89d5d</td></tr>
<tr>
<td title='com.mytest.Admission.Studentname_contain_numbers()'><b>Studentname_contain_numbers</b><br>Test class: com.mytest.Admission</td>
<td></td>
<td>0</td>
<td>com.mytest.Admission@29d89d5d</td></tr>
<tr>
<td title='com.mytest.Admission.Studentname_contains_alphabets()'><b>Studentname_contains_alphabets</b><br>Test class: com.mytest.Admission</td>
<td></td>
<td>0</td>
<td>com.mytest.Admission@29d89d5d</td></tr>
<tr>
<td title='com.mytest.Admission.Studentname_contains_numbers()'><b>Studentname_contains_numbers</b><br>Test class: com.mytest.Admission</td>
<td></td>
<td>0</td>
<td>com.mytest.Admission@29d89d5d</td></tr>
<tr>
<td title='com.mytest.Admission.Studentname_field_is_Blank()'><b>Studentname_field_is_Blank</b><br>Test class: com.mytest.Admission</td>
<td></td>
<td>2</td>
<td>com.mytest.Admission@29d89d5d</td></tr>
<tr>
<td title='com.mytest.Admission.Update_Functionality()'><b>Update_Functionality</b><br>Test class: com.mytest.Admission</td>
<td></td>
<td>25</td>
<td>com.mytest.Admission@29d89d5d</td></tr>
<tr>
<td title='com.mytest.Admission.Update_functionality()'><b>Update_functionality</b><br>Test class: com.mytest.Admission</td>
<td></td>
<td>18</td>
<td>com.mytest.Admission@29d89d5d</td></tr>
<tr>
<td title='com.mytest.Admission.Valid_Current_address()'><b>Valid_Current_address</b><br>Test class: com.mytest.Admission</td>
<td></td>
<td>0</td>
<td>com.mytest.Admission@29d89d5d</td></tr>
<tr>
<td title='com.mytest.Admission.Valid_Permanent_address()'><b>Valid_Permanent_address</b><br>Test class: com.mytest.Admission</td>
<td></td>
<td>1</td>
<td>com.mytest.Admission@29d89d5d</td></tr>
<tr>
<td title='com.mytest.Admission.Valid_current_address()'><b>Valid_current_address</b><br>Test class: com.mytest.Admission</td>
<td></td>
<td>0</td>
<td>com.mytest.Admission@29d89d5d</td></tr>
<tr>
<td title='com.mytest.Admission.Valid_permanent_address()'><b>Valid_permanent_address</b><br>Test class: com.mytest.Admission</td>
<td></td>
<td>1</td>
<td>com.mytest.Admission@29d89d5d</td></tr>
</table><p>
</body>
</html>