<?xml version="1.0" encoding="UTF-8"?>
<!-- Generated by org.testng.reporters.JUnitXMLReporter -->
<testsuite ignored="13" hostname="Tester-PC" failures="55" tests="177" name="Admission" time="277.088" errors="0" timestamp="18 Aug 2018 11:07:30 GMT">
  <testcase classname="com.mytest.Admission" name="Add_Enquiry" time="12.456"/>
  <testcase classname="com.mytest.Admission" name="Studentname_contain_Special_Characters" time="7.715">
    <failure type="java.lang.AssertionError" message="Student Name Contains Special Characters expected [true] but found [false]">
      <![CDATA[java.lang.AssertionError: Student Name Contains Special Characters expected [true] but found [false]
at com.mytest.Admission.Studentname_contain_Special_Characters(Admission.java:92)
at java.base/java.util.concurrent.FutureTask.run(Unknown Source)
at java.base/java.util.concurrent.ThreadPoolExecutor.runWorker(Unknown Source)
at java.base/java.util.concurrent.ThreadPoolExecutor$Worker.run(Unknown Source)
at java.base/java.lang.Thread.run(Unknown Source)
... Removed 19 stack frames]]>
    </failure>
  </testcase> <!-- Studentname_contain_Special_Characters -->
  <testcase classname="com.mytest.Admission" name="Studentname_contain_numbers" time="0.161"/>
  <testcase classname="com.mytest.Admission" name="Studentname_contain_whitespaces" time="0.232">
    <failure type="java.lang.AssertionError" message="Student Name Contains Whitespaces expected [true] but found [false]">
      <![CDATA[java.lang.AssertionError: Student Name Contains Whitespaces expected [true] but found [false]
at com.mytest.Admission.Studentname_contain_whitespaces(Admission.java:110)
at java.base/java.util.concurrent.FutureTask.run(Unknown Source)
at java.base/java.util.concurrent.ThreadPoolExecutor.runWorker(Unknown Source)
at java.base/java.util.concurrent.ThreadPoolExecutor$Worker.run(Unknown Source)
at java.base/java.lang.Thread.run(Unknown Source)
... Removed 19 stack frames]]>
    </failure>
  </testcase> <!-- Studentname_contain_whitespaces -->
  <testcase classname="com.mytest.Admission" name="Studentname_contain_alphabets" time="0.163"/>
  <testcase classname="com.mytest.Admission" name="Studentname_contain_whitespaces_at_begining" time="0.215">
    <failure type="java.lang.AssertionError" message="Student Name Contain Whitespaces at Begining expected [true] but found [false]">
      <![CDATA[java.lang.AssertionError: Student Name Contain Whitespaces at Begining expected [true] but found [false]
at com.mytest.Admission.Studentname_contain_whitespaces_at_begining(Admission.java:128)
at java.base/java.util.concurrent.FutureTask.run(Unknown Source)
at java.base/java.util.concurrent.ThreadPoolExecutor.runWorker(Unknown Source)
at java.base/java.util.concurrent.ThreadPoolExecutor$Worker.run(Unknown Source)
at java.base/java.lang.Thread.run(Unknown Source)
... Removed 19 stack frames]]>
    </failure>
  </testcase> <!-- Studentname_contain_whitespaces_at_begining -->
  <testcase classname="com.mytest.Admission" name="Studentname_field_is_Blank" time="2.282"/>
  <testcase classname="com.mytest.Admission" name="Middlename_contain_Special_Characters" time="0.202">
    <failure type="java.lang.AssertionError" message="Middle Name Contains Special Characters expected [true] but found [false]">
      <![CDATA[java.lang.AssertionError: Middle Name Contains Special Characters expected [true] but found [false]
at com.mytest.Admission.Middlename_contain_Special_Characters(Admission.java:148)
at java.base/java.util.concurrent.FutureTask.run(Unknown Source)
at java.base/java.util.concurrent.ThreadPoolExecutor.runWorker(Unknown Source)
at java.base/java.util.concurrent.ThreadPoolExecutor$Worker.run(Unknown Source)
at java.base/java.lang.Thread.run(Unknown Source)
... Removed 19 stack frames]]>
    </failure>
  </testcase> <!-- Middlename_contain_Special_Characters -->
  <testcase classname="com.mytest.Admission" name="Middlename_contain_numbers" time="0.155"/>
  <testcase classname="com.mytest.Admission" name="Middlename_contain_whitespaces" time="0.19">
    <failure type="java.lang.AssertionError" message="Middle Name Contains Whitespaces expected [true] but found [false]">
      <![CDATA[java.lang.AssertionError: Middle Name Contains Whitespaces expected [true] but found [false]
at com.mytest.Admission.Middlename_contain_whitespaces(Admission.java:166)
at java.base/java.util.concurrent.FutureTask.run(Unknown Source)
at java.base/java.util.concurrent.ThreadPoolExecutor.runWorker(Unknown Source)
at java.base/java.util.concurrent.ThreadPoolExecutor$Worker.run(Unknown Source)
at java.base/java.lang.Thread.run(Unknown Source)
... Removed 19 stack frames]]>
    </failure>
  </testcase> <!-- Middlename_contain_whitespaces -->
  <testcase classname="com.mytest.Admission" name="Middlename_contain_whitespaces_at_begining" time="0.157">
    <failure type="java.lang.AssertionError" message="Middle Name Contain Whitespaces at Begining expected [true] but found [false]">
      <![CDATA[java.lang.AssertionError: Middle Name Contain Whitespaces at Begining expected [true] but found [false]
at com.mytest.Admission.Middlename_contain_whitespaces_at_begining(Admission.java:175)
at java.base/java.util.concurrent.FutureTask.run(Unknown Source)
at java.base/java.util.concurrent.ThreadPoolExecutor.runWorker(Unknown Source)
at java.base/java.util.concurrent.ThreadPoolExecutor$Worker.run(Unknown Source)
at java.base/java.lang.Thread.run(Unknown Source)
... Removed 19 stack frames]]>
    </failure>
  </testcase> <!-- Middlename_contain_whitespaces_at_begining -->
  <testcase classname="com.mytest.Admission" name="Middlename_contain_alphabets" time="0.146"/>
  <testcase classname="com.mytest.Admission" name="Lastname_contain_Special_Characters" time="0.26">
    <failure type="java.lang.AssertionError" message="Last Name Contains Special Characters expected [true] but found [false]">
      <![CDATA[java.lang.AssertionError: Last Name Contains Special Characters expected [true] but found [false]
at com.mytest.Admission.Lastname_contain_Special_Characters(Admission.java:193)
at java.base/java.util.concurrent.FutureTask.run(Unknown Source)
at java.base/java.util.concurrent.ThreadPoolExecutor.runWorker(Unknown Source)
at java.base/java.util.concurrent.ThreadPoolExecutor$Worker.run(Unknown Source)
at java.base/java.lang.Thread.run(Unknown Source)
... Removed 19 stack frames]]>
    </failure>
  </testcase> <!-- Lastname_contain_Special_Characters -->
  <testcase classname="com.mytest.Admission" name="Lastname_contain_numbers" time="0.151"/>
  <testcase classname="com.mytest.Admission" name="Lastname_contain_whitespaces" time="0.189">
    <failure type="java.lang.AssertionError" message="Last Name Contains Whitespaces expected [true] but found [false]">
      <![CDATA[java.lang.AssertionError: Last Name Contains Whitespaces expected [true] but found [false]
at com.mytest.Admission.Lastname_contain_whitespaces(Admission.java:211)
at java.base/java.util.concurrent.FutureTask.run(Unknown Source)
at java.base/java.util.concurrent.ThreadPoolExecutor.runWorker(Unknown Source)
at java.base/java.util.concurrent.ThreadPoolExecutor$Worker.run(Unknown Source)
at java.base/java.lang.Thread.run(Unknown Source)
... Removed 19 stack frames]]>
    </failure>
  </testcase> <!-- Lastname_contain_whitespaces -->
  <testcase classname="com.mytest.Admission" name="Lastname_contain_alphabets" time="0.137"/>
  <testcase classname="com.mytest.Admission" name="Lastname_contain_whitespaces_at_begining" time="0.157">
    <failure type="java.lang.AssertionError" message="Last Name Contain Whitespaces at Begining expected [true] but found [false]">
      <![CDATA[java.lang.AssertionError: Last Name Contain Whitespaces at Begining expected [true] but found [false]
at com.mytest.Admission.Lastname_contain_whitespaces_at_begining(Admission.java:229)
at java.base/java.util.concurrent.FutureTask.run(Unknown Source)
at java.base/java.util.concurrent.ThreadPoolExecutor.runWorker(Unknown Source)
at java.base/java.util.concurrent.ThreadPoolExecutor$Worker.run(Unknown Source)
at java.base/java.lang.Thread.run(Unknown Source)
... Removed 19 stack frames]]>
    </failure>
  </testcase> <!-- Lastname_contain_whitespaces_at_begining -->
  <testcase classname="com.mytest.Admission" name="Lastname_field_is_Blank" time="0.059"/>
  <testcase classname="com.mytest.Admission" name="Collegename_contain_Special_Characters" time="0.22">
    <failure type="java.lang.AssertionError" message="College Name Contains Special Characters expected [true] but found [false]">
      <![CDATA[java.lang.AssertionError: College Name Contains Special Characters expected [true] but found [false]
at com.mytest.Admission.Collegename_contain_Special_Characters(Admission.java:246)
at java.base/java.util.concurrent.FutureTask.run(Unknown Source)
at java.base/java.util.concurrent.ThreadPoolExecutor.runWorker(Unknown Source)
at java.base/java.util.concurrent.ThreadPoolExecutor$Worker.run(Unknown Source)
at java.base/java.lang.Thread.run(Unknown Source)
... Removed 19 stack frames]]>
    </failure>
  </testcase> <!-- Collegename_contain_Special_Characters -->
  <testcase classname="com.mytest.Admission" name="Collegename_contain_numbers" time="0.142"/>
  <testcase classname="com.mytest.Admission" name="Collegename_contain_whitespaces" time="0.161"/>
  <testcase classname="com.mytest.Admission" name="Collegename_contain_alphabets" time="0.166"/>
  <testcase classname="com.mytest.Admission" name="Collegename_contain_whitespaces_at_begining" time="0.164"/>
  <testcase classname="com.mytest.Admission" name="Collegename_field_is_Blank" time="0.071"/>
  <testcase classname="com.mytest.Admission" name="Qualification_contain_Special_Characters" time="0.199">
    <failure type="java.lang.AssertionError" message="College Name Contains Special Characters expected [true] but found [false]">
      <![CDATA[java.lang.AssertionError: College Name Contains Special Characters expected [true] but found [false]
at com.mytest.Admission.Qualification_contain_Special_Characters(Admission.java:299)
at java.base/java.util.concurrent.FutureTask.run(Unknown Source)
at java.base/java.util.concurrent.ThreadPoolExecutor.runWorker(Unknown Source)
at java.base/java.util.concurrent.ThreadPoolExecutor$Worker.run(Unknown Source)
at java.base/java.lang.Thread.run(Unknown Source)
... Removed 19 stack frames]]>
    </failure>
  </testcase> <!-- Qualification_contain_Special_Characters -->
  <testcase classname="com.mytest.Admission" name="Qualification_contain_numbers" time="0.166">
    <failure type="java.lang.AssertionError" message="College Name Contains Numbers expected [true] but found [false]">
      <![CDATA[java.lang.AssertionError: College Name Contains Numbers expected [true] but found [false]
at com.mytest.Admission.Qualification_contain_numbers(Admission.java:308)
at java.base/java.util.concurrent.FutureTask.run(Unknown Source)
at java.base/java.util.concurrent.ThreadPoolExecutor.runWorker(Unknown Source)
at java.base/java.util.concurrent.ThreadPoolExecutor$Worker.run(Unknown Source)
at java.base/java.lang.Thread.run(Unknown Source)
... Removed 19 stack frames]]>
    </failure>
  </testcase> <!-- Qualification_contain_numbers -->
  <testcase classname="com.mytest.Admission" name="Qualification_contain_whitespaces" time="0.147"/>
  <testcase classname="com.mytest.Admission" name="Qualification_contain_alphabets" time="0.117"/>
  <testcase classname="com.mytest.Admission" name="Qualification_contain_whitespaces_at_begining" time="0.135"/>
  <testcase classname="com.mytest.Admission" name="Qualification_field_is_Blank" time="0.056"/>
  <testcase classname="com.mytest.Admission" name="Aadharno_contain_special_characters" time="0.188">
    <failure type="java.lang.AssertionError" message="Aadhar No Contains Spaecial Characters expected [true] but found [false]">
      <![CDATA[java.lang.AssertionError: Aadhar No Contains Spaecial Characters expected [true] but found [false]
at com.mytest.Admission.Aadharno_contain_special_characters(Admission.java:352)
at java.base/java.util.concurrent.FutureTask.run(Unknown Source)
at java.base/java.util.concurrent.ThreadPoolExecutor.runWorker(Unknown Source)
at java.base/java.util.concurrent.ThreadPoolExecutor$Worker.run(Unknown Source)
at java.base/java.lang.Thread.run(Unknown Source)
... Removed 19 stack frames]]>
    </failure>
  </testcase> <!-- Aadharno_contain_special_characters -->
  <testcase classname="com.mytest.Admission" name="Aadharno_contain_numbers" time="0.204"/>
  <testcase classname="com.mytest.Admission" name="Aadharno_contain_alphabets" time="0.156"/>
  <testcase classname="com.mytest.Admission" name="Aadharno_contain_whitespaces_at_begining" time="0.185"/>
  <testcase classname="com.mytest.Admission" name="Aadharno_contain_lessthan_12_numbers" time="0.129">
    <failure type="java.lang.AssertionError" message="Aadhar No Contains Less than 12 numbers expected [true] but found [false]">
      <![CDATA[java.lang.AssertionError: Aadhar No Contains Less than 12 numbers expected [true] but found [false]
at com.mytest.Admission.Aadharno_contain_lessthan_12_numbers(Admission.java:397)
at java.base/java.util.concurrent.FutureTask.run(Unknown Source)
at java.base/java.util.concurrent.ThreadPoolExecutor.runWorker(Unknown Source)
at java.base/java.util.concurrent.ThreadPoolExecutor$Worker.run(Unknown Source)
at java.base/java.lang.Thread.run(Unknown Source)
... Removed 19 stack frames]]>
    </failure>
  </testcase> <!-- Aadharno_contain_lessthan_12_numbers -->
  <testcase classname="com.mytest.Admission" name="Aadharno_contain_greaterthan_12_numbers" time="0.204">
    <failure type="java.lang.AssertionError" message="Aadhar No Contains Whitespaces at begining expected [true] but found [false]">
      <![CDATA[java.lang.AssertionError: Aadhar No Contains Whitespaces at begining expected [true] but found [false]
at com.mytest.Admission.Aadharno_contain_greaterthan_12_numbers(Admission.java:406)
at java.base/java.util.concurrent.FutureTask.run(Unknown Source)
at java.base/java.util.concurrent.ThreadPoolExecutor.runWorker(Unknown Source)
at java.base/java.util.concurrent.ThreadPoolExecutor$Worker.run(Unknown Source)
at java.base/java.lang.Thread.run(Unknown Source)
... Removed 19 stack frames]]>
    </failure>
  </testcase> <!-- Aadharno_contain_greaterthan_12_numbers -->
  <testcase classname="com.mytest.Admission" name="Birthdate_functionality" time="1.683"/>
  <testcase classname="com.mytest.Admission" name="Blank_Gender_field" time="0.199">
    <failure type="java.lang.AssertionError" message="Gender field is Blank expected [true] but found [false]">
      <![CDATA[java.lang.AssertionError: Gender field is Blank expected [true] but found [false]
at com.mytest.Admission.Blank_Gender_field(Admission.java:426)
at java.base/java.util.concurrent.FutureTask.run(Unknown Source)
at java.base/java.util.concurrent.ThreadPoolExecutor.runWorker(Unknown Source)
at java.base/java.util.concurrent.ThreadPoolExecutor$Worker.run(Unknown Source)
at java.base/java.lang.Thread.run(Unknown Source)
... Removed 19 stack frames]]>
    </failure>
  </testcase> <!-- Blank_Gender_field -->
  <testcase classname="com.mytest.Admission" name="Gender_functionality" time="0.172"/>
  <testcase classname="com.mytest.Admission" name="PersonalInfo_next_button_functionality" time="5.971"/>
  <testcase classname="com.mytest.Admission" name="Primary_mobno_contain_special_characters" time="0.357">
    <failure type="java.lang.AssertionError" message="Primary Mobile No Contains Spaecial Characters expected [true] but found [false]">
      <![CDATA[java.lang.AssertionError: Primary Mobile No Contains Spaecial Characters expected [true] but found [false]
at com.mytest.Admission.Primary_mobno_contain_special_characters(Admission.java:463)
at java.base/java.util.concurrent.FutureTask.run(Unknown Source)
at java.base/java.util.concurrent.ThreadPoolExecutor.runWorker(Unknown Source)
at java.base/java.util.concurrent.ThreadPoolExecutor$Worker.run(Unknown Source)
at java.base/java.lang.Thread.run(Unknown Source)
... Removed 19 stack frames]]>
    </failure>
  </testcase> <!-- Primary_mobno_contain_special_characters -->
  <testcase classname="com.mytest.Admission" name="Primary_mobno_contain_numbers" time="0.397"/>
  <testcase classname="com.mytest.Admission" name="Primary_mobno_contain_whitespaces" time="0.192"/>
  <testcase classname="com.mytest.Admission" name="Primary_mobno_contain_alphabets" time="0.131"/>
  <testcase classname="com.mytest.Admission" name="Primary_mobno_contain_whitespaces_at_begining" time="0.22"/>
  <testcase classname="com.mytest.Admission" name="Primary_mobno_field_is_Blank" time="0.09"/>
  <testcase classname="com.mytest.Admission" name="Primary_mobno_contain_lessthan_10_numbers" time="0.128">
    <failure type="java.lang.AssertionError" message="Primary Mobile No Contains Less than 10 numbers expected [true] but found [false]">
      <![CDATA[java.lang.AssertionError: Primary Mobile No Contains Less than 10 numbers expected [true] but found [false]
at com.mytest.Admission.Primary_mobno_contain_lessthan_10_numbers(Admission.java:525)
at java.base/java.util.concurrent.FutureTask.run(Unknown Source)
at java.base/java.util.concurrent.ThreadPoolExecutor.runWorker(Unknown Source)
at java.base/java.util.concurrent.ThreadPoolExecutor$Worker.run(Unknown Source)
at java.base/java.lang.Thread.run(Unknown Source)
... Removed 19 stack frames]]>
    </failure>
  </testcase> <!-- Primary_mobno_contain_lessthan_10_numbers -->
  <testcase classname="com.mytest.Admission" name="Primary_mobno_contain_greaterthan_10_numbers" time="0.177"/>
  <testcase classname="com.mytest.Admission" name="Secondary_mobno_contain_special_characters" time="0.282">
    <failure type="java.lang.AssertionError" message="Secondary Mobile No Contains Spaecial Characters expected [true] but found [false]">
      <![CDATA[java.lang.AssertionError: Secondary Mobile No Contains Spaecial Characters expected [true] but found [false]
at com.mytest.Admission.Secondary_mobno_contain_special_characters(Admission.java:544)
at java.base/java.util.concurrent.FutureTask.run(Unknown Source)
at java.base/java.util.concurrent.ThreadPoolExecutor.runWorker(Unknown Source)
at java.base/java.util.concurrent.ThreadPoolExecutor$Worker.run(Unknown Source)
at java.base/java.lang.Thread.run(Unknown Source)
... Removed 19 stack frames]]>
    </failure>
  </testcase> <!-- Secondary_mobno_contain_special_characters -->
  <testcase classname="com.mytest.Admission" name="Secondary_mobno_contain_numbers" time="0.176"/>
  <testcase classname="com.mytest.Admission" name="Secondary_mobno_contain_whitespaces" time="0.24"/>
  <testcase classname="com.mytest.Admission" name="Secondary_mobno_contain_alphabets" time="0.205"/>
  <testcase classname="com.mytest.Admission" name="Secondary_mobno_contain_whitespaces_at_begining" time="0.203"/>
  <testcase classname="com.mytest.Admission" name="Secondary_mobno_contain_greaterthan_10_numbers" time="0.227"/>
  <testcase classname="com.mytest.Admission" name="Secondary_mobno_contain_lessthan_10_numbers" time="0.139">
    <failure type="java.lang.AssertionError" message="Secondary Mobile No Contains Less than 10 numbers expected [true] but found [false]">
      <![CDATA[java.lang.AssertionError: Secondary Mobile No Contains Less than 10 numbers expected [true] but found [false]
at com.mytest.Admission.Secondary_mobno_contain_lessthan_10_numbers(Admission.java:598)
at java.base/java.util.concurrent.FutureTask.run(Unknown Source)
at java.base/java.util.concurrent.ThreadPoolExecutor.runWorker(Unknown Source)
at java.base/java.util.concurrent.ThreadPoolExecutor$Worker.run(Unknown Source)
at java.base/java.lang.Thread.run(Unknown Source)
... Removed 19 stack frames]]>
    </failure>
  </testcase> <!-- Secondary_mobno_contain_lessthan_10_numbers -->
  <testcase classname="com.mytest.Admission" name="Primary_email_contain_whitespaces" time="2.609"/>
  <testcase classname="com.mytest.Admission" name="Primary_email_valid" time="0.331"/>
  <testcase classname="com.mytest.Admission" name="Primary_email_contain_whitespaces_at_begining" time="1.377">
    <failure type="java.lang.AssertionError" message="Primary Email contain Whitespaces at Begining expected [true] but found [false]">
      <![CDATA[java.lang.AssertionError: Primary Email contain Whitespaces at Begining expected [true] but found [false]
at com.mytest.Admission.Primary_email_contain_whitespaces_at_begining(Admission.java:641)
at java.base/java.util.concurrent.FutureTask.run(Unknown Source)
at java.base/java.util.concurrent.ThreadPoolExecutor.runWorker(Unknown Source)
at java.base/java.util.concurrent.ThreadPoolExecutor$Worker.run(Unknown Source)
at java.base/java.lang.Thread.run(Unknown Source)
... Removed 19 stack frames]]>
    </failure>
  </testcase> <!-- Primary_email_contain_whitespaces_at_begining -->
  <testcase classname="com.mytest.Admission" name="Primary_email_field_is_Blank" time="1.239"/>
  <testcase classname="com.mytest.Admission" name="Secondary_email_contain_whitespaces" time="8.555"/>
  <testcase classname="com.mytest.Admission" name="Secondary_email_valid" time="0.284"/>
  <testcase classname="com.mytest.Admission" name="Secondary_email_contain_whitespaces_at_begining" time="1.399">
    <failure type="java.lang.AssertionError" message="Secondary Email contain Whitespaces at Begining expected [true] but found [false]">
      <![CDATA[java.lang.AssertionError: Secondary Email contain Whitespaces at Begining expected [true] but found [false]
at com.mytest.Admission.Secondary_email_contain_whitespaces_at_begining(Admission.java:694)
at java.base/java.util.concurrent.FutureTask.run(Unknown Source)
at java.base/java.util.concurrent.ThreadPoolExecutor.runWorker(Unknown Source)
at java.base/java.util.concurrent.ThreadPoolExecutor$Worker.run(Unknown Source)
at java.base/java.lang.Thread.run(Unknown Source)
... Removed 19 stack frames]]>
    </failure>
  </testcase> <!-- Secondary_email_contain_whitespaces_at_begining -->
  <testcase classname="com.mytest.Admission" name="Valid_current_address" time="0.552"/>
  <testcase classname="com.mytest.Admission" name="Blank_current_address" time="4.889"/>
  <testcase classname="com.mytest.Admission" name="Valid_permanent_address" time="1.171"/>
  <testcase classname="com.mytest.Admission" name="Pincode_currentaddress_field_is_Blank" time="0.097"/>
  <testcase classname="com.mytest.Admission" name="Pincode_currentaddress_contain_special_characters" time="0.203">
    <failure type="java.lang.AssertionError" message="Pincode No Contains Spaecial Characters expected [true] but found [false]">
      <![CDATA[java.lang.AssertionError: Pincode No Contains Spaecial Characters expected [true] but found [false]
at com.mytest.Admission.Pincode_currentaddress_contain_special_characters(Admission.java:737)
at java.base/java.util.concurrent.FutureTask.run(Unknown Source)
at java.base/java.util.concurrent.ThreadPoolExecutor.runWorker(Unknown Source)
at java.base/java.util.concurrent.ThreadPoolExecutor$Worker.run(Unknown Source)
at java.base/java.lang.Thread.run(Unknown Source)
... Removed 19 stack frames]]>
    </failure>
  </testcase> <!-- Pincode_currentaddress_contain_special_characters -->
  <testcase classname="com.mytest.Admission" name="Pincode_currentaddress_contain_numbers" time="0.165"/>
  <testcase classname="com.mytest.Admission" name="Pincode_currentaddress_contain_whitespaces" time="0.172"/>
  <testcase classname="com.mytest.Admission" name="Pincode_currentaddress_contain_alphabets" time="0.189"/>
  <testcase classname="com.mytest.Admission" name="Pincode_currentaddress_contain_whitespaces_at_begining" time="0.216"/>
  <testcase classname="com.mytest.Admission" name="Pincode_currentaddress_contain_morethan_6_numbers" time="0.164"/>
  <testcase classname="com.mytest.Admission" name="Pincode_currentaddress_contain_lessthan_6_numbers" time="16.803">
    <failure type="org.openqa.selenium.NoSuchElementException" message="no such element: Unable to locate element: {&amp;quot;method&amp;quot;:&amp;quot;xpath&amp;quot;,&amp;quot;selector&amp;quot;:&amp;quot;//*[@id=&amp;quot;parsley-id-36&amp;quot;]/li&amp;quot;}
  (Session info: chrome=68.0.3440.106)
  (Driver info: chromedriver=2.40.565498 (ea082db3280dd6843ebfb08a625e3eb905c4f5ab),platform=Windows NT 6.1.7601 SP1 x86_64) (WARNING: The server did not provide any stacktrace information)
Command duration or timeout: 0 milliseconds
For documentation on this error, please visit: http://seleniumhq.org/exceptions/no_such_element.html
Build info: version: &amp;apos;3.13.0&amp;apos;, revision: &amp;apos;2f0d292&amp;apos;, time: &amp;apos;2018-06-25T15:32:14.902Z&amp;apos;
System info: host: &amp;apos;TESTER-PC&amp;apos;, ip: &amp;apos;192.168.0.102&amp;apos;, os.name: &amp;apos;Windows 7&amp;apos;, os.arch: &amp;apos;amd64&amp;apos;, os.version: &amp;apos;6.1&amp;apos;, java.version: &amp;apos;10.0.1&amp;apos;
Driver info: org.openqa.selenium.chrome.ChromeDriver
Capabilities {acceptInsecureCerts: false, acceptSslCerts: false, applicationCacheEnabled: false, browserConnectionEnabled: false, browserName: chrome, chrome: {chromedriverVersion: 2.40.565498 (ea082db3280dd6..., userDataDir: C:\Users\Tester\AppData\Loc...}, cssSelectorsEnabled: true, databaseEnabled: false, handlesAlerts: true, hasTouchScreen: false, javascriptEnabled: true, locationContextEnabled: true, mobileEmulationEnabled: false, nativeEvents: true, networkConnectionEnabled: false, pageLoadStrategy: normal, platform: XP, platformName: XP, rotatable: false, setWindowRect: true, takesHeapSnapshot: true, takesScreenshot: true, unexpectedAlertBehaviour: , unhandledPromptBehavior: , version: 68.0.3440.106, webStorageEnabled: true}
Session ID: 04cc43f60f469c155519aa821fa111f0
*** Element info: {Using=xpath, value=//*[@id=&amp;quot;parsley-id-36&amp;quot;]/li}">
      <![CDATA[org.openqa.selenium.NoSuchElementException: no such element: Unable to locate element: {"method":"xpath","selector":"//*[@id="parsley-id-36"]/li"}
  (Session info: chrome=68.0.3440.106)
  (Driver info: chromedriver=2.40.565498 (ea082db3280dd6843ebfb08a625e3eb905c4f5ab),platform=Windows NT 6.1.7601 SP1 x86_64) (WARNING: The server did not provide any stacktrace information)
Command duration or timeout: 0 milliseconds
For documentation on this error, please visit: http://seleniumhq.org/exceptions/no_such_element.html
Build info: version: '3.13.0', revision: '2f0d292', time: '2018-06-25T15:32:14.902Z'
System info: host: 'TESTER-PC', ip: '192.168.0.102', os.name: 'Windows 7', os.arch: 'amd64', os.version: '6.1', java.version: '10.0.1'
Driver info: org.openqa.selenium.chrome.ChromeDriver
Capabilities {acceptInsecureCerts: false, acceptSslCerts: false, applicationCacheEnabled: false, browserConnectionEnabled: false, browserName: chrome, chrome: {chromedriverVersion: 2.40.565498 (ea082db3280dd6..., userDataDir: C:\Users\Tester\AppData\Loc...}, cssSelectorsEnabled: true, databaseEnabled: false, handlesAlerts: true, hasTouchScreen: false, javascriptEnabled: true, locationContextEnabled: true, mobileEmulationEnabled: false, nativeEvents: true, networkConnectionEnabled: false, pageLoadStrategy: normal, platform: XP, platformName: XP, rotatable: false, setWindowRect: true, takesHeapSnapshot: true, takesScreenshot: true, unexpectedAlertBehaviour: , unhandledPromptBehavior: , version: 68.0.3440.106, webStorageEnabled: true}
Session ID: 04cc43f60f469c155519aa821fa111f0
*** Element info: {Using=xpath, value=//*[@id="parsley-id-36"]/li}
at org.openqa.selenium.remote.ErrorHandler.createThrowable(ErrorHandler.java:214)
at org.openqa.selenium.remote.ErrorHandler.throwIfResponseFailed(ErrorHandler.java:166)
at org.openqa.selenium.remote.http.JsonHttpResponseCodec.reconstructValue(JsonHttpResponseCodec.java:40)
at org.openqa.selenium.remote.http.AbstractHttpResponseCodec.decode(AbstractHttpResponseCodec.java:80)
at org.openqa.selenium.remote.http.AbstractHttpResponseCodec.decode(AbstractHttpResponseCodec.java:44)
at org.openqa.selenium.remote.HttpCommandExecutor.execute(HttpCommandExecutor.java:158)
at org.openqa.selenium.remote.service.DriverCommandExecutor.execute(DriverCommandExecutor.java:83)
at org.openqa.selenium.remote.RemoteWebDriver.execute(RemoteWebDriver.java:548)
at org.openqa.selenium.remote.RemoteWebDriver.findElement(RemoteWebDriver.java:322)
at org.openqa.selenium.remote.RemoteWebDriver.findElementByXPath(RemoteWebDriver.java:424)
at org.openqa.selenium.By$ByXPath.findElement(By.java:353)
at org.openqa.selenium.remote.RemoteWebDriver.findElement(RemoteWebDriver.java:314)
at com.mytest.Admission.Pincode_currentaddress_contain_lessthan_6_numbers(Admission.java:809)
at java.base/java.util.concurrent.FutureTask.run(Unknown Source)
at java.base/java.util.concurrent.ThreadPoolExecutor.runWorker(Unknown Source)
at java.base/java.util.concurrent.ThreadPoolExecutor$Worker.run(Unknown Source)
at java.base/java.lang.Thread.run(Unknown Source)
... Removed 20 stack frames]]>
    </failure>
  </testcase> <!-- Pincode_currentaddress_contain_lessthan_6_numbers -->
  <testcase classname="com.mytest.Admission" name="Pincode_permanentaddress_contain_special_characters" time="0.362">
    <failure type="java.lang.AssertionError" message="Pincode No Contains Spaecial Characters expected [true] but found [false]">
      <![CDATA[java.lang.AssertionError: Pincode No Contains Spaecial Characters expected [true] but found [false]
at com.mytest.Admission.Pincode_permanentaddress_contain_special_characters(Admission.java:823)
at java.base/java.util.concurrent.FutureTask.run(Unknown Source)
at java.base/java.util.concurrent.ThreadPoolExecutor.runWorker(Unknown Source)
at java.base/java.util.concurrent.ThreadPoolExecutor$Worker.run(Unknown Source)
at java.base/java.lang.Thread.run(Unknown Source)
... Removed 19 stack frames]]>
    </failure>
  </testcase> <!-- Pincode_permanentaddress_contain_special_characters -->
  <testcase classname="com.mytest.Admission" name="Pincode_permanentaddress_contain_numbers" time="0.199"/>
  <testcase classname="com.mytest.Admission" name="Pincode_permanentaddress_contain_whitespaces" time="0.292"/>
  <testcase classname="com.mytest.Admission" name="Pincode_permanentaddress_contain_alphabets" time="0.149"/>
  <testcase classname="com.mytest.Admission" name="Pincode_permanentaddress_contain_whitespaces_at_begining" time="0.274"/>
  <testcase classname="com.mytest.Admission" name="Pincode_permanentaddress_contain_morethan_6_numbers" time="0.309"/>
  <testcase classname="com.mytest.Admission" name="Pincode_permanentaddress_contain_lessthan_6_numbers" time="12.919">
    <failure type="org.openqa.selenium.NoSuchElementException" message="no such element: Unable to locate element: {&amp;quot;method&amp;quot;:&amp;quot;xpath&amp;quot;,&amp;quot;selector&amp;quot;:&amp;quot;//*[@id=&amp;quot;parsley-id-38&amp;quot;]/li&amp;quot;}
  (Session info: chrome=68.0.3440.106)
  (Driver info: chromedriver=2.40.565498 (ea082db3280dd6843ebfb08a625e3eb905c4f5ab),platform=Windows NT 6.1.7601 SP1 x86_64) (WARNING: The server did not provide any stacktrace information)
Command duration or timeout: 0 milliseconds
For documentation on this error, please visit: http://seleniumhq.org/exceptions/no_such_element.html
Build info: version: &amp;apos;3.13.0&amp;apos;, revision: &amp;apos;2f0d292&amp;apos;, time: &amp;apos;2018-06-25T15:32:14.902Z&amp;apos;
System info: host: &amp;apos;TESTER-PC&amp;apos;, ip: &amp;apos;192.168.0.102&amp;apos;, os.name: &amp;apos;Windows 7&amp;apos;, os.arch: &amp;apos;amd64&amp;apos;, os.version: &amp;apos;6.1&amp;apos;, java.version: &amp;apos;10.0.1&amp;apos;
Driver info: org.openqa.selenium.chrome.ChromeDriver
Capabilities {acceptInsecureCerts: false, acceptSslCerts: false, applicationCacheEnabled: false, browserConnectionEnabled: false, browserName: chrome, chrome: {chromedriverVersion: 2.40.565498 (ea082db3280dd6..., userDataDir: C:\Users\Tester\AppData\Loc...}, cssSelectorsEnabled: true, databaseEnabled: false, handlesAlerts: true, hasTouchScreen: false, javascriptEnabled: true, locationContextEnabled: true, mobileEmulationEnabled: false, nativeEvents: true, networkConnectionEnabled: false, pageLoadStrategy: normal, platform: XP, platformName: XP, rotatable: false, setWindowRect: true, takesHeapSnapshot: true, takesScreenshot: true, unexpectedAlertBehaviour: , unhandledPromptBehavior: , version: 68.0.3440.106, webStorageEnabled: true}
Session ID: 04cc43f60f469c155519aa821fa111f0
*** Element info: {Using=xpath, value=//*[@id=&amp;quot;parsley-id-38&amp;quot;]/li}">
      <![CDATA[org.openqa.selenium.NoSuchElementException: no such element: Unable to locate element: {"method":"xpath","selector":"//*[@id="parsley-id-38"]/li"}
  (Session info: chrome=68.0.3440.106)
  (Driver info: chromedriver=2.40.565498 (ea082db3280dd6843ebfb08a625e3eb905c4f5ab),platform=Windows NT 6.1.7601 SP1 x86_64) (WARNING: The server did not provide any stacktrace information)
Command duration or timeout: 0 milliseconds
For documentation on this error, please visit: http://seleniumhq.org/exceptions/no_such_element.html
Build info: version: '3.13.0', revision: '2f0d292', time: '2018-06-25T15:32:14.902Z'
System info: host: 'TESTER-PC', ip: '192.168.0.102', os.name: 'Windows 7', os.arch: 'amd64', os.version: '6.1', java.version: '10.0.1'
Driver info: org.openqa.selenium.chrome.ChromeDriver
Capabilities {acceptInsecureCerts: false, acceptSslCerts: false, applicationCacheEnabled: false, browserConnectionEnabled: false, browserName: chrome, chrome: {chromedriverVersion: 2.40.565498 (ea082db3280dd6..., userDataDir: C:\Users\Tester\AppData\Loc...}, cssSelectorsEnabled: true, databaseEnabled: false, handlesAlerts: true, hasTouchScreen: false, javascriptEnabled: true, locationContextEnabled: true, mobileEmulationEnabled: false, nativeEvents: true, networkConnectionEnabled: false, pageLoadStrategy: normal, platform: XP, platformName: XP, rotatable: false, setWindowRect: true, takesHeapSnapshot: true, takesScreenshot: true, unexpectedAlertBehaviour: , unhandledPromptBehavior: , version: 68.0.3440.106, webStorageEnabled: true}
Session ID: 04cc43f60f469c155519aa821fa111f0
*** Element info: {Using=xpath, value=//*[@id="parsley-id-38"]/li}
at org.openqa.selenium.remote.ErrorHandler.createThrowable(ErrorHandler.java:214)
at org.openqa.selenium.remote.ErrorHandler.throwIfResponseFailed(ErrorHandler.java:166)
at org.openqa.selenium.remote.http.JsonHttpResponseCodec.reconstructValue(JsonHttpResponseCodec.java:40)
at org.openqa.selenium.remote.http.AbstractHttpResponseCodec.decode(AbstractHttpResponseCodec.java:80)
at org.openqa.selenium.remote.http.AbstractHttpResponseCodec.decode(AbstractHttpResponseCodec.java:44)
at org.openqa.selenium.remote.HttpCommandExecutor.execute(HttpCommandExecutor.java:158)
at org.openqa.selenium.remote.service.DriverCommandExecutor.execute(DriverCommandExecutor.java:83)
at org.openqa.selenium.remote.RemoteWebDriver.execute(RemoteWebDriver.java:548)
at org.openqa.selenium.remote.RemoteWebDriver.findElement(RemoteWebDriver.java:322)
at org.openqa.selenium.remote.RemoteWebDriver.findElementByXPath(RemoteWebDriver.java:424)
at org.openqa.selenium.By$ByXPath.findElement(By.java:353)
at org.openqa.selenium.remote.RemoteWebDriver.findElement(RemoteWebDriver.java:314)
at com.mytest.Admission.Pincode_permanentaddress_contain_lessthan_6_numbers(Admission.java:888)
at java.base/java.util.concurrent.FutureTask.run(Unknown Source)
at java.base/java.util.concurrent.ThreadPoolExecutor.runWorker(Unknown Source)
at java.base/java.util.concurrent.ThreadPoolExecutor$Worker.run(Unknown Source)
at java.base/java.lang.Thread.run(Unknown Source)
... Removed 20 stack frames]]>
    </failure>
  </testcase> <!-- Pincode_permanentaddress_contain_lessthan_6_numbers -->
  <testcase classname="com.mytest.Admission" name="Document_functionality" time="1.716"/>
  <testcase classname="com.mytest.Admission" name="Admission_date" time="0.269"/>
  <testcase classname="com.mytest.Admission" name="Communicationdetails_next_button_functionality" time="1.258"/>
  <testcase classname="com.mytest.Admission" name="Course_interested_is_Blank" time="0.145">
    <failure type="java.lang.AssertionError" message="Course Interested is Blank expected [true] but found [false]">
      <![CDATA[java.lang.AssertionError: Course Interested is Blank expected [true] but found [false]
at com.mytest.Admission.Course_interested_is_Blank(Admission.java:931)
at java.base/java.util.concurrent.FutureTask.run(Unknown Source)
at java.base/java.util.concurrent.ThreadPoolExecutor.runWorker(Unknown Source)
at java.base/java.util.concurrent.ThreadPoolExecutor$Worker.run(Unknown Source)
at java.base/java.lang.Thread.run(Unknown Source)
... Removed 19 stack frames]]>
    </failure>
  </testcase> <!-- Course_interested_is_Blank -->
  <testcase classname="com.mytest.Admission" name="Course_Amount" time="0.112"/>
  <testcase classname="com.mytest.Admission" name="Discount_functionality" time="0.186"/>
  <testcase classname="com.mytest.Admission" name="CourseDetails_next_button_functionality" time="4.194"/>
  <testcase classname="com.mytest.Admission" name="Finish_button_functionality" time="4.352"/>
  <testcase classname="com.mytest.Admission" name="Update_functionality" time="18.64"/>
  <testcase classname="com.mytest.Admission" name="Delete_Admission" time="10.788">
    <failure type="java.lang.AssertionError" message="Admission NOT getting Deleted expected [No data available in table] but found [1]">
      <![CDATA[java.lang.AssertionError: Admission NOT getting Deleted expected [No data available in table] but found [1]
at com.mytest.Admission.Delete_Admission(Admission.java:1073)
at java.base/java.util.concurrent.FutureTask.run(Unknown Source)
at java.base/java.util.concurrent.ThreadPoolExecutor.runWorker(Unknown Source)
at java.base/java.util.concurrent.ThreadPoolExecutor$Worker.run(Unknown Source)
at java.base/java.lang.Thread.run(Unknown Source)
... Removed 21 stack frames]]>
    </failure>
  </testcase> <!-- Delete_Admission -->
  <testcase classname="com.mytest.Admission" name="Studentname_contains_Special_Characters" time="3.44">
    <failure type="java.lang.AssertionError" message="Student Name Contains Special Characters expected [true] but found [false]">
      <![CDATA[java.lang.AssertionError: Student Name Contains Special Characters expected [true] but found [false]
at com.mytest.Admission.Studentname_contains_Special_Characters(Admission.java:1089)
at java.base/java.util.concurrent.FutureTask.run(Unknown Source)
at java.base/java.util.concurrent.ThreadPoolExecutor.runWorker(Unknown Source)
at java.base/java.util.concurrent.ThreadPoolExecutor$Worker.run(Unknown Source)
at java.base/java.lang.Thread.run(Unknown Source)
... Removed 19 stack frames]]>
    </failure>
  </testcase> <!-- Studentname_contains_Special_Characters -->
  <testcase classname="com.mytest.Admission" name="Studentname_contains_numbers" time="0.187"/>
  <testcase classname="com.mytest.Admission" name="Studentname_contains_whitespaces" time="0.316">
    <failure type="java.lang.AssertionError" message="Student Name Contains Whitespaces expected [true] but found [false]">
      <![CDATA[java.lang.AssertionError: Student Name Contains Whitespaces expected [true] but found [false]
at com.mytest.Admission.Studentname_contains_whitespaces(Admission.java:1108)
at java.base/java.util.concurrent.FutureTask.run(Unknown Source)
at java.base/java.util.concurrent.ThreadPoolExecutor.runWorker(Unknown Source)
at java.base/java.util.concurrent.ThreadPoolExecutor$Worker.run(Unknown Source)
at java.base/java.lang.Thread.run(Unknown Source)
... Removed 19 stack frames]]>
    </failure>
  </testcase> <!-- Studentname_contains_whitespaces -->
  <testcase classname="com.mytest.Admission" name="Studentname_contains_alphabets" time="0.243"/>
  <testcase classname="com.mytest.Admission" name="Studentname_contains_whitespaces_at_begining" time="0.275">
    <failure type="java.lang.AssertionError" message="Student Name Contain Whitespaces at Begining expected [true] but found [false]">
      <![CDATA[java.lang.AssertionError: Student Name Contain Whitespaces at Begining expected [true] but found [false]
at com.mytest.Admission.Studentname_contains_whitespaces_at_begining(Admission.java:1126)
at java.base/java.util.concurrent.FutureTask.run(Unknown Source)
at java.base/java.util.concurrent.ThreadPoolExecutor.runWorker(Unknown Source)
at java.base/java.util.concurrent.ThreadPoolExecutor$Worker.run(Unknown Source)
at java.base/java.lang.Thread.run(Unknown Source)
... Removed 19 stack frames]]>
    </failure>
  </testcase> <!-- Studentname_contains_whitespaces_at_begining -->
  <testcase classname="com.mytest.Admission" name="StudentName_field_is_Blank" time="2.391"/>
  <testcase classname="com.mytest.Admission" name="Middlename_contains_Special_Characters" time="0.233">
    <failure type="java.lang.AssertionError" message="Middle Name Contains Special Characters expected [true] but found [false]">
      <![CDATA[java.lang.AssertionError: Middle Name Contains Special Characters expected [true] but found [false]
at com.mytest.Admission.Middlename_contains_Special_Characters(Admission.java:1146)
at java.base/java.util.concurrent.FutureTask.run(Unknown Source)
at java.base/java.util.concurrent.ThreadPoolExecutor.runWorker(Unknown Source)
at java.base/java.util.concurrent.ThreadPoolExecutor$Worker.run(Unknown Source)
at java.base/java.lang.Thread.run(Unknown Source)
... Removed 19 stack frames]]>
    </failure>
  </testcase> <!-- Middlename_contains_Special_Characters -->
  <testcase classname="com.mytest.Admission" name="Middlename_contains_numbers" time="0.142"/>
  <testcase classname="com.mytest.Admission" name="Middlename_contains_whitespaces" time="0.266">
    <failure type="java.lang.AssertionError" message="Middle Name Contains Whitespaces expected [true] but found [false]">
      <![CDATA[java.lang.AssertionError: Middle Name Contains Whitespaces expected [true] but found [false]
at com.mytest.Admission.Middlename_contains_whitespaces(Admission.java:1164)
at java.base/java.util.concurrent.FutureTask.run(Unknown Source)
at java.base/java.util.concurrent.ThreadPoolExecutor.runWorker(Unknown Source)
at java.base/java.util.concurrent.ThreadPoolExecutor$Worker.run(Unknown Source)
at java.base/java.lang.Thread.run(Unknown Source)
... Removed 19 stack frames]]>
    </failure>
  </testcase> <!-- Middlename_contains_whitespaces -->
  <testcase classname="com.mytest.Admission" name="Middlename_contains_whitespaces_at_begining" time="0.184">
    <failure type="java.lang.AssertionError" message="Middle Name Contain Whitespaces at Begining expected [true] but found [false]">
      <![CDATA[java.lang.AssertionError: Middle Name Contain Whitespaces at Begining expected [true] but found [false]
at com.mytest.Admission.Middlename_contains_whitespaces_at_begining(Admission.java:1173)
at java.base/java.util.concurrent.FutureTask.run(Unknown Source)
at java.base/java.util.concurrent.ThreadPoolExecutor.runWorker(Unknown Source)
at java.base/java.util.concurrent.ThreadPoolExecutor$Worker.run(Unknown Source)
at java.base/java.lang.Thread.run(Unknown Source)
... Removed 19 stack frames]]>
    </failure>
  </testcase> <!-- Middlename_contains_whitespaces_at_begining -->
  <testcase classname="com.mytest.Admission" name="Middlename_contains_alphabets" time="0.135"/>
  <testcase classname="com.mytest.Admission" name="Lastname_contains_Special_Characters" time="0.283">
    <failure type="java.lang.AssertionError" message="Last Name Contains Special Characters expected [true] but found [false]">
      <![CDATA[java.lang.AssertionError: Last Name Contains Special Characters expected [true] but found [false]
at com.mytest.Admission.Lastname_contains_Special_Characters(Admission.java:1195)
at java.base/java.util.concurrent.FutureTask.run(Unknown Source)
at java.base/java.util.concurrent.ThreadPoolExecutor.runWorker(Unknown Source)
at java.base/java.util.concurrent.ThreadPoolExecutor$Worker.run(Unknown Source)
at java.base/java.lang.Thread.run(Unknown Source)
... Removed 19 stack frames]]>
    </failure>
  </testcase> <!-- Lastname_contains_Special_Characters -->
  <testcase classname="com.mytest.Admission" name="Lastname_contains_numbers" time="0.161"/>
  <testcase classname="com.mytest.Admission" name="Lastname_contains_whitespaces" time="0.228">
    <failure type="java.lang.AssertionError" message="Last Name Contains Whitespaces expected [true] but found [false]">
      <![CDATA[java.lang.AssertionError: Last Name Contains Whitespaces expected [true] but found [false]
at com.mytest.Admission.Lastname_contains_whitespaces(Admission.java:1213)
at java.base/java.util.concurrent.FutureTask.run(Unknown Source)
at java.base/java.util.concurrent.ThreadPoolExecutor.runWorker(Unknown Source)
at java.base/java.util.concurrent.ThreadPoolExecutor$Worker.run(Unknown Source)
at java.base/java.lang.Thread.run(Unknown Source)
... Removed 19 stack frames]]>
    </failure>
  </testcase> <!-- Lastname_contains_whitespaces -->
  <testcase classname="com.mytest.Admission" name="Lastname_contains_alphabets" time="0.159"/>
  <testcase classname="com.mytest.Admission" name="Lastname_contains_whitespaces_at_begining" time="0.192">
    <failure type="java.lang.AssertionError" message="Last Name Contain Whitespaces at Begining expected [true] but found [false]">
      <![CDATA[java.lang.AssertionError: Last Name Contain Whitespaces at Begining expected [true] but found [false]
at com.mytest.Admission.Lastname_contains_whitespaces_at_begining(Admission.java:1231)
at java.base/java.util.concurrent.FutureTask.run(Unknown Source)
at java.base/java.util.concurrent.ThreadPoolExecutor.runWorker(Unknown Source)
at java.base/java.util.concurrent.ThreadPoolExecutor$Worker.run(Unknown Source)
at java.base/java.lang.Thread.run(Unknown Source)
... Removed 19 stack frames]]>
    </failure>
  </testcase> <!-- Lastname_contains_whitespaces_at_begining -->
  <testcase classname="com.mytest.Admission" name="LastName_field_is_Blank" time="0.059"/>
  <testcase classname="com.mytest.Admission" name="Collegename_contains_Special_Characters" time="0.243">
    <failure type="java.lang.AssertionError" message="College Name Contains Special Characters expected [true] but found [false]">
      <![CDATA[java.lang.AssertionError: College Name Contains Special Characters expected [true] but found [false]
at com.mytest.Admission.Collegename_contains_Special_Characters(Admission.java:1248)
at java.base/java.util.concurrent.FutureTask.run(Unknown Source)
at java.base/java.util.concurrent.ThreadPoolExecutor.runWorker(Unknown Source)
at java.base/java.util.concurrent.ThreadPoolExecutor$Worker.run(Unknown Source)
at java.base/java.lang.Thread.run(Unknown Source)
... Removed 19 stack frames]]>
    </failure>
  </testcase> <!-- Collegename_contains_Special_Characters -->
  <testcase classname="com.mytest.Admission" name="Collegename_contains_numbers" time="0.171"/>
  <testcase classname="com.mytest.Admission" name="Collegename_contains_whitespaces" time="0.189"/>
  <testcase classname="com.mytest.Admission" name="Collegename_contains_alphabets" time="0.243"/>
  <testcase classname="com.mytest.Admission" name="Collegename_contains_whitespaces_at_begining" time="0.21"/>
  <testcase classname="com.mytest.Admission" name="CollegeName_field_is_Blank" time="0.069"/>
  <testcase classname="com.mytest.Admission" name="Qualification_contains_Special_Characters" time="0.239">
    <failure type="java.lang.AssertionError" message="College Name Contains Special Characters expected [true] but found [false]">
      <![CDATA[java.lang.AssertionError: College Name Contains Special Characters expected [true] but found [false]
at com.mytest.Admission.Qualification_contains_Special_Characters(Admission.java:1301)
at java.base/java.util.concurrent.FutureTask.run(Unknown Source)
at java.base/java.util.concurrent.ThreadPoolExecutor.runWorker(Unknown Source)
at java.base/java.util.concurrent.ThreadPoolExecutor$Worker.run(Unknown Source)
at java.base/java.lang.Thread.run(Unknown Source)
... Removed 19 stack frames]]>
    </failure>
  </testcase> <!-- Qualification_contains_Special_Characters -->
  <testcase classname="com.mytest.Admission" name="Qualification_contains_numbers" time="0.244">
    <failure type="java.lang.AssertionError" message="College Name Contains Numbers expected [true] but found [false]">
      <![CDATA[java.lang.AssertionError: College Name Contains Numbers expected [true] but found [false]
at com.mytest.Admission.Qualification_contains_numbers(Admission.java:1310)
at java.base/java.util.concurrent.FutureTask.run(Unknown Source)
at java.base/java.util.concurrent.ThreadPoolExecutor.runWorker(Unknown Source)
at java.base/java.util.concurrent.ThreadPoolExecutor$Worker.run(Unknown Source)
at java.base/java.lang.Thread.run(Unknown Source)
... Removed 19 stack frames]]>
    </failure>
  </testcase> <!-- Qualification_contains_numbers -->
  <testcase classname="com.mytest.Admission" name="Qualification_contains_whitespaces" time="0.165"/>
  <testcase classname="com.mytest.Admission" name="Qualification_contains_alphabets" time="0.143"/>
  <testcase classname="com.mytest.Admission" name="Qualification_contains_whitespaces_at_begining" time="0.163"/>
  <testcase classname="com.mytest.Admission" name="Qualification_Field_is_Blank" time="0.065"/>
  <testcase classname="com.mytest.Admission" name="Aadharno_contains_special_characters" time="0.233">
    <failure type="java.lang.AssertionError" message="Aadhar No Contains Spaecial Characters expected [true] but found [false]">
      <![CDATA[java.lang.AssertionError: Aadhar No Contains Spaecial Characters expected [true] but found [false]
at com.mytest.Admission.Aadharno_contains_special_characters(Admission.java:1354)
at java.base/java.util.concurrent.FutureTask.run(Unknown Source)
at java.base/java.util.concurrent.ThreadPoolExecutor.runWorker(Unknown Source)
at java.base/java.util.concurrent.ThreadPoolExecutor$Worker.run(Unknown Source)
at java.base/java.lang.Thread.run(Unknown Source)
... Removed 19 stack frames]]>
    </failure>
  </testcase> <!-- Aadharno_contains_special_characters -->
  <testcase classname="com.mytest.Admission" name="Aadharno_contains_numbers" time="0.248"/>
  <testcase classname="com.mytest.Admission" name="Aadharno_contains_alphabets" time="0.196"/>
  <testcase classname="com.mytest.Admission" name="Aadharno_contains_whitespaces_at_begining" time="0.199"/>
  <testcase classname="com.mytest.Admission" name="Aadharno_contains_lessthan_12_numbers" time="0.136">
    <failure type="java.lang.AssertionError" message="Aadhar No Contains Less than 12 numbers expected [true] but found [false]">
      <![CDATA[java.lang.AssertionError: Aadhar No Contains Less than 12 numbers expected [true] but found [false]
at com.mytest.Admission.Aadharno_contains_lessthan_12_numbers(Admission.java:1399)
at java.base/java.util.concurrent.FutureTask.run(Unknown Source)
at java.base/java.util.concurrent.ThreadPoolExecutor.runWorker(Unknown Source)
at java.base/java.util.concurrent.ThreadPoolExecutor$Worker.run(Unknown Source)
at java.base/java.lang.Thread.run(Unknown Source)
... Removed 19 stack frames]]>
    </failure>
  </testcase> <!-- Aadharno_contains_lessthan_12_numbers -->
  <testcase classname="com.mytest.Admission" name="Aadharno_contains_greaterthan_12_numbers" time="0.197">
    <failure type="java.lang.AssertionError" message="Aadhar No Contains Whitespaces at begining expected [true] but found [false]">
      <![CDATA[java.lang.AssertionError: Aadhar No Contains Whitespaces at begining expected [true] but found [false]
at com.mytest.Admission.Aadharno_contains_greaterthan_12_numbers(Admission.java:1408)
at java.base/java.util.concurrent.FutureTask.run(Unknown Source)
at java.base/java.util.concurrent.ThreadPoolExecutor.runWorker(Unknown Source)
at java.base/java.util.concurrent.ThreadPoolExecutor$Worker.run(Unknown Source)
at java.base/java.lang.Thread.run(Unknown Source)
... Removed 19 stack frames]]>
    </failure>
  </testcase> <!-- Aadharno_contains_greaterthan_12_numbers -->
  <testcase classname="com.mytest.Admission" name="Birthdate_Functionality" time="3.198"/>
  <testcase classname="com.mytest.Admission" name="Blank_Gender_Field" time="0.076">
    <failure type="java.lang.AssertionError" message="Gender field is Blank expected [true] but found [false]">
      <![CDATA[java.lang.AssertionError: Gender field is Blank expected [true] but found [false]
at com.mytest.Admission.Blank_Gender_Field(Admission.java:1427)
at java.base/java.util.concurrent.FutureTask.run(Unknown Source)
at java.base/java.util.concurrent.ThreadPoolExecutor.runWorker(Unknown Source)
at java.base/java.util.concurrent.ThreadPoolExecutor$Worker.run(Unknown Source)
at java.base/java.lang.Thread.run(Unknown Source)
... Removed 19 stack frames]]>
    </failure>
  </testcase> <!-- Blank_Gender_Field -->
  <testcase classname="com.mytest.Admission" name="Gender_Functionality" time="0.214"/>
  <testcase classname="com.mytest.Admission" name="PersonalInfo_next_button_Functionality" time="6.05"/>
  <testcase classname="com.mytest.Admission" name="Primary_mobno_contains_special_characters" time="0.225">
    <failure type="java.lang.AssertionError" message="Primary Mobile No Contains Spaecial Characters expected [true] but found [false]">
      <![CDATA[java.lang.AssertionError: Primary Mobile No Contains Spaecial Characters expected [true] but found [false]
at com.mytest.Admission.Primary_mobno_contains_special_characters(Admission.java:1463)
at java.base/java.util.concurrent.FutureTask.run(Unknown Source)
at java.base/java.util.concurrent.ThreadPoolExecutor.runWorker(Unknown Source)
at java.base/java.util.concurrent.ThreadPoolExecutor$Worker.run(Unknown Source)
at java.base/java.lang.Thread.run(Unknown Source)
... Removed 19 stack frames]]>
    </failure>
  </testcase> <!-- Primary_mobno_contains_special_characters -->
  <testcase classname="com.mytest.Admission" name="Primary_mobno_contains_numbers" time="0.28"/>
  <testcase classname="com.mytest.Admission" name="Primary_mobno_contains_whitespaces" time="0.191"/>
  <testcase classname="com.mytest.Admission" name="Primary_mobno_contains_alphabets" time="0.141"/>
  <testcase classname="com.mytest.Admission" name="Primary_mobno_contains_whitespaces_at_begining" time="0.187"/>
  <testcase classname="com.mytest.Admission" name="Primary_mobno_Field_is_Blank" time="0.061"/>
  <testcase classname="com.mytest.Admission" name="Primary_mobno_contains_lessthan_10_numbers" time="0.13">
    <failure type="java.lang.AssertionError" message="Primary Mobile No Contains Less than 10 numbers expected [true] but found [false]">
      <![CDATA[java.lang.AssertionError: Primary Mobile No Contains Less than 10 numbers expected [true] but found [false]
at com.mytest.Admission.Primary_mobno_contains_lessthan_10_numbers(Admission.java:1525)
at java.base/java.util.concurrent.FutureTask.run(Unknown Source)
at java.base/java.util.concurrent.ThreadPoolExecutor.runWorker(Unknown Source)
at java.base/java.util.concurrent.ThreadPoolExecutor$Worker.run(Unknown Source)
at java.base/java.lang.Thread.run(Unknown Source)
... Removed 19 stack frames]]>
    </failure>
  </testcase> <!-- Primary_mobno_contains_lessthan_10_numbers -->
  <testcase classname="com.mytest.Admission" name="Primary_mobno_contains_greaterthan_10_numbers" time="0.228"/>
  <testcase classname="com.mytest.Admission" name="Secondary_mobno_contains_special_characters" time="0.206">
    <failure type="java.lang.AssertionError" message="Secondary Mobile No Contains Spaecial Characters expected [true] but found [false]">
      <![CDATA[java.lang.AssertionError: Secondary Mobile No Contains Spaecial Characters expected [true] but found [false]
at com.mytest.Admission.Secondary_mobno_contains_special_characters(Admission.java:1543)
at java.base/java.util.concurrent.FutureTask.run(Unknown Source)
at java.base/java.util.concurrent.ThreadPoolExecutor.runWorker(Unknown Source)
at java.base/java.util.concurrent.ThreadPoolExecutor$Worker.run(Unknown Source)
at java.base/java.lang.Thread.run(Unknown Source)
... Removed 19 stack frames]]>
    </failure>
  </testcase> <!-- Secondary_mobno_contains_special_characters -->
  <testcase classname="com.mytest.Admission" name="Secondary_mobno_contains_numbers" time="0.192"/>
  <testcase classname="com.mytest.Admission" name="Secondary_mobno_contains_whitespaces" time="0.387"/>
  <testcase classname="com.mytest.Admission" name="Secondary_mobno_contains_alphabets" time="0.261"/>
  <testcase classname="com.mytest.Admission" name="Secondary_mobno_contains_whitespaces_at_begining" time="0.332"/>
  <testcase classname="com.mytest.Admission" name="Secondary_mobno_contains_lessthan_10_numbers" time="0.201">
    <failure type="java.lang.AssertionError" message="Secondary Mobile No Contains Less than 10 numbers expected [true] but found [false]">
      <![CDATA[java.lang.AssertionError: Secondary Mobile No Contains Less than 10 numbers expected [true] but found [false]
at com.mytest.Admission.Secondary_mobno_contains_lessthan_10_numbers(Admission.java:1597)
at java.base/java.util.concurrent.FutureTask.run(Unknown Source)
at java.base/java.util.concurrent.ThreadPoolExecutor.runWorker(Unknown Source)
at java.base/java.util.concurrent.ThreadPoolExecutor$Worker.run(Unknown Source)
at java.base/java.lang.Thread.run(Unknown Source)
... Removed 19 stack frames]]>
    </failure>
  </testcase> <!-- Secondary_mobno_contains_lessthan_10_numbers -->
  <testcase classname="com.mytest.Admission" name="Secondary_mobno_contains_greaterthan_10_numbers" time="0.19"/>
  <testcase classname="com.mytest.Admission" name="Primary_email_contains_whitespaces" time="5.964"/>
  <testcase classname="com.mytest.Admission" name="Primary_Email_valid" time="0.354"/>
  <testcase classname="com.mytest.Admission" name="Primary_email_contains_whitespaces_at_begining" time="1.362">
    <failure type="java.lang.AssertionError" message="Primary Email contain Whitespaces at Begining expected [true] but found [false]">
      <![CDATA[java.lang.AssertionError: Primary Email contain Whitespaces at Begining expected [true] but found [false]
at com.mytest.Admission.Primary_email_contains_whitespaces_at_begining(Admission.java:1651)
at java.base/java.util.concurrent.FutureTask.run(Unknown Source)
at java.base/java.util.concurrent.ThreadPoolExecutor.runWorker(Unknown Source)
at java.base/java.util.concurrent.ThreadPoolExecutor$Worker.run(Unknown Source)
at java.base/java.lang.Thread.run(Unknown Source)
... Removed 19 stack frames]]>
    </failure>
  </testcase> <!-- Primary_email_contains_whitespaces_at_begining -->
  <testcase classname="com.mytest.Admission" name="Secondary_email_contains_whitespaces" time="11.768"/>
  <testcase classname="com.mytest.Admission" name="Secondary_Email_valid" time="0.304"/>
  <testcase classname="com.mytest.Admission" name="Secondary_email_contains_whitespaces_at_begining" time="1.342">
    <failure type="java.lang.AssertionError" message="Secondary Email contain Whitespaces at Begining expected [true] but found [false]">
      <![CDATA[java.lang.AssertionError: Secondary Email contain Whitespaces at Begining expected [true] but found [false]
at com.mytest.Admission.Secondary_email_contains_whitespaces_at_begining(Admission.java:1695)
at java.base/java.util.concurrent.FutureTask.run(Unknown Source)
at java.base/java.util.concurrent.ThreadPoolExecutor.runWorker(Unknown Source)
at java.base/java.util.concurrent.ThreadPoolExecutor$Worker.run(Unknown Source)
at java.base/java.lang.Thread.run(Unknown Source)
... Removed 19 stack frames]]>
    </failure>
  </testcase> <!-- Secondary_email_contains_whitespaces_at_begining -->
  <testcase classname="com.mytest.Admission" name="Valid_Current_address" time="0.678"/>
  <testcase classname="com.mytest.Admission" name="Blank_Current_address" time="7.251"/>
  <testcase classname="com.mytest.Admission" name="Valid_Permanent_address" time="1.079"/>
  <testcase classname="com.mytest.Admission" name="Pincode_currentaddress_contains_special_characters" time="0.33">
    <failure type="java.lang.AssertionError" message="Pincode No Contains Spaecial Characters expected [true] but found [false]">
      <![CDATA[java.lang.AssertionError: Pincode No Contains Spaecial Characters expected [true] but found [false]
at com.mytest.Admission.Pincode_currentaddress_contains_special_characters(Admission.java:1737)
at java.base/java.util.concurrent.FutureTask.run(Unknown Source)
at java.base/java.util.concurrent.ThreadPoolExecutor.runWorker(Unknown Source)
at java.base/java.util.concurrent.ThreadPoolExecutor$Worker.run(Unknown Source)
at java.base/java.lang.Thread.run(Unknown Source)
... Removed 19 stack frames]]>
    </failure>
  </testcase> <!-- Pincode_currentaddress_contains_special_characters -->
  <testcase classname="com.mytest.Admission" name="Pincode_currentaddress_contains_numbers" time="0.153"/>
  <testcase classname="com.mytest.Admission" name="Pincode_currentaddress_contains_whitespaces" time="0.187"/>
  <testcase classname="com.mytest.Admission" name="Pincode_currentaddress_contains_alphabets" time="0.154"/>
  <testcase classname="com.mytest.Admission" name="Pincode_currentaddress_contains_whitespaces_at_begining" time="0.197"/>
  <testcase classname="com.mytest.Admission" name="Pincode_Currentaddress_field_is_Blank" time="0.058"/>
  <testcase classname="com.mytest.Admission" name="Pincode_currentaddress_contains_lessthan_6_numbers" time="16.789">
    <failure type="org.openqa.selenium.NoSuchElementException" message="no such element: Unable to locate element: {&amp;quot;method&amp;quot;:&amp;quot;xpath&amp;quot;,&amp;quot;selector&amp;quot;:&amp;quot;//*[@id=&amp;quot;parsley-id-36&amp;quot;]/li&amp;quot;}
  (Session info: chrome=68.0.3440.106)
  (Driver info: chromedriver=2.40.565498 (ea082db3280dd6843ebfb08a625e3eb905c4f5ab),platform=Windows NT 6.1.7601 SP1 x86_64) (WARNING: The server did not provide any stacktrace information)
Command duration or timeout: 0 milliseconds
For documentation on this error, please visit: http://seleniumhq.org/exceptions/no_such_element.html
Build info: version: &amp;apos;3.13.0&amp;apos;, revision: &amp;apos;2f0d292&amp;apos;, time: &amp;apos;2018-06-25T15:32:14.902Z&amp;apos;
System info: host: &amp;apos;TESTER-PC&amp;apos;, ip: &amp;apos;192.168.0.102&amp;apos;, os.name: &amp;apos;Windows 7&amp;apos;, os.arch: &amp;apos;amd64&amp;apos;, os.version: &amp;apos;6.1&amp;apos;, java.version: &amp;apos;10.0.1&amp;apos;
Driver info: org.openqa.selenium.chrome.ChromeDriver
Capabilities {acceptInsecureCerts: false, acceptSslCerts: false, applicationCacheEnabled: false, browserConnectionEnabled: false, browserName: chrome, chrome: {chromedriverVersion: 2.40.565498 (ea082db3280dd6..., userDataDir: C:\Users\Tester\AppData\Loc...}, cssSelectorsEnabled: true, databaseEnabled: false, handlesAlerts: true, hasTouchScreen: false, javascriptEnabled: true, locationContextEnabled: true, mobileEmulationEnabled: false, nativeEvents: true, networkConnectionEnabled: false, pageLoadStrategy: normal, platform: XP, platformName: XP, rotatable: false, setWindowRect: true, takesHeapSnapshot: true, takesScreenshot: true, unexpectedAlertBehaviour: , unhandledPromptBehavior: , version: 68.0.3440.106, webStorageEnabled: true}
Session ID: 04cc43f60f469c155519aa821fa111f0
*** Element info: {Using=xpath, value=//*[@id=&amp;quot;parsley-id-36&amp;quot;]/li}">
      <![CDATA[org.openqa.selenium.NoSuchElementException: no such element: Unable to locate element: {"method":"xpath","selector":"//*[@id="parsley-id-36"]/li"}
  (Session info: chrome=68.0.3440.106)
  (Driver info: chromedriver=2.40.565498 (ea082db3280dd6843ebfb08a625e3eb905c4f5ab),platform=Windows NT 6.1.7601 SP1 x86_64) (WARNING: The server did not provide any stacktrace information)
Command duration or timeout: 0 milliseconds
For documentation on this error, please visit: http://seleniumhq.org/exceptions/no_such_element.html
Build info: version: '3.13.0', revision: '2f0d292', time: '2018-06-25T15:32:14.902Z'
System info: host: 'TESTER-PC', ip: '192.168.0.102', os.name: 'Windows 7', os.arch: 'amd64', os.version: '6.1', java.version: '10.0.1'
Driver info: org.openqa.selenium.chrome.ChromeDriver
Capabilities {acceptInsecureCerts: false, acceptSslCerts: false, applicationCacheEnabled: false, browserConnectionEnabled: false, browserName: chrome, chrome: {chromedriverVersion: 2.40.565498 (ea082db3280dd6..., userDataDir: C:\Users\Tester\AppData\Loc...}, cssSelectorsEnabled: true, databaseEnabled: false, handlesAlerts: true, hasTouchScreen: false, javascriptEnabled: true, locationContextEnabled: true, mobileEmulationEnabled: false, nativeEvents: true, networkConnectionEnabled: false, pageLoadStrategy: normal, platform: XP, platformName: XP, rotatable: false, setWindowRect: true, takesHeapSnapshot: true, takesScreenshot: true, unexpectedAlertBehaviour: , unhandledPromptBehavior: , version: 68.0.3440.106, webStorageEnabled: true}
Session ID: 04cc43f60f469c155519aa821fa111f0
*** Element info: {Using=xpath, value=//*[@id="parsley-id-36"]/li}
at org.openqa.selenium.remote.ErrorHandler.createThrowable(ErrorHandler.java:214)
at org.openqa.selenium.remote.ErrorHandler.throwIfResponseFailed(ErrorHandler.java:166)
at org.openqa.selenium.remote.http.JsonHttpResponseCodec.reconstructValue(JsonHttpResponseCodec.java:40)
at org.openqa.selenium.remote.http.AbstractHttpResponseCodec.decode(AbstractHttpResponseCodec.java:80)
at org.openqa.selenium.remote.http.AbstractHttpResponseCodec.decode(AbstractHttpResponseCodec.java:44)
at org.openqa.selenium.remote.HttpCommandExecutor.execute(HttpCommandExecutor.java:158)
at org.openqa.selenium.remote.service.DriverCommandExecutor.execute(DriverCommandExecutor.java:83)
at org.openqa.selenium.remote.RemoteWebDriver.execute(RemoteWebDriver.java:548)
at org.openqa.selenium.remote.RemoteWebDriver.findElement(RemoteWebDriver.java:322)
at org.openqa.selenium.remote.RemoteWebDriver.findElementByXPath(RemoteWebDriver.java:424)
at org.openqa.selenium.By$ByXPath.findElement(By.java:353)
at org.openqa.selenium.remote.RemoteWebDriver.findElement(RemoteWebDriver.java:314)
at com.mytest.Admission.Pincode_currentaddress_contains_lessthan_6_numbers(Admission.java:1809)
at java.base/java.util.concurrent.FutureTask.run(Unknown Source)
at java.base/java.util.concurrent.ThreadPoolExecutor.runWorker(Unknown Source)
at java.base/java.util.concurrent.ThreadPoolExecutor$Worker.run(Unknown Source)
at java.base/java.lang.Thread.run(Unknown Source)
... Removed 20 stack frames]]>
    </failure>
  </testcase> <!-- Pincode_currentaddress_contains_lessthan_6_numbers -->
  <testcase classname="com.mytest.Admission" name="Pincode_permanentaddress_contains_special_characters" time="0.298">
    <failure type="java.lang.AssertionError" message="Pincode No Contains Spaecial Characters expected [true] but found [false]">
      <![CDATA[java.lang.AssertionError: Pincode No Contains Spaecial Characters expected [true] but found [false]
at com.mytest.Admission.Pincode_permanentaddress_contains_special_characters(Admission.java:1821)
at java.base/java.util.concurrent.FutureTask.run(Unknown Source)
at java.base/java.util.concurrent.ThreadPoolExecutor.runWorker(Unknown Source)
at java.base/java.util.concurrent.ThreadPoolExecutor$Worker.run(Unknown Source)
at java.base/java.lang.Thread.run(Unknown Source)
... Removed 19 stack frames]]>
    </failure>
  </testcase> <!-- Pincode_permanentaddress_contains_special_characters -->
  <testcase classname="com.mytest.Admission" name="Pincode_permanentaddress_contains_numbers" time="0.153"/>
  <testcase classname="com.mytest.Admission" name="Pincode_permanentaddress_contains_whitespaces" time="0.286"/>
  <testcase classname="com.mytest.Admission" name="Pincode_permanentaddress_contains_alphabets" time="0.184"/>
  <testcase classname="com.mytest.Admission" name="Pincode_permanentaddress_contains_whitespaces_at_begining" time="0.155"/>
  <testcase classname="com.mytest.Admission" name="Pincode_permanentaddress_contains_morethan_6_numbers" time="0.193"/>
  <testcase classname="com.mytest.Admission" name="Pincode_permanentaddress_contains_lessthan_6_numbers" time="11.913">
    <failure type="org.openqa.selenium.NoSuchElementException" message="no such element: Unable to locate element: {&amp;quot;method&amp;quot;:&amp;quot;xpath&amp;quot;,&amp;quot;selector&amp;quot;:&amp;quot;//*[@id=&amp;quot;parsley-id-38&amp;quot;]/li&amp;quot;}
  (Session info: chrome=68.0.3440.106)
  (Driver info: chromedriver=2.40.565498 (ea082db3280dd6843ebfb08a625e3eb905c4f5ab),platform=Windows NT 6.1.7601 SP1 x86_64) (WARNING: The server did not provide any stacktrace information)
Command duration or timeout: 0 milliseconds
For documentation on this error, please visit: http://seleniumhq.org/exceptions/no_such_element.html
Build info: version: &amp;apos;3.13.0&amp;apos;, revision: &amp;apos;2f0d292&amp;apos;, time: &amp;apos;2018-06-25T15:32:14.902Z&amp;apos;
System info: host: &amp;apos;TESTER-PC&amp;apos;, ip: &amp;apos;192.168.0.102&amp;apos;, os.name: &amp;apos;Windows 7&amp;apos;, os.arch: &amp;apos;amd64&amp;apos;, os.version: &amp;apos;6.1&amp;apos;, java.version: &amp;apos;10.0.1&amp;apos;
Driver info: org.openqa.selenium.chrome.ChromeDriver
Capabilities {acceptInsecureCerts: false, acceptSslCerts: false, applicationCacheEnabled: false, browserConnectionEnabled: false, browserName: chrome, chrome: {chromedriverVersion: 2.40.565498 (ea082db3280dd6..., userDataDir: C:\Users\Tester\AppData\Loc...}, cssSelectorsEnabled: true, databaseEnabled: false, handlesAlerts: true, hasTouchScreen: false, javascriptEnabled: true, locationContextEnabled: true, mobileEmulationEnabled: false, nativeEvents: true, networkConnectionEnabled: false, pageLoadStrategy: normal, platform: XP, platformName: XP, rotatable: false, setWindowRect: true, takesHeapSnapshot: true, takesScreenshot: true, unexpectedAlertBehaviour: , unhandledPromptBehavior: , version: 68.0.3440.106, webStorageEnabled: true}
Session ID: 04cc43f60f469c155519aa821fa111f0
*** Element info: {Using=xpath, value=//*[@id=&amp;quot;parsley-id-38&amp;quot;]/li}">
      <![CDATA[org.openqa.selenium.NoSuchElementException: no such element: Unable to locate element: {"method":"xpath","selector":"//*[@id="parsley-id-38"]/li"}
  (Session info: chrome=68.0.3440.106)
  (Driver info: chromedriver=2.40.565498 (ea082db3280dd6843ebfb08a625e3eb905c4f5ab),platform=Windows NT 6.1.7601 SP1 x86_64) (WARNING: The server did not provide any stacktrace information)
Command duration or timeout: 0 milliseconds
For documentation on this error, please visit: http://seleniumhq.org/exceptions/no_such_element.html
Build info: version: '3.13.0', revision: '2f0d292', time: '2018-06-25T15:32:14.902Z'
System info: host: 'TESTER-PC', ip: '192.168.0.102', os.name: 'Windows 7', os.arch: 'amd64', os.version: '6.1', java.version: '10.0.1'
Driver info: org.openqa.selenium.chrome.ChromeDriver
Capabilities {acceptInsecureCerts: false, acceptSslCerts: false, applicationCacheEnabled: false, browserConnectionEnabled: false, browserName: chrome, chrome: {chromedriverVersion: 2.40.565498 (ea082db3280dd6..., userDataDir: C:\Users\Tester\AppData\Loc...}, cssSelectorsEnabled: true, databaseEnabled: false, handlesAlerts: true, hasTouchScreen: false, javascriptEnabled: true, locationContextEnabled: true, mobileEmulationEnabled: false, nativeEvents: true, networkConnectionEnabled: false, pageLoadStrategy: normal, platform: XP, platformName: XP, rotatable: false, setWindowRect: true, takesHeapSnapshot: true, takesScreenshot: true, unexpectedAlertBehaviour: , unhandledPromptBehavior: , version: 68.0.3440.106, webStorageEnabled: true}
Session ID: 04cc43f60f469c155519aa821fa111f0
*** Element info: {Using=xpath, value=//*[@id="parsley-id-38"]/li}
at org.openqa.selenium.remote.ErrorHandler.createThrowable(ErrorHandler.java:214)
at org.openqa.selenium.remote.ErrorHandler.throwIfResponseFailed(ErrorHandler.java:166)
at org.openqa.selenium.remote.http.JsonHttpResponseCodec.reconstructValue(JsonHttpResponseCodec.java:40)
at org.openqa.selenium.remote.http.AbstractHttpResponseCodec.decode(AbstractHttpResponseCodec.java:80)
at org.openqa.selenium.remote.http.AbstractHttpResponseCodec.decode(AbstractHttpResponseCodec.java:44)
at org.openqa.selenium.remote.HttpCommandExecutor.execute(HttpCommandExecutor.java:158)
at org.openqa.selenium.remote.service.DriverCommandExecutor.execute(DriverCommandExecutor.java:83)
at org.openqa.selenium.remote.RemoteWebDriver.execute(RemoteWebDriver.java:548)
at org.openqa.selenium.remote.RemoteWebDriver.findElement(RemoteWebDriver.java:322)
at org.openqa.selenium.remote.RemoteWebDriver.findElementByXPath(RemoteWebDriver.java:424)
at org.openqa.selenium.By$ByXPath.findElement(By.java:353)
at org.openqa.selenium.remote.RemoteWebDriver.findElement(RemoteWebDriver.java:314)
at com.mytest.Admission.Pincode_permanentaddress_contains_lessthan_6_numbers(Admission.java:1887)
at java.base/java.util.concurrent.FutureTask.run(Unknown Source)
at java.base/java.util.concurrent.ThreadPoolExecutor.runWorker(Unknown Source)
at java.base/java.util.concurrent.ThreadPoolExecutor$Worker.run(Unknown Source)
at java.base/java.lang.Thread.run(Unknown Source)
... Removed 20 stack frames]]>
    </failure>
  </testcase> <!-- Pincode_permanentaddress_contains_lessthan_6_numbers -->
  <testcase classname="com.mytest.Admission" name="Document_Functionality" time="2.195"/>
  <testcase classname="com.mytest.Admission" name="Admission_Date" time="0.194"/>
  <testcase classname="com.mytest.Admission" name="Communicationdetails_next_button_Functionality" time="5.313"/>
  <testcase classname="com.mytest.Admission" name="Course_Functionality" time="0.264"/>
  <testcase classname="com.mytest.Admission" name="Blank_Discount_Functionality" time="4.592"/>
  <testcase classname="com.mytest.Admission" name="Discount_Functionality" time="0.189"/>
  <testcase classname="com.mytest.Admission" name="CourseDetails_next_button_Functionality" time="3.17"/>
  <testcase classname="com.mytest.Admission" name="Finish_button_Functionality" time="4.393"/>
  <testcase classname="com.mytest.Admission" name="Update_Functionality" time="25.945"/>
  <testcase classname="com.mytest.Admission" name="Delete_admission" time="8.661">
    <failure type="java.lang.AssertionError" message="Admission NOT getting Deleted expected [No data available in table] but found [1]">
      <![CDATA[java.lang.AssertionError: Admission NOT getting Deleted expected [No data available in table] but found [1]
at com.mytest.Admission.Delete_admission(Admission.java:2062)
at java.base/java.util.concurrent.FutureTask.run(Unknown Source)
at java.base/java.util.concurrent.ThreadPoolExecutor.runWorker(Unknown Source)
at java.base/java.util.concurrent.ThreadPoolExecutor$Worker.run(Unknown Source)
at java.base/java.lang.Thread.run(Unknown Source)
... Removed 21 stack frames]]>
    </failure>
  </testcase> <!-- Delete_admission -->
  <testcase classname="com.mytest.Admission" name="Secondary_mobno_contain_negative_numbers" time="0.0">
    <ignored/>
  </testcase> <!-- Secondary_mobno_contain_negative_numbers -->
  <testcase classname="com.mytest.Admission" name="Pincode_permanentaddress_contains_negative_numbers" time="0.0">
    <ignored/>
  </testcase> <!-- Pincode_permanentaddress_contains_negative_numbers -->
  <testcase classname="com.mytest.Admission" name="Pincode_currentaddress_contains_negative_numbers" time="0.0">
    <ignored/>
  </testcase> <!-- Pincode_currentaddress_contains_negative_numbers -->
  <testcase classname="com.mytest.Admission" name="Primary_email_is_Blank" time="0.0">
    <ignored/>
  </testcase> <!-- Primary_email_is_Blank -->
  <testcase classname="com.mytest.Admission" name="Aadharno_contains_negative_numbers" time="0.0">
    <ignored/>
  </testcase> <!-- Aadharno_contains_negative_numbers -->
  <testcase classname="com.mytest.Admission" name="Primary_mobno_contains_negative_numbers" time="0.0">
    <ignored/>
  </testcase> <!-- Primary_mobno_contains_negative_numbers -->
  <testcase classname="com.mytest.Admission" name="Primary_mobno_contain_negative_numbers" time="0.0">
    <ignored/>
  </testcase> <!-- Primary_mobno_contain_negative_numbers -->
  <testcase classname="com.mytest.Login" name="login" time="0.0">
    <ignored/>
  </testcase> <!-- login -->
  <testcase classname="com.mytest.Admission" name="Pincode_permanentaddress_contain_negative_numbers" time="0.0">
    <ignored/>
  </testcase> <!-- Pincode_permanentaddress_contain_negative_numbers -->
  <testcase classname="com.mytest.Admission" name="Secondary_mobno_contains_negative_numbers" time="0.0">
    <ignored/>
  </testcase> <!-- Secondary_mobno_contains_negative_numbers -->
  <testcase classname="com.mytest.Admission" name="Pincode_currentaddress_contain_negative_numbers" time="0.0">
    <ignored/>
  </testcase> <!-- Pincode_currentaddress_contain_negative_numbers -->
  <testcase classname="com.mytest.Admission" name="Pincode_currentaddress_contains_morethan_6_numbers" time="0.0">
    <ignored/>
  </testcase> <!-- Pincode_currentaddress_contains_morethan_6_numbers -->
  <testcase classname="com.mytest.Admission" name="Aadharno_contain_negative_numbers" time="0.0">
    <ignored/>
  </testcase> <!-- Aadharno_contain_negative_numbers -->
</testsuite> <!-- Admission -->
