<html>
<head>
<title>TestNG:  Enquiry</title>
<link href="../testng.css" rel="stylesheet" type="text/css" />
<link href="../my-testng.css" rel="stylesheet" type="text/css" />

<style type="text/css">
.log { display: none;} 
.stack-trace { display: none;} 
</style>
<script type="text/javascript">
<!--
function flip(e) {
  current = e.style.display;
  if (current == 'block') {
    e.style.display = 'none';
    return 0;
  }
  else {
    e.style.display = 'block';
    return 1;
  }
}

function toggleBox(szDivId, elem, msg1, msg2)
{
  var res = -1;  if (document.getElementById) {
    res = flip(document.getElementById(szDivId));
  }
  else if (document.all) {
    // this is the way old msie versions work
    res = flip(document.all[szDivId]);
  }
  if(elem) {
    if(res == 0) elem.innerHTML = msg1; else elem.innerHTML = msg2;
  }

}

function toggleAllBoxes() {
  if (document.getElementsByTagName) {
    d = document.getElementsByTagName('div');
    for (i = 0; i < d.length; i++) {
      if (d[i].className == 'log') {
        flip(d[i]);
      }
    }
  }
}

// -->
</script>

</head>
<body>
<h2 align='center'>Enquiry</h2><table border='1' align="center">
<tr>
<td>Tests passed/Failed/Skipped:</td><td>84/26/0</td>
</tr><tr>
<td>Started on:</td><td>Sat Aug 18 16:30:36 IST 2018</td>
</tr>
<tr><td>Total time:</td><td>136 seconds (136605 ms)</td>
</tr><tr>
<td>Included groups:</td><td></td>
</tr><tr>
<td>Excluded groups:</td><td></td>
</tr>
</table><p/>
<small><i>(Hover the method name to see the test class name)</i></small><p/>
<table width='100%' border='1' class='invocation-failed'>
<tr><td colspan='4' align='center'><b>FAILED TESTS</b></td></tr>
<tr><td><b>Test method</b></td>
<td width="30%"><b>Exception</b></td>
<td width="10%"><b>Time (seconds)</b></td>
<td><b>Instance</b></td>
</tr>
<tr>
<td title='com.mytest.Enquiry.Aadharno_contain_greaterthan_12_numbers()'><b>Aadharno_contain_greaterthan_12_numbers</b><br>Test class: com.mytest.Enquiry</td>
<td><div><pre>java.lang.AssertionError: Aadhar No Contains Whitespaces at begining expected [true] but found [false]
	at com.mytest.Enquiry.Aadharno_contain_greaterthan_12_numbers(Enquiry.java:397)
	at java.base/java.util.concurrent.FutureTask.run(Unknown Source)
	at java.base/java.util.concurrent.ThreadPoolExecutor.runWorker(Unknown Source)
	at java.base/java.util.concurrent.ThreadPoolExecutor$Worker.run(Unknown Source)
	at java.base/java.lang.Thread.run(Unknown Source)
... Removed 19 stack frames</pre></div><a href='#' onClick='toggleBox("stack-trace80070246", this, "Click to show all stack frames", "Click to hide stack frames")'>Click to show all stack frames</a>
<div class='stack-trace' id='stack-trace80070246'><pre>java.lang.AssertionError: Aadhar No Contains Whitespaces at begining expected [true] but found [false]
	at org.testng.Assert.fail(Assert.java:96)
	at org.testng.Assert.failNotEquals(Assert.java:776)
	at org.testng.Assert.assertTrue(Assert.java:44)
	at com.mytest.Enquiry.Aadharno_contain_greaterthan_12_numbers(Enquiry.java:397)
	at java.base/jdk.internal.reflect.NativeMethodAccessorImpl.invoke0(Native Method)
	at java.base/jdk.internal.reflect.NativeMethodAccessorImpl.invoke(Unknown Source)
	at java.base/jdk.internal.reflect.DelegatingMethodAccessorImpl.invoke(Unknown Source)
	at java.base/java.lang.reflect.Method.invoke(Unknown Source)
	at org.testng.internal.MethodInvocationHelper.invokeMethod(MethodInvocationHelper.java:124)
	at org.testng.internal.Invoker.invokeMethod(Invoker.java:580)
	at org.testng.internal.Invoker.invokeTestMethod(Invoker.java:716)
	at org.testng.internal.Invoker.invokeTestMethods(Invoker.java:988)
	at org.testng.internal.TestMethodWorker.invokeTestMethods(TestMethodWorker.java:125)
	at org.testng.internal.TestMethodWorker.run(TestMethodWorker.java:109)
	at org.testng.TestRunner.privateRun(TestRunner.java:648)
	at org.testng.TestRunner.run(TestRunner.java:505)
	at org.testng.SuiteRunner.runTest(SuiteRunner.java:455)
	at org.testng.SuiteRunner.access$000(SuiteRunner.java:40)
	at org.testng.SuiteRunner$SuiteWorker.run(SuiteRunner.java:489)
	at org.testng.internal.thread.ThreadUtil$1.call(ThreadUtil.java:52)
	at java.base/java.util.concurrent.FutureTask.run(Unknown Source)
	at java.base/java.util.concurrent.ThreadPoolExecutor.runWorker(Unknown Source)
	at java.base/java.util.concurrent.ThreadPoolExecutor$Worker.run(Unknown Source)
	at java.base/java.lang.Thread.run(Unknown Source)
</pre></div></td>
<td>0</td>
<td>com.mytest.Enquiry@865dd6</td></tr>
<tr>
<td title='com.mytest.Enquiry.Aadharno_contain_lessthan_12_numbers()'><b>Aadharno_contain_lessthan_12_numbers</b><br>Test class: com.mytest.Enquiry</td>
<td><div><pre>java.lang.AssertionError: Aadhar No Contains Less than 12 numbers expected [true] but found [false]
	at com.mytest.Enquiry.Aadharno_contain_lessthan_12_numbers(Enquiry.java:388)
	at java.base/java.util.concurrent.FutureTask.run(Unknown Source)
	at java.base/java.util.concurrent.ThreadPoolExecutor.runWorker(Unknown Source)
	at java.base/java.util.concurrent.ThreadPoolExecutor$Worker.run(Unknown Source)
	at java.base/java.lang.Thread.run(Unknown Source)
... Removed 19 stack frames</pre></div><a href='#' onClick='toggleBox("stack-trace1105611571", this, "Click to show all stack frames", "Click to hide stack frames")'>Click to show all stack frames</a>
<div class='stack-trace' id='stack-trace1105611571'><pre>java.lang.AssertionError: Aadhar No Contains Less than 12 numbers expected [true] but found [false]
	at org.testng.Assert.fail(Assert.java:96)
	at org.testng.Assert.failNotEquals(Assert.java:776)
	at org.testng.Assert.assertTrue(Assert.java:44)
	at com.mytest.Enquiry.Aadharno_contain_lessthan_12_numbers(Enquiry.java:388)
	at java.base/jdk.internal.reflect.NativeMethodAccessorImpl.invoke0(Native Method)
	at java.base/jdk.internal.reflect.NativeMethodAccessorImpl.invoke(Unknown Source)
	at java.base/jdk.internal.reflect.DelegatingMethodAccessorImpl.invoke(Unknown Source)
	at java.base/java.lang.reflect.Method.invoke(Unknown Source)
	at org.testng.internal.MethodInvocationHelper.invokeMethod(MethodInvocationHelper.java:124)
	at org.testng.internal.Invoker.invokeMethod(Invoker.java:580)
	at org.testng.internal.Invoker.invokeTestMethod(Invoker.java:716)
	at org.testng.internal.Invoker.invokeTestMethods(Invoker.java:988)
	at org.testng.internal.TestMethodWorker.invokeTestMethods(TestMethodWorker.java:125)
	at org.testng.internal.TestMethodWorker.run(TestMethodWorker.java:109)
	at org.testng.TestRunner.privateRun(TestRunner.java:648)
	at org.testng.TestRunner.run(TestRunner.java:505)
	at org.testng.SuiteRunner.runTest(SuiteRunner.java:455)
	at org.testng.SuiteRunner.access$000(SuiteRunner.java:40)
	at org.testng.SuiteRunner$SuiteWorker.run(SuiteRunner.java:489)
	at org.testng.internal.thread.ThreadUtil$1.call(ThreadUtil.java:52)
	at java.base/java.util.concurrent.FutureTask.run(Unknown Source)
	at java.base/java.util.concurrent.ThreadPoolExecutor.runWorker(Unknown Source)
	at java.base/java.util.concurrent.ThreadPoolExecutor$Worker.run(Unknown Source)
	at java.base/java.lang.Thread.run(Unknown Source)
</pre></div></td>
<td>0</td>
<td>com.mytest.Enquiry@865dd6</td></tr>
<tr>
<td title='com.mytest.Enquiry.Aadharno_contain_special_characters()'><b>Aadharno_contain_special_characters</b><br>Test class: com.mytest.Enquiry</td>
<td><div><pre>java.lang.AssertionError: Aadhar No Contains Spaecial Characters expected [true] but found [false]
	at com.mytest.Enquiry.Aadharno_contain_special_characters(Enquiry.java:343)
	at java.base/java.util.concurrent.FutureTask.run(Unknown Source)
	at java.base/java.util.concurrent.ThreadPoolExecutor.runWorker(Unknown Source)
	at java.base/java.util.concurrent.ThreadPoolExecutor$Worker.run(Unknown Source)
	at java.base/java.lang.Thread.run(Unknown Source)
... Removed 19 stack frames</pre></div><a href='#' onClick='toggleBox("stack-trace1613578924", this, "Click to show all stack frames", "Click to hide stack frames")'>Click to show all stack frames</a>
<div class='stack-trace' id='stack-trace1613578924'><pre>java.lang.AssertionError: Aadhar No Contains Spaecial Characters expected [true] but found [false]
	at org.testng.Assert.fail(Assert.java:96)
	at org.testng.Assert.failNotEquals(Assert.java:776)
	at org.testng.Assert.assertTrue(Assert.java:44)
	at com.mytest.Enquiry.Aadharno_contain_special_characters(Enquiry.java:343)
	at java.base/jdk.internal.reflect.NativeMethodAccessorImpl.invoke0(Native Method)
	at java.base/jdk.internal.reflect.NativeMethodAccessorImpl.invoke(Unknown Source)
	at java.base/jdk.internal.reflect.DelegatingMethodAccessorImpl.invoke(Unknown Source)
	at java.base/java.lang.reflect.Method.invoke(Unknown Source)
	at org.testng.internal.MethodInvocationHelper.invokeMethod(MethodInvocationHelper.java:124)
	at org.testng.internal.Invoker.invokeMethod(Invoker.java:580)
	at org.testng.internal.Invoker.invokeTestMethod(Invoker.java:716)
	at org.testng.internal.Invoker.invokeTestMethods(Invoker.java:988)
	at org.testng.internal.TestMethodWorker.invokeTestMethods(TestMethodWorker.java:125)
	at org.testng.internal.TestMethodWorker.run(TestMethodWorker.java:109)
	at org.testng.TestRunner.privateRun(TestRunner.java:648)
	at org.testng.TestRunner.run(TestRunner.java:505)
	at org.testng.SuiteRunner.runTest(SuiteRunner.java:455)
	at org.testng.SuiteRunner.access$000(SuiteRunner.java:40)
	at org.testng.SuiteRunner$SuiteWorker.run(SuiteRunner.java:489)
	at org.testng.internal.thread.ThreadUtil$1.call(ThreadUtil.java:52)
	at java.base/java.util.concurrent.FutureTask.run(Unknown Source)
	at java.base/java.util.concurrent.ThreadPoolExecutor.runWorker(Unknown Source)
	at java.base/java.util.concurrent.ThreadPoolExecutor$Worker.run(Unknown Source)
	at java.base/java.lang.Thread.run(Unknown Source)
</pre></div></td>
<td>0</td>
<td>com.mytest.Enquiry@865dd6</td></tr>
<tr>
<td title='com.mytest.Enquiry.Blank_Demo_Lecture()'><b>Blank_Demo_Lecture</b><br>Test class: com.mytest.Enquiry</td>
<td><div><pre>java.lang.AssertionError: Demo Lecture Accepted Blank Field expected [true] but found [false]
	at com.mytest.Enquiry.Blank_Demo_Lecture(Enquiry.java:949)
	at java.base/java.util.concurrent.FutureTask.run(Unknown Source)
	at java.base/java.util.concurrent.ThreadPoolExecutor.runWorker(Unknown Source)
	at java.base/java.util.concurrent.ThreadPoolExecutor$Worker.run(Unknown Source)
	at java.base/java.lang.Thread.run(Unknown Source)
... Removed 19 stack frames</pre></div><a href='#' onClick='toggleBox("stack-trace1396321306", this, "Click to show all stack frames", "Click to hide stack frames")'>Click to show all stack frames</a>
<div class='stack-trace' id='stack-trace1396321306'><pre>java.lang.AssertionError: Demo Lecture Accepted Blank Field expected [true] but found [false]
	at org.testng.Assert.fail(Assert.java:96)
	at org.testng.Assert.failNotEquals(Assert.java:776)
	at org.testng.Assert.assertTrue(Assert.java:44)
	at com.mytest.Enquiry.Blank_Demo_Lecture(Enquiry.java:949)
	at java.base/jdk.internal.reflect.NativeMethodAccessorImpl.invoke0(Native Method)
	at java.base/jdk.internal.reflect.NativeMethodAccessorImpl.invoke(Unknown Source)
	at java.base/jdk.internal.reflect.DelegatingMethodAccessorImpl.invoke(Unknown Source)
	at java.base/java.lang.reflect.Method.invoke(Unknown Source)
	at org.testng.internal.MethodInvocationHelper.invokeMethod(MethodInvocationHelper.java:124)
	at org.testng.internal.Invoker.invokeMethod(Invoker.java:580)
	at org.testng.internal.Invoker.invokeTestMethod(Invoker.java:716)
	at org.testng.internal.Invoker.invokeTestMethods(Invoker.java:988)
	at org.testng.internal.TestMethodWorker.invokeTestMethods(TestMethodWorker.java:125)
	at org.testng.internal.TestMethodWorker.run(TestMethodWorker.java:109)
	at org.testng.TestRunner.privateRun(TestRunner.java:648)
	at org.testng.TestRunner.run(TestRunner.java:505)
	at org.testng.SuiteRunner.runTest(SuiteRunner.java:455)
	at org.testng.SuiteRunner.access$000(SuiteRunner.java:40)
	at org.testng.SuiteRunner$SuiteWorker.run(SuiteRunner.java:489)
	at org.testng.internal.thread.ThreadUtil$1.call(ThreadUtil.java:52)
	at java.base/java.util.concurrent.FutureTask.run(Unknown Source)
	at java.base/java.util.concurrent.ThreadPoolExecutor.runWorker(Unknown Source)
	at java.base/java.util.concurrent.ThreadPoolExecutor$Worker.run(Unknown Source)
	at java.base/java.lang.Thread.run(Unknown Source)
</pre></div></td>
<td>0</td>
<td>com.mytest.Enquiry@865dd6</td></tr>
<tr>
<td title='com.mytest.Enquiry.Blank_Gender_field()'><b>Blank_Gender_field</b><br>Test class: com.mytest.Enquiry</td>
<td><div><pre>java.lang.AssertionError: Gender field is Blank expected [true] but found [false]
	at com.mytest.Enquiry.Blank_Gender_field(Enquiry.java:427)
	at java.base/java.util.concurrent.FutureTask.run(Unknown Source)
	at java.base/java.util.concurrent.ThreadPoolExecutor.runWorker(Unknown Source)
	at java.base/java.util.concurrent.ThreadPoolExecutor$Worker.run(Unknown Source)
	at java.base/java.lang.Thread.run(Unknown Source)
... Removed 19 stack frames</pre></div><a href='#' onClick='toggleBox("stack-trace1087712805", this, "Click to show all stack frames", "Click to hide stack frames")'>Click to show all stack frames</a>
<div class='stack-trace' id='stack-trace1087712805'><pre>java.lang.AssertionError: Gender field is Blank expected [true] but found [false]
	at org.testng.Assert.fail(Assert.java:96)
	at org.testng.Assert.failNotEquals(Assert.java:776)
	at org.testng.Assert.assertTrue(Assert.java:44)
	at com.mytest.Enquiry.Blank_Gender_field(Enquiry.java:427)
	at java.base/jdk.internal.reflect.NativeMethodAccessorImpl.invoke0(Native Method)
	at java.base/jdk.internal.reflect.NativeMethodAccessorImpl.invoke(Unknown Source)
	at java.base/jdk.internal.reflect.DelegatingMethodAccessorImpl.invoke(Unknown Source)
	at java.base/java.lang.reflect.Method.invoke(Unknown Source)
	at org.testng.internal.MethodInvocationHelper.invokeMethod(MethodInvocationHelper.java:124)
	at org.testng.internal.Invoker.invokeMethod(Invoker.java:580)
	at org.testng.internal.Invoker.invokeTestMethod(Invoker.java:716)
	at org.testng.internal.Invoker.invokeTestMethods(Invoker.java:988)
	at org.testng.internal.TestMethodWorker.invokeTestMethods(TestMethodWorker.java:125)
	at org.testng.internal.TestMethodWorker.run(TestMethodWorker.java:109)
	at org.testng.TestRunner.privateRun(TestRunner.java:648)
	at org.testng.TestRunner.run(TestRunner.java:505)
	at org.testng.SuiteRunner.runTest(SuiteRunner.java:455)
	at org.testng.SuiteRunner.access$000(SuiteRunner.java:40)
	at org.testng.SuiteRunner$SuiteWorker.run(SuiteRunner.java:489)
	at org.testng.internal.thread.ThreadUtil$1.call(ThreadUtil.java:52)
	at java.base/java.util.concurrent.FutureTask.run(Unknown Source)
	at java.base/java.util.concurrent.ThreadPoolExecutor.runWorker(Unknown Source)
	at java.base/java.util.concurrent.ThreadPoolExecutor$Worker.run(Unknown Source)
	at java.base/java.lang.Thread.run(Unknown Source)
</pre></div></td>
<td>0</td>
<td>com.mytest.Enquiry@865dd6</td></tr>
<tr>
<td title='com.mytest.Enquiry.Collegename_contain_Special_Characters()'><b>Collegename_contain_Special_Characters</b><br>Test class: com.mytest.Enquiry</td>
<td><div><pre>java.lang.AssertionError: College Name Contains Special Characters expected [true] but found [false]
	at com.mytest.Enquiry.Collegename_contain_Special_Characters(Enquiry.java:231)
	at java.base/java.util.concurrent.FutureTask.run(Unknown Source)
	at java.base/java.util.concurrent.ThreadPoolExecutor.runWorker(Unknown Source)
	at java.base/java.util.concurrent.ThreadPoolExecutor$Worker.run(Unknown Source)
	at java.base/java.lang.Thread.run(Unknown Source)
... Removed 19 stack frames</pre></div><a href='#' onClick='toggleBox("stack-trace820747026", this, "Click to show all stack frames", "Click to hide stack frames")'>Click to show all stack frames</a>
<div class='stack-trace' id='stack-trace820747026'><pre>java.lang.AssertionError: College Name Contains Special Characters expected [true] but found [false]
	at org.testng.Assert.fail(Assert.java:96)
	at org.testng.Assert.failNotEquals(Assert.java:776)
	at org.testng.Assert.assertTrue(Assert.java:44)
	at com.mytest.Enquiry.Collegename_contain_Special_Characters(Enquiry.java:231)
	at java.base/jdk.internal.reflect.NativeMethodAccessorImpl.invoke0(Native Method)
	at java.base/jdk.internal.reflect.NativeMethodAccessorImpl.invoke(Unknown Source)
	at java.base/jdk.internal.reflect.DelegatingMethodAccessorImpl.invoke(Unknown Source)
	at java.base/java.lang.reflect.Method.invoke(Unknown Source)
	at org.testng.internal.MethodInvocationHelper.invokeMethod(MethodInvocationHelper.java:124)
	at org.testng.internal.Invoker.invokeMethod(Invoker.java:580)
	at org.testng.internal.Invoker.invokeTestMethod(Invoker.java:716)
	at org.testng.internal.Invoker.invokeTestMethods(Invoker.java:988)
	at org.testng.internal.TestMethodWorker.invokeTestMethods(TestMethodWorker.java:125)
	at org.testng.internal.TestMethodWorker.run(TestMethodWorker.java:109)
	at org.testng.TestRunner.privateRun(TestRunner.java:648)
	at org.testng.TestRunner.run(TestRunner.java:505)
	at org.testng.SuiteRunner.runTest(SuiteRunner.java:455)
	at org.testng.SuiteRunner.access$000(SuiteRunner.java:40)
	at org.testng.SuiteRunner$SuiteWorker.run(SuiteRunner.java:489)
	at org.testng.internal.thread.ThreadUtil$1.call(ThreadUtil.java:52)
	at java.base/java.util.concurrent.FutureTask.run(Unknown Source)
	at java.base/java.util.concurrent.ThreadPoolExecutor.runWorker(Unknown Source)
	at java.base/java.util.concurrent.ThreadPoolExecutor$Worker.run(Unknown Source)
	at java.base/java.lang.Thread.run(Unknown Source)
</pre></div></td>
<td>0</td>
<td>com.mytest.Enquiry@865dd6</td></tr>
<tr>
<td title='com.mytest.Enquiry.Delete_Enquiry()'><b>Delete_Enquiry</b><br>Test class: com.mytest.Enquiry</td>
<td><div><pre>java.lang.AssertionError: Enquiry NOT Getting Deleted expected [No data available in table] but found [1]
	at com.mytest.Enquiry.Delete_Enquiry(Enquiry.java:1277)
	at java.base/java.util.concurrent.FutureTask.run(Unknown Source)
	at java.base/java.util.concurrent.ThreadPoolExecutor.runWorker(Unknown Source)
	at java.base/java.util.concurrent.ThreadPoolExecutor$Worker.run(Unknown Source)
	at java.base/java.lang.Thread.run(Unknown Source)
... Removed 21 stack frames</pre></div><a href='#' onClick='toggleBox("stack-trace309626611", this, "Click to show all stack frames", "Click to hide stack frames")'>Click to show all stack frames</a>
<div class='stack-trace' id='stack-trace309626611'><pre>java.lang.AssertionError: Enquiry NOT Getting Deleted expected [No data available in table] but found [1]
	at org.testng.Assert.fail(Assert.java:96)
	at org.testng.Assert.failNotEquals(Assert.java:776)
	at org.testng.Assert.assertEqualsImpl(Assert.java:137)
	at org.testng.Assert.assertEquals(Assert.java:118)
	at org.testng.Assert.assertEquals(Assert.java:453)
	at com.mytest.Enquiry.Delete_Enquiry(Enquiry.java:1277)
	at java.base/jdk.internal.reflect.NativeMethodAccessorImpl.invoke0(Native Method)
	at java.base/jdk.internal.reflect.NativeMethodAccessorImpl.invoke(Unknown Source)
	at java.base/jdk.internal.reflect.DelegatingMethodAccessorImpl.invoke(Unknown Source)
	at java.base/java.lang.reflect.Method.invoke(Unknown Source)
	at org.testng.internal.MethodInvocationHelper.invokeMethod(MethodInvocationHelper.java:124)
	at org.testng.internal.Invoker.invokeMethod(Invoker.java:580)
	at org.testng.internal.Invoker.invokeTestMethod(Invoker.java:716)
	at org.testng.internal.Invoker.invokeTestMethods(Invoker.java:988)
	at org.testng.internal.TestMethodWorker.invokeTestMethods(TestMethodWorker.java:125)
	at org.testng.internal.TestMethodWorker.run(TestMethodWorker.java:109)
	at org.testng.TestRunner.privateRun(TestRunner.java:648)
	at org.testng.TestRunner.run(TestRunner.java:505)
	at org.testng.SuiteRunner.runTest(SuiteRunner.java:455)
	at org.testng.SuiteRunner.access$000(SuiteRunner.java:40)
	at org.testng.SuiteRunner$SuiteWorker.run(SuiteRunner.java:489)
	at org.testng.internal.thread.ThreadUtil$1.call(ThreadUtil.java:52)
	at java.base/java.util.concurrent.FutureTask.run(Unknown Source)
	at java.base/java.util.concurrent.ThreadPoolExecutor.runWorker(Unknown Source)
	at java.base/java.util.concurrent.ThreadPoolExecutor$Worker.run(Unknown Source)
	at java.base/java.lang.Thread.run(Unknown Source)
</pre></div></td>
<td>4</td>
<td>com.mytest.Enquiry@865dd6</td></tr>
<tr>
<td title='com.mytest.Enquiry.Lastname_contain_Special_Characters()'><b>Lastname_contain_Special_Characters</b><br>Test class: com.mytest.Enquiry</td>
<td><div><pre>java.lang.AssertionError: Last Name Contains Special Characters expected [true] but found [false]
	at com.mytest.Enquiry.Lastname_contain_Special_Characters(Enquiry.java:175)
	at java.base/java.util.concurrent.FutureTask.run(Unknown Source)
	at java.base/java.util.concurrent.ThreadPoolExecutor.runWorker(Unknown Source)
	at java.base/java.util.concurrent.ThreadPoolExecutor$Worker.run(Unknown Source)
	at java.base/java.lang.Thread.run(Unknown Source)
... Removed 19 stack frames</pre></div><a href='#' onClick='toggleBox("stack-trace97399273", this, "Click to show all stack frames", "Click to hide stack frames")'>Click to show all stack frames</a>
<div class='stack-trace' id='stack-trace97399273'><pre>java.lang.AssertionError: Last Name Contains Special Characters expected [true] but found [false]
	at org.testng.Assert.fail(Assert.java:96)
	at org.testng.Assert.failNotEquals(Assert.java:776)
	at org.testng.Assert.assertTrue(Assert.java:44)
	at com.mytest.Enquiry.Lastname_contain_Special_Characters(Enquiry.java:175)
	at java.base/jdk.internal.reflect.NativeMethodAccessorImpl.invoke0(Native Method)
	at java.base/jdk.internal.reflect.NativeMethodAccessorImpl.invoke(Unknown Source)
	at java.base/jdk.internal.reflect.DelegatingMethodAccessorImpl.invoke(Unknown Source)
	at java.base/java.lang.reflect.Method.invoke(Unknown Source)
	at org.testng.internal.MethodInvocationHelper.invokeMethod(MethodInvocationHelper.java:124)
	at org.testng.internal.Invoker.invokeMethod(Invoker.java:580)
	at org.testng.internal.Invoker.invokeTestMethod(Invoker.java:716)
	at org.testng.internal.Invoker.invokeTestMethods(Invoker.java:988)
	at org.testng.internal.TestMethodWorker.invokeTestMethods(TestMethodWorker.java:125)
	at org.testng.internal.TestMethodWorker.run(TestMethodWorker.java:109)
	at org.testng.TestRunner.privateRun(TestRunner.java:648)
	at org.testng.TestRunner.run(TestRunner.java:505)
	at org.testng.SuiteRunner.runTest(SuiteRunner.java:455)
	at org.testng.SuiteRunner.access$000(SuiteRunner.java:40)
	at org.testng.SuiteRunner$SuiteWorker.run(SuiteRunner.java:489)
	at org.testng.internal.thread.ThreadUtil$1.call(ThreadUtil.java:52)
	at java.base/java.util.concurrent.FutureTask.run(Unknown Source)
	at java.base/java.util.concurrent.ThreadPoolExecutor.runWorker(Unknown Source)
	at java.base/java.util.concurrent.ThreadPoolExecutor$Worker.run(Unknown Source)
	at java.base/java.lang.Thread.run(Unknown Source)
</pre></div></td>
<td>0</td>
<td>com.mytest.Enquiry@865dd6</td></tr>
<tr>
<td title='com.mytest.Enquiry.Lastname_contain_whitespaces()'><b>Lastname_contain_whitespaces</b><br>Test class: com.mytest.Enquiry</td>
<td><div><pre>java.lang.AssertionError: Last Name Contains Whitespaces expected [true] but found [false]
	at com.mytest.Enquiry.Lastname_contain_whitespaces(Enquiry.java:193)
	at java.base/java.util.concurrent.FutureTask.run(Unknown Source)
	at java.base/java.util.concurrent.ThreadPoolExecutor.runWorker(Unknown Source)
	at java.base/java.util.concurrent.ThreadPoolExecutor$Worker.run(Unknown Source)
	at java.base/java.lang.Thread.run(Unknown Source)
... Removed 19 stack frames</pre></div><a href='#' onClick='toggleBox("stack-trace91503191", this, "Click to show all stack frames", "Click to hide stack frames")'>Click to show all stack frames</a>
<div class='stack-trace' id='stack-trace91503191'><pre>java.lang.AssertionError: Last Name Contains Whitespaces expected [true] but found [false]
	at org.testng.Assert.fail(Assert.java:96)
	at org.testng.Assert.failNotEquals(Assert.java:776)
	at org.testng.Assert.assertTrue(Assert.java:44)
	at com.mytest.Enquiry.Lastname_contain_whitespaces(Enquiry.java:193)
	at java.base/jdk.internal.reflect.NativeMethodAccessorImpl.invoke0(Native Method)
	at java.base/jdk.internal.reflect.NativeMethodAccessorImpl.invoke(Unknown Source)
	at java.base/jdk.internal.reflect.DelegatingMethodAccessorImpl.invoke(Unknown Source)
	at java.base/java.lang.reflect.Method.invoke(Unknown Source)
	at org.testng.internal.MethodInvocationHelper.invokeMethod(MethodInvocationHelper.java:124)
	at org.testng.internal.Invoker.invokeMethod(Invoker.java:580)
	at org.testng.internal.Invoker.invokeTestMethod(Invoker.java:716)
	at org.testng.internal.Invoker.invokeTestMethods(Invoker.java:988)
	at org.testng.internal.TestMethodWorker.invokeTestMethods(TestMethodWorker.java:125)
	at org.testng.internal.TestMethodWorker.run(TestMethodWorker.java:109)
	at org.testng.TestRunner.privateRun(TestRunner.java:648)
	at org.testng.TestRunner.run(TestRunner.java:505)
	at org.testng.SuiteRunner.runTest(SuiteRunner.java:455)
	at org.testng.SuiteRunner.access$000(SuiteRunner.java:40)
	at org.testng.SuiteRunner$SuiteWorker.run(SuiteRunner.java:489)
	at org.testng.internal.thread.ThreadUtil$1.call(ThreadUtil.java:52)
	at java.base/java.util.concurrent.FutureTask.run(Unknown Source)
	at java.base/java.util.concurrent.ThreadPoolExecutor.runWorker(Unknown Source)
	at java.base/java.util.concurrent.ThreadPoolExecutor$Worker.run(Unknown Source)
	at java.base/java.lang.Thread.run(Unknown Source)
</pre></div></td>
<td>0</td>
<td>com.mytest.Enquiry@865dd6</td></tr>
<tr>
<td title='com.mytest.Enquiry.Lastname_contain_whitespaces_at_begining()'><b>Lastname_contain_whitespaces_at_begining</b><br>Test class: com.mytest.Enquiry</td>
<td><div><pre>java.lang.AssertionError: Last Name Contain Whitespaces at Begining expected [true] but found [false]
	at com.mytest.Enquiry.Lastname_contain_whitespaces_at_begining(Enquiry.java:211)
	at java.base/java.util.concurrent.FutureTask.run(Unknown Source)
	at java.base/java.util.concurrent.ThreadPoolExecutor.runWorker(Unknown Source)
	at java.base/java.util.concurrent.ThreadPoolExecutor$Worker.run(Unknown Source)
	at java.base/java.lang.Thread.run(Unknown Source)
... Removed 19 stack frames</pre></div><a href='#' onClick='toggleBox("stack-trace1888484409", this, "Click to show all stack frames", "Click to hide stack frames")'>Click to show all stack frames</a>
<div class='stack-trace' id='stack-trace1888484409'><pre>java.lang.AssertionError: Last Name Contain Whitespaces at Begining expected [true] but found [false]
	at org.testng.Assert.fail(Assert.java:96)
	at org.testng.Assert.failNotEquals(Assert.java:776)
	at org.testng.Assert.assertTrue(Assert.java:44)
	at com.mytest.Enquiry.Lastname_contain_whitespaces_at_begining(Enquiry.java:211)
	at java.base/jdk.internal.reflect.NativeMethodAccessorImpl.invoke0(Native Method)
	at java.base/jdk.internal.reflect.NativeMethodAccessorImpl.invoke(Unknown Source)
	at java.base/jdk.internal.reflect.DelegatingMethodAccessorImpl.invoke(Unknown Source)
	at java.base/java.lang.reflect.Method.invoke(Unknown Source)
	at org.testng.internal.MethodInvocationHelper.invokeMethod(MethodInvocationHelper.java:124)
	at org.testng.internal.Invoker.invokeMethod(Invoker.java:580)
	at org.testng.internal.Invoker.invokeTestMethod(Invoker.java:716)
	at org.testng.internal.Invoker.invokeTestMethods(Invoker.java:988)
	at org.testng.internal.TestMethodWorker.invokeTestMethods(TestMethodWorker.java:125)
	at org.testng.internal.TestMethodWorker.run(TestMethodWorker.java:109)
	at org.testng.TestRunner.privateRun(TestRunner.java:648)
	at org.testng.TestRunner.run(TestRunner.java:505)
	at org.testng.SuiteRunner.runTest(SuiteRunner.java:455)
	at org.testng.SuiteRunner.access$000(SuiteRunner.java:40)
	at org.testng.SuiteRunner$SuiteWorker.run(SuiteRunner.java:489)
	at org.testng.internal.thread.ThreadUtil$1.call(ThreadUtil.java:52)
	at java.base/java.util.concurrent.FutureTask.run(Unknown Source)
	at java.base/java.util.concurrent.ThreadPoolExecutor.runWorker(Unknown Source)
	at java.base/java.util.concurrent.ThreadPoolExecutor$Worker.run(Unknown Source)
	at java.base/java.lang.Thread.run(Unknown Source)
</pre></div></td>
<td>0</td>
<td>com.mytest.Enquiry@865dd6</td></tr>
<tr>
<td title='com.mytest.Enquiry.Middlename_contain_Special_Characters()'><b>Middlename_contain_Special_Characters</b><br>Test class: com.mytest.Enquiry</td>
<td><div><pre>java.lang.AssertionError: Middle Name Contains Special Characters expected [true] but found [false]
	at com.mytest.Enquiry.Middlename_contain_Special_Characters(Enquiry.java:129)
	at java.base/java.util.concurrent.FutureTask.run(Unknown Source)
	at java.base/java.util.concurrent.ThreadPoolExecutor.runWorker(Unknown Source)
	at java.base/java.util.concurrent.ThreadPoolExecutor$Worker.run(Unknown Source)
	at java.base/java.lang.Thread.run(Unknown Source)
... Removed 19 stack frames</pre></div><a href='#' onClick='toggleBox("stack-trace472880422", this, "Click to show all stack frames", "Click to hide stack frames")'>Click to show all stack frames</a>
<div class='stack-trace' id='stack-trace472880422'><pre>java.lang.AssertionError: Middle Name Contains Special Characters expected [true] but found [false]
	at org.testng.Assert.fail(Assert.java:96)
	at org.testng.Assert.failNotEquals(Assert.java:776)
	at org.testng.Assert.assertTrue(Assert.java:44)
	at com.mytest.Enquiry.Middlename_contain_Special_Characters(Enquiry.java:129)
	at java.base/jdk.internal.reflect.NativeMethodAccessorImpl.invoke0(Native Method)
	at java.base/jdk.internal.reflect.NativeMethodAccessorImpl.invoke(Unknown Source)
	at java.base/jdk.internal.reflect.DelegatingMethodAccessorImpl.invoke(Unknown Source)
	at java.base/java.lang.reflect.Method.invoke(Unknown Source)
	at org.testng.internal.MethodInvocationHelper.invokeMethod(MethodInvocationHelper.java:124)
	at org.testng.internal.Invoker.invokeMethod(Invoker.java:580)
	at org.testng.internal.Invoker.invokeTestMethod(Invoker.java:716)
	at org.testng.internal.Invoker.invokeTestMethods(Invoker.java:988)
	at org.testng.internal.TestMethodWorker.invokeTestMethods(TestMethodWorker.java:125)
	at org.testng.internal.TestMethodWorker.run(TestMethodWorker.java:109)
	at org.testng.TestRunner.privateRun(TestRunner.java:648)
	at org.testng.TestRunner.run(TestRunner.java:505)
	at org.testng.SuiteRunner.runTest(SuiteRunner.java:455)
	at org.testng.SuiteRunner.access$000(SuiteRunner.java:40)
	at org.testng.SuiteRunner$SuiteWorker.run(SuiteRunner.java:489)
	at org.testng.internal.thread.ThreadUtil$1.call(ThreadUtil.java:52)
	at java.base/java.util.concurrent.FutureTask.run(Unknown Source)
	at java.base/java.util.concurrent.ThreadPoolExecutor.runWorker(Unknown Source)
	at java.base/java.util.concurrent.ThreadPoolExecutor$Worker.run(Unknown Source)
	at java.base/java.lang.Thread.run(Unknown Source)
</pre></div></td>
<td>0</td>
<td>com.mytest.Enquiry@865dd6</td></tr>
<tr>
<td title='com.mytest.Enquiry.Middlename_contain_whitespaces()'><b>Middlename_contain_whitespaces</b><br>Test class: com.mytest.Enquiry</td>
<td><div><pre>java.lang.AssertionError: Middle Name Contains Whitespaces expected [true] but found [false]
	at com.mytest.Enquiry.Middlename_contain_whitespaces(Enquiry.java:147)
	at java.base/java.util.concurrent.FutureTask.run(Unknown Source)
	at java.base/java.util.concurrent.ThreadPoolExecutor.runWorker(Unknown Source)
	at java.base/java.util.concurrent.ThreadPoolExecutor$Worker.run(Unknown Source)
	at java.base/java.lang.Thread.run(Unknown Source)
... Removed 19 stack frames</pre></div><a href='#' onClick='toggleBox("stack-trace699580661", this, "Click to show all stack frames", "Click to hide stack frames")'>Click to show all stack frames</a>
<div class='stack-trace' id='stack-trace699580661'><pre>java.lang.AssertionError: Middle Name Contains Whitespaces expected [true] but found [false]
	at org.testng.Assert.fail(Assert.java:96)
	at org.testng.Assert.failNotEquals(Assert.java:776)
	at org.testng.Assert.assertTrue(Assert.java:44)
	at com.mytest.Enquiry.Middlename_contain_whitespaces(Enquiry.java:147)
	at java.base/jdk.internal.reflect.NativeMethodAccessorImpl.invoke0(Native Method)
	at java.base/jdk.internal.reflect.NativeMethodAccessorImpl.invoke(Unknown Source)
	at java.base/jdk.internal.reflect.DelegatingMethodAccessorImpl.invoke(Unknown Source)
	at java.base/java.lang.reflect.Method.invoke(Unknown Source)
	at org.testng.internal.MethodInvocationHelper.invokeMethod(MethodInvocationHelper.java:124)
	at org.testng.internal.Invoker.invokeMethod(Invoker.java:580)
	at org.testng.internal.Invoker.invokeTestMethod(Invoker.java:716)
	at org.testng.internal.Invoker.invokeTestMethods(Invoker.java:988)
	at org.testng.internal.TestMethodWorker.invokeTestMethods(TestMethodWorker.java:125)
	at org.testng.internal.TestMethodWorker.run(TestMethodWorker.java:109)
	at org.testng.TestRunner.privateRun(TestRunner.java:648)
	at org.testng.TestRunner.run(TestRunner.java:505)
	at org.testng.SuiteRunner.runTest(SuiteRunner.java:455)
	at org.testng.SuiteRunner.access$000(SuiteRunner.java:40)
	at org.testng.SuiteRunner$SuiteWorker.run(SuiteRunner.java:489)
	at org.testng.internal.thread.ThreadUtil$1.call(ThreadUtil.java:52)
	at java.base/java.util.concurrent.FutureTask.run(Unknown Source)
	at java.base/java.util.concurrent.ThreadPoolExecutor.runWorker(Unknown Source)
	at java.base/java.util.concurrent.ThreadPoolExecutor$Worker.run(Unknown Source)
	at java.base/java.lang.Thread.run(Unknown Source)
</pre></div></td>
<td>0</td>
<td>com.mytest.Enquiry@865dd6</td></tr>
<tr>
<td title='com.mytest.Enquiry.Middlename_contain_whitespaces_at_begining()'><b>Middlename_contain_whitespaces_at_begining</b><br>Test class: com.mytest.Enquiry</td>
<td><div><pre>java.lang.AssertionError: Middle Name Contain Whitespaces at Begining expected [true] but found [false]
	at com.mytest.Enquiry.Middlename_contain_whitespaces_at_begining(Enquiry.java:156)
	at java.base/java.util.concurrent.FutureTask.run(Unknown Source)
	at java.base/java.util.concurrent.ThreadPoolExecutor.runWorker(Unknown Source)
	at java.base/java.util.concurrent.ThreadPoolExecutor$Worker.run(Unknown Source)
	at java.base/java.lang.Thread.run(Unknown Source)
... Removed 19 stack frames</pre></div><a href='#' onClick='toggleBox("stack-trace1230274841", this, "Click to show all stack frames", "Click to hide stack frames")'>Click to show all stack frames</a>
<div class='stack-trace' id='stack-trace1230274841'><pre>java.lang.AssertionError: Middle Name Contain Whitespaces at Begining expected [true] but found [false]
	at org.testng.Assert.fail(Assert.java:96)
	at org.testng.Assert.failNotEquals(Assert.java:776)
	at org.testng.Assert.assertTrue(Assert.java:44)
	at com.mytest.Enquiry.Middlename_contain_whitespaces_at_begining(Enquiry.java:156)
	at java.base/jdk.internal.reflect.NativeMethodAccessorImpl.invoke0(Native Method)
	at java.base/jdk.internal.reflect.NativeMethodAccessorImpl.invoke(Unknown Source)
	at java.base/jdk.internal.reflect.DelegatingMethodAccessorImpl.invoke(Unknown Source)
	at java.base/java.lang.reflect.Method.invoke(Unknown Source)
	at org.testng.internal.MethodInvocationHelper.invokeMethod(MethodInvocationHelper.java:124)
	at org.testng.internal.Invoker.invokeMethod(Invoker.java:580)
	at org.testng.internal.Invoker.invokeTestMethod(Invoker.java:716)
	at org.testng.internal.Invoker.invokeTestMethods(Invoker.java:988)
	at org.testng.internal.TestMethodWorker.invokeTestMethods(TestMethodWorker.java:125)
	at org.testng.internal.TestMethodWorker.run(TestMethodWorker.java:109)
	at org.testng.TestRunner.privateRun(TestRunner.java:648)
	at org.testng.TestRunner.run(TestRunner.java:505)
	at org.testng.SuiteRunner.runTest(SuiteRunner.java:455)
	at org.testng.SuiteRunner.access$000(SuiteRunner.java:40)
	at org.testng.SuiteRunner$SuiteWorker.run(SuiteRunner.java:489)
	at org.testng.internal.thread.ThreadUtil$1.call(ThreadUtil.java:52)
	at java.base/java.util.concurrent.FutureTask.run(Unknown Source)
	at java.base/java.util.concurrent.ThreadPoolExecutor.runWorker(Unknown Source)
	at java.base/java.util.concurrent.ThreadPoolExecutor$Worker.run(Unknown Source)
	at java.base/java.lang.Thread.run(Unknown Source)
</pre></div></td>
<td>0</td>
<td>com.mytest.Enquiry@865dd6</td></tr>
<tr>
<td title='com.mytest.Enquiry.Pincode_currentaddress_contain_special_characters()'><b>Pincode_currentaddress_contain_special_characters</b><br>Test class: com.mytest.Enquiry</td>
<td><div><pre>java.lang.AssertionError: Pincode No Contains Spaecial Characters expected [true] but found [false]
	at com.mytest.Enquiry.Pincode_currentaddress_contain_special_characters(Enquiry.java:755)
	at java.base/java.util.concurrent.FutureTask.run(Unknown Source)
	at java.base/java.util.concurrent.ThreadPoolExecutor.runWorker(Unknown Source)
	at java.base/java.util.concurrent.ThreadPoolExecutor$Worker.run(Unknown Source)
	at java.base/java.lang.Thread.run(Unknown Source)
... Removed 19 stack frames</pre></div><a href='#' onClick='toggleBox("stack-trace684717314", this, "Click to show all stack frames", "Click to hide stack frames")'>Click to show all stack frames</a>
<div class='stack-trace' id='stack-trace684717314'><pre>java.lang.AssertionError: Pincode No Contains Spaecial Characters expected [true] but found [false]
	at org.testng.Assert.fail(Assert.java:96)
	at org.testng.Assert.failNotEquals(Assert.java:776)
	at org.testng.Assert.assertTrue(Assert.java:44)
	at com.mytest.Enquiry.Pincode_currentaddress_contain_special_characters(Enquiry.java:755)
	at java.base/jdk.internal.reflect.NativeMethodAccessorImpl.invoke0(Native Method)
	at java.base/jdk.internal.reflect.NativeMethodAccessorImpl.invoke(Unknown Source)
	at java.base/jdk.internal.reflect.DelegatingMethodAccessorImpl.invoke(Unknown Source)
	at java.base/java.lang.reflect.Method.invoke(Unknown Source)
	at org.testng.internal.MethodInvocationHelper.invokeMethod(MethodInvocationHelper.java:124)
	at org.testng.internal.Invoker.invokeMethod(Invoker.java:580)
	at org.testng.internal.Invoker.invokeTestMethod(Invoker.java:716)
	at org.testng.internal.Invoker.invokeTestMethods(Invoker.java:988)
	at org.testng.internal.TestMethodWorker.invokeTestMethods(TestMethodWorker.java:125)
	at org.testng.internal.TestMethodWorker.run(TestMethodWorker.java:109)
	at org.testng.TestRunner.privateRun(TestRunner.java:648)
	at org.testng.TestRunner.run(TestRunner.java:505)
	at org.testng.SuiteRunner.runTest(SuiteRunner.java:455)
	at org.testng.SuiteRunner.access$000(SuiteRunner.java:40)
	at org.testng.SuiteRunner$SuiteWorker.run(SuiteRunner.java:489)
	at org.testng.internal.thread.ThreadUtil$1.call(ThreadUtil.java:52)
	at java.base/java.util.concurrent.FutureTask.run(Unknown Source)
	at java.base/java.util.concurrent.ThreadPoolExecutor.runWorker(Unknown Source)
	at java.base/java.util.concurrent.ThreadPoolExecutor$Worker.run(Unknown Source)
	at java.base/java.lang.Thread.run(Unknown Source)
</pre></div></td>
<td>0</td>
<td>com.mytest.Enquiry@865dd6</td></tr>
<tr>
<td title='com.mytest.Enquiry.Pincode_permanentaddress_contain_special_characters()'><b>Pincode_permanentaddress_contain_special_characters</b><br>Test class: com.mytest.Enquiry</td>
<td><div><pre>java.lang.AssertionError: Pincode No Contains Spaecial Characters expected [true] but found [false]
	at com.mytest.Enquiry.Pincode_permanentaddress_contain_special_characters(Enquiry.java:832)
	at java.base/java.util.concurrent.FutureTask.run(Unknown Source)
	at java.base/java.util.concurrent.ThreadPoolExecutor.runWorker(Unknown Source)
	at java.base/java.util.concurrent.ThreadPoolExecutor$Worker.run(Unknown Source)
	at java.base/java.lang.Thread.run(Unknown Source)
... Removed 19 stack frames</pre></div><a href='#' onClick='toggleBox("stack-trace85250896", this, "Click to show all stack frames", "Click to hide stack frames")'>Click to show all stack frames</a>
<div class='stack-trace' id='stack-trace85250896'><pre>java.lang.AssertionError: Pincode No Contains Spaecial Characters expected [true] but found [false]
	at org.testng.Assert.fail(Assert.java:96)
	at org.testng.Assert.failNotEquals(Assert.java:776)
	at org.testng.Assert.assertTrue(Assert.java:44)
	at com.mytest.Enquiry.Pincode_permanentaddress_contain_special_characters(Enquiry.java:832)
	at java.base/jdk.internal.reflect.NativeMethodAccessorImpl.invoke0(Native Method)
	at java.base/jdk.internal.reflect.NativeMethodAccessorImpl.invoke(Unknown Source)
	at java.base/jdk.internal.reflect.DelegatingMethodAccessorImpl.invoke(Unknown Source)
	at java.base/java.lang.reflect.Method.invoke(Unknown Source)
	at org.testng.internal.MethodInvocationHelper.invokeMethod(MethodInvocationHelper.java:124)
	at org.testng.internal.Invoker.invokeMethod(Invoker.java:580)
	at org.testng.internal.Invoker.invokeTestMethod(Invoker.java:716)
	at org.testng.internal.Invoker.invokeTestMethods(Invoker.java:988)
	at org.testng.internal.TestMethodWorker.invokeTestMethods(TestMethodWorker.java:125)
	at org.testng.internal.TestMethodWorker.run(TestMethodWorker.java:109)
	at org.testng.TestRunner.privateRun(TestRunner.java:648)
	at org.testng.TestRunner.run(TestRunner.java:505)
	at org.testng.SuiteRunner.runTest(SuiteRunner.java:455)
	at org.testng.SuiteRunner.access$000(SuiteRunner.java:40)
	at org.testng.SuiteRunner$SuiteWorker.run(SuiteRunner.java:489)
	at org.testng.internal.thread.ThreadUtil$1.call(ThreadUtil.java:52)
	at java.base/java.util.concurrent.FutureTask.run(Unknown Source)
	at java.base/java.util.concurrent.ThreadPoolExecutor.runWorker(Unknown Source)
	at java.base/java.util.concurrent.ThreadPoolExecutor$Worker.run(Unknown Source)
	at java.base/java.lang.Thread.run(Unknown Source)
</pre></div></td>
<td>0</td>
<td>com.mytest.Enquiry@865dd6</td></tr>
<tr>
<td title='com.mytest.Enquiry.Primary_email_contain_whitespaces_at_begining()'><b>Primary_email_contain_whitespaces_at_begining</b><br>Test class: com.mytest.Enquiry</td>
<td><div><pre>java.lang.AssertionError: Primary Email contain Whitespaces at Begining expected [true] but found [false]
	at com.mytest.Enquiry.Primary_email_contain_whitespaces_at_begining(Enquiry.java:651)
	at java.base/java.util.concurrent.FutureTask.run(Unknown Source)
	at java.base/java.util.concurrent.ThreadPoolExecutor.runWorker(Unknown Source)
	at java.base/java.util.concurrent.ThreadPoolExecutor$Worker.run(Unknown Source)
	at java.base/java.lang.Thread.run(Unknown Source)
... Removed 19 stack frames</pre></div><a href='#' onClick='toggleBox("stack-trace556346233", this, "Click to show all stack frames", "Click to hide stack frames")'>Click to show all stack frames</a>
<div class='stack-trace' id='stack-trace556346233'><pre>java.lang.AssertionError: Primary Email contain Whitespaces at Begining expected [true] but found [false]
	at org.testng.Assert.fail(Assert.java:96)
	at org.testng.Assert.failNotEquals(Assert.java:776)
	at org.testng.Assert.assertTrue(Assert.java:44)
	at com.mytest.Enquiry.Primary_email_contain_whitespaces_at_begining(Enquiry.java:651)
	at java.base/jdk.internal.reflect.NativeMethodAccessorImpl.invoke0(Native Method)
	at java.base/jdk.internal.reflect.NativeMethodAccessorImpl.invoke(Unknown Source)
	at java.base/jdk.internal.reflect.DelegatingMethodAccessorImpl.invoke(Unknown Source)
	at java.base/java.lang.reflect.Method.invoke(Unknown Source)
	at org.testng.internal.MethodInvocationHelper.invokeMethod(MethodInvocationHelper.java:124)
	at org.testng.internal.Invoker.invokeMethod(Invoker.java:580)
	at org.testng.internal.Invoker.invokeTestMethod(Invoker.java:716)
	at org.testng.internal.Invoker.invokeTestMethods(Invoker.java:988)
	at org.testng.internal.TestMethodWorker.invokeTestMethods(TestMethodWorker.java:125)
	at org.testng.internal.TestMethodWorker.run(TestMethodWorker.java:109)
	at org.testng.TestRunner.privateRun(TestRunner.java:648)
	at org.testng.TestRunner.run(TestRunner.java:505)
	at org.testng.SuiteRunner.runTest(SuiteRunner.java:455)
	at org.testng.SuiteRunner.access$000(SuiteRunner.java:40)
	at org.testng.SuiteRunner$SuiteWorker.run(SuiteRunner.java:489)
	at org.testng.internal.thread.ThreadUtil$1.call(ThreadUtil.java:52)
	at java.base/java.util.concurrent.FutureTask.run(Unknown Source)
	at java.base/java.util.concurrent.ThreadPoolExecutor.runWorker(Unknown Source)
	at java.base/java.util.concurrent.ThreadPoolExecutor$Worker.run(Unknown Source)
	at java.base/java.lang.Thread.run(Unknown Source)
</pre></div></td>
<td>1</td>
<td>com.mytest.Enquiry@865dd6</td></tr>
<tr>
<td title='com.mytest.Enquiry.Primary_mobno_contain_lessthan_10_numbers()'><b>Primary_mobno_contain_lessthan_10_numbers</b><br>Test class: com.mytest.Enquiry</td>
<td><div><pre>java.lang.AssertionError: Primary Mobile No Contains Less than 10 numbers expected [true] but found [false]
	at com.mytest.Enquiry.Primary_mobno_contain_lessthan_10_numbers(Enquiry.java:529)
	at java.base/java.util.concurrent.FutureTask.run(Unknown Source)
	at java.base/java.util.concurrent.ThreadPoolExecutor.runWorker(Unknown Source)
	at java.base/java.util.concurrent.ThreadPoolExecutor$Worker.run(Unknown Source)
	at java.base/java.lang.Thread.run(Unknown Source)
... Removed 19 stack frames</pre></div><a href='#' onClick='toggleBox("stack-trace1715731267", this, "Click to show all stack frames", "Click to hide stack frames")'>Click to show all stack frames</a>
<div class='stack-trace' id='stack-trace1715731267'><pre>java.lang.AssertionError: Primary Mobile No Contains Less than 10 numbers expected [true] but found [false]
	at org.testng.Assert.fail(Assert.java:96)
	at org.testng.Assert.failNotEquals(Assert.java:776)
	at org.testng.Assert.assertTrue(Assert.java:44)
	at com.mytest.Enquiry.Primary_mobno_contain_lessthan_10_numbers(Enquiry.java:529)
	at java.base/jdk.internal.reflect.NativeMethodAccessorImpl.invoke0(Native Method)
	at java.base/jdk.internal.reflect.NativeMethodAccessorImpl.invoke(Unknown Source)
	at java.base/jdk.internal.reflect.DelegatingMethodAccessorImpl.invoke(Unknown Source)
	at java.base/java.lang.reflect.Method.invoke(Unknown Source)
	at org.testng.internal.MethodInvocationHelper.invokeMethod(MethodInvocationHelper.java:124)
	at org.testng.internal.Invoker.invokeMethod(Invoker.java:580)
	at org.testng.internal.Invoker.invokeTestMethod(Invoker.java:716)
	at org.testng.internal.Invoker.invokeTestMethods(Invoker.java:988)
	at org.testng.internal.TestMethodWorker.invokeTestMethods(TestMethodWorker.java:125)
	at org.testng.internal.TestMethodWorker.run(TestMethodWorker.java:109)
	at org.testng.TestRunner.privateRun(TestRunner.java:648)
	at org.testng.TestRunner.run(TestRunner.java:505)
	at org.testng.SuiteRunner.runTest(SuiteRunner.java:455)
	at org.testng.SuiteRunner.access$000(SuiteRunner.java:40)
	at org.testng.SuiteRunner$SuiteWorker.run(SuiteRunner.java:489)
	at org.testng.internal.thread.ThreadUtil$1.call(ThreadUtil.java:52)
	at java.base/java.util.concurrent.FutureTask.run(Unknown Source)
	at java.base/java.util.concurrent.ThreadPoolExecutor.runWorker(Unknown Source)
	at java.base/java.util.concurrent.ThreadPoolExecutor$Worker.run(Unknown Source)
	at java.base/java.lang.Thread.run(Unknown Source)
</pre></div></td>
<td>0</td>
<td>com.mytest.Enquiry@865dd6</td></tr>
<tr>
<td title='com.mytest.Enquiry.Primary_mobno_contain_special_characters()'><b>Primary_mobno_contain_special_characters</b><br>Test class: com.mytest.Enquiry</td>
<td><div><pre>java.lang.AssertionError: Primary Mobile No Contains Spaecial Characters expected [true] but found [false]
	at com.mytest.Enquiry.Primary_mobno_contain_special_characters(Enquiry.java:474)
	at java.base/java.util.concurrent.FutureTask.run(Unknown Source)
	at java.base/java.util.concurrent.ThreadPoolExecutor.runWorker(Unknown Source)
	at java.base/java.util.concurrent.ThreadPoolExecutor$Worker.run(Unknown Source)
	at java.base/java.lang.Thread.run(Unknown Source)
... Removed 19 stack frames</pre></div><a href='#' onClick='toggleBox("stack-trace282705224", this, "Click to show all stack frames", "Click to hide stack frames")'>Click to show all stack frames</a>
<div class='stack-trace' id='stack-trace282705224'><pre>java.lang.AssertionError: Primary Mobile No Contains Spaecial Characters expected [true] but found [false]
	at org.testng.Assert.fail(Assert.java:96)
	at org.testng.Assert.failNotEquals(Assert.java:776)
	at org.testng.Assert.assertTrue(Assert.java:44)
	at com.mytest.Enquiry.Primary_mobno_contain_special_characters(Enquiry.java:474)
	at java.base/jdk.internal.reflect.NativeMethodAccessorImpl.invoke0(Native Method)
	at java.base/jdk.internal.reflect.NativeMethodAccessorImpl.invoke(Unknown Source)
	at java.base/jdk.internal.reflect.DelegatingMethodAccessorImpl.invoke(Unknown Source)
	at java.base/java.lang.reflect.Method.invoke(Unknown Source)
	at org.testng.internal.MethodInvocationHelper.invokeMethod(MethodInvocationHelper.java:124)
	at org.testng.internal.Invoker.invokeMethod(Invoker.java:580)
	at org.testng.internal.Invoker.invokeTestMethod(Invoker.java:716)
	at org.testng.internal.Invoker.invokeTestMethods(Invoker.java:988)
	at org.testng.internal.TestMethodWorker.invokeTestMethods(TestMethodWorker.java:125)
	at org.testng.internal.TestMethodWorker.run(TestMethodWorker.java:109)
	at org.testng.TestRunner.privateRun(TestRunner.java:648)
	at org.testng.TestRunner.run(TestRunner.java:505)
	at org.testng.SuiteRunner.runTest(SuiteRunner.java:455)
	at org.testng.SuiteRunner.access$000(SuiteRunner.java:40)
	at org.testng.SuiteRunner$SuiteWorker.run(SuiteRunner.java:489)
	at org.testng.internal.thread.ThreadUtil$1.call(ThreadUtil.java:52)
	at java.base/java.util.concurrent.FutureTask.run(Unknown Source)
	at java.base/java.util.concurrent.ThreadPoolExecutor.runWorker(Unknown Source)
	at java.base/java.util.concurrent.ThreadPoolExecutor$Worker.run(Unknown Source)
	at java.base/java.lang.Thread.run(Unknown Source)
</pre></div></td>
<td>0</td>
<td>com.mytest.Enquiry@865dd6</td></tr>
<tr>
<td title='com.mytest.Enquiry.Qualification_contain_Special_Characters()'><b>Qualification_contain_Special_Characters</b><br>Test class: com.mytest.Enquiry</td>
<td><div><pre>java.lang.AssertionError: College Name Contains Special Characters expected [true] but found [false]
	at com.mytest.Enquiry.Qualification_contain_Special_Characters(Enquiry.java:287)
	at java.base/java.util.concurrent.FutureTask.run(Unknown Source)
	at java.base/java.util.concurrent.ThreadPoolExecutor.runWorker(Unknown Source)
	at java.base/java.util.concurrent.ThreadPoolExecutor$Worker.run(Unknown Source)
	at java.base/java.lang.Thread.run(Unknown Source)
... Removed 19 stack frames</pre></div><a href='#' onClick='toggleBox("stack-trace384125315", this, "Click to show all stack frames", "Click to hide stack frames")'>Click to show all stack frames</a>
<div class='stack-trace' id='stack-trace384125315'><pre>java.lang.AssertionError: College Name Contains Special Characters expected [true] but found [false]
	at org.testng.Assert.fail(Assert.java:96)
	at org.testng.Assert.failNotEquals(Assert.java:776)
	at org.testng.Assert.assertTrue(Assert.java:44)
	at com.mytest.Enquiry.Qualification_contain_Special_Characters(Enquiry.java:287)
	at java.base/jdk.internal.reflect.NativeMethodAccessorImpl.invoke0(Native Method)
	at java.base/jdk.internal.reflect.NativeMethodAccessorImpl.invoke(Unknown Source)
	at java.base/jdk.internal.reflect.DelegatingMethodAccessorImpl.invoke(Unknown Source)
	at java.base/java.lang.reflect.Method.invoke(Unknown Source)
	at org.testng.internal.MethodInvocationHelper.invokeMethod(MethodInvocationHelper.java:124)
	at org.testng.internal.Invoker.invokeMethod(Invoker.java:580)
	at org.testng.internal.Invoker.invokeTestMethod(Invoker.java:716)
	at org.testng.internal.Invoker.invokeTestMethods(Invoker.java:988)
	at org.testng.internal.TestMethodWorker.invokeTestMethods(TestMethodWorker.java:125)
	at org.testng.internal.TestMethodWorker.run(TestMethodWorker.java:109)
	at org.testng.TestRunner.privateRun(TestRunner.java:648)
	at org.testng.TestRunner.run(TestRunner.java:505)
	at org.testng.SuiteRunner.runTest(SuiteRunner.java:455)
	at org.testng.SuiteRunner.access$000(SuiteRunner.java:40)
	at org.testng.SuiteRunner$SuiteWorker.run(SuiteRunner.java:489)
	at org.testng.internal.thread.ThreadUtil$1.call(ThreadUtil.java:52)
	at java.base/java.util.concurrent.FutureTask.run(Unknown Source)
	at java.base/java.util.concurrent.ThreadPoolExecutor.runWorker(Unknown Source)
	at java.base/java.util.concurrent.ThreadPoolExecutor$Worker.run(Unknown Source)
	at java.base/java.lang.Thread.run(Unknown Source)
</pre></div></td>
<td>0</td>
<td>com.mytest.Enquiry@865dd6</td></tr>
<tr>
<td title='com.mytest.Enquiry.Qualification_contain_numbers()'><b>Qualification_contain_numbers</b><br>Test class: com.mytest.Enquiry</td>
<td><div><pre>java.lang.AssertionError: College Name Contains Numbers expected [true] but found [false]
	at com.mytest.Enquiry.Qualification_contain_numbers(Enquiry.java:296)
	at java.base/java.util.concurrent.FutureTask.run(Unknown Source)
	at java.base/java.util.concurrent.ThreadPoolExecutor.runWorker(Unknown Source)
	at java.base/java.util.concurrent.ThreadPoolExecutor$Worker.run(Unknown Source)
	at java.base/java.lang.Thread.run(Unknown Source)
... Removed 19 stack frames</pre></div><a href='#' onClick='toggleBox("stack-trace1513652295", this, "Click to show all stack frames", "Click to hide stack frames")'>Click to show all stack frames</a>
<div class='stack-trace' id='stack-trace1513652295'><pre>java.lang.AssertionError: College Name Contains Numbers expected [true] but found [false]
	at org.testng.Assert.fail(Assert.java:96)
	at org.testng.Assert.failNotEquals(Assert.java:776)
	at org.testng.Assert.assertTrue(Assert.java:44)
	at com.mytest.Enquiry.Qualification_contain_numbers(Enquiry.java:296)
	at java.base/jdk.internal.reflect.NativeMethodAccessorImpl.invoke0(Native Method)
	at java.base/jdk.internal.reflect.NativeMethodAccessorImpl.invoke(Unknown Source)
	at java.base/jdk.internal.reflect.DelegatingMethodAccessorImpl.invoke(Unknown Source)
	at java.base/java.lang.reflect.Method.invoke(Unknown Source)
	at org.testng.internal.MethodInvocationHelper.invokeMethod(MethodInvocationHelper.java:124)
	at org.testng.internal.Invoker.invokeMethod(Invoker.java:580)
	at org.testng.internal.Invoker.invokeTestMethod(Invoker.java:716)
	at org.testng.internal.Invoker.invokeTestMethods(Invoker.java:988)
	at org.testng.internal.TestMethodWorker.invokeTestMethods(TestMethodWorker.java:125)
	at org.testng.internal.TestMethodWorker.run(TestMethodWorker.java:109)
	at org.testng.TestRunner.privateRun(TestRunner.java:648)
	at org.testng.TestRunner.run(TestRunner.java:505)
	at org.testng.SuiteRunner.runTest(SuiteRunner.java:455)
	at org.testng.SuiteRunner.access$000(SuiteRunner.java:40)
	at org.testng.SuiteRunner$SuiteWorker.run(SuiteRunner.java:489)
	at org.testng.internal.thread.ThreadUtil$1.call(ThreadUtil.java:52)
	at java.base/java.util.concurrent.FutureTask.run(Unknown Source)
	at java.base/java.util.concurrent.ThreadPoolExecutor.runWorker(Unknown Source)
	at java.base/java.util.concurrent.ThreadPoolExecutor$Worker.run(Unknown Source)
	at java.base/java.lang.Thread.run(Unknown Source)
</pre></div></td>
<td>0</td>
<td>com.mytest.Enquiry@865dd6</td></tr>
<tr>
<td title='com.mytest.Enquiry.Secondary_email_contain_whitespaces_at_begining()'><b>Secondary_email_contain_whitespaces_at_begining</b><br>Test class: com.mytest.Enquiry</td>
<td><div><pre>java.lang.AssertionError: Secondary Email contain Whitespaces at Begining expected [true] but found [false]
	at com.mytest.Enquiry.Secondary_email_contain_whitespaces_at_begining(Enquiry.java:702)
	at java.base/java.util.concurrent.FutureTask.run(Unknown Source)
	at java.base/java.util.concurrent.ThreadPoolExecutor.runWorker(Unknown Source)
	at java.base/java.util.concurrent.ThreadPoolExecutor$Worker.run(Unknown Source)
	at java.base/java.lang.Thread.run(Unknown Source)
... Removed 19 stack frames</pre></div><a href='#' onClick='toggleBox("stack-trace94878810", this, "Click to show all stack frames", "Click to hide stack frames")'>Click to show all stack frames</a>
<div class='stack-trace' id='stack-trace94878810'><pre>java.lang.AssertionError: Secondary Email contain Whitespaces at Begining expected [true] but found [false]
	at org.testng.Assert.fail(Assert.java:96)
	at org.testng.Assert.failNotEquals(Assert.java:776)
	at org.testng.Assert.assertTrue(Assert.java:44)
	at com.mytest.Enquiry.Secondary_email_contain_whitespaces_at_begining(Enquiry.java:702)
	at java.base/jdk.internal.reflect.NativeMethodAccessorImpl.invoke0(Native Method)
	at java.base/jdk.internal.reflect.NativeMethodAccessorImpl.invoke(Unknown Source)
	at java.base/jdk.internal.reflect.DelegatingMethodAccessorImpl.invoke(Unknown Source)
	at java.base/java.lang.reflect.Method.invoke(Unknown Source)
	at org.testng.internal.MethodInvocationHelper.invokeMethod(MethodInvocationHelper.java:124)
	at org.testng.internal.Invoker.invokeMethod(Invoker.java:580)
	at org.testng.internal.Invoker.invokeTestMethod(Invoker.java:716)
	at org.testng.internal.Invoker.invokeTestMethods(Invoker.java:988)
	at org.testng.internal.TestMethodWorker.invokeTestMethods(TestMethodWorker.java:125)
	at org.testng.internal.TestMethodWorker.run(TestMethodWorker.java:109)
	at org.testng.TestRunner.privateRun(TestRunner.java:648)
	at org.testng.TestRunner.run(TestRunner.java:505)
	at org.testng.SuiteRunner.runTest(SuiteRunner.java:455)
	at org.testng.SuiteRunner.access$000(SuiteRunner.java:40)
	at org.testng.SuiteRunner$SuiteWorker.run(SuiteRunner.java:489)
	at org.testng.internal.thread.ThreadUtil$1.call(ThreadUtil.java:52)
	at java.base/java.util.concurrent.FutureTask.run(Unknown Source)
	at java.base/java.util.concurrent.ThreadPoolExecutor.runWorker(Unknown Source)
	at java.base/java.util.concurrent.ThreadPoolExecutor$Worker.run(Unknown Source)
	at java.base/java.lang.Thread.run(Unknown Source)
</pre></div></td>
<td>1</td>
<td>com.mytest.Enquiry@865dd6</td></tr>
<tr>
<td title='com.mytest.Enquiry.Secondary_mobno_contain_lessthan_10_numbers()'><b>Secondary_mobno_contain_lessthan_10_numbers</b><br>Test class: com.mytest.Enquiry</td>
<td><div><pre>java.lang.AssertionError: Secondary Mobile No Contains Less than 10 numbers expected [true] but found [false]
	at com.mytest.Enquiry.Secondary_mobno_contain_lessthan_10_numbers(Enquiry.java:601)
	at java.base/java.util.concurrent.FutureTask.run(Unknown Source)
	at java.base/java.util.concurrent.ThreadPoolExecutor.runWorker(Unknown Source)
	at java.base/java.util.concurrent.ThreadPoolExecutor$Worker.run(Unknown Source)
	at java.base/java.lang.Thread.run(Unknown Source)
... Removed 19 stack frames</pre></div><a href='#' onClick='toggleBox("stack-trace1506810505", this, "Click to show all stack frames", "Click to hide stack frames")'>Click to show all stack frames</a>
<div class='stack-trace' id='stack-trace1506810505'><pre>java.lang.AssertionError: Secondary Mobile No Contains Less than 10 numbers expected [true] but found [false]
	at org.testng.Assert.fail(Assert.java:96)
	at org.testng.Assert.failNotEquals(Assert.java:776)
	at org.testng.Assert.assertTrue(Assert.java:44)
	at com.mytest.Enquiry.Secondary_mobno_contain_lessthan_10_numbers(Enquiry.java:601)
	at java.base/jdk.internal.reflect.NativeMethodAccessorImpl.invoke0(Native Method)
	at java.base/jdk.internal.reflect.NativeMethodAccessorImpl.invoke(Unknown Source)
	at java.base/jdk.internal.reflect.DelegatingMethodAccessorImpl.invoke(Unknown Source)
	at java.base/java.lang.reflect.Method.invoke(Unknown Source)
	at org.testng.internal.MethodInvocationHelper.invokeMethod(MethodInvocationHelper.java:124)
	at org.testng.internal.Invoker.invokeMethod(Invoker.java:580)
	at org.testng.internal.Invoker.invokeTestMethod(Invoker.java:716)
	at org.testng.internal.Invoker.invokeTestMethods(Invoker.java:988)
	at org.testng.internal.TestMethodWorker.invokeTestMethods(TestMethodWorker.java:125)
	at org.testng.internal.TestMethodWorker.run(TestMethodWorker.java:109)
	at org.testng.TestRunner.privateRun(TestRunner.java:648)
	at org.testng.TestRunner.run(TestRunner.java:505)
	at org.testng.SuiteRunner.runTest(SuiteRunner.java:455)
	at org.testng.SuiteRunner.access$000(SuiteRunner.java:40)
	at org.testng.SuiteRunner$SuiteWorker.run(SuiteRunner.java:489)
	at org.testng.internal.thread.ThreadUtil$1.call(ThreadUtil.java:52)
	at java.base/java.util.concurrent.FutureTask.run(Unknown Source)
	at java.base/java.util.concurrent.ThreadPoolExecutor.runWorker(Unknown Source)
	at java.base/java.util.concurrent.ThreadPoolExecutor$Worker.run(Unknown Source)
	at java.base/java.lang.Thread.run(Unknown Source)
</pre></div></td>
<td>0</td>
<td>com.mytest.Enquiry@865dd6</td></tr>
<tr>
<td title='com.mytest.Enquiry.Secondary_mobno_contain_special_characters()'><b>Secondary_mobno_contain_special_characters</b><br>Test class: com.mytest.Enquiry</td>
<td><div><pre>java.lang.AssertionError: Secondary Mobile No Contains Spaecial Characters expected [true] but found [false]
	at com.mytest.Enquiry.Secondary_mobno_contain_special_characters(Enquiry.java:547)
	at java.base/java.util.concurrent.FutureTask.run(Unknown Source)
	at java.base/java.util.concurrent.ThreadPoolExecutor.runWorker(Unknown Source)
	at java.base/java.util.concurrent.ThreadPoolExecutor$Worker.run(Unknown Source)
	at java.base/java.lang.Thread.run(Unknown Source)
... Removed 19 stack frames</pre></div><a href='#' onClick='toggleBox("stack-trace285005783", this, "Click to show all stack frames", "Click to hide stack frames")'>Click to show all stack frames</a>
<div class='stack-trace' id='stack-trace285005783'><pre>java.lang.AssertionError: Secondary Mobile No Contains Spaecial Characters expected [true] but found [false]
	at org.testng.Assert.fail(Assert.java:96)
	at org.testng.Assert.failNotEquals(Assert.java:776)
	at org.testng.Assert.assertTrue(Assert.java:44)
	at com.mytest.Enquiry.Secondary_mobno_contain_special_characters(Enquiry.java:547)
	at java.base/jdk.internal.reflect.NativeMethodAccessorImpl.invoke0(Native Method)
	at java.base/jdk.internal.reflect.NativeMethodAccessorImpl.invoke(Unknown Source)
	at java.base/jdk.internal.reflect.DelegatingMethodAccessorImpl.invoke(Unknown Source)
	at java.base/java.lang.reflect.Method.invoke(Unknown Source)
	at org.testng.internal.MethodInvocationHelper.invokeMethod(MethodInvocationHelper.java:124)
	at org.testng.internal.Invoker.invokeMethod(Invoker.java:580)
	at org.testng.internal.Invoker.invokeTestMethod(Invoker.java:716)
	at org.testng.internal.Invoker.invokeTestMethods(Invoker.java:988)
	at org.testng.internal.TestMethodWorker.invokeTestMethods(TestMethodWorker.java:125)
	at org.testng.internal.TestMethodWorker.run(TestMethodWorker.java:109)
	at org.testng.TestRunner.privateRun(TestRunner.java:648)
	at org.testng.TestRunner.run(TestRunner.java:505)
	at org.testng.SuiteRunner.runTest(SuiteRunner.java:455)
	at org.testng.SuiteRunner.access$000(SuiteRunner.java:40)
	at org.testng.SuiteRunner$SuiteWorker.run(SuiteRunner.java:489)
	at org.testng.internal.thread.ThreadUtil$1.call(ThreadUtil.java:52)
	at java.base/java.util.concurrent.FutureTask.run(Unknown Source)
	at java.base/java.util.concurrent.ThreadPoolExecutor.runWorker(Unknown Source)
	at java.base/java.util.concurrent.ThreadPoolExecutor$Worker.run(Unknown Source)
	at java.base/java.lang.Thread.run(Unknown Source)
</pre></div></td>
<td>0</td>
<td>com.mytest.Enquiry@865dd6</td></tr>
<tr>
<td title='com.mytest.Enquiry.Studentname_contain_Special_Characters()'><b>Studentname_contain_Special_Characters</b><br>Test class: com.mytest.Enquiry</td>
<td><div><pre>java.lang.AssertionError: Student Name Contains Special Characters expected [true] but found [false]
	at com.mytest.Enquiry.Studentname_contain_Special_Characters(Enquiry.java:73)
	at java.base/java.util.concurrent.FutureTask.run(Unknown Source)
	at java.base/java.util.concurrent.ThreadPoolExecutor.runWorker(Unknown Source)
	at java.base/java.util.concurrent.ThreadPoolExecutor$Worker.run(Unknown Source)
	at java.base/java.lang.Thread.run(Unknown Source)
... Removed 19 stack frames</pre></div><a href='#' onClick='toggleBox("stack-trace1094426730", this, "Click to show all stack frames", "Click to hide stack frames")'>Click to show all stack frames</a>
<div class='stack-trace' id='stack-trace1094426730'><pre>java.lang.AssertionError: Student Name Contains Special Characters expected [true] but found [false]
	at org.testng.Assert.fail(Assert.java:96)
	at org.testng.Assert.failNotEquals(Assert.java:776)
	at org.testng.Assert.assertTrue(Assert.java:44)
	at com.mytest.Enquiry.Studentname_contain_Special_Characters(Enquiry.java:73)
	at java.base/jdk.internal.reflect.NativeMethodAccessorImpl.invoke0(Native Method)
	at java.base/jdk.internal.reflect.NativeMethodAccessorImpl.invoke(Unknown Source)
	at java.base/jdk.internal.reflect.DelegatingMethodAccessorImpl.invoke(Unknown Source)
	at java.base/java.lang.reflect.Method.invoke(Unknown Source)
	at org.testng.internal.MethodInvocationHelper.invokeMethod(MethodInvocationHelper.java:124)
	at org.testng.internal.Invoker.invokeMethod(Invoker.java:580)
	at org.testng.internal.Invoker.invokeTestMethod(Invoker.java:716)
	at org.testng.internal.Invoker.invokeTestMethods(Invoker.java:988)
	at org.testng.internal.TestMethodWorker.invokeTestMethods(TestMethodWorker.java:125)
	at org.testng.internal.TestMethodWorker.run(TestMethodWorker.java:109)
	at org.testng.TestRunner.privateRun(TestRunner.java:648)
	at org.testng.TestRunner.run(TestRunner.java:505)
	at org.testng.SuiteRunner.runTest(SuiteRunner.java:455)
	at org.testng.SuiteRunner.access$000(SuiteRunner.java:40)
	at org.testng.SuiteRunner$SuiteWorker.run(SuiteRunner.java:489)
	at org.testng.internal.thread.ThreadUtil$1.call(ThreadUtil.java:52)
	at java.base/java.util.concurrent.FutureTask.run(Unknown Source)
	at java.base/java.util.concurrent.ThreadPoolExecutor.runWorker(Unknown Source)
	at java.base/java.util.concurrent.ThreadPoolExecutor$Worker.run(Unknown Source)
	at java.base/java.lang.Thread.run(Unknown Source)
</pre></div></td>
<td>5</td>
<td>com.mytest.Enquiry@865dd6</td></tr>
<tr>
<td title='com.mytest.Enquiry.Studentname_contain_whitespaces()'><b>Studentname_contain_whitespaces</b><br>Test class: com.mytest.Enquiry</td>
<td><div><pre>java.lang.AssertionError: Student Name Contains Whitespaces expected [true] but found [false]
	at com.mytest.Enquiry.Studentname_contain_whitespaces(Enquiry.java:91)
	at java.base/java.util.concurrent.FutureTask.run(Unknown Source)
	at java.base/java.util.concurrent.ThreadPoolExecutor.runWorker(Unknown Source)
	at java.base/java.util.concurrent.ThreadPoolExecutor$Worker.run(Unknown Source)
	at java.base/java.lang.Thread.run(Unknown Source)
... Removed 19 stack frames</pre></div><a href='#' onClick='toggleBox("stack-trace174403069", this, "Click to show all stack frames", "Click to hide stack frames")'>Click to show all stack frames</a>
<div class='stack-trace' id='stack-trace174403069'><pre>java.lang.AssertionError: Student Name Contains Whitespaces expected [true] but found [false]
	at org.testng.Assert.fail(Assert.java:96)
	at org.testng.Assert.failNotEquals(Assert.java:776)
	at org.testng.Assert.assertTrue(Assert.java:44)
	at com.mytest.Enquiry.Studentname_contain_whitespaces(Enquiry.java:91)
	at java.base/jdk.internal.reflect.NativeMethodAccessorImpl.invoke0(Native Method)
	at java.base/jdk.internal.reflect.NativeMethodAccessorImpl.invoke(Unknown Source)
	at java.base/jdk.internal.reflect.DelegatingMethodAccessorImpl.invoke(Unknown Source)
	at java.base/java.lang.reflect.Method.invoke(Unknown Source)
	at org.testng.internal.MethodInvocationHelper.invokeMethod(MethodInvocationHelper.java:124)
	at org.testng.internal.Invoker.invokeMethod(Invoker.java:580)
	at org.testng.internal.Invoker.invokeTestMethod(Invoker.java:716)
	at org.testng.internal.Invoker.invokeTestMethods(Invoker.java:988)
	at org.testng.internal.TestMethodWorker.invokeTestMethods(TestMethodWorker.java:125)
	at org.testng.internal.TestMethodWorker.run(TestMethodWorker.java:109)
	at org.testng.TestRunner.privateRun(TestRunner.java:648)
	at org.testng.TestRunner.run(TestRunner.java:505)
	at org.testng.SuiteRunner.runTest(SuiteRunner.java:455)
	at org.testng.SuiteRunner.access$000(SuiteRunner.java:40)
	at org.testng.SuiteRunner$SuiteWorker.run(SuiteRunner.java:489)
	at org.testng.internal.thread.ThreadUtil$1.call(ThreadUtil.java:52)
	at java.base/java.util.concurrent.FutureTask.run(Unknown Source)
	at java.base/java.util.concurrent.ThreadPoolExecutor.runWorker(Unknown Source)
	at java.base/java.util.concurrent.ThreadPoolExecutor$Worker.run(Unknown Source)
	at java.base/java.lang.Thread.run(Unknown Source)
</pre></div></td>
<td>0</td>
<td>com.mytest.Enquiry@865dd6</td></tr>
<tr>
<td title='com.mytest.Enquiry.Studentname_contain_whitespaces_at_begining()'><b>Studentname_contain_whitespaces_at_begining</b><br>Test class: com.mytest.Enquiry</td>
<td><div><pre>java.lang.AssertionError: Student Name Contain Whitespaces at Begining expected [true] but found [false]
	at com.mytest.Enquiry.Studentname_contain_whitespaces_at_begining(Enquiry.java:109)
	at java.base/java.util.concurrent.FutureTask.run(Unknown Source)
	at java.base/java.util.concurrent.ThreadPoolExecutor.runWorker(Unknown Source)
	at java.base/java.util.concurrent.ThreadPoolExecutor$Worker.run(Unknown Source)
	at java.base/java.lang.Thread.run(Unknown Source)
... Removed 19 stack frames</pre></div><a href='#' onClick='toggleBox("stack-trace1126539405", this, "Click to show all stack frames", "Click to hide stack frames")'>Click to show all stack frames</a>
<div class='stack-trace' id='stack-trace1126539405'><pre>java.lang.AssertionError: Student Name Contain Whitespaces at Begining expected [true] but found [false]
	at org.testng.Assert.fail(Assert.java:96)
	at org.testng.Assert.failNotEquals(Assert.java:776)
	at org.testng.Assert.assertTrue(Assert.java:44)
	at com.mytest.Enquiry.Studentname_contain_whitespaces_at_begining(Enquiry.java:109)
	at java.base/jdk.internal.reflect.NativeMethodAccessorImpl.invoke0(Native Method)
	at java.base/jdk.internal.reflect.NativeMethodAccessorImpl.invoke(Unknown Source)
	at java.base/jdk.internal.reflect.DelegatingMethodAccessorImpl.invoke(Unknown Source)
	at java.base/java.lang.reflect.Method.invoke(Unknown Source)
	at org.testng.internal.MethodInvocationHelper.invokeMethod(MethodInvocationHelper.java:124)
	at org.testng.internal.Invoker.invokeMethod(Invoker.java:580)
	at org.testng.internal.Invoker.invokeTestMethod(Invoker.java:716)
	at org.testng.internal.Invoker.invokeTestMethods(Invoker.java:988)
	at org.testng.internal.TestMethodWorker.invokeTestMethods(TestMethodWorker.java:125)
	at org.testng.internal.TestMethodWorker.run(TestMethodWorker.java:109)
	at org.testng.TestRunner.privateRun(TestRunner.java:648)
	at org.testng.TestRunner.run(TestRunner.java:505)
	at org.testng.SuiteRunner.runTest(SuiteRunner.java:455)
	at org.testng.SuiteRunner.access$000(SuiteRunner.java:40)
	at org.testng.SuiteRunner$SuiteWorker.run(SuiteRunner.java:489)
	at org.testng.internal.thread.ThreadUtil$1.call(ThreadUtil.java:52)
	at java.base/java.util.concurrent.FutureTask.run(Unknown Source)
	at java.base/java.util.concurrent.ThreadPoolExecutor.runWorker(Unknown Source)
	at java.base/java.util.concurrent.ThreadPoolExecutor$Worker.run(Unknown Source)
	at java.base/java.lang.Thread.run(Unknown Source)
</pre></div></td>
<td>0</td>
<td>com.mytest.Enquiry@865dd6</td></tr>
</table><p>
<table width='100%' border='1' class='invocation-passed'>
<tr><td colspan='4' align='center'><b>PASSED TESTS</b></td></tr>
<tr><td><b>Test method</b></td>
<td width="30%"><b>Exception</b></td>
<td width="10%"><b>Time (seconds)</b></td>
<td><b>Instance</b></td>
</tr>
<tr>
<td title='com.mytest.Enquiry.Aadharno_contain_alphabets()'><b>Aadharno_contain_alphabets</b><br>Test class: com.mytest.Enquiry</td>
<td></td>
<td>0</td>
<td>com.mytest.Enquiry@865dd6</td></tr>
<tr>
<td title='com.mytest.Enquiry.Aadharno_contain_numbers()'><b>Aadharno_contain_numbers</b><br>Test class: com.mytest.Enquiry</td>
<td></td>
<td>0</td>
<td>com.mytest.Enquiry@865dd6</td></tr>
<tr>
<td title='com.mytest.Enquiry.Aadharno_contain_whitespaces_at_begining()'><b>Aadharno_contain_whitespaces_at_begining</b><br>Test class: com.mytest.Enquiry</td>
<td></td>
<td>0</td>
<td>com.mytest.Enquiry@865dd6</td></tr>
<tr>
<td title='com.mytest.Enquiry.Add_Course()'><b>Add_Course</b><br>Test class: com.mytest.Enquiry</td>
<td></td>
<td>15</td>
<td>com.mytest.Enquiry@865dd6</td></tr>
<tr>
<td title='com.mytest.Enquiry.Assign_to()'><b>Assign_to</b><br>Test class: com.mytest.Enquiry</td>
<td></td>
<td>0</td>
<td>com.mytest.Enquiry@865dd6</td></tr>
<tr>
<td title='com.mytest.Enquiry.Birthdate_Field_is_Blank()'><b>Birthdate_Field_is_Blank</b><br>Test class: com.mytest.Enquiry</td>
<td></td>
<td>5</td>
<td>com.mytest.Enquiry@865dd6</td></tr>
<tr>
<td title='com.mytest.Enquiry.Birthdate_functionality()'><b>Birthdate_functionality</b><br>Test class: com.mytest.Enquiry</td>
<td></td>
<td>1</td>
<td>com.mytest.Enquiry@865dd6</td></tr>
<tr>
<td title='com.mytest.Enquiry.Blank_Follow_Up_Mode()'><b>Blank_Follow_Up_Mode</b><br>Test class: com.mytest.Enquiry</td>
<td></td>
<td>0</td>
<td>com.mytest.Enquiry@865dd6</td></tr>
<tr>
<td title='com.mytest.Enquiry.Blank_Follow_up_Details()'><b>Blank_Follow_up_Details</b><br>Test class: com.mytest.Enquiry</td>
<td></td>
<td>0</td>
<td>com.mytest.Enquiry@865dd6</td></tr>
<tr>
<td title='com.mytest.Enquiry.Blank_Interest_level()'><b>Blank_Interest_level</b><br>Test class: com.mytest.Enquiry</td>
<td></td>
<td>0</td>
<td>com.mytest.Enquiry@865dd6</td></tr>
<tr>
<td title='com.mytest.Enquiry.Blank_Lead_Source()'><b>Blank_Lead_Source</b><br>Test class: com.mytest.Enquiry</td>
<td></td>
<td>0</td>
<td>com.mytest.Enquiry@865dd6</td></tr>
<tr>
<td title='com.mytest.Enquiry.Blank_Next_Follow_Up_Date()'><b>Blank_Next_Follow_Up_Date</b><br>Test class: com.mytest.Enquiry</td>
<td></td>
<td>0</td>
<td>com.mytest.Enquiry@865dd6</td></tr>
<tr>
<td title='com.mytest.Enquiry.Blank_Next_Follow_Update()'><b>Blank_Next_Follow_Update</b><br>Test class: com.mytest.Enquiry</td>
<td></td>
<td>8</td>
<td>com.mytest.Enquiry@865dd6</td></tr>
<tr>
<td title='com.mytest.Enquiry.Blank_Notes()'><b>Blank_Notes</b><br>Test class: com.mytest.Enquiry</td>
<td></td>
<td>0</td>
<td>com.mytest.Enquiry@865dd6</td></tr>
<tr>
<td title='com.mytest.Enquiry.Blank_current_address()'><b>Blank_current_address</b><br>Test class: com.mytest.Enquiry</td>
<td></td>
<td>1</td>
<td>com.mytest.Enquiry@865dd6</td></tr>
<tr>
<td title='com.mytest.Enquiry.Collegename_contain_alphabets()'><b>Collegename_contain_alphabets</b><br>Test class: com.mytest.Enquiry</td>
<td></td>
<td>0</td>
<td>com.mytest.Enquiry@865dd6</td></tr>
<tr>
<td title='com.mytest.Enquiry.Collegename_contain_numbers()'><b>Collegename_contain_numbers</b><br>Test class: com.mytest.Enquiry</td>
<td></td>
<td>0</td>
<td>com.mytest.Enquiry@865dd6</td></tr>
<tr>
<td title='com.mytest.Enquiry.Collegename_contain_whitespaces()'><b>Collegename_contain_whitespaces</b><br>Test class: com.mytest.Enquiry</td>
<td></td>
<td>0</td>
<td>com.mytest.Enquiry@865dd6</td></tr>
<tr>
<td title='com.mytest.Enquiry.Collegename_contain_whitespaces_at_begining()'><b>Collegename_contain_whitespaces_at_begining</b><br>Test class: com.mytest.Enquiry</td>
<td></td>
<td>0</td>
<td>com.mytest.Enquiry@865dd6</td></tr>
<tr>
<td title='com.mytest.Enquiry.Collegename_field_is_Blank()'><b>Collegename_field_is_Blank</b><br>Test class: com.mytest.Enquiry</td>
<td></td>
<td>3</td>
<td>com.mytest.Enquiry@865dd6</td></tr>
<tr>
<td title='com.mytest.Enquiry.Communicationdetails_next_button_functionality()'><b>Communicationdetails_next_button_functionality</b><br>Test class: com.mytest.Enquiry</td>
<td></td>
<td>0</td>
<td>com.mytest.Enquiry@865dd6</td></tr>
<tr>
<td title='com.mytest.Enquiry.Course_interested_functionality()'><b>Course_interested_functionality</b><br>Test class: com.mytest.Enquiry</td>
<td></td>
<td>0</td>
<td>com.mytest.Enquiry@865dd6</td></tr>
<tr>
<td title='com.mytest.Enquiry.Course_interested_is_Blank()'><b>Course_interested_is_Blank</b><br>Test class: com.mytest.Enquiry</td>
<td></td>
<td>0</td>
<td>com.mytest.Enquiry@865dd6</td></tr>
<tr>
<td title='com.mytest.Enquiry.Delete_Enquiry_Cancel_Button()'><b>Delete_Enquiry_Cancel_Button</b><br>Test class: com.mytest.Enquiry</td>
<td></td>
<td>8</td>
<td>com.mytest.Enquiry@865dd6</td></tr>
<tr>
<td title='com.mytest.Enquiry.Demo_lecture_functionality()'><b>Demo_lecture_functionality</b><br>Test class: com.mytest.Enquiry</td>
<td></td>
<td>0</td>
<td>com.mytest.Enquiry@865dd6</td></tr>
<tr>
<td title='com.mytest.Enquiry.Finish_Button_functionality()'><b>Finish_Button_functionality</b><br>Test class: com.mytest.Enquiry</td>
<td></td>
<td>2</td>
<td>com.mytest.Enquiry@865dd6</td></tr>
<tr>
<td title='com.mytest.Enquiry.FollowUpDetails_next_button_functionality()'><b>FollowUpDetails_next_button_functionality</b><br>Test class: com.mytest.Enquiry</td>
<td></td>
<td>0</td>
<td>com.mytest.Enquiry@865dd6</td></tr>
<tr>
<td title='com.mytest.Enquiry.Follow_Up_Cancel_Button()'><b>Follow_Up_Cancel_Button</b><br>Test class: com.mytest.Enquiry</td>
<td></td>
<td>8</td>
<td>com.mytest.Enquiry@865dd6</td></tr>
<tr>
<td title='com.mytest.Enquiry.Follow_Up_Mode()'><b>Follow_Up_Mode</b><br>Test class: com.mytest.Enquiry</td>
<td></td>
<td>0</td>
<td>com.mytest.Enquiry@865dd6</td></tr>
<tr>
<td title='com.mytest.Enquiry.Follow_up_Details_functionality()'><b>Follow_up_Details_functionality</b><br>Test class: com.mytest.Enquiry</td>
<td></td>
<td>0</td>
<td>com.mytest.Enquiry@865dd6</td></tr>
<tr>
<td title='com.mytest.Enquiry.Followup_save_button_functionality()'><b>Followup_save_button_functionality</b><br>Test class: com.mytest.Enquiry</td>
<td></td>
<td>3</td>
<td>com.mytest.Enquiry@865dd6</td></tr>
<tr>
<td title='com.mytest.Enquiry.Gender_functionality()'><b>Gender_functionality</b><br>Test class: com.mytest.Enquiry</td>
<td></td>
<td>0</td>
<td>com.mytest.Enquiry@865dd6</td></tr>
<tr>
<td title='com.mytest.Enquiry.Interest_level_functionality()'><b>Interest_level_functionality</b><br>Test class: com.mytest.Enquiry</td>
<td></td>
<td>0</td>
<td>com.mytest.Enquiry@865dd6</td></tr>
<tr>
<td title='com.mytest.Enquiry.Lastname_contain_alphabets()'><b>Lastname_contain_alphabets</b><br>Test class: com.mytest.Enquiry</td>
<td></td>
<td>0</td>
<td>com.mytest.Enquiry@865dd6</td></tr>
<tr>
<td title='com.mytest.Enquiry.Lastname_contain_numbers()'><b>Lastname_contain_numbers</b><br>Test class: com.mytest.Enquiry</td>
<td></td>
<td>0</td>
<td>com.mytest.Enquiry@865dd6</td></tr>
<tr>
<td title='com.mytest.Enquiry.Lastname_field_is_Blank()'><b>Lastname_field_is_Blank</b><br>Test class: com.mytest.Enquiry</td>
<td></td>
<td>2</td>
<td>com.mytest.Enquiry@865dd6</td></tr>
<tr>
<td title='com.mytest.Enquiry.Lead_Source_functionality()'><b>Lead_Source_functionality</b><br>Test class: com.mytest.Enquiry</td>
<td></td>
<td>0</td>
<td>com.mytest.Enquiry@865dd6</td></tr>
<tr>
<td title='com.mytest.Enquiry.Middlename_contain_alphabets()'><b>Middlename_contain_alphabets</b><br>Test class: com.mytest.Enquiry</td>
<td></td>
<td>0</td>
<td>com.mytest.Enquiry@865dd6</td></tr>
<tr>
<td title='com.mytest.Enquiry.Middlename_contain_numbers()'><b>Middlename_contain_numbers</b><br>Test class: com.mytest.Enquiry</td>
<td></td>
<td>0</td>
<td>com.mytest.Enquiry@865dd6</td></tr>
<tr>
<td title='com.mytest.Enquiry.Multiple_Course_Interested()'><b>Multiple_Course_Interested</b><br>Test class: com.mytest.Enquiry</td>
<td></td>
<td>0</td>
<td>com.mytest.Enquiry@865dd6</td></tr>
<tr>
<td title='com.mytest.Enquiry.Next_Follow_Up_Date()'><b>Next_Follow_Up_Date</b><br>Test class: com.mytest.Enquiry</td>
<td></td>
<td>0</td>
<td>com.mytest.Enquiry@865dd6</td></tr>
<tr>
<td title='com.mytest.Enquiry.Next_Follow_Update()'><b>Next_Follow_Update</b><br>Test class: com.mytest.Enquiry</td>
<td></td>
<td>0</td>
<td>com.mytest.Enquiry@865dd6</td></tr>
<tr>
<td title='com.mytest.Enquiry.Notes()'><b>Notes</b><br>Test class: com.mytest.Enquiry</td>
<td></td>
<td>0</td>
<td>com.mytest.Enquiry@865dd6</td></tr>
<tr>
<td title='com.mytest.Enquiry.PersonalInfo_next_button_functionality()'><b>PersonalInfo_next_button_functionality</b><br>Test class: com.mytest.Enquiry</td>
<td></td>
<td>1</td>
<td>com.mytest.Enquiry@865dd6</td></tr>
<tr>
<td title='com.mytest.Enquiry.Pincode_currentaddress_contain_alphabets()'><b>Pincode_currentaddress_contain_alphabets</b><br>Test class: com.mytest.Enquiry</td>
<td></td>
<td>0</td>
<td>com.mytest.Enquiry@865dd6</td></tr>
<tr>
<td title='com.mytest.Enquiry.Pincode_currentaddress_contain_lessthan_6_numbers()'><b>Pincode_currentaddress_contain_lessthan_6_numbers</b><br>Test class: com.mytest.Enquiry</td>
<td></td>
<td>0</td>
<td>com.mytest.Enquiry@865dd6</td></tr>
<tr>
<td title='com.mytest.Enquiry.Pincode_currentaddress_contain_morethan_6_numbers()'><b>Pincode_currentaddress_contain_morethan_6_numbers</b><br>Test class: com.mytest.Enquiry</td>
<td></td>
<td>0</td>
<td>com.mytest.Enquiry@865dd6</td></tr>
<tr>
<td title='com.mytest.Enquiry.Pincode_currentaddress_contain_numbers()'><b>Pincode_currentaddress_contain_numbers</b><br>Test class: com.mytest.Enquiry</td>
<td></td>
<td>0</td>
<td>com.mytest.Enquiry@865dd6</td></tr>
<tr>
<td title='com.mytest.Enquiry.Pincode_currentaddress_contain_whitespaces()'><b>Pincode_currentaddress_contain_whitespaces</b><br>Test class: com.mytest.Enquiry</td>
<td></td>
<td>0</td>
<td>com.mytest.Enquiry@865dd6</td></tr>
<tr>
<td title='com.mytest.Enquiry.Pincode_currentaddress_contain_whitespaces_at_begining()'><b>Pincode_currentaddress_contain_whitespaces_at_begining</b><br>Test class: com.mytest.Enquiry</td>
<td></td>
<td>0</td>
<td>com.mytest.Enquiry@865dd6</td></tr>
<tr>
<td title='com.mytest.Enquiry.Pincode_currentaddress_field_is_Blank()'><b>Pincode_currentaddress_field_is_Blank</b><br>Test class: com.mytest.Enquiry</td>
<td></td>
<td>1</td>
<td>com.mytest.Enquiry@865dd6</td></tr>
<tr>
<td title='com.mytest.Enquiry.Pincode_permanentaddress_contain_alphabets()'><b>Pincode_permanentaddress_contain_alphabets</b><br>Test class: com.mytest.Enquiry</td>
<td></td>
<td>0</td>
<td>com.mytest.Enquiry@865dd6</td></tr>
<tr>
<td title='com.mytest.Enquiry.Pincode_permanentaddress_contain_lessthan_6_numbers()'><b>Pincode_permanentaddress_contain_lessthan_6_numbers</b><br>Test class: com.mytest.Enquiry</td>
<td></td>
<td>5</td>
<td>com.mytest.Enquiry@865dd6</td></tr>
<tr>
<td title='com.mytest.Enquiry.Pincode_permanentaddress_contain_morethan_6_numbers()'><b>Pincode_permanentaddress_contain_morethan_6_numbers</b><br>Test class: com.mytest.Enquiry</td>
<td></td>
<td>0</td>
<td>com.mytest.Enquiry@865dd6</td></tr>
<tr>
<td title='com.mytest.Enquiry.Pincode_permanentaddress_contain_numbers()'><b>Pincode_permanentaddress_contain_numbers</b><br>Test class: com.mytest.Enquiry</td>
<td></td>
<td>0</td>
<td>com.mytest.Enquiry@865dd6</td></tr>
<tr>
<td title='com.mytest.Enquiry.Pincode_permanentaddress_contain_whitespaces()'><b>Pincode_permanentaddress_contain_whitespaces</b><br>Test class: com.mytest.Enquiry</td>
<td></td>
<td>0</td>
<td>com.mytest.Enquiry@865dd6</td></tr>
<tr>
<td title='com.mytest.Enquiry.Pincode_permanentaddress_contain_whitespaces_at_begining()'><b>Pincode_permanentaddress_contain_whitespaces_at_begining</b><br>Test class: com.mytest.Enquiry</td>
<td></td>
<td>0</td>
<td>com.mytest.Enquiry@865dd6</td></tr>
<tr>
<td title='com.mytest.Enquiry.Primary_email_contain_whitespaces()'><b>Primary_email_contain_whitespaces</b><br>Test class: com.mytest.Enquiry</td>
<td></td>
<td>1</td>
<td>com.mytest.Enquiry@865dd6</td></tr>
<tr>
<td title='com.mytest.Enquiry.Primary_email_field_is_Blank()'><b>Primary_email_field_is_Blank</b><br>Test class: com.mytest.Enquiry</td>
<td></td>
<td>0</td>
<td>com.mytest.Enquiry@865dd6</td></tr>
<tr>
<td title='com.mytest.Enquiry.Primary_email_valid()'><b>Primary_email_valid</b><br>Test class: com.mytest.Enquiry</td>
<td></td>
<td>0</td>
<td>com.mytest.Enquiry@865dd6</td></tr>
<tr>
<td title='com.mytest.Enquiry.Primary_mobno_contain_alphabets()'><b>Primary_mobno_contain_alphabets</b><br>Test class: com.mytest.Enquiry</td>
<td></td>
<td>0</td>
<td>com.mytest.Enquiry@865dd6</td></tr>
<tr>
<td title='com.mytest.Enquiry.Primary_mobno_contain_greaterthan_10_numbers()'><b>Primary_mobno_contain_greaterthan_10_numbers</b><br>Test class: com.mytest.Enquiry</td>
<td></td>
<td>0</td>
<td>com.mytest.Enquiry@865dd6</td></tr>
<tr>
<td title='com.mytest.Enquiry.Primary_mobno_contain_numbers()'><b>Primary_mobno_contain_numbers</b><br>Test class: com.mytest.Enquiry</td>
<td></td>
<td>0</td>
<td>com.mytest.Enquiry@865dd6</td></tr>
<tr>
<td title='com.mytest.Enquiry.Primary_mobno_contain_whitespaces()'><b>Primary_mobno_contain_whitespaces</b><br>Test class: com.mytest.Enquiry</td>
<td></td>
<td>0</td>
<td>com.mytest.Enquiry@865dd6</td></tr>
<tr>
<td title='com.mytest.Enquiry.Primary_mobno_contain_whitespaces_at_begining()'><b>Primary_mobno_contain_whitespaces_at_begining</b><br>Test class: com.mytest.Enquiry</td>
<td></td>
<td>0</td>
<td>com.mytest.Enquiry@865dd6</td></tr>
<tr>
<td title='com.mytest.Enquiry.Primary_mobno_field_is_Blank()'><b>Primary_mobno_field_is_Blank</b><br>Test class: com.mytest.Enquiry</td>
<td></td>
<td>1</td>
<td>com.mytest.Enquiry@865dd6</td></tr>
<tr>
<td title='com.mytest.Enquiry.Qualification_contain_alphabets()'><b>Qualification_contain_alphabets</b><br>Test class: com.mytest.Enquiry</td>
<td></td>
<td>0</td>
<td>com.mytest.Enquiry@865dd6</td></tr>
<tr>
<td title='com.mytest.Enquiry.Qualification_contain_whitespaces()'><b>Qualification_contain_whitespaces</b><br>Test class: com.mytest.Enquiry</td>
<td></td>
<td>0</td>
<td>com.mytest.Enquiry@865dd6</td></tr>
<tr>
<td title='com.mytest.Enquiry.Qualification_contain_whitespaces_at_begining()'><b>Qualification_contain_whitespaces_at_begining</b><br>Test class: com.mytest.Enquiry</td>
<td></td>
<td>0</td>
<td>com.mytest.Enquiry@865dd6</td></tr>
<tr>
<td title='com.mytest.Enquiry.Qualification_field_is_Blank()'><b>Qualification_field_is_Blank</b><br>Test class: com.mytest.Enquiry</td>
<td></td>
<td>4</td>
<td>com.mytest.Enquiry@865dd6</td></tr>
<tr>
<td title='com.mytest.Enquiry.Reference_Name_functionality()'><b>Reference_Name_functionality</b><br>Test class: com.mytest.Enquiry</td>
<td></td>
<td>0</td>
<td>com.mytest.Enquiry@865dd6</td></tr>
<tr>
<td title='com.mytest.Enquiry.Secondary_email_contain_whitespaces()'><b>Secondary_email_contain_whitespaces</b><br>Test class: com.mytest.Enquiry</td>
<td></td>
<td>5</td>
<td>com.mytest.Enquiry@865dd6</td></tr>
<tr>
<td title='com.mytest.Enquiry.Secondary_email_valid()'><b>Secondary_email_valid</b><br>Test class: com.mytest.Enquiry</td>
<td></td>
<td>0</td>
<td>com.mytest.Enquiry@865dd6</td></tr>
<tr>
<td title='com.mytest.Enquiry.Secondary_mobno_contain_alphabets()'><b>Secondary_mobno_contain_alphabets</b><br>Test class: com.mytest.Enquiry</td>
<td></td>
<td>0</td>
<td>com.mytest.Enquiry@865dd6</td></tr>
<tr>
<td title='com.mytest.Enquiry.Secondary_mobno_contain_greaterthan_10_numbers()'><b>Secondary_mobno_contain_greaterthan_10_numbers</b><br>Test class: com.mytest.Enquiry</td>
<td></td>
<td>0</td>
<td>com.mytest.Enquiry@865dd6</td></tr>
<tr>
<td title='com.mytest.Enquiry.Secondary_mobno_contain_numbers()'><b>Secondary_mobno_contain_numbers</b><br>Test class: com.mytest.Enquiry</td>
<td></td>
<td>0</td>
<td>com.mytest.Enquiry@865dd6</td></tr>
<tr>
<td title='com.mytest.Enquiry.Secondary_mobno_contain_whitespaces()'><b>Secondary_mobno_contain_whitespaces</b><br>Test class: com.mytest.Enquiry</td>
<td></td>
<td>0</td>
<td>com.mytest.Enquiry@865dd6</td></tr>
<tr>
<td title='com.mytest.Enquiry.Secondary_mobno_contain_whitespaces_at_begining()'><b>Secondary_mobno_contain_whitespaces_at_begining</b><br>Test class: com.mytest.Enquiry</td>
<td></td>
<td>0</td>
<td>com.mytest.Enquiry@865dd6</td></tr>
<tr>
<td title='com.mytest.Enquiry.Studentname_contain_alphabets()'><b>Studentname_contain_alphabets</b><br>Test class: com.mytest.Enquiry</td>
<td></td>
<td>0</td>
<td>com.mytest.Enquiry@865dd6</td></tr>
<tr>
<td title='com.mytest.Enquiry.Studentname_contain_numbers()'><b>Studentname_contain_numbers</b><br>Test class: com.mytest.Enquiry</td>
<td></td>
<td>0</td>
<td>com.mytest.Enquiry@865dd6</td></tr>
<tr>
<td title='com.mytest.Enquiry.Studentname_field_is_Blank()'><b>Studentname_field_is_Blank</b><br>Test class: com.mytest.Enquiry</td>
<td></td>
<td>2</td>
<td>com.mytest.Enquiry@865dd6</td></tr>
<tr>
<td title='com.mytest.Enquiry.Update_functionalty()'><b>Update_functionalty</b><br>Test class: com.mytest.Enquiry</td>
<td></td>
<td>15</td>
<td>com.mytest.Enquiry@865dd6</td></tr>
<tr>
<td title='com.mytest.Enquiry.Valid_current_address()'><b>Valid_current_address</b><br>Test class: com.mytest.Enquiry</td>
<td></td>
<td>0</td>
<td>com.mytest.Enquiry@865dd6</td></tr>
<tr>
<td title='com.mytest.Enquiry.Valid_permanent_address()'><b>Valid_permanent_address</b><br>Test class: com.mytest.Enquiry</td>
<td></td>
<td>1</td>
<td>com.mytest.Enquiry@865dd6</td></tr>
</table><p>
</body>
</html>