<?xml version="1.0" encoding="UTF-8"?>
<!-- Generated by org.testng.reporters.JUnitXMLReporter -->
<testsuite ignored="1" hostname="Tester-PC" failures="2" tests="19" name="Master_Course" time="54.024" errors="0" timestamp="18 Aug 2018 11:00:36 GMT">
  <testcase classname="com.mytest.Master_Course" name="Coursename_contain_special_characters" time="10.338"/>
  <testcase classname="com.mytest.Master_Course" name="Coursename_contain_numbers" time="0.205"/>
  <testcase classname="com.mytest.Master_Course" name="Coursename_contain_whitespaces" time="0.185"/>
  <testcase classname="com.mytest.Master_Course" name="Coursename_contain_alphabets" time="0.169"/>
  <testcase classname="com.mytest.Master_Course" name="Coursename_contain_whitespaces_at_begining" time="0.2">
    <failure type="java.lang.AssertionError" message="Course Name Contain Whitespaces at Begining expected [true] but found [false]">
      <![CDATA[java.lang.AssertionError: Course Name Contain Whitespaces at Begining expected [true] but found [false]
at com.mytest.Master_Course.Coursename_contain_whitespaces_at_begining(Master_Course.java:59)
at java.base/java.util.concurrent.FutureTask.run(Unknown Source)
at java.base/java.util.concurrent.ThreadPoolExecutor.runWorker(Unknown Source)
at java.base/java.util.concurrent.ThreadPoolExecutor$Worker.run(Unknown Source)
at java.base/java.lang.Thread.run(Unknown Source)
... Removed 19 stack frames]]>
    </failure>
  </testcase> <!-- Coursename_contain_whitespaces_at_begining -->
  <testcase classname="com.mytest.Master_Course" name="Coursename_field_is_Blank" time="8.529"/>
  <testcase classname="com.mytest.Master_Course" name="Coursefees_field_is_Blank" time="0.117"/>
  <testcase classname="com.mytest.Master_Course" name="Coursefees_contain_special_characters" time="0.427">
    <failure type="java.lang.AssertionError" message="Course fees Contains Spaecial Characters expected [true] but found [false]">
      <![CDATA[java.lang.AssertionError: Course fees Contains Spaecial Characters expected [true] but found [false]
at com.mytest.Master_Course.Coursefees_contain_special_characters(Master_Course.java:88)
at java.base/java.util.concurrent.FutureTask.run(Unknown Source)
at java.base/java.util.concurrent.ThreadPoolExecutor.runWorker(Unknown Source)
at java.base/java.util.concurrent.ThreadPoolExecutor$Worker.run(Unknown Source)
at java.base/java.lang.Thread.run(Unknown Source)
... Removed 19 stack frames]]>
    </failure>
  </testcase> <!-- Coursefees_contain_special_characters -->
  <testcase classname="com.mytest.Master_Course" name="Coursefees_contain_whitespaces" time="0.268"/>
  <testcase classname="com.mytest.Master_Course" name="Coursefees_contain_alphabets" time="0.216"/>
  <testcase classname="com.mytest.Master_Course" name="Coursefees_contain_numbers" time="0.264"/>
  <testcase classname="com.mytest.Master_Course" name="Coursefees_contain_negative_numbers" time="0.195"/>
  <testcase classname="com.mytest.Master_Course" name="Coursefees_contain_whitespaces_at_begining" time="0.205"/>
  <testcase classname="com.mytest.Master_Course" name="Cancel_button_functionality" time="6.623"/>
  <testcase classname="com.mytest.Master_Course" name="Save_button_functionality" time="9.558"/>
  <testcase classname="com.mytest.Master_Course" name="Update_button_functionality" time="0.562"/>
  <testcase classname="com.mytest.Master_Course" name="Update_cancel_button_functionality" time="3.023"/>
  <testcase classname="com.mytest.Master_Course" name="Update_functionality" time="5.192"/>
  <testcase classname="com.mytest.Master_Course" name="Delete_button_functionality" time="7.694"/>
  <testcase classname="com.mytest.Login" name="login" time="0.0">
    <ignored/>
  </testcase> <!-- login -->
</testsuite> <!-- Master_Course -->
